# Evoluation started on 2016/10/24 11:37:50
# Generation	   Best 	   Average 	   Worst
	  0		1469.259	 392.475	   4.636
	  1		1458.965	 542.708	  87.458
	  2		1464.915	 419.783	 147.779
	  3		1728.043	 777.795	  15.768
	  4		1634.260	 891.064	   6.783
	  5		1711.152	 863.873	   5.801
	  6		1744.891	 998.416	  42.124
	  7		1713.744	 687.888	   7.472
	  8		2109.099	 697.633	  36.839
	  9		2184.556	 787.297	  14.294
	 10		1686.034	 636.308	  19.752
	 11		1687.005	 933.181	   4.440
	 12		2557.822	 905.339	   6.205
	 13		2309.447	1011.767	   7.577
	 14		2510.121	1138.015	   6.130
	 15		2414.978	1173.003	   9.480
	 16		3841.128	1310.149	  13.695
	 17		3791.673	1391.789	   8.432
	 18		2605.320	1205.674	   2.922
	 19		4375.831	1138.617	   5.254
	 20		2935.593	1577.034	 513.599
	 21		2784.958	1490.609	 213.233
	 22		4281.179	1558.319	  10.244
	 23		4515.157	1509.902	  13.002
	 24		3127.284	 949.044	   9.032
	 25		3263.427	1772.486	 686.061
	 26		2738.534	1633.503	 154.475
	 27		2452.726	1597.057	 605.835
	 28		2620.848	1538.803	 192.199
	 29		2730.313	1401.881	  10.131
	 30		3359.547	1607.586	 386.984
	 31		2509.660	1334.216	  11.315
	 32		2984.355	1586.760	   9.094
	 33		3549.322	1994.014	 249.514
	 34		3337.853	1519.443	  11.860
	 35		2837.654	1587.547	  89.612
	 36		2984.241	1387.913	  84.043
	 37		2612.225	1245.294	  27.172
	 38		2928.977	1269.452	 342.675
	 39		3024.755	1420.083	  57.868
	 40		2992.143	1303.978	   8.840
	 41		3629.902	1747.806	  67.544
	 42		3512.132	1645.676	  36.344
	 43		3965.589	1643.881	 182.411
	 44		4347.929	1733.976	 540.948
	 45		3356.886	1631.953	 252.936
	 46		3464.515	1884.769	 135.293
	 47		3270.842	1766.099	 529.166
	 48		3182.534	1866.786	 645.026
	 49		2885.866	1678.853	 354.727
	 50		2868.490	1610.176	  74.502
	 51		3062.289	1705.575	 233.537
	 52		2602.171	1674.102	 175.986
	 53		3035.474	1396.757	 172.362
	 54		3156.226	1822.611	 302.311
	 55		2835.187	1550.191	  46.516
	 56		3110.756	1719.698	 533.939
	 57		2917.579	1678.117	 149.034
	 58		2711.528	1667.663	  42.888
	 59		2866.414	1378.106	  53.751
	 60		2790.415	1496.033	 109.586
	 61		2763.241	1107.942	  17.903
	 62		2359.186	1546.050	  10.233
	 63		2933.372	1449.322	  36.650
	 64		2564.435	1507.591	  57.445
	 65		2890.884	1305.908	  13.620
	 66		3511.835	1723.278	 198.024
	 67		2686.767	1485.669	  11.333
	 68		3355.221	1309.915	  10.271
	 69		2782.873	1360.618	  70.665
	 70		2695.644	1321.744	  53.423
	 71		3513.999	1554.919	  77.151
	 72		3324.542	1854.357	  61.270
	 73		3308.258	1428.876	   6.704
	 74		2988.288	1478.555	 479.953
	 75		2902.886	1634.980	  10.473
	 76		3103.397	2097.093	   9.707
	 77		3554.129	1888.097	  13.035
	 78		2984.178	1788.826	  60.075
	 79		3155.785	1850.767	 340.242
	 80		3838.377	1871.989	 465.000
	 81		3106.813	1714.624	 644.008
	 82		3591.981	1758.771	 232.491
	 83		3417.720	1865.858	 611.843
	 84		3934.047	1640.574	 195.561
	 85		2580.286	1395.348	 451.027
	 86		2877.544	1417.139	 609.365
	 87		3202.344	1582.924	   5.211
	 88		2937.631	1517.229	  78.494
	 89		3767.821	1783.535	  51.573
	 90		3342.507	1433.268	 125.450
	 91		2925.145	1353.366	  42.324
	 92		3317.253	1445.747	   9.558
	 93		3389.287	1373.061	   8.280
	 94		3492.737	1247.750	  16.754
	 95		2846.207	1175.497	   8.771
	 96		3250.752	1550.950	  14.779
	 97		2865.457	1484.632	  12.111
	 98		3808.075	1382.608	   9.422
	 99		2845.358	1417.151	   9.545
	100		2870.849	1491.686	   3.754
	101		2742.726	1343.834	  58.310
	102		2909.004	 953.481	   8.715
	103		2737.223	1059.377	  10.227
	104		3589.760	1504.800	  11.596
	105		2648.601	1127.607	  16.946
	106		3010.414	1416.393	  20.213
	107		3295.534	1427.559	  22.837
	108		3763.929	2049.651	 717.698
	109		3055.470	1226.784	 122.911
	110		2679.578	1499.780	  96.414
	111		2933.211	1591.277	  16.153
	112		3402.324	1238.718	  10.240
	113		3608.256	1834.085	  20.418
	114		3145.254	1351.673	  14.503
	115		3753.228	1316.952	   5.552
	116		3000.614	1847.099	 271.025
	117		3305.632	1386.042	   7.000
	118		3372.398	1613.859	  11.956
	119		3544.856	1687.372	   8.440
	120		3375.354	1234.929	   6.773
	121		3307.701	1789.096	  59.575
	122		3550.453	1489.576	  17.477
	123		3414.357	1614.347	   7.567
	124		3312.534	1592.537	  63.729
	125		3698.884	2112.429	 130.382
	126		3118.985	1846.577	 274.062
	127		3419.417	2177.972	1241.400
	128		3543.811	1970.697	  44.686
	129		3571.720	1770.106	  56.603
	130		3866.686	2080.909	  24.767
	131		3156.320	1810.191	  88.421
	132		3437.027	1924.943	  49.301
	133		3305.376	1771.172	  41.605
	134		3456.180	1992.852	 188.821
	135		3008.366	1973.783	 445.319
	136		3452.691	1920.284	 123.559
	137		2956.704	1747.502	 570.806
	138		3178.097	1813.487	 369.467
	139		3016.306	1955.978	 138.178
	140		3387.532	1955.906	 395.369
	141		2764.990	1700.579	 208.101
	142		3134.177	1970.011	 509.975
	143		2990.581	1764.208	  36.182
	144		3370.799	2069.596	 237.629
	145		3503.487	2002.639	  34.093
	146		3681.180	2040.391	 345.389
	147		3655.759	1723.252	  26.002
	148		3406.225	1790.590	  28.664
	149		3058.264	1923.451	 224.813
	150		3476.257	2043.693	 963.857
	151		3154.778	1820.804	 772.342
	152		3411.922	1796.316	  42.991
	153		3592.436	2204.893	 529.250
	154		3503.873	2070.294	 801.255
	155		4382.966	2091.941	1480.498
	156		3384.757	2052.591	 574.902
	157		3059.713	2003.307	 545.452
	158		3428.839	1833.639	 550.851
	159		3431.894	1808.974	  60.788
	160		3647.172	1963.349	  17.109
	161		4064.318	2008.607	 458.342
	162		3480.380	1760.322	 468.826
	163		3056.366	1691.144	 331.424
	164		3084.092	2167.317	1247.602
	165		3347.966	2118.120	 776.676
	166		3004.570	1957.648	  96.079
	167		3140.681	2190.246	1008.081
	168		4030.149	2248.304	1041.314
	169		3459.652	2041.963	 539.299
	170		3420.982	2097.575	 623.105
	171		3148.054	2140.200	 825.926
	172		3911.866	2202.388	1367.917
	173		3155.691	2001.771	 362.623
	174		3227.986	1683.327	  90.007
	175		3555.471	2037.031	 337.033
	176		3579.079	2193.371	 886.562
	177		3777.058	1838.816	 259.704
	178		3610.193	1933.001	 243.740
	179		3200.200	2126.813	 639.086
	180		3495.185	2255.170	 853.536
	181		3584.883	2150.192	 882.530
	182		3477.856	2133.884	 734.444
	183		3457.243	2189.914	 653.301
	184		3445.938	2203.969	 674.604
	185		3477.351	2260.771	1610.354
	186		3287.950	2040.929	 505.412
	187		3156.446	2018.980	 920.092
	188		3523.073	2038.255	 585.007
	189		3216.328	1998.023	 821.353
	190		3189.448	1940.744	 880.052
	191		2960.199	2136.571	 862.509
	192		3219.958	2087.516	1080.248
	193		3518.515	2057.123	 244.588
	194		3999.095	2210.596	 591.707
	195		3469.293	2052.151	 647.615
	196		3406.657	2282.703	1422.191
	197		4242.528	2042.843	 695.248
	198		3029.328	1878.136	 885.942
	199		2985.008	1931.361	 730.161
