100017
1.4037691597592474
0.23652336321554013
100017
0.9374091023967542
1.1208264312603393
100017
1.2909995927723543
0.20745538028470947
100017
-0.9076142904818337
-0.8190215003391234
100017
-0.5265310893719748
1.5470878600348732
100017
1.6694321638982832
-1.0021971325482313
100017
1.454587250137277
1.2168344848045114
100017
0.4522796992938725
1.2959193765653219
100017
1.0347466850104665
-0.9057069167374778
100017
0.9018089680424524
-0.46036441403901274
100017
1.7316998392021417
0.2263062629864899
100017
0.9904409013806847
1.005033735449278
100017
0.2421728662844501
1.7125945195162848
100017
-1.1238571481180213
1.2902194632369084
100017
-1.006912276428528
1.3654920640261574
100017
0.3386545142503048
1.9242965118931283
100017
-0.9736339103366873
1.3263086307904484
100017
1.3079193029166318
1.3054167905004108
100017
0.4748906703694461
1.6209504668227672
100017
-1.0239266028438792
-0.7271052115451024
