100004
0.5879044841992952
0.34617169284315985
100004
-1.0931478048901568
-1.2225991270188605
100004
-0.34611669972031683
0.9358632012522846
100004
-0.8465374443497264
1.3322166768233017
100004
0.9475783108136603
-0.16419175568343114
100004
-1.3990142947229325
0.21525489828745517
100004
-1.3267939786745266
0.46425442860468114
100004
1.441161677167898
-1.0405550912537054
100004
-0.487691400028507
0.6077958489080519
100004
1.481551625739368
0.16226873503073222
100004
-1.1680344186881637
0.972435959352511
100004
-1.0755876433050013
0.854028128163343
100004
1.1325533029277295
1.5059420625722444
100004
0.7912607499556702
-0.5976333951541624
100004
-0.2886581953106728
1.8976196375766126
100004
1.2908656897638826
-1.2047092270192983
100004
1.7427660056159529
-0.4156502899209536
100004
-0.07796504371676034
0.6162698372332179
100004
-0.2418374650956123
1.880537562595158
100004
-1.1512253833608659
1.2156046763389279
