100008
-1.2621320580644806
1.2938341963522062
100008
0.5145234170085088
0.8761324381669617
100008
0.44406129922848986
-1.2778985317645448
100008
0.06689898452367866
-1.0679664768509323
100008
-0.5446094942281773
-0.6439789365662065
100008
-0.642074618408739
-0.4213378212147514
100008
1.0250219401090641
0.5607896297346443
100008
0.8792434284253673
-1.1378858245190313
100008
-1.3863333265423847
-0.6463992793518553
100008
-1.417161978563226
0.5188955484974429
100008
-1.7901965107186981
-0.3660239638037629
100008
0.2103786500709512
0.8035184441772265
100008
1.0837582438984266
0.6620606718768831
100008
-1.2265463033645296
-0.21572175347204767
100008
-1.0742209399504157
-1.5544168014021886
100008
-0.3145564478448473
-1.3283745826638553
100008
-1.3399996116979076
-0.18298981194198755
100008
-1.084641097774231
-0.16495651876117234
100008
-0.16984986458541787
1.9019272365975712
100008
0.07639503885622029
1.9749999999999996
