100011
1.2064811718448725
-1.2558284230185845
100011
-1.0414781414519085
0.08000856360088239
100011
1.347410925781397
1.1080557310044932
100011
0.762578779019441
-0.3521980474101078
100011
-0.7219009225709153
-0.9779464038043889
100011
1.0686101260103313
-1.6052999021474386
100011
0.4686702327881411
1.2393711662913545
100011
-1.2811540120824376
0.823326748375534
100011
0.2530292534657678
-1.1896173570145143
100011
-1.5645463115472946
-1.0742466282309306
100011
-1.0153001613951236
1.1522264223688765
100011
-1.2628945898437791
0.1200385671194124
100011
-0.8304318728591814
1.3299795332595172
100011
0.31991327364351946
-1.3539709854733317
100011
-1.110582044226342
1.4675111328556851
100011
1.4978139613089274
-0.7884268754533102
100011
-1.5466406234481276
0.09296499497994012
100011
1.2361191490635355
0.06041011720985677
100011
-1.3203669439966859
0.7298773719226117
100011
-0.4866217079910252
-1.5802831353415963
