100017
1.342500906927681
0.5217082426532638
100017
-0.953475794735727
0.7651851458346418
100017
0.08093784380794236
0.5673876338590543
100017
1.0473871946956674
-0.7612907137507904
100017
-0.7864489127252989
-0.7916825250270184
100017
0.7799264002826565
-4.323237705834392E-4
100017
1.8773596130486339
0.27123453130704384
100017
0.840172498279553
0.6579537729320035
100017
-0.22762794161697028
0.5167891767491153
100017
-0.9266192500259094
0.7112541971173116
100017
1.924413451509165
0.29677559117555813
100017
-0.3032523515134084
-1.6355785455350962
100017
0.2246751187359592
-1.5881564907914905
100017
0.6667462277144429
0.750095471808127
100017
1.0251474622522871
1.047270509077503
100017
-0.7942047781503994
0.9730431769651421
100017
0.08091881502438467
1.9595650804774292
100017
-1.6256216836678303
0.4595421113382732
100017
1.481414160389089
-1.2488524421401315
100017
-0.9292664088709746
-0.8508114985495321
