# Evoluation started on 2016/11/18 14:22:48
# Generation	   Individual 	   Fitness 	 SecondFitness 	  Size		SpecieID
	  0		  1	 188.842	  0	 26	 -1
	  0		  2	 129.690	  0	 26	 -1
	  0		  3	 184.920	112	 26	 -1
	  0		  4	 131.438	119	 26	 -1
	  0		  5	 140.722	149	 26	 -1
	  0		  6	  84.228	  0	 26	 -1
	  0		  7	  95.979	  0	 26	 -1
	  0		  8	 167.164	  0	 26	 -1
	  0		  9	 142.986	  0	 26	 -1
	  0		 10	 208.212	 63	 26	 -1
	  0		 11	 146.781	  0	 26	 -1
	  0		 12	 126.057	  0	 26	 -1
	  0		 13	 193.515	  0	 26	 -1
	  0		 14	 161.918	  0	 26	 -1
	  0		 15	 210.879	  0	 26	 -1
	  0		 16	 165.282	  5	 26	 -1
	  0		 17	 198.369	 92	 26	 -1
	  0		 18	 195.740	  0	 26	 -1
	  0		 19	 261.636	  0	 26	 -1
	  0		 20	 150.177	203	 26	 -1
	  1		  1	 257.840	  0	 26	  1
	  1		  2	 131.401	 13	 26	  1
	  1		  3	 183.281	 32	 26	  1
	  1		  4	 170.387	 12	 26	  1
	  1		  5	  28.660	363	 26	  1
	  1		  6	 163.159	 81	 26	  1
	  1		  7	 190.413	  0	 26	  1
	  1		  8	 226.486	  0	 26	  1
	  1		  9	 122.110	131	 26	  1
	  1		 10	 110.219	 23	 26	  1
	  1		 11	 208.756	  0	 26	  1
	  1		 12	 128.830	  0	 26	  1
	  1		 13	 232.445	  0	 26	  1
	  1		 14	 189.648	 74	 26	  1
	  1		 15	 254.975	  0	 26	  1
	  1		 16	 237.547	  0	 26	  1
	  1		 17	 231.686	  0	 26	  1
	  1		 18	 185.031	  0	 26	  1
	  1		 19	 143.140	 56	 26	  1
	  1		 20	 232.627	  0	 26	  1
	  2		  1	 260.669	  0	 26	  1
	  2		  2	 232.614	  0	 26	  1
	  2		  3	 251.580	  0	 26	  1
	  2		  4	 218.823	  0	 26	  1
	  2		  5	 220.887	  0	 26	  1
	  2		  6	 234.166	  0	 26	  1
	  2		  7	 251.199	  0	 26	  1
	  2		  8	 232.927	  0	 26	  1
	  2		  9	 251.196	  0	 26	  1
	  2		 10	 258.885	  0	 26	  1
	  2		 11	 264.895	  0	 26	  1
	  2		 12	 211.350	  0	 26	  1
	  2		 13	 240.121	  0	 26	  1
	  2		 14	 234.842	  0	 26	  1
	  2		 15	 243.824	  0	 26	  1
	  2		 16	 260.947	  0	 26	  1
	  2		 17	 221.221	  0	 26	  1
	  2		 18	 240.508	  0	 26	  1
	  2		 19	 219.111	  0	 26	  1
	  2		 20	 242.456	  0	 26	  1
	  3		  1	 257.838	  0	 26	  1
	  3		  2	 246.084	  0	 26	  1
	  3		  3	 227.615	  0	 26	  1
	  3		  4	 226.951	  0	 26	  1
	  3		  5	 222.894	  0	 26	  1
	  3		  6	 251.587	  0	 26	  1
	  3		  7	 256.090	  0	 26	  1
	  3		  8	 226.203	  0	 26	  1
	  3		  9	 220.931	  0	 26	  1
	  3		 10	 253.809	  0	 26	  1
	  3		 11	 257.951	  0	 26	  1
	  3		 12	 262.183	  0	 28	  1
	  3		 13	 205.986	 69	 26	  1
	  3		 14	 202.338	  0	 26	  1
	  3		 15	 256.483	  0	 26	  1
	  3		 16	 241.018	  0	 26	  1
	  3		 17	 255.128	  0	 26	  1
	  3		 18	 215.308	  0	 26	  1
	  3		 19	 246.990	  0	 26	  1
	  3		 20	 256.740	  0	 26	  1
	  4		  1	 248.231	  0	 26	  1
	  4		  2	 261.534	  0	 26	  1
	  4		  3	 241.107	  0	 26	  1
	  4		  4	 263.303	  0	 26	  1
	  4		  5	 252.047	  0	 26	  1
	  4		  6	 258.581	  0	 26	  1
	  4		  7	 246.304	  0	 26	  1
	  4		  8	 251.246	  0	 26	  1
	  4		  9	 197.676	  0	 26	  1
	  4		 10	 267.021	  0	 28	  2
	  4		 11	 266.164	  0	 28	  2
	  4		 12	 245.710	  0	 28	  2
	  4		 13	 210.004	  0	 28	  2
	  4		 14	 215.801	  0	 28	  2
	  4		 15	 214.521	  0	 28	  2
	  4		 16	 235.600	  0	 28	  2
	  4		 17	 234.730	  0	 28	  2
	  4		 18	 162.780	  0	 28	  2
	  4		 19	 246.976	  0	 28	  2
	  4		 20	 256.913	  0	 28	  2
	  5		  1	 247.500	  0	 26	  1
	  5		  2	 182.987	 66	 26	  1
	  5		  3	 191.279	  0	 26	  1
	  5		  4	 207.035	  0	 26	  1
	  5		  5	 235.358	  0	 26	  1
	  5		  6	 234.565	  0	 26	  1
	  5		  7	 194.725	  0	 26	  1
	  5		  8	 256.090	  0	 26	  1
	  5		  9	 245.934	  0	 26	  1
	  5		 10	 197.226	 43	 26	  1
	  5		 11	 248.336	  0	 28	  2
	  5		 12	 221.693	  0	 28	  2
	  5		 13	 256.115	  0	 28	  2
	  5		 14	 222.878	  0	 28	  2
	  5		 15	 215.448	  0	 28	  2
	  5		 16	 253.072	  0	 28	  2
	  5		 17	 230.053	  0	 28	  2
	  5		 18	 206.961	  0	 28	  2
	  5		 19	 250.816	  0	 28	  2
	  5		 20	 240.514	  0	 28	  2
	  6		  1	 273.466	  0	 26	  1
	  6		  2	 267.725	  4	 26	  1
	  6		  3	 210.104	  0	 26	  1
	  6		  4	 230.901	 75	 26	  1
	  6		  5	 267.002	 67	 26	  1
	  6		  6	 283.907	  2	 26	  1
	  6		  7	 289.695	  6	 26	  1
	  6		  8	 246.936	  0	 26	  1
	  6		  9	 192.646	 84	 26	  1
	  6		 10	 274.149	  0	 28	  2
	  6		 11	 278.509	  0	 28	  2
	  6		 12	 210.654	  0	 29	  2
	  6		 13	 281.364	  0	 28	  2
	  6		 14	 265.861	  0	 28	  2
	  6		 15	 201.544	  0	 28	  2
	  6		 16	 275.593	  0	 28	  2
	  6		 17	 245.647	  0	 28	  2
	  6		 18	 277.176	  0	 28	  2
	  6		 19	 293.049	  1	 28	  2
	  6		 20	 214.909	  0	 28	  2
	  7		  1	 295.373	  0	 26	  1
	  7		  2	 261.976	 15	 26	  1
	  7		  3	 295.110	  0	 26	  1
	  7		  4	 288.315	  8	 26	  1
	  7		  5	 332.815	 10	 26	  1
	  7		  6	 222.827	  0	 26	  1
	  7		  7	 288.380	  2	 26	  1
	  7		  8	 322.947	  8	 26	  1
	  7		  9	 277.308	  1	 26	  1
	  7		 10	 298.072	  0	 28	  2
	  7		 11	 314.742	  0	 28	  2
	  7		 12	 296.535	  0	 28	  2
	  7		 13	 230.767	  0	 28	  2
	  7		 14	 268.756	  0	 28	  2
	  7		 15	 294.602	  0	 28	  2
	  7		 16	 222.122	 61	 28	  2
	  7		 17	 257.894	  0	 28	  2
	  7		 18	 286.954	  0	 28	  2
	  7		 19	 288.116	  5	 28	  2
	  7		 20	 221.174	  0	 28	  2
	  8		  1	 325.537	  5	 26	  1
	  8		  2	 331.738	 15	 26	  1
	  8		  3	 334.512	  0	 26	  1
	  8		  4	 225.018	  0	 26	  1
	  8		  5	 317.458	  0	 26	  1
	  8		  6	 347.441	  6	 26	  1
	  8		  7	 275.089	  6	 26	  1
	  8		  8	 315.053	 42	 26	  1
	  8		  9	 311.851	 20	 26	  1
	  8		 10	 298.547	  0	 28	  1
	  8		 11	 281.772	  0	 28	  2
	  8		 12	 257.371	  0	 28	  2
	  8		 13	 265.113	  0	 28	  2
	  8		 14	 309.314	  0	 28	  2
	  8		 15	 255.903	 46	 28	  2
	  8		 16	 286.344	  0	 28	  2
	  8		 17	 262.110	  0	 28	  2
	  8		 18	 231.015	  0	 28	  2
	  8		 19	 137.261	 75	 28	  2
	  8		 20	 224.413	  0	 30	  2
	  9		  1	 273.286	 99	 26	  1
	  9		  2	 296.188	 81	 26	  1
	  9		  3	 343.587	 15	 28	  1
	  9		  4	 245.983	127	 26	  1
	  9		  5	 327.028	 12	 26	  1
	  9		  6	 307.387	  0	 28	  2
	  9		  7	 258.804	  0	 28	  2
	  9		  8	 325.728	  0	 28	  2
	  9		  9	 333.816	  0	 28	  2
	  9		 10	 291.992	  0	 28	  3
	  9		 11	 309.978	  4	 28	  3
	  9		 12	 309.318	  0	 28	  3
	  9		 13	 311.499	  2	 28	  3
	  9		 14	 328.262	  9	 28	  3
	  9		 15	 237.333	  0	 30	  4
	  9		 16	 282.624	  2	 30	  4
	  9		 17	 224.622	 78	 30	  4
	  9		 18	 248.472	  0	 30	  4
	  9		 19	 265.461	  9	 30	  4
	  9		 20	 275.160	  0	 30	  4
	 10		  1	 362.746	 13	 26	  1
	 10		  2	 374.149	  8	 26	  1
	 10		  3	 362.977	  9	 26	  1
	 10		  4	 346.599	  0	 28	  2
	 10		  5	 331.525	  0	 28	  2
	 10		  6	 357.598	  3	 28	  2
	 10		  7	 304.880	  0	 28	  2
	 10		  8	 343.635	 14	 28	  3
	 10		  9	 348.379	  2	 28	  3
	 10		 10	 355.651	  0	 28	  3
	 10		 11	 342.609	  0	 28	  3
	 10		 12	 319.530	  0	 30	  4
	 10		 13	 298.298	  0	 30	  4
	 10		 14	 333.501	  0	 30	  4
	 10		 15	 360.112	 13	 28	  5
	 10		 16	 345.070	 25	 28	  5
	 10		 17	 364.951	 12	 28	  5
	 10		 18	 350.616	  8	 28	  5
	 10		 19	 356.965	 16	 28	  5
	 10		 20	 350.056	  8	 28	  5
	 11		  1	 345.573	 20	 26	  1
	 11		  2	 355.522	 13	 26	  1
	 11		  3	 274.669	 80	 26	  1
	 11		  4	 324.356	 10	 28	  2
	 11		  5	 329.745	  4	 28	  2
	 11		  6	 283.104	 10	 28	  2
	 11		  7	 331.825	  0	 28	  2
	 11		  8	 334.619	  3	 28	  3
	 11		  9	 332.618	  0	 28	  3
	 11		 10	 288.069	  4	 28	  3
	 11		 11	 283.513	  2	 28	  3
	 11		 12	 275.543	 59	 30	  4
	 11		 13	 310.967	  3	 30	  4
	 11		 14	 291.937	  0	 30	  4
	 11		 15	 267.128	105	 28	  5
	 11		 16	 240.983	129	 28	  5
	 11		 17	 300.227	 45	 28	  5
	 11		 18	 347.796	 11	 28	  5
	 11		 19	 317.557	 23	 28	  5
	 11		 20	 286.725	 29	 28	  5
	 12		  1	 269.586	 54	 26	  1
	 12		  2	 315.264	 31	 26	  1
	 12		  3	 213.173	143	 26	  1
	 12		  4	 302.135	  0	 28	  2
	 12		  5	 312.668	  3	 28	  2
	 12		  6	 311.560	  0	 28	  2
	 12		  7	 291.389	  0	 28	  2
	 12		  8	 312.715	  1	 28	  3
	 12		  9	 280.586	  0	 28	  3
	 12		 10	 293.502	  3	 28	  3
	 12		 11	 291.491	 50	 28	  3
	 12		 12	 323.045	  0	 30	  4
	 12		 13	 325.024	  3	 30	  4
	 12		 14	 222.940	 11	 30	  4
	 12		 15	 287.241	 28	 28	  5
	 12		 16	 195.560	157	 28	  5
	 12		 17	 299.649	 35	 30	  5
	 12		 18	 249.627	 92	 28	  5
	 12		 19	 282.711	  4	 28	  5
	 12		 20	 285.879	 27	 28	  5
	 13		  1	 269.060	148	 26	  1
	 13		  2	 269.546	153	 26	  1
	 13		  3	 355.033	  0	 28	  2
	 13		  4	 332.721	  0	 28	  2
	 13		  5	 319.359	  0	 28	  2
	 13		  6	 332.724	  2	 28	  3
	 13		  7	 356.019	  8	 28	  3
	 13		  8	 286.649	  0	 28	  3
	 13		  9	 307.522	 14	 30	  4
	 13		 10	 315.197	 14	 30	  4
	 13		 11	 346.564	  0	 30	  4
	 13		 12	 353.974	 20	 28	  5
	 13		 13	 354.968	  8	 28	  5
	 13		 14	 359.579	 21	 28	  5
	 13		 15	 333.085	 22	 30	  6
	 13		 16	 363.359	 13	 30	  6
	 13		 17	 339.732	 15	 30	  6
	 13		 18	 360.689	 22	 30	  6
	 13		 19	 355.469	 17	 30	  6
	 13		 20	 366.732	 17	 30	  6
	 14		  1	  98.758	359	 26	  1
	 14		  2	 349.617	 26	 26	  1
	 14		  3	 355.826	  0	 28	  2
	 14		  4	 355.826	  0	 28	  2
	 14		  5	 325.650	  0	 28	  2
	 14		  6	 340.675	  8	 28	  3
	 14		  7	 335.261	  1	 28	  3
	 14		  8	 318.776	  0	 28	  3
	 14		  9	 339.339	  5	 30	  4
	 14		 10	 349.932	  2	 30	  4
	 14		 11	 338.744	  0	 30	  4
	 14		 12	 323.609	 37	 28	  5
	 14		 13	 304.545	 56	 28	  5
	 14		 14	 274.733	 49	 28	  5
	 14		 15	 270.797	 40	 30	  6
	 14		 16	 245.041	 36	 30	  6
	 14		 17	 275.435	 97	 30	  6
	 14		 18	 251.343	122	 30	  6
	 14		 19	 265.641	 31	 30	  6
	 14		 20	 312.811	  0	 30	  6
	 15		  1	 214.544	199	 26	  1
	 15		  2	 162.565	274	 26	  1
	 15		  3	 340.485	  0	 28	  2
	 15		  4	 339.717	  0	 28	  2
	 15		  5	 337.849	  0	 28	  2
	 15		  6	 333.748	  2	 28	  3
	 15		  7	 353.218	  2	 28	  3
	 15		  8	 336.973	  9	 28	  3
	 15		  9	 355.822	  0	 30	  4
	 15		 10	 287.671	 40	 30	  4
	 15		 11	 324.874	  4	 30	  4
	 15		 12	 380.571	 13	 28	  5
	 15		 13	 362.798	 19	 28	  5
	 15		 14	 295.225	 28	 28	  5
	 15		 15	 305.541	  0	 30	  6
	 15		 16	 239.498	  0	 30	  6
	 15		 17	 128.769	  0	 30	  6
	 15		 18	 301.996	  0	 30	  6
	 15		 19	 301.618	  2	 30	  6
	 15		 20	 336.716	  6	 30	  6
	 16		  1	 299.522	103	 26	  1
	 16		  2	 346.967	  2	 28	  2
	 16		  3	 347.644	  0	 28	  2
	 16		  4	 341.841	  0	 28	  2
	 16		  5	 336.778	 21	 28	  3
	 16		  6	 333.484	  0	 28	  3
	 16		  7	 337.378	 34	 28	  3
	 16		  8	 347.520	  0	 30	  4
	 16		  9	 270.194	111	 30	  4
	 16		 10	 333.397	  8	 30	  4
	 16		 11	 317.109	 58	 28	  5
	 16		 12	 316.554	 62	 30	  5
	 16		 13	 313.919	 75	 28	  5
	 16		 14	 311.676	 77	 28	  5
	 16		 15	 350.500	 12	 30	  6
	 16		 16	 341.743	 20	 30	  6
	 16		 17	 321.868	 33	 30	  6
	 16		 18	 298.453	  0	 30	  6
	 16		 19	 344.685	 15	 30	  6
	 16		 20	 319.185	  2	 32	  6
	 17		  1	 352.285	 26	 26	  1
	 17		  2	 177.138	273	 26	  1
	 17		  3	 326.872	  2	 28	  2
	 17		  4	 338.656	  3	 28	  2
	 17		  5	 319.144	  1	 28	  3
	 17		  6	 293.385	  8	 28	  3
	 17		  7	 343.993	  3	 30	  4
	 17		  8	 272.058	 97	 30	  4
	 17		  9	 272.190	117	 28	  5
	 17		 10	 309.751	 62	 28	  5
	 17		 11	 350.910	  5	 30	  6
	 17		 12	 311.185	 13	 30	  6
	 17		 13	 340.281	 30	 30	  7
	 17		 14	 348.768	 22	 30	  7
	 17		 15	 312.659	  0	 32	  8
	 17		 16	 344.133	  2	 32	  8
	 17		 17	 321.007	  2	 32	  8
	 17		 18	 264.071	  0	 32	  8
	 17		 19	 244.194	  0	 32	  8
	 17		 20	 288.563	  2	 32	  8
	 18		  1	 320.451	 23	 26	  1
	 18		  2	 370.990	  0	 28	  2
	 18		  3	 354.287	  0	 28	  2
	 18		  4	 326.096	  2	 28	  3
	 18		  5	 271.828	 94	 30	  3
	 18		  6	 328.678	  1	 30	  4
	 18		  7	 325.009	  7	 30	  4
	 18		  8	 329.189	 39	 28	  5
	 18		  9	 317.229	 45	 28	  5
	 18		 10	 318.857	  2	 30	  6
	 18		 11	 308.905	  0	 30	  6
	 18		 12	 335.348	 33	 30	  7
	 18		 13	 326.583	 52	 30	  7
	 18		 14	 343.614	  9	 32	  8
	 18		 15	 341.717	  0	 32	  8
	 18		 16	 352.243	  4	 32	  8
	 18		 17	 340.618	  4	 32	  8
	 18		 18	 348.092	  0	 32	  8
	 18		 19	 285.802	  0	 32	  8
	 18		 20	 299.900	  0	 32	  8
	 19		  1	 348.321	 25	 26	  1
	 19		  2	 347.522	  0	 28	  2
	 19		  3	 321.457	 15	 29	  2
	 19		  4	 360.004	  0	 28	  3
	 19		  5	 331.272	  1	 28	  3
	 19		  6	 326.148	  4	 30	  4
	 19		  7	 336.233	  0	 30	  4
	 19		  8	 352.518	 39	 28	  5
	 19		  9	 357.544	 41	 28	  5
	 19		 10	 342.363	  7	 30	  6
	 19		 11	 355.861	  7	 30	  6
	 19		 12	 326.148	 42	 30	  7
	 19		 13	 316.927	 56	 30	  7
	 19		 14	 345.996	  4	 32	  8
	 19		 15	 333.723	 19	 32	  8
	 19		 16	 301.161	 42	 30	  9
	 19		 17	 323.499	  0	 30	  9
	 19		 18	 308.360	  0	 30	  9
	 19		 19	 347.927	  0	 30	  9
	 19		 20	 307.788	  0	 31	  9
	 20		  1	 260.456	132	 28	  1
	 20		  2	 245.480	155	 30	  1
	 20		  3	 348.953	  0	 28	  2
	 20		  4	 250.454	  0	 30	  2
	 20		  5	 328.670	 56	 28	  5
	 20		  6	 314.624	 54	 28	  5
	 20		  7	 319.628	 15	 30	  6
	 20		  8	 353.482	  9	 30	  6
	 20		  9	 344.872	 19	 30	  6
	 20		 10	 298.922	 66	 30	  7
	 20		 11	 297.245	 72	 30	  7
	 20		 12	 345.541	  2	 32	  8
	 20		 13	 317.509	  2	 32	  8
	 20		 14	 343.793	  0	 32	  8
	 20		 15	 329.534	  0	 30	  9
	 20		 16	 300.886	 88	 30	  9
	 20		 17	 358.093	  3	 30	  9
	 20		 18	 312.012	  0	 30	  9
	 20		 19	 323.748	  0	 30	  9
	 20		 20	 315.076	  2	 31	  9
	 21		  1	 275.029	 60	 28	  1
	 21		  2	 266.531	  2	 28	  1
	 21		  3	 319.703	  4	 28	  2
	 21		  4	 329.305	  1	 28	  2
	 21		  5	 321.704	 47	 28	  5
	 21		  6	 264.063	 90	 28	  5
	 21		  7	 307.735	 11	 30	  6
	 21		  8	 206.543	  1	 30	  6
	 21		  9	 275.644	 40	 30	  6
	 21		 10	 317.728	 30	 30	  7
	 21		 11	 316.672	 27	 30	  7
	 21		 12	 301.535	  2	 32	  8
	 21		 13	 314.005	  6	 32	  8
	 21		 14	 304.179	  0	 32	  8
	 21		 15	 209.659	172	 30	  9
	 21		 16	 250.534	112	 30	  9
	 21		 17	 243.915	142	 30	  9
	 21		 18	 300.310	 16	 30	  9
	 21		 19	 215.428	163	 30	  9
	 21		 20	  98.516	352	 30	  9
	 22		  1	 270.917	100	 28	  1
	 22		  2	 180.084	206	 28	  1
	 22		  3	 348.321	  2	 28	  2
	 22		  4	 342.898	  3	 28	  2
	 22		  5	 319.757	 38	 28	  5
	 22		  6	 302.328	 60	 28	  5
	 22		  7	 341.624	 14	 30	  6
	 22		  8	 321.567	  2	 30	  6
	 22		  9	 299.816	 58	 30	  7
	 22		 10	 326.736	 38	 30	  7
	 22		 11	 330.172	 35	 30	  7
	 22		 12	 333.753	  2	 32	  8
	 22		 13	 344.351	 11	 32	  8
	 22		 14	 335.851	  0	 32	  8
	 22		 15	 259.627	117	 30	  9
	 22		 16	 286.294	 77	 30	  9
	 22		 17	 304.466	  4	 30	  9
	 22		 18	 323.920	  5	 30	  9
	 22		 19	 305.248	  5	 30	  9
	 22		 20	 192.739	194	 30	  9
	 23		  1	 356.813	  3	 28	  1
	 23		  2	 341.518	  0	 28	  2
	 23		  3	 312.021	  2	 28	  2
	 23		  4	 321.956	 65	 28	  5
	 23		  5	 340.606	 30	 28	  5
	 23		  6	 359.932	 13	 30	  6
	 23		  7	 341.739	  6	 30	  6
	 23		  8	 327.958	 47	 30	  7
	 23		  9	 298.033	 58	 30	  7
	 23		 10	 332.206	 35	 30	  7
	 23		 11	 348.969	  7	 32	  8
	 23		 12	 318.686	 28	 32	  8
	 23		 13	 343.008	 18	 32	  8
	 23		 14	 340.975	  9	 30	  9
	 23		 15	 301.566	  0	 31	  9
	 23		 16	 311.023	  0	 30	  9
	 23		 17	 387.118	  0	 30	  9
	 23		 18	 326.908	  5	 30	  9
	 23		 19	 380.519	  0	 30	  9
	 23		 20	 354.109	  7	 30	  9
	 24		  1	 243.335	121	 28	  1
	 24		  2	 325.865	 11	 28	  1
	 24		  3	 303.242	  1	 28	  2
	 24		  4	 303.242	  1	 28	  2
	 24		  5	 305.237	 59	 28	  5
	 24		  6	 328.782	 45	 28	  5
	 24		  7	 341.066	 13	 30	  6
	 24		  8	 247.617	  6	 30	  6
	 24		  9	 247.802	 46	 30	  7
	 24		 10	  94.915	  1	 30	  7
	 24		 11	 341.230	 18	 32	  8
	 24		 12	 302.301	104	 32	  8
	 24		 13	 346.728	 10	 32	  8
	 24		 14	 382.245	  1	 30	  9
	 24		 15	 349.438	 13	 30	  9
	 24		 16	 320.195	 19	 31	  9
	 24		 17	 345.884	  5	 30	  9
	 24		 18	 292.072	 96	 30	  9
	 24		 19	 227.222	156	 30	  9
	 24		 20	 312.368	 79	 30	  9
	 25		  1	 343.239	  2	 28	  1
	 25		  2	 286.658	 89	 28	  1
	 25		  3	 304.558	 82	 28	  1
	 25		  4	 337.516	 41	 28	  2
	 25		  5	 303.849	 81	 28	  2
	 25		  6	 319.490	 28	 28	  2
	 25		  7	 341.273	 17	 30	  6
	 25		  8	 334.553	 16	 30	  6
	 25		  9	 320.303	 27	 30	  6
	 25		 10	 318.378	 36	 30	  7
	 25		 11	 240.834	  0	 30	  7
	 25		 12	 329.032	 12	 32	  8
	 25		 13	 344.770	  7	 32	  8
	 25		 14	 339.138	 11	 32	  8
	 25		 15	 339.692	 16	 32	  8
	 25		 16	 347.068	  9	 30	  9
	 25		 17	 251.353	150	 30	  9
	 25		 18	 257.059	 93	 30	  9
	 25		 19	 332.036	 53	 30	  9
	 25		 20	 364.041	 12	 30	  9
	 26		  1	 346.305	  3	 28	  1
	 26		  2	 337.074	  4	 28	  1
	 26		  3	 309.860	 35	 28	  1
	 26		  4	 312.173	 61	 28	  2
	 26		  5	 352.269	 39	 28	  2
	 26		  6	 285.751	 96	 28	  2
	 26		  7	 327.991	 15	 30	  6
	 26		  8	 324.233	 18	 30	  6
	 26		  9	 355.027	 16	 30	  6
	 26		 10	 330.105	 17	 32	  8
	 26		 11	 363.101	  3	 32	  8
	 26		 12	 367.876	  0	 32	  8
	 26		 13	 337.695	 31	 32	  8
	 26		 14	 356.039	 17	 30	  9
	 26		 15	 325.781	 61	 30	  9
	 26		 16	 336.908	 13	 30	  9
	 26		 17	 359.690	  4	 30	  9
	 26		 18	 336.894	 19	 30	  9
	 26		 19	 338.495	 19	 30	  9
	 26		 20	 377.247	  4	 30	  9
	 27		  1	 306.757	 59	 28	  2
	 27		  2	 307.143	 63	 28	  2
	 27		  3	 336.257	 23	 28	  2
	 27		  4	 314.322	 56	 28	  2
	 27		  5	 311.106	 25	 30	  6
	 27		  6	 332.080	  9	 31	  6
	 27		  7	 299.812	  0	 31	  6
	 27		  8	 302.997	  1	 30	  6
	 27		  9	 366.784	  2	 32	  8
	 27		 10	 324.641	  3	 32	  8
	 27		 11	 292.428	 15	 32	  8
	 27		 12	 233.251	  0	 32	  8
	 27		 13	 317.483	 21	 30	  9
	 27		 14	 356.588	  7	 30	  9
	 27		 15	 343.226	 10	 30	  9
	 27		 16	 274.163	109	 30	  9
	 27		 17	 277.377	109	 30	  9
	 27		 18	 367.350	  2	 30	  9
	 27		 19	 346.193	 18	 30	  9
	 27		 20	 342.075	 13	 30	  9
	 28		  1	 362.953	 12	 28	  2
	 28		  2	 336.520	 26	 28	  2
	 28		  3	 324.823	 24	 28	  2
	 28		  4	 303.180	 56	 28	  2
	 28		  5	 360.814	  3	 31	  6
	 28		  6	 323.370	 14	 31	  6
	 28		  7	 343.468	  1	 31	  6
	 28		  8	 333.933	 24	 31	  6
	 28		  9	 345.484	  7	 32	  8
	 28		 10	 354.292	  3	 32	  8
	 28		 11	 289.203	 94	 32	  8
	 28		 12	 342.100	  7	 32	  8
	 28		 13	 351.259	  4	 30	  9
	 28		 14	 341.751	  5	 30	  9
	 28		 15	 320.875	  1	 31	  9
	 28		 16	 364.330	  4	 30	  9
	 28		 17	 304.096	 68	 32	  9
	 28		 18	 318.329	 46	 30	  9
	 28		 19	 352.476	  4	 30	  9
	 28		 20	 284.009	108	 30	  9
	 29		  1	 305.901	 29	 31	  6
	 29		  2	 306.751	  1	 33	  6
	 29		  3	 305.749	  2	 31	  6
	 29		  4	 296.149	 14	 31	  6
	 29		  5	 301.829	 13	 32	  8
	 29		  6	 307.435	  6	 32	  8
	 29		  7	 322.147	  6	 32	  8
	 29		  8	 233.549	  0	 33	  8
	 29		  9	 314.506	  7	 30	  9
	 29		 10	 293.717	103	 30	  9
	 29		 11	 217.263	187	 30	  9
	 29		 12	 255.693	 78	 30	  9
	 29		 13	 256.942	 78	 28	 10
	 29		 14	 284.619	 26	 28	 10
	 29		 15	 228.544	  9	 28	 10
	 29		 16	 259.830	 61	 28	 10
	 29		 17	 312.755	 50	 28	 10
	 29		 18	 225.037	  3	 28	 10
	 29		 19	 272.409	 62	 28	 10
	 29		 20	 297.619	 58	 28	 10
	 30		  1	 362.408	  2	 31	  6
	 30		  2	 320.986	 15	 31	  6
	 30		  3	 334.854	 15	 31	  6
	 30		  4	 352.926	  8	 32	  8
	 30		  5	 268.729	 75	 32	  8
	 30		  6	 354.907	  1	 33	  8
	 30		  7	 350.071	  7	 30	  9
	 30		  8	 360.303	  7	 30	  9
	 30		  9	 332.726	  3	 30	  9
	 30		 10	 349.972	 33	 28	 10
	 30		 11	 302.927	  3	 28	 10
	 30		 12	 343.737	 27	 28	 10
	 30		 13	 320.477	 15	 28	 10
	 30		 14	 321.697	  7	 33	 11
	 30		 15	 349.530	  8	 33	 11
	 30		 16	 334.840	 40	 33	 11
	 30		 17	 244.118	  1	 33	 11
	 30		 18	 288.900	  2	 33	 11
	 30		 19	 330.562	 15	 33	 11
	 30		 20	 340.399	 18	 33	 11
	 31		  1	 349.890	 13	 31	  6
	 31		  2	 354.253	  6	 31	  6
	 31		  3	 359.185	  7	 31	  6
	 31		  4	 372.710	  1	 33	  8
	 31		  5	 357.818	  4	 33	  8
	 31		  6	 336.939	  5	 33	  8
	 31		  7	 380.216	  1	 30	  9
	 31		  8	 368.128	  2	 30	  9
	 31		  9	 369.114	  3	 30	  9
	 31		 10	 366.625	 20	 28	 10
	 31		 11	 358.357	 14	 28	 10
	 31		 12	 339.116	 36	 28	 10
	 31		 13	 282.889	 62	 28	 10
	 31		 14	 331.315	 15	 33	 11
	 31		 15	 333.263	  6	 33	 11
	 31		 16	 321.756	 33	 33	 11
	 31		 17	 303.761	 63	 33	 11
	 31		 18	 323.981	 29	 33	 11
	 31		 19	 359.835	 19	 33	 11
	 31		 20	 343.902	  7	 33	 11
	 32		  1	 368.752	 15	 31	  6
	 32		  2	 342.070	 17	 31	  6
	 32		  3	 375.148	  9	 31	  6
	 32		  4	 353.668	 10	 33	  8
	 32		  5	 359.334	  3	 33	  8
	 32		  6	 290.426	  0	 33	  8
	 32		  7	 367.843	  4	 30	  9
	 32		  8	 352.853	 10	 30	  9
	 32		  9	 342.714	  2	 30	  9
	 32		 10	 346.469	 19	 28	 10
	 32		 11	 351.633	 25	 28	 10
	 32		 12	 331.349	 34	 28	 10
	 32		 13	 335.536	 34	 28	 10
	 32		 14	 290.103	100	 33	 11
	 32		 15	 313.916	 57	 33	 11
	 32		 16	 338.086	 33	 33	 11
	 32		 17	 353.560	 25	 33	 11
	 32		 18	 335.799	 24	 33	 11
	 32		 19	 320.395	 64	 33	 11
	 32		 20	 368.295	 10	 33	 11
	 33		  1	 348.234	 17	 31	  6
	 33		  2	 325.583	 39	 31	  6
	 33		  3	 340.538	 24	 31	  6
	 33		  4	 357.604	  4	 33	  8
	 33		  5	 374.733	  5	 33	  8
	 33		  6	 346.618	  4	 33	  8
	 33		  7	 376.662	  3	 30	  9
	 33		  8	 351.419	  4	 30	  9
	 33		  9	 342.710	  0	 30	  9
	 33		 10	 335.004	 28	 28	 10
	 33		 11	 298.633	 56	 28	 10
	 33		 12	 309.321	 56	 28	 10
	 33		 13	 299.946	 57	 28	 10
	 33		 14	 346.409	 17	 33	 11
	 33		 15	 354.954	 15	 33	 11
	 33		 16	 311.504	 36	 33	 11
	 33		 17	 337.675	 13	 33	 11
	 33		 18	 340.757	 21	 33	 11
	 33		 19	 308.257	 58	 33	 11
	 33		 20	 306.331	 55	 33	 11
	 34		  1	 335.774	 22	 31	  6
	 34		  2	 324.284	 26	 31	  6
	 34		  3	 321.287	 30	 31	  6
	 34		  4	 361.896	  2	 33	  8
	 34		  5	 270.414	  0	 33	  8
	 34		  6	 314.946	 65	 33	  8
	 34		  7	 360.274	  7	 30	  9
	 34		  8	 351.811	  2	 30	  9
	 34		  9	 334.145	  6	 30	  9
	 34		 10	 347.182	 27	 28	 10
	 34		 11	 335.118	 16	 28	 10
	 34		 12	 316.367	 48	 28	 10
	 34		 13	 340.545	 25	 28	 10
	 34		 14	 334.697	 14	 33	 11
	 34		 15	 328.776	 28	 33	 11
	 34		 16	 342.240	 12	 33	 11
	 34		 17	 328.314	  4	 33	 11
	 34		 18	 333.290	 15	 33	 11
	 34		 19	 313.145	 33	 33	 11
	 34		 20	 344.903	  9	 35	 11
	 35		  1	 337.376	 20	 31	  6
	 35		  2	 360.821	 19	 32	  6
	 35		  3	 369.422	  3	 33	  8
	 35		  4	 366.926	  5	 33	  8
	 35		  5	 345.620	  3	 30	  9
	 35		  6	 357.202	  2	 30	  9
	 35		  7	 370.639	  3	 30	  9
	 35		  8	 350.953	 23	 28	 10
	 35		  9	 339.939	 31	 28	 10
	 35		 10	 320.409	 30	 28	 10
	 35		 11	 345.923	 13	 33	 11
	 35		 12	 357.657	 21	 35	 11
	 35		 13	 322.558	  6	 33	 11
	 35		 14	 348.117	  9	 35	 12
	 35		 15	 334.450	 36	 35	 12
	 35		 16	 358.749	  5	 37	 12
	 35		 17	 351.179	  7	 35	 12
	 35		 18	 287.853	  8	 35	 12
	 35		 19	 339.191	 12	 35	 12
	 35		 20	 349.947	  4	 35	 12
	 36		  1	 315.131	 55	 32	  6
	 36		  2	 335.497	 29	 32	  6
	 36		  3	 356.147	  5	 33	  8
	 36		  4	 327.505	  5	 33	  8
	 36		  5	 363.427	  2	 30	  9
	 36		  6	 361.275	  3	 30	  9
	 36		  7	 310.115	 31	 28	 10
	 36		  8	 305.484	 55	 28	 10
	 36		  9	 338.696	 15	 33	 11
	 36		 10	 350.059	 10	 35	 11
	 36		 11	 352.890	  8	 37	 12
	 36		 12	 362.069	  4	 37	 12
	 36		 13	 321.474	 34	 35	 13
	 36		 14	 337.716	 20	 35	 13
	 36		 15	 321.514	  7	 35	 13
	 36		 16	 339.861	  1	 35	 13
	 36		 17	 327.283	 31	 35	 13
	 36		 18	 306.721	 70	 35	 13
	 36		 19	 313.082	 38	 35	 13
	 36		 20	 313.949	  7	 35	 13
	 37		  1	 354.675	 18	 32	  6
	 37		  2	 344.672	 42	 32	  6
	 37		  3	 392.581	  4	 33	  8
	 37		  4	 343.334	  4	 33	  8
	 37		  5	 376.023	  6	 30	  9
	 37		  6	 362.256	  4	 30	  9
	 37		  7	 346.095	 29	 28	 10
	 37		  8	 322.393	 32	 28	 10
	 37		  9	 334.621	 32	 35	 11
	 37		 10	 336.477	 28	 35	 11
	 37		 11	 369.938	  2	 35	 11
	 37		 12	 338.787	  5	 37	 12
	 37		 13	 355.744	  1	 39	 12
	 37		 14	 341.690	  0	 37	 12
	 37		 15	 350.186	  5	 35	 13
	 37		 16	 352.951	  7	 35	 13
	 37		 17	 358.852	  3	 35	 13
	 37		 18	 358.010	  9	 35	 13
	 37		 19	 314.706	 32	 35	 13
	 37		 20	 216.435	  0	 35	 13
	 38		  1	 337.455	 30	 32	  6
	 38		  2	 354.868	 18	 32	  6
	 38		  3	 353.800	 19	 32	  6
	 38		  4	 381.669	  3	 33	  8
	 38		  5	 340.944	  3	 33	  8
	 38		  6	 384.928	  0	 33	  8
	 38		  7	 348.143	  6	 30	  9
	 38		  8	 374.958	  0	 30	  9
	 38		  9	 378.307	  1	 30	  9
	 38		 10	 350.420	 25	 28	 10
	 38		 11	 355.123	  0	 28	 10
	 38		 12	 357.081	 31	 28	 10
	 38		 13	 360.618	  2	 35	 11
	 38		 14	 345.843	  5	 35	 11
	 38		 15	 348.955	  0	 35	 11
	 38		 16	 354.549	  3	 39	 12
	 38		 17	 366.259	  0	 39	 12
	 38		 18	 360.638	  1	 39	 12
	 38		 19	 358.931	  0	 39	 12
	 38		 20	 321.883	  7	 39	 12
	 39		  1	 300.209	 37	 32	  6
	 39		  2	 302.664	 50	 32	  6
	 39		  3	 301.121	 25	 32	  6
	 39		  4	 350.362	  6	 33	  8
	 39		  5	 360.222	  4	 33	  8
	 39		  6	 349.690	  8	 33	  8
	 39		  7	 367.677	  1	 30	  9
	 39		  8	 317.496	  4	 30	  9
	 39		  9	 357.323	  4	 32	  9
	 39		 10	 301.845	 55	 28	 10
	 39		 11	 282.211	 61	 28	 10
	 39		 12	 329.881	 27	 28	 10
	 39		 13	 291.843	 61	 35	 11
	 39		 14	 332.207	  4	 35	 11
	 39		 15	 303.844	 55	 35	 11
	 39		 16	 335.961	  5	 39	 12
	 39		 17	 293.640	 56	 41	 12
	 39		 18	 325.547	  1	 39	 12
	 39		 19	 315.361	  3	 39	 12
	 39		 20	 336.907	  1	 39	 12
	 40		  1	 360.693	 20	 32	  6
	 40		  2	 347.783	 23	 32	  6
	 40		  3	 351.549	 20	 32	  6
	 40		  4	 381.066	  0	 33	  8
	 40		  5	 359.393	 17	 33	  8
	 40		  6	 218.255	  0	 33	  8
	 40		  7	 365.069	  9	 30	  9
	 40		  8	 326.373	  1	 30	  9
	 40		  9	 372.603	  0	 32	  9
	 40		 10	 297.570	 63	 28	 10
	 40		 11	 344.240	 27	 28	 10
	 40		 12	 325.435	 26	 28	 10
	 40		 13	 333.901	  1	 35	 11
	 40		 14	 260.415	  0	 35	 11
	 40		 15	 303.118	  6	 35	 11
	 40		 16	 270.209	  1	 39	 12
	 40		 17	 301.319	  6	 39	 12
	 40		 18	 316.510	 13	 39	 12
	 40		 19	 286.911	  3	 39	 12
	 40		 20	 273.371	  0	 39	 12
	 41		  1	 321.131	 40	 32	  6
	 41		  2	 315.912	 22	 32	  6
	 41		  3	 345.305	 43	 32	  6
	 41		  4	 383.634	  0	 33	  8
	 41		  5	 347.142	  3	 33	  8
	 41		  6	 323.761	 21	 33	  8
	 41		  7	 378.408	  3	 30	  9
	 41		  8	 364.633	  0	 30	  9
	 41		  9	 359.911	  0	 30	  9
	 41		 10	 373.045	 12	 28	 10
	 41		 11	 376.138	 12	 28	 10
	 41		 12	 351.556	 33	 28	 10
	 41		 13	 354.692	  2	 35	 11
	 41		 14	 321.277	  0	 35	 11
	 41		 15	 354.899	  8	 39	 12
	 41		 16	 328.625	 19	 39	 12
	 41		 17	 342.393	  6	 39	 12
	 41		 18	 339.109	 12	 39	 12
	 41		 19	 350.293	 33	 39	 12
	 41		 20	 348.555	  0	 39	 12
	 42		  1	 243.245	151	 35	  6
	 42		  2	 220.170	156	 35	  6
	 42		  3	 248.220	100	 35	  6
	 42		  4	 345.602	  6	 33	  8
	 42		  5	 338.828	 23	 33	  8
	 42		  6	 355.913	  3	 33	  8
	 42		  7	 356.145	  0	 30	  9
	 42		  8	 378.704	  6	 30	  9
	 42		  9	 343.238	  0	 30	  9
	 42		 10	 295.110	 18	 28	 10
	 42		 11	 318.112	 33	 28	 10
	 42		 12	 328.990	 16	 29	 10
	 42		 13	 348.176	  7	 39	 12
	 42		 14	 165.763	  0	 39	 12
	 42		 15	 323.147	 32	 39	 12
	 42		 16	 315.349	 28	 39	 12
	 42		 17	 342.833	 10	 39	 12
	 42		 18	 327.099	  9	 39	 12
	 42		 19	 280.175	 29	 39	 12
	 42		 20	 240.998	 17	 39	 12
	 43		  1	 296.431	  2	 35	  6
	 43		  2	 334.952	  4	 35	  6
	 43		  3	 367.544	  6	 33	  8
	 43		  4	 341.209	 31	 33	  8
	 43		  5	 366.952	  8	 34	  8
	 43		  6	 308.052	 64	 33	  8
	 43		  7	 367.035	  5	 30	  9
	 43		  8	 358.142	  2	 32	  9
	 43		  9	 356.783	  7	 30	  9
	 43		 10	 342.016	  4	 30	  9
	 43		 11	 310.911	 29	 29	 10
	 43		 12	 328.527	 20	 29	 10
	 43		 13	 310.593	 21	 29	 10
	 43		 14	 304.765	 28	 39	 12
	 43		 15	 192.793	 16	 39	 12
	 43		 16	 329.174	  0	 39	 12
	 43		 17	 327.354	 20	 39	 12
	 43		 18	 295.747	 25	 39	 12
	 43		 19	 314.673	 10	 40	 12
	 43		 20	 317.693	 16	 39	 12
	 44		  1	 347.160	  8	 33	  6
	 44		  2	 282.533	 81	 33	  6
	 44		  3	 308.822	 62	 33	  8
	 44		  4	 346.554	  8	 33	  8
	 44		  5	 322.391	  3	 33	  8
	 44		  6	 351.137	  7	 30	  9
	 44		  7	 368.113	  4	 30	  9
	 44		  8	 358.111	  3	 30	  9
	 44		  9	 324.285	 19	 29	 10
	 44		 10	 310.005	  6	 29	 10
	 44		 11	 306.980	  2	 39	 12
	 44		 12	 325.104	 15	 39	 12
	 44		 13	 302.732	 31	 39	 12
	 44		 14	 340.980	  9	 32	 14
	 44		 15	 329.452	  4	 32	 14
	 44		 16	 302.091	  0	 32	 14
	 44		 17	 325.905	  4	 32	 14
	 44		 18	 336.683	  1	 32	 14
	 44		 19	 336.650	  1	 32	 14
	 44		 20	 343.950	  5	 32	 14
	 45		  1	 353.111	 11	 33	  6
	 45		  2	 367.124	  0	 33	  6
	 45		  3	 324.241	  4	 33	  6
	 45		  4	 368.952	  2	 33	  6
	 45		  5	 336.193	  7	 30	  9
	 45		  6	 358.151	  8	 30	  9
	 45		  7	 350.602	  7	 30	  9
	 45		  8	 322.491	  4	 30	  9
	 45		  9	 343.251	  4	 31	  9
	 45		 10	 287.380	 16	 29	 10
	 45		 11	 305.720	 22	 29	 10
	 45		 12	 318.844	 14	 29	 10
	 45		 13	 281.674	 20	 29	 10
	 45		 14	 294.933	 49	 29	 10
	 45		 15	 336.875	  4	 39	 12
	 45		 16	 262.196	  7	 39	 12
	 45		 17	 323.007	  2	 39	 12
	 45		 18	 314.642	  8	 39	 12
	 45		 19	 319.850	 13	 39	 12
	 45		 20	 228.539	  0	 39	 12
	 46		  1	 300.355	 91	 33	  6
	 46		  2	 343.121	  0	 33	  6
	 46		  3	 344.389	  3	 33	  6
	 46		  4	 228.385	191	 33	  6
	 46		  5	 357.128	  0	 33	  6
	 46		  6	 361.256	  1	 30	  9
	 46		  7	 366.259	  0	 30	  9
	 46		  8	 353.267	  0	 30	  9
	 46		  9	 260.254	  3	 30	  9
	 46		 10	 363.742	  7	 30	  9
	 46		 11	 350.532	 15	 29	 10
	 46		 12	 331.212	 29	 29	 10
	 46		 13	 325.748	 11	 29	 10
	 46		 14	 358.938	  5	 29	 10
	 46		 15	 332.175	  3	 39	 12
	 46		 16	 339.994	  3	 39	 12
	 46		 17	 283.394	  0	 39	 12
	 46		 18	 295.183	 10	 39	 12
	 46		 19	 319.723	 32	 39	 12
	 46		 20	 342.716	  5	 39	 12
	 47		  1	 357.842	  1	 30	  9
	 47		  2	 325.972	  0	 30	  9
	 47		  3	 339.359	  5	 30	  9
	 47		  4	 355.576	  2	 30	  9
	 47		  5	 326.135	 14	 29	 10
	 47		  6	 309.945	 44	 29	 10
	 47		  7	 335.862	 36	 29	 10
	 47		  8	 280.172	 73	 30	 10
	 47		  9	 302.461	  2	 39	 12
	 47		 10	 316.275	 11	 39	 12
	 47		 11	 274.501	 22	 39	 12
	 47		 12	 127.013	 95	 39	 12
	 47		 13	 253.635	148	 33	 15
	 47		 14	 300.753	  0	 34	 15
	 47		 15	 233.696	109	 33	 15
	 47		 16	 219.160	132	 33	 15
	 47		 17	 301.271	 44	 33	 15
	 47		 18	 319.743	  7	 33	 15
	 47		 19	 244.236	112	 33	 15
	 47		 20	 272.011	 94	 33	 15
	 48		  1	 328.917	  2	 30	  9
	 48		  2	 386.580	  1	 30	  9
	 48		  3	 341.007	  0	 30	  9
	 48		  4	 360.421	  2	 30	  9
	 48		  5	 371.807	  2	 30	  9
	 48		  6	 350.314	 23	 29	 10
	 48		  7	 338.283	 60	 29	 10
	 48		  8	 318.069	 29	 29	 10
	 48		  9	 342.542	 25	 29	 10
	 48		 10	 356.175	 32	 29	 10
	 48		 11	 354.388	  6	 39	 12
	 48		 12	 345.497	  5	 39	 12
	 48		 13	 366.048	 14	 39	 12
	 48		 14	 371.371	  9	 39	 12
	 48		 15	 341.061	  1	 33	 15
	 48		 16	 358.793	  0	 33	 15
	 48		 17	 333.654	  8	 33	 15
	 48		 18	 199.111	216	 33	 15
	 48		 19	 359.329	  9	 33	 15
	 48		 20	 364.507	  0	 33	 15
	 49		  1	 372.843	  1	 30	  9
	 49		  2	 348.223	  1	 30	  9
	 49		  3	 367.049	  0	 30	  9
	 49		  4	 354.473	  0	 30	  9
	 49		  5	 353.309	 19	 29	 10
	 49		  6	 349.910	 28	 30	 10
	 49		  7	 346.996	 21	 29	 10
	 49		  8	 345.575	  7	 29	 10
	 49		  9	 352.277	  6	 39	 12
	 49		 10	 352.264	  7	 39	 12
	 49		 11	 343.972	 21	 39	 12
	 49		 12	 337.034	 10	 39	 12
	 49		 13	 365.898	  0	 33	 15
	 49		 14	 355.629	  2	 33	 15
	 49		 15	 332.165	  0	 33	 15
	 49		 16	 332.545	 54	 35	 15
	 49		 17	 336.234	  2	 33	 15
	 49		 18	 358.132	  0	 33	 15
	 49		 19	 349.377	  7	 33	 15
	 49		 20	 341.551	  0	 33	 15
	 50		  1	 391.307	  1	 30	  9
	 50		  2	 397.714	  3	 30	  9
	 50		  3	 395.311	  1	 30	  9
	 50		  4	 379.125	  3	 30	  9
	 50		  5	 359.921	 19	 29	 10
	 50		  6	 354.884	 15	 29	 10
	 50		  7	 299.757	 57	 29	 10
	 50		  8	 343.473	 21	 29	 10
	 50		  9	 338.960	  7	 39	 12
	 50		 10	 358.125	 21	 39	 12
	 50		 11	 336.197	 11	 39	 12
	 50		 12	 351.281	  5	 39	 12
	 50		 13	 355.066	  1	 33	 15
	 50		 14	 327.582	  0	 33	 15
	 50		 15	 354.672	  0	 33	 15
	 50		 16	 288.357	  0	 33	 15
	 50		 17	 370.320	  0	 33	 15
	 50		 18	 345.595	  1	 33	 15
	 50		 19	 347.946	 15	 33	 15
	 50		 20	 344.474	  6	 33	 15
	 51		  1	 394.296	  1	 30	  9
	 51		  2	 388.247	  0	 30	  9
	 51		  3	 372.842	  0	 30	  9
	 51		  4	 386.814	  1	 30	  9
	 51		  5	 361.468	  3	 30	  9
	 51		  6	 349.019	 21	 29	 10
	 51		  7	 293.958	 97	 29	 10
	 51		  8	 366.730	 32	 29	 10
	 51		  9	 362.261	  4	 29	 10
	 51		 10	 364.986	 19	 39	 12
	 51		 11	 359.845	 14	 39	 12
	 51		 12	 350.806	  4	 39	 12
	 51		 13	 340.547	 17	 39	 12
	 51		 14	 354.251	  0	 33	 15
	 51		 15	 347.974	  0	 33	 15
	 51		 16	 190.558	  0	 33	 15
	 51		 17	 369.630	  0	 34	 15
	 51		 18	 317.650	  0	 33	 15
	 51		 19	 310.502	  0	 33	 15
	 51		 20	 342.879	  0	 33	 15
	 52		  1	 386.058	  6	 30	  9
	 52		  2	 388.361	  5	 30	  9
	 52		  3	 359.020	  3	 30	  9
	 52		  4	 377.614	  0	 30	  9
	 52		  5	 362.167	  4	 30	  9
	 52		  6	 359.462	 24	 29	 10
	 52		  7	 356.312	  7	 29	 10
	 52		  8	 359.588	 20	 29	 10
	 52		  9	 361.002	 31	 29	 10
	 52		 10	 376.459	 10	 39	 12
	 52		 11	 345.017	 22	 39	 12
	 52		 12	 353.701	 36	 39	 12
	 52		 13	 289.497	 93	 39	 12
	 52		 14	 356.282	  0	 34	 15
	 52		 15	 359.069	  0	 34	 15
	 52		 16	 336.936	  9	 34	 15
	 52		 17	 298.749	  0	 34	 15
	 52		 18	 289.604	  0	 34	 15
	 52		 19	 310.227	  0	 34	 15
	 52		 20	 353.857	  1	 34	 15
	 53		  1	 305.708	  9	 30	  9
	 53		  2	 368.687	  4	 30	  9
	 53		  3	 367.175	  1	 30	  9
	 53		  4	 380.588	  4	 30	  9
	 53		  5	 380.531	  0	 30	  9
	 53		  6	 287.880	 76	 29	 10
	 53		  7	 336.217	 33	 29	 10
	 53		  8	 315.678	 66	 29	 10
	 53		  9	 299.457	 68	 29	 10
	 53		 10	 354.883	 30	 39	 12
	 53		 11	 333.900	  5	 39	 12
	 53		 12	 335.617	 12	 39	 12
	 53		 13	 356.506	 21	 39	 12
	 53		 14	 355.904	  0	 34	 15
	 53		 15	 354.023	  1	 34	 15
	 53		 16	 337.721	  0	 34	 15
	 53		 17	 381.795	  0	 34	 15
	 53		 18	 340.942	  0	 35	 15
	 53		 19	 311.267	  0	 34	 15
	 53		 20	 339.460	  0	 34	 15
	 54		  1	 389.360	  3	 30	  9
	 54		  2	 369.820	  4	 30	  9
	 54		  3	 342.654	  3	 30	  9
	 54		  4	 344.907	  5	 30	  9
	 54		  5	 384.771	  6	 30	  9
	 54		  6	 321.505	 61	 29	 10
	 54		  7	 345.220	 34	 29	 10
	 54		  8	 347.373	 34	 29	 10
	 54		  9	 372.649	 13	 29	 10
	 54		 10	 347.218	 17	 39	 12
	 54		 11	 344.599	 25	 39	 12
	 54		 12	 331.887	 19	 39	 12
	 54		 13	 341.831	 19	 39	 12
	 54		 14	 366.603	  1	 34	 15
	 54		 15	 363.654	  2	 34	 15
	 54		 16	 348.991	  2	 34	 15
	 54		 17	 363.102	  7	 35	 15
	 54		 18	 364.658	  2	 34	 15
	 54		 19	 382.761	  1	 34	 15
	 54		 20	 375.908	  3	 34	 15
	 55		  1	 385.255	  2	 30	  9
	 55		  2	 372.869	  2	 30	  9
	 55		  3	 355.768	  5	 30	  9
	 55		  4	 353.633	  4	 30	  9
	 55		  5	 341.116	 27	 29	 10
	 55		  6	 334.457	 19	 29	 10
	 55		  7	 324.467	 16	 29	 10
	 55		  8	 332.350	 26	 29	 10
	 55		  9	 316.325	 43	 39	 12
	 55		 10	 298.335	 51	 39	 12
	 55		 11	 315.083	 32	 39	 12
	 55		 12	 334.434	 12	 39	 12
	 55		 13	 367.725	  8	 34	 15
	 55		 14	 365.670	  3	 34	 15
	 55		 15	 359.720	  4	 34	 15
	 55		 16	 352.253	  1	 34	 15
	 55		 17	 345.969	  1	 34	 15
	 55		 18	 366.511	  1	 34	 15
	 55		 19	 362.079	  0	 34	 15
	 55		 20	 363.692	  1	 34	 15
	 56		  1	 392.950	  3	 30	  9
	 56		  2	 362.371	  1	 30	  9
	 56		  3	 378.659	  4	 30	  9
	 56		  4	 308.962	  0	 30	  9
	 56		  5	 392.768	  2	 30	  9
	 56		  6	 373.922	 21	 29	 10
	 56		  7	 322.553	 45	 29	 10
	 56		  8	 340.849	 27	 29	 10
	 56		  9	 370.632	 20	 29	 10
	 56		 10	 340.372	  9	 39	 12
	 56		 11	 243.912	  0	 39	 12
	 56		 12	 333.022	 11	 39	 12
	 56		 13	 336.938	  7	 39	 12
	 56		 14	 370.749	  0	 34	 15
	 56		 15	 360.721	 16	 34	 15
	 56		 16	 357.129	  2	 34	 15
	 56		 17	 304.943	  0	 34	 15
	 56		 18	 379.068	  0	 34	 15
	 56		 19	 335.259	  2	 34	 15
	 56		 20	 377.821	  0	 34	 15
	 57		  1	 370.251	  6	 30	  9
	 57		  2	 360.492	  2	 30	  9
	 57		  3	 353.929	  8	 30	  9
	 57		  4	 364.366	 10	 30	  9
	 57		  5	 368.984	  3	 30	  9
	 57		  6	 299.047	 79	 29	 10
	 57		  7	 336.022	 14	 29	 10
	 57		  8	 337.857	 30	 29	 10
	 57		  9	 327.206	 46	 29	 10
	 57		 10	 275.992	108	 29	 10
	 57		 11	 325.000	  6	 39	 12
	 57		 12	 301.220	 27	 39	 12
	 57		 13	 310.926	 19	 39	 12
	 57		 14	 344.716	  9	 39	 12
	 57		 15	 363.697	  4	 34	 15
	 57		 16	 313.763	  0	 34	 15
	 57		 17	 340.479	  2	 34	 15
	 57		 18	 349.257	  3	 34	 15
	 57		 19	 344.370	  1	 34	 15
	 57		 20	 280.424	  0	 34	 15
	 58		  1	 357.016	  4	 30	  9
	 58		  2	 352.166	  2	 30	  9
	 58		  3	 363.377	  3	 30	  9
	 58		  4	 365.206	  1	 30	  9
	 58		  5	 355.592	 11	 30	  9
	 58		  6	 357.083	  4	 30	  9
	 58		  7	 376.433	  8	 30	  9
	 58		  8	 321.000	 10	 39	 12
	 58		  9	 327.123	  1	 39	 12
	 58		 10	 325.361	 18	 39	 12
	 58		 11	 312.410	 43	 39	 12
	 58		 12	  75.139	  0	 39	 12
	 58		 13	 306.177	 27	 39	 12
	 58		 14	 359.892	  2	 34	 15
	 58		 15	 371.420	  4	 34	 15
	 58		 16	 357.973	  1	 34	 15
	 58		 17	 359.713	  2	 34	 15
	 58		 18	 264.453	  0	 34	 15
	 58		 19	 335.739	  1	 34	 15
	 58		 20	 358.151	  0	 34	 15
	 59		  1	 380.917	  5	 30	  9
	 59		  2	 375.994	 11	 30	  9
	 59		  3	 361.816	  1	 30	  9
	 59		  4	 383.413	  4	 30	  9
	 59		  5	 378.246	  2	 30	  9
	 59		  6	 377.719	 10	 30	  9
	 59		  7	 370.555	  7	 30	  9
	 59		  8	 373.431	  6	 39	 12
	 59		  9	 322.093	  5	 39	 12
	 59		 10	 363.407	  9	 39	 12
	 59		 11	 363.246	  0	 39	 12
	 59		 12	 343.859	 15	 39	 12
	 59		 13	 383.903	  0	 34	 15
	 59		 14	 367.954	  9	 34	 15
	 59		 15	 371.008	  0	 34	 15
	 59		 16	 380.305	  9	 34	 15
	 59		 17	 329.228	 55	 34	 15
	 59		 18	 374.505	  7	 34	 15
	 59		 19	 372.314	  1	 34	 15
	 59		 20	 371.210	  3	 34	 15
	 60		  1	 373.322	  3	 30	  9
	 60		  2	 382.294	  3	 30	  9
	 60		  3	 369.148	  3	 30	  9
	 60		  4	 392.221	  6	 30	  9
	 60		  5	 369.816	  7	 30	  9
	 60		  6	 388.037	  0	 30	  9
	 60		  7	 338.901	  9	 39	 12
	 60		  8	 339.273	 19	 40	 12
	 60		  9	 177.091	  0	 39	 12
	 60		 10	 256.680	  0	 39	 12
	 60		 11	 340.750	 14	 39	 12
	 60		 12	 343.951	 10	 39	 12
	 60		 13	 376.894	  2	 34	 15
	 60		 14	 394.645	  3	 34	 15
	 60		 15	 391.856	  0	 34	 15
	 60		 16	 376.207	  4	 34	 15
	 60		 17	 360.307	  0	 34	 15
	 60		 18	 379.233	  1	 34	 15
	 60		 19	 341.157	 10	 34	 15
	 60		 20	 379.241	  0	 34	 15
	 61		  1	 370.835	 12	 30	  9
	 61		  2	 360.659	 11	 30	  9
	 61		  3	 380.818	  3	 30	  9
	 61		  4	 360.289	 11	 30	  9
	 61		  5	 364.486	 11	 30	  9
	 61		  6	 358.277	  7	 30	  9
	 61		  7	 378.886	 11	 30	  9
	 61		  8	 339.720	 18	 39	 12
	 61		  9	 301.482	  1	 39	 12
	 61		 10	 324.475	 11	 39	 12
	 61		 11	 359.088	 19	 39	 12
	 61		 12	 320.258	 25	 39	 12
	 61		 13	 371.757	  2	 34	 15
	 61		 14	 373.575	  2	 34	 15
	 61		 15	 354.932	  2	 34	 15
	 61		 16	 383.824	  0	 34	 15
	 61		 17	 378.426	  6	 34	 15
	 61		 18	 393.858	  2	 34	 15
	 61		 19	 377.994	  4	 35	 15
	 61		 20	 386.200	  0	 34	 15
	 62		  1	 384.680	  2	 30	  9
	 62		  2	 369.351	  5	 30	  9
	 62		  3	 284.216	  0	 30	  9
	 62		  4	 369.706	 11	 30	  9
	 62		  5	 379.669	  4	 30	  9
	 62		  6	 358.219	  2	 30	  9
	 62		  7	 291.490	 97	 39	 12
	 62		  8	 270.909	 81	 39	 12
	 62		  9	 353.259	  1	 39	 12
	 62		 10	 326.316	 22	 39	 12
	 62		 11	 344.179	 13	 40	 12
	 62		 12	 318.764	 48	 39	 12
	 62		 13	 371.503	  5	 34	 15
	 62		 14	 368.334	 13	 34	 15
	 62		 15	 396.114	  4	 34	 15
	 62		 16	 358.537	  5	 34	 15
	 62		 17	 363.733	  7	 34	 15
	 62		 18	 368.336	  1	 34	 15
	 62		 19	 360.457	  2	 34	 15
	 62		 20	 376.710	  6	 34	 15
	 63		  1	 373.544	  1	 34	 15
	 63		  2	 357.120	  0	 34	 15
	 63		  3	 360.961	  4	 34	 15
	 63		  4	 387.668	  3	 34	 15
	 63		  5	 365.457	  8	 30	 16
	 63		  6	 348.648	  0	 30	 16
	 63		  7	 378.640	 10	 30	 16
	 63		  8	 374.098	 16	 30	 16
	 63		  9	 369.468	  0	 30	 16
	 63		 10	 320.353	  0	 39	 17
	 63		 11	 324.679	  0	 39	 17
	 63		 12	 286.942	  0	 39	 17
	 63		 13	 297.040	 13	 39	 17
	 63		 14	 297.700	 54	 40	 18
	 63		 15	 361.643	  2	 40	 18
	 63		 16	 336.730	 10	 40	 18
	 63		 17	 289.668	 97	 40	 18
	 63		 18	 350.380	 12	 40	 18
	 63		 19	 317.874	 39	 40	 18
	 63		 20	 336.000	 14	 40	 18
	 64		  1	 381.714	  5	 30	 16
	 64		  2	 364.781	  6	 34	 19
	 64		  3	 379.029	  2	 34	 20
	 64		  4	 384.149	  4	 34	 21
	 64		  5	 339.086	  0	 30	 22
	 64		  6	 390.643	  8	 30	 23
	 64		  7	 397.620	  2	 30	 24
	 64		  8	 365.615	  0	 30	 25
	 64		  9	 368.736	  6	 40	 29
	 64		 10	 357.126	  9	 40	 32
	 64		 11	 363.350	 11	 40	 34
	 64		 12	 358.612	 29	 40	 34
	 64		 13	 372.547	  4	 40	 34
	 64		 14	 365.762	  8	 40	 34
	 64		 15	 354.125	  1	 40	 34
	 64		 16	 344.976	  5	 40	 34
	 64		 17	 292.340	 87	 40	 34
	 64		 18	 358.979	  1	 40	 34
	 64		 19	 348.330	  5	 40	 34
	 64		 20	 343.994	  6	 40	 34
	 65		  1	 365.809	  7	 30	 16
	 65		  2	 383.001	  9	 30	 16
	 65		  3	 369.019	 11	 30	 16
	 65		  4	 363.196	  7	 30	 16
	 65		  5	 374.709	  6	 30	 16
	 65		  6	 352.506	 11	 30	 16
	 65		  7	 387.419	  2	 34	 19
	 65		  8	 395.579	  2	 36	 19
	 65		  9	 379.328	  6	 36	 19
	 65		 10	 380.016	  8	 36	 19
	 65		 11	 368.538	  0	 34	 19
	 65		 12	 381.137	  2	 34	 19
	 65		 13	 351.974	  4	 40	 29
	 65		 14	 354.824	  8	 40	 29
	 65		 15	 363.028	  8	 40	 29
	 65		 16	 345.946	 18	 40	 29
	 65		 17	 342.785	  0	 40	 29
	 65		 18	 343.594	  0	 40	 29
	 65		 19	 342.827	 10	 40	 29
	 65		 20	 349.797	  8	 40	 29
	 66		  1	 402.666	 10	 30	 16
	 66		  2	 382.212	  7	 34	 19
	 66		  3	 398.163	  8	 30	 35
	 66		  4	 373.525	 24	 30	 36
	 66		  5	 388.242	  9	 30	 38
	 66		  6	 391.028	  4	 36	 40
	 66		  7	 384.573	 14	 36	 41
	 66		  8	 394.964	  3	 36	 42
	 66		  9	 385.188	  5	 34	 43
	 66		 10	 393.568	  3	 34	 44
	 66		 11	 370.871	  5	 40	 51
	 66		 12	 360.089	  4	 40	 51
	 66		 13	 325.356	 26	 40	 51
	 66		 14	 360.174	 19	 40	 51
	 66		 15	 358.629	 27	 40	 51
	 66		 16	 371.112	  4	 40	 51
	 66		 17	 293.801	  7	 40	 51
	 66		 18	 364.228	  3	 40	 51
	 66		 19	 324.047	  3	 40	 51
	 66		 20	 346.480	 19	 40	 51
	 67		  1	 378.182	 11	 30	 16
	 67		  2	 353.961	  9	 30	 16
	 67		  3	 384.388	  3	 30	 16
	 67		  4	 366.723	  3	 34	 19
	 67		  5	 373.213	  3	 34	 19
	 67		  6	 383.684	  3	 34	 19
	 67		  7	 392.233	  4	 36	 40
	 67		  8	 385.861	  0	 36	 40
	 67		  9	 388.205	  1	 36	 40
	 67		 10	 359.367	 15	 36	 41
	 67		 11	 381.245	  2	 36	 41
	 67		 12	 365.228	  2	 36	 41
	 67		 13	 362.268	  5	 36	 42
	 67		 14	 373.284	  4	 36	 42
	 67		 15	 347.440	 29	 38	 42
	 67		 16	 294.669	  4	 40	 51
	 67		 17	 335.965	 16	 40	 51
	 67		 18	 311.899	 10	 40	 51
	 67		 19	 364.932	  0	 40	 51
	 67		 20	 353.352	 19	 40	 51
	 68		  1	 360.318	  8	 30	 16
	 68		  2	 351.066	  0	 30	 16
	 68		  3	 370.980	  3	 34	 19
	 68		  4	 311.277	  1	 34	 19
	 68		  5	 372.890	  0	 36	 40
	 68		  6	 376.338	  0	 36	 40
	 68		  7	 363.560	  6	 36	 40
	 68		  8	 361.858	  6	 36	 41
	 68		  9	 365.100	  0	 36	 41
	 68		 10	 313.554	  2	 36	 42
	 68		 11	 343.660	  0	 36	 42
	 68		 12	 346.135	  8	 40	 51
	 68		 13	 302.251	 18	 40	 51
	 68		 14	 359.993	  3	 38	 52
	 68		 15	 354.348	  0	 38	 52
	 68		 16	 345.491	  7	 38	 52
	 68		 17	 353.859	  6	 38	 52
	 68		 18	 336.598	  3	 38	 52
	 68		 19	 362.936	  5	 38	 52
	 68		 20	 377.154	  1	 38	 52
	 69		  1	 376.843	  3	 30	 16
	 69		  2	 361.158	 10	 31	 16
	 69		  3	 376.043	  6	 34	 19
	 69		  4	 379.505	  6	 34	 19
	 69		  5	 373.237	  3	 36	 40
	 69		  6	 344.836	  1	 36	 40
	 69		  7	 368.882	  3	 36	 40
	 69		  8	 369.088	 11	 36	 41
	 69		  9	 373.495	 10	 36	 41
	 69		 10	 343.858	 14	 36	 42
	 69		 11	 343.971	  5	 36	 42
	 69		 12	 357.623	  0	 40	 51
	 69		 13	 355.921	  3	 40	 51
	 69		 14	 382.280	  2	 38	 52
	 69		 15	 380.726	  0	 38	 52
	 69		 16	 366.304	  1	 38	 52
	 69		 17	 392.074	  0	 38	 52
	 69		 18	 381.191	  0	 38	 52
	 69		 19	 383.701	  1	 38	 52
	 69		 20	 397.681	  0	 39	 52
	 70		  1	 388.663	  3	 30	 16
	 70		  2	 375.912	 10	 30	 16
	 70		  3	 353.422	  6	 34	 19
	 70		  4	 386.486	  0	 34	 19
	 70		  5	 375.944	  4	 36	 40
	 70		  6	 351.992	  2	 36	 40
	 70		  7	 366.834	  7	 36	 41
	 70		  8	 376.253	  4	 36	 41
	 70		  9	 375.385	  4	 36	 42
	 70		 10	 340.001	 21	 36	 42
	 70		 11	 343.197	  6	 40	 51
	 70		 12	 355.393	  1	 40	 51
	 70		 13	 386.850	  0	 39	 52
	 70		 14	 389.354	  0	 39	 52
	 70		 15	 359.170	  0	 39	 52
	 70		 16	 367.464	  1	 39	 52
	 70		 17	 379.435	  2	 40	 52
	 70		 18	 392.148	  0	 39	 52
	 70		 19	 370.248	  7	 39	 52
	 70		 20	 396.746	  1	 39	 52
	 71		  1	 366.118	  6	 30	 16
	 71		  2	 340.094	 18	 30	 16
	 71		  3	 366.007	  2	 34	 19
	 71		  4	 371.423	  3	 34	 19
	 71		  5	 390.096	  0	 36	 40
	 71		  6	 388.496	  0	 36	 40
	 71		  7	 354.419	 10	 36	 41
	 71		  8	 368.928	 11	 36	 41
	 71		  9	 366.989	  5	 36	 42
	 71		 10	 364.483	  7	 36	 42
	 71		 11	 339.397	 11	 40	 51
	 71		 12	 363.981	  3	 40	 51
	 71		 13	 380.800	  0	 39	 52
	 71		 14	 382.444	  0	 39	 52
	 71		 15	 378.189	  1	 39	 52
	 71		 16	 374.623	  6	 39	 52
	 71		 17	 365.111	  5	 39	 52
	 71		 18	 378.271	  4	 39	 52
	 71		 19	 368.460	  2	 39	 52
	 71		 20	 365.315	  3	 39	 52
	 72		  1	 373.530	 13	 30	 16
	 72		  2	 372.844	 11	 30	 16
	 72		  3	 385.875	  6	 30	 16
	 72		  4	 369.587	 11	 34	 19
	 72		  5	 368.282	  8	 34	 19
	 72		  6	 343.346	 37	 34	 19
	 72		  7	 372.516	  0	 36	 40
	 72		  8	 399.748	  0	 36	 40
	 72		  9	 397.730	  0	 36	 40
	 72		 10	 373.825	 19	 36	 41
	 72		 11	 373.809	 19	 36	 41
	 72		 12	 369.405	  8	 36	 41
	 72		 13	 350.767	  4	 40	 51
	 72		 14	 330.631	 48	 40	 51
	 72		 15	 321.305	 12	 40	 51
	 72		 16	 363.411	  6	 39	 52
	 72		 17	 368.757	  1	 39	 52
	 72		 18	 380.024	  2	 41	 52
	 72		 19	 348.896	 33	 39	 52
	 72		 20	 391.994	  0	 39	 52
	 73		  1	 404.062	  4	 30	 16
	 73		  2	 390.902	 10	 30	 16
	 73		  3	 368.134	  4	 34	 19
	 73		  4	 367.233	  0	 34	 19
	 73		  5	 390.242	  0	 36	 40
	 73		  6	 375.412	  2	 36	 40
	 73		  7	 378.209	  0	 36	 40
	 73		  8	 384.964	  3	 36	 41
	 73		  9	 393.947	  6	 36	 41
	 73		 10	 348.225	  7	 40	 51
	 73		 11	 363.285	  0	 40	 51
	 73		 12	 393.745	  1	 39	 52
	 73		 13	 378.053	  0	 39	 52
	 73		 14	 369.262	  0	 41	 53
	 73		 15	 359.241	  0	 41	 53
	 73		 16	 365.562	  1	 41	 53
	 73		 17	 365.184	  0	 41	 53
	 73		 18	 358.161	  0	 41	 53
	 73		 19	 389.055	  0	 41	 53
	 73		 20	 365.616	  0	 41	 53
	 74		  1	 371.940	  7	 30	 16
	 74		  2	 355.878	  0	 30	 16
	 74		  3	 373.114	  3	 34	 19
	 74		  4	 374.939	  1	 34	 19
	 74		  5	 378.892	  3	 36	 40
	 74		  6	 353.440	  4	 36	 40
	 74		  7	  92.497	  0	 36	 40
	 74		  8	 363.621	  2	 36	 41
	 74		  9	 373.250	  9	 36	 41
	 74		 10	 377.458	  7	 36	 41
	 74		 11	 351.422	  2	 40	 51
	 74		 12	 357.362	  2	 40	 51
	 74		 13	 375.932	  1	 39	 52
	 74		 14	 374.055	  2	 39	 52
	 74		 15	 359.043	  4	 41	 53
	 74		 16	 383.420	  0	 41	 53
	 74		 17	 362.656	  2	 41	 53
	 74		 18	 373.103	  2	 41	 53
	 74		 19	 380.169	  3	 41	 53
	 74		 20	 361.513	  0	 41	 53
	 75		  1	 370.074	  2	 30	 16
	 75		  2	 377.880	  3	 30	 16
	 75		  3	 389.801	  0	 30	 16
	 75		  4	 387.995	  1	 36	 19
	 75		  5	 370.510	  1	 36	 19
	 75		  6	 381.948	  1	 36	 19
	 75		  7	 339.055	 18	 36	 41
	 75		  8	 317.076	 48	 36	 41
	 75		  9	 221.355	  4	 36	 41
	 75		 10	 362.369	 20	 36	 41
	 75		 11	 324.154	  4	 40	 51
	 75		 12	 273.575	 27	 40	 51
	 75		 13	 339.948	  0	 40	 51
	 75		 14	 293.820	 28	 40	 51
	 75		 15	 373.110	  0	 41	 52
	 75		 16	 381.093	  3	 41	 52
	 75		 17	 378.006	  0	 42	 52
	 75		 18	 322.606	  0	 41	 52
	 75		 19	 308.885	  0	 41	 52
	 75		 20	 344.571	  0	 41	 52
	 76		  1	 394.062	  7	 30	 16
	 76		  2	 381.286	  1	 30	 16
	 76		  3	 378.121	 12	 30	 16
	 76		  4	 399.395	  0	 36	 19
	 76		  5	 395.877	  0	 36	 19
	 76		  6	 385.804	  0	 36	 19
	 76		  7	 376.498	 15	 36	 41
	 76		  8	 367.192	 21	 36	 41
	 76		  9	 372.968	  0	 40	 51
	 76		 10	 338.922	  3	 40	 51
	 76		 11	 389.323	  3	 41	 52
	 76		 12	 386.244	  1	 41	 52
	 76		 13	 395.869	  0	 41	 52
	 76		 14	 380.020	  3	 36	 54
	 76		 15	 371.748	  0	 36	 54
	 76		 16	 369.364	  2	 36	 54
	 76		 17	 102.174	  0	 36	 54
	 76		 18	 359.157	  0	 36	 54
	 76		 19	 367.540	  2	 36	 54
	 76		 20	 351.236	  2	 36	 54
