# Evoluation started on 2016/11/18 14:22:44
# Generation	   Individual 	   Fitness 	 SecondFitness 	  Size		SpecieID
	  0		  1	  67.780	 91	 26	 -1
	  0		  2	 211.252	  0	 26	 -1
	  0		  3	 212.883	  0	 26	 -1
	  0		  4	 227.221	  0	 26	 -1
	  0		  5	 134.958	  0	 26	 -1
	  0		  6	 187.384	  0	 26	 -1
	  0		  7	 205.077	  0	 26	 -1
	  0		  8	  71.171	  0	 26	 -1
	  0		  9	 249.941	  0	 26	 -1
	  0		 10	 224.197	  0	 26	 -1
	  0		 11	 199.740	  1	 26	 -1
	  0		 12	 190.543	 11	 26	 -1
	  0		 13	 130.831	  0	 26	 -1
	  0		 14	  52.523	409	 26	 -1
	  0		 15	 158.259	  0	 26	 -1
	  0		 16	 203.167	  0	 26	 -1
	  0		 17	 103.024	  0	 26	 -1
	  0		 18	 178.443	  0	 26	 -1
	  0		 19	 208.831	  0	 26	 -1
	  0		 20	  81.920	  0	 26	 -1
	  1		  1	 235.313	  0	 26	  1
	  1		  2	 223.193	  0	 26	  1
	  1		  3	  67.303	  0	 26	  1
	  1		  4	 240.446	  0	 26	  1
	  1		  5	 188.792	  0	 26	  1
	  1		  6	 179.205	  0	 26	  1
	  1		  7	 186.755	  0	 26	  1
	  1		  8	 231.483	  0	 26	  1
	  1		  9	 212.874	  0	 26	  1
	  1		 10	 239.937	  0	 26	  1
	  1		 11	 146.628	 64	 26	  1
	  1		 12	 232.033	  0	 26	  1
	  1		 13	 125.458	  0	 26	  1
	  1		 14	 210.011	  0	 26	  1
	  1		 15	 218.014	  0	 26	  1
	  1		 16	 187.776	  0	 26	  1
	  1		 17	 194.929	  0	 26	  1
	  1		 18	 219.236	  0	 26	  1
	  1		 19	 227.677	  0	 26	  1
	  1		 20	 298.902	  5	 26	  1
	  2		  1	 251.761	 88	 26	  1
	  2		  2	 126.916	  0	 26	  1
	  2		  3	 246.454	  0	 26	  1
	  2		  4	 244.327	  0	 26	  1
	  2		  5	 251.833	  0	 26	  1
	  2		  6	 246.473	 82	 26	  1
	  2		  7	 212.097	 23	 26	  1
	  2		  8	 258.182	 27	 26	  1
	  2		  9	 252.780	  0	 26	  1
	  2		 10	 254.098	  0	 26	  1
	  2		 11	 139.471	114	 27	  1
	  2		 12	 202.574	 95	 26	  1
	  2		 13	 199.606	 72	 26	  1
	  2		 14	 251.406	 90	 26	  1
	  2		 15	 260.474	  0	 26	  1
	  2		 16	 260.915	  0	 26	  1
	  2		 17	 241.746	  0	 26	  1
	  2		 18	 257.228	 40	 26	  1
	  2		 19	 259.181	  0	 26	  1
	  2		 20	 259.047	  0	 26	  1
	  3		  1	 233.737	  1	 26	  1
	  3		  2	 243.187	  3	 26	  1
	  3		  3	 164.886	122	 26	  1
	  3		  4	 173.211	170	 26	  1
	  3		  5	 202.293	 14	 26	  1
	  3		  6	 196.012	 83	 26	  1
	  3		  7	 220.922	  0	 28	  1
	  3		  8	  64.756	308	 26	  1
	  3		  9	 178.205	163	 26	  1
	  3		 10	 194.006	120	 26	  1
	  3		 11	 204.076	  0	 26	  1
	  3		 12	 175.028	142	 26	  1
	  3		 13	 186.957	 83	 26	  1
	  3		 14	 244.928	 30	 26	  1
	  3		 15	 255.200	  6	 26	  1
	  3		 16	 229.734	  1	 26	  1
	  3		 17	 109.169	217	 26	  1
	  3		 18	 111.173	 94	 26	  1
	  3		 19	 209.445	  0	 26	  1
	  3		 20	 231.633	  5	 26	  1
	  4		  1	 268.395	  2	 26	  1
	  4		  2	 137.210	  0	 26	  1
	  4		  3	 191.319	 73	 26	  1
	  4		  4	 238.525	  0	 26	  1
	  4		  5	 240.517	 75	 26	  1
	  4		  6	 225.676	 57	 26	  1
	  4		  7	 262.872	  3	 26	  1
	  4		  8	 239.857	  0	 28	  1
	  4		  9	 138.704	  0	 26	  1
	  4		 10	 233.763	  0	 28	  2
	  4		 11	 222.521	 34	 28	  2
	  4		 12	 234.027	  0	 28	  2
	  4		 13	 223.509	  0	 28	  2
	  4		 14	 233.172	  0	 28	  2
	  4		 15	 277.685	 12	 28	  2
	  4		 16	 228.198	  0	 28	  2
	  4		 17	 113.559	 31	 28	  2
	  4		 18	 232.558	  0	 28	  2
	  4		 19	  79.037	  0	 28	  2
	  4		 20	 238.755	  0	 28	  2
	  5		  1	 233.219	  5	 26	  1
	  5		  2	 226.681	  3	 26	  1
	  5		  3	 200.569	  4	 28	  1
	  5		  4	 247.013	  5	 26	  1
	  5		  5	 244.745	 36	 26	  1
	  5		  6	 206.198	  4	 26	  1
	  5		  7	 226.486	 24	 28	  2
	  5		  8	 182.269	148	 28	  2
	  5		  9	 215.572	  4	 28	  2
	  5		 10	 165.860	 12	 28	  2
	  5		 11	 235.751	 21	 28	  2
	  5		 12	 177.415	 23	 28	  2
	  5		 13	 203.362	  9	 28	  3
	  5		 14	 156.926	 15	 28	  3
	  5		 15	 216.369	 51	 28	  3
	  5		 16	 229.053	  0	 28	  3
	  5		 17	  91.293	152	 28	  3
	  5		 18	 210.458	  6	 28	  3
	  5		 19	 196.727	 23	 28	  3
	  5		 20	 178.082	  7	 28	  3
	  6		  1	 270.239	  0	 26	  1
	  6		  2	 239.778	 54	 26	  1
	  6		  3	 220.439	 91	 26	  1
	  6		  4	 276.562	  7	 26	  1
	  6		  5	 147.832	  0	 28	  1
	  6		  6	 272.724	 14	 28	  2
	  6		  7	 277.452	  1	 28	  2
	  6		  8	 281.534	  0	 28	  2
	  6		  9	 219.446	 96	 28	  2
	  6		 10	 247.052	  0	 28	  3
	  6		 11	 236.245	  0	 28	  3
	  6		 12	 126.273	 95	 28	  3
	  6		 13	 238.061	  0	 28	  3
	  6		 14	 236.771	  0	 28	  4
	  6		 15	 219.008	  0	 28	  4
	  6		 16	 238.602	  0	 28	  4
	  6		 17	 247.313	  0	 28	  4
	  6		 18	 201.979	  0	 28	  4
	  6		 19	 240.070	  0	 28	  4
	  6		 20	 236.725	  0	 28	  4
	  7		  1	 310.402	  2	 26	  1
	  7		  2	 311.563	  1	 26	  1
	  7		  3	 298.277	  0	 26	  1
	  7		  4	 241.487	  0	 26	  1
	  7		  5	 307.824	  0	 28	  2
	  7		  6	 283.904	  0	 28	  2
	  7		  7	 313.091	  3	 28	  2
	  7		  8	 300.428	  2	 28	  2
	  7		  9	 261.549	  0	 28	  3
	  7		 10	 250.121	  0	 28	  3
	  7		 11	 267.626	  0	 28	  3
	  7		 12	 276.839	  0	 28	  4
	  7		 13	 275.044	  0	 28	  4
	  7		 14	 242.440	  0	 28	  4
	  7		 15	 255.721	  0	 28	  4
	  7		 16	 155.785	  9	 28	  5
	  7		 17	 149.419	 10	 28	  5
	  7		 18	 165.776	 12	 28	  5
	  7		 19	 159.617	  9	 28	  5
	  7		 20	 322.631	  4	 28	  5
	  8		  1	 277.874	  8	 26	  1
	  8		  2	 274.722	 16	 26	  1
	  8		  3	 272.976	  4	 26	  1
	  8		  4	 228.798	  0	 26	  1
	  8		  5	 281.983	 11	 28	  2
	  8		  6	 306.160	 11	 28	  2
	  8		  7	 282.620	 29	 28	  2
	  8		  8	 245.131	 17	 28	  2
	  8		  9	 255.221	  8	 28	  3
	  8		 10	 186.592	  0	 28	  3
	  8		 11	 237.112	 25	 28	  3
	  8		 12	 240.558	  1	 28	  4
	  8		 13	 252.326	  2	 28	  4
	  8		 14	 249.725	  2	 28	  4
	  8		 15	 237.157	  0	 28	  4
	  8		 16	 285.000	 18	 28	  5
	  8		 17	 189.529	157	 28	  5
	  8		 18	 226.808	  0	 28	  5
	  8		 19	 259.284	 90	 28	  5
	  8		 20	 298.083	 11	 28	  5
	  9		  1	 283.869	  7	 26	  1
	  9		  2	 226.875	125	 26	  1
	  9		  3	 266.415	  2	 26	  1
	  9		  4	 283.786	  5	 26	  1
	  9		  5	 334.744	  4	 28	  2
	  9		  6	 304.644	 10	 28	  2
	  9		  7	 234.680	  2	 28	  2
	  9		  8	 320.296	 10	 28	  2
	  9		  9	 260.415	  0	 28	  3
	  9		 10	 304.318	  6	 28	  3
	  9		 11	 294.715	  3	 28	  3
	  9		 12	 261.435	  4	 28	  4
	  9		 13	 255.375	  5	 28	  4
	  9		 14	 261.115	  2	 28	  4
	  9		 15	 320.366	  6	 28	  5
	  9		 16	 324.201	  8	 28	  5
	  9		 17	 133.393	 47	 28	  5
	  9		 18	 306.579	  4	 28	  5
	  9		 19	 309.207	 33	 28	  5
	  9		 20	 310.713	 14	 28	  5
	 10		  1	 306.728	  0	 26	  1
	 10		  2	 249.639	 93	 26	  1
	 10		  3	 316.710	  0	 26	  1
	 10		  4	 337.742	  1	 28	  2
	 10		  5	 352.645	  0	 28	  2
	 10		  6	 335.396	  6	 28	  2
	 10		  7	 239.240	102	 28	  2
	 10		  8	 327.836	  4	 28	  3
	 10		  9	 342.978	  1	 28	  3
	 10		 10	 249.059	  0	 28	  3
	 10		 11	 310.307	  9	 28	  3
	 10		 12	 280.264	  0	 28	  4
	 10		 13	 277.509	  0	 30	  4
	 10		 14	 269.776	  0	 28	  4
	 10		 15	 336.811	  2	 28	  5
	 10		 16	 335.993	  2	 28	  5
	 10		 17	 291.775	 56	 28	  5
	 10		 18	 327.270	  0	 28	  5
	 10		 19	 333.735	  3	 28	  5
	 10		 20	 223.372	110	 28	  5
	 11		  1	 172.567	182	 26	  1
	 11		  2	 227.555	 93	 26	  1
	 11		  3	 305.488	  0	 28	  2
	 11		  4	 308.000	  0	 28	  2
	 11		  5	 241.371	  0	 28	  2
	 11		  6	 305.762	  7	 28	  3
	 11		  7	 283.414	  0	 28	  3
	 11		  8	 291.073	  7	 28	  3
	 11		  9	 259.740	  0	 28	  4
	 11		 10	 190.587	151	 28	  4
	 11		 11	 231.084	  0	 28	  4
	 11		 12	 278.492	 22	 28	  5
	 11		 13	 261.996	 21	 28	  5
	 11		 14	 268.600	 36	 28	  5
	 11		 15	 260.572	  0	 30	  6
	 11		 16	 268.658	  0	 30	  6
	 11		 17	 266.771	  0	 30	  6
	 11		 18	 249.085	  0	 30	  6
	 11		 19	 259.755	  0	 30	  6
	 11		 20	 257.313	  0	 31	  6
	 12		  1	 227.593	 48	 26	  1
	 12		  2	 193.326	114	 26	  1
	 12		  3	 286.203	  2	 28	  2
	 12		  4	 282.131	  3	 28	  2
	 12		  5	 251.598	  1	 28	  2
	 12		  6	 298.590	 10	 28	  3
	 12		  7	 307.368	  3	 28	  3
	 12		  8	 278.499	  3	 29	  3
	 12		  9	 217.528	  0	 28	  4
	 12		 10	 123.985	 49	 28	  4
	 12		 11	 153.980	 20	 28	  4
	 12		 12	 239.057	 15	 28	  5
	 12		 13	 174.938	  0	 30	  5
	 12		 14	 213.590	 62	 28	  5
	 12		 15	 233.665	  0	 30	  6
	 12		 16	 231.436	  0	 30	  6
	 12		 17	 233.199	  0	 30	  6
	 12		 18	 182.424	127	 30	  6
	 12		 19	 247.972	  0	 30	  6
	 12		 20	 224.471	  0	 30	  6
	 13		  1	 251.461	 94	 26	  1
	 13		  2	 235.481	 97	 27	  1
	 13		  3	 337.743	  2	 28	  2
	 13		  4	 278.504	  0	 28	  2
	 13		  5	 330.117	  5	 28	  2
	 13		  6	 335.968	  0	 28	  3
	 13		  7	 304.987	  0	 28	  3
	 13		  8	 313.812	  2	 28	  3
	 13		  9	 260.226	  3	 28	  4
	 13		 10	 267.582	  2	 28	  4
	 13		 11	 299.769	 25	 28	  5
	 13		 12	 256.179	106	 28	  5
	 13		 13	 283.260	  0	 30	  6
	 13		 14	 285.839	  0	 30	  6
	 13		 15	 190.789	  0	 30	  7
	 13		 16	 196.441	  0	 30	  7
	 13		 17	 198.656	  0	 30	  7
	 13		 18	 192.611	  0	 32	  7
	 13		 19	 183.469	  0	 30	  7
	 13		 20	 188.806	  0	 30	  7
	 14		  1	 225.612	116	 26	  1
	 14		  2	 302.360	  6	 26	  1
	 14		  3	 325.014	  2	 28	  2
	 14		  4	 309.329	  3	 28	  2
	 14		  5	 329.266	  8	 28	  3
	 14		  6	 327.598	  0	 28	  3
	 14		  7	 293.204	  0	 28	  3
	 14		  8	 273.279	  0	 28	  4
	 14		  9	 278.198	  4	 28	  4
	 14		 10	 261.769	 66	 28	  5
	 14		 11	 248.977	 25	 28	  5
	 14		 12	 288.764	  0	 30	  6
	 14		 13	 306.319	  0	 30	  6
	 14		 14	 222.812	  0	 30	  7
	 14		 15	 218.945	  0	 32	  8
	 14		 16	 219.222	  0	 32	  8
	 14		 17	 231.339	  0	 32	  8
	 14		 18	 212.786	  0	 32	  8
	 14		 19	  91.216	  0	 32	  8
	 14		 20	 160.847	  0	 32	  8
	 15		  1	 297.506	  3	 26	  1
	 15		  2	 216.763	  0	 26	  1
	 15		  3	 321.534	  1	 28	  2
	 15		  4	 324.488	 17	 29	  2
	 15		  5	 333.915	  2	 28	  3
	 15		  6	 304.354	  1	 28	  3
	 15		  7	 278.921	  9	 28	  4
	 15		  8	 235.019	 98	 28	  4
	 15		  9	 293.859	 15	 28	  5
	 15		 10	 291.066	 12	 28	  5
	 15		 11	 300.378	  3	 30	  6
	 15		 12	 199.241	  0	 30	  6
	 15		 13	 200.253	  0	 30	  7
	 15		 14	 204.162	  0	 30	  7
	 15		 15	 207.876	  0	 32	  8
	 15		 16	 283.787	 31	 32	  8
	 15		 17	 223.689	  0	 32	  8
	 15		 18	 225.665	  0	 32	  8
	 15		 19	 215.626	  0	 32	  8
	 15		 20	  87.904	  0	 32	  8
	 16		  1	 302.449	  1	 26	  1
	 16		  2	 242.160	100	 26	  1
	 16		  3	 296.630	 14	 26	  1
	 16		  4	 338.495	  9	 29	  2
	 16		  5	 335.526	  6	 29	  2
	 16		  6	 321.067	 32	 29	  2
	 16		  7	 338.588	  4	 29	  2
	 16		  8	 331.342	  3	 28	  3
	 16		  9	 349.990	  1	 28	  3
	 16		 10	 316.466	  5	 28	  3
	 16		 11	 274.511	  0	 28	  3
	 16		 12	 307.334	  0	 30	  6
	 16		 13	 257.806	 76	 30	  6
	 16		 14	 302.550	  6	 32	  6
	 16		 15	 300.233	  1	 30	  6
	 16		 16	 278.663	 34	 32	  7
	 16		 17	 237.514	  0	 33	  7
	 16		 18	 276.021	 79	 32	  7
	 16		 19	 252.274	  0	 32	  7
	 16		 20	 289.511	 12	 33	  7
	 17		  1	 293.506	  3	 26	  1
	 17		  2	 283.899	 15	 26	  1
	 17		  3	 315.982	 14	 29	  2
	 17		  4	 325.855	 14	 29	  2
	 17		  5	 317.157	 13	 29	  2
	 17		  6	 342.338	  5	 28	  3
	 17		  7	 319.125	  0	 28	  3
	 17		  8	 223.702	 16	 28	  3
	 17		  9	 292.925	  3	 30	  6
	 17		 10	 297.470	  6	 30	  6
	 17		 11	 292.014	  2	 30	  6
	 17		 12	 269.271	 23	 33	  7
	 17		 13	 242.650	 51	 33	  7
	 17		 14	 237.756	102	 33	  7
	 17		 15	 298.011	  3	 32	  9
	 17		 16	 233.100	155	 32	  9
	 17		 17	 295.973	  3	 32	  9
	 17		 18	 256.635	 48	 32	  9
	 17		 19	 309.516	  4	 32	  9
	 17		 20	 278.315	 46	 32	  9
	 18		  1	 329.421	 11	 29	  1
	 18		  2	 341.878	  8	 29	  1
	 18		  3	 323.972	  7	 29	  1
	 18		  4	 335.570	 15	 29	  2
	 18		  5	 327.295	 33	 29	  2
	 18		  6	 338.999	  6	 29	  2
	 18		  7	 332.229	  2	 28	  3
	 18		  8	 319.651	  0	 28	  3
	 18		  9	 338.454	  0	 28	  3
	 18		 10	 299.874	 13	 30	  6
	 18		 11	 293.190	  4	 30	  6
	 18		 12	 152.940	280	 30	  6
	 18		 13	 308.133	  3	 33	  7
	 18		 14	 277.269	 10	 33	  7
	 18		 15	 310.213	  6	 34	  7
	 18		 16	 316.815	 12	 32	  9
	 18		 17	 312.938	 16	 32	  9
	 18		 18	 313.891	  9	 32	  9
	 18		 19	 324.069	 11	 32	  9
	 18		 20	 305.084	 32	 32	  9
	 19		  1	 336.984	  4	 29	  1
	 19		  2	 336.810	  4	 29	  1
	 19		  3	 339.809	  9	 31	  1
	 19		  4	 266.578	  7	 28	  3
	 19		  5	 344.893	  6	 28	  3
	 19		  6	 277.511	  1	 28	  3
	 19		  7	 309.133	  1	 30	  6
	 19		  8	  81.111	365	 31	  6
	 19		  9	 300.328	  0	 31	  6
	 19		 10	 204.235	116	 34	  7
	 19		 11	 334.983	 38	 34	  7
	 19		 12	 191.869	 74	 35	  7
	 19		 13	 198.022	  6	 34	  7
	 19		 14	 308.693	 21	 32	  9
	 19		 15	 311.512	 53	 32	  9
	 19		 16	 280.196	 65	 32	  9
	 19		 17	 292.553	 37	 32	  9
	 19		 18	 147.824	  0	 32	  9
	 19		 19	 310.775	 49	 32	  9
	 19		 20	 291.158	 68	 32	  9
	 20		  1	 342.870	  8	 29	  1
	 20		  2	 348.838	  8	 29	  1
	 20		  3	 359.944	 16	 29	  1
	 20		  4	 321.676	  6	 28	  3
	 20		  5	 313.997	  6	 28	  3
	 20		  6	 302.369	  2	 28	  3
	 20		  7	 294.672	 18	 30	  6
	 20		  8	 253.230	 70	 30	  6
	 20		  9	 300.612	 64	 34	  7
	 20		 10	 295.184	 27	 34	  7
	 20		 11	 216.597	149	 34	  7
	 20		 12	 300.666	 36	 32	  9
	 20		 13	 157.679	136	 32	  9
	 20		 14	 342.766	  7	 31	 10
	 20		 15	 327.809	 17	 31	 10
	 20		 16	 341.931	  7	 31	 10
	 20		 17	 335.639	  4	 31	 10
	 20		 18	 347.311	  3	 31	 10
	 20		 19	 333.153	  7	 31	 10
	 20		 20	 341.852	  3	 31	 10
	 21		  1	 307.079	 26	 29	  1
	 21		  2	 297.106	 36	 29	  1
	 21		  3	 295.334	 40	 29	  1
	 21		  4	 324.275	  2	 28	  3
	 21		  5	 257.581	  3	 30	  3
	 21		  6	 282.490	  3	 28	  3
	 21		  7	 229.546	 28	 30	  6
	 21		  8	 235.079	 43	 31	  6
	 21		  9	 240.755	120	 34	  7
	 21		 10	 278.742	 38	 34	  7
	 21		 11	 280.909	 47	 34	  7
	 21		 12	 226.451	 72	 32	  9
	 21		 13	 214.999	110	 32	  9
	 21		 14	 246.229	103	 32	  9
	 21		 15	 307.659	  8	 31	 10
	 21		 16	 300.938	  6	 31	 10
	 21		 17	 282.861	 21	 31	 10
	 21		 18	 207.626	 16	 33	 10
	 21		 19	 296.176	  5	 31	 10
	 21		 20	 304.204	 10	 31	 10
	 22		  1	 322.883	 32	 29	  1
	 22		  2	 323.801	 39	 29	  1
	 22		  3	 323.715	  1	 28	  3
	 22		  4	 317.938	 10	 30	  3
	 22		  5	 246.086	 53	 31	  6
	 22		  6	 210.925	173	 31	  6
	 22		  7	 313.510	 39	 34	  7
	 22		  8	 330.859	 20	 34	  7
	 22		  9	 300.123	 51	 34	  7
	 22		 10	 339.656	 18	 31	 10
	 22		 11	 356.586	  5	 31	 10
	 22		 12	 357.651	 16	 31	 10
	 22		 13	 322.511	  3	 30	 11
	 22		 14	 314.592	  2	 30	 11
	 22		 15	 312.254	 12	 30	 11
	 22		 16	 288.539	 19	 33	 12
	 22		 17	 262.114	 16	 33	 12
	 22		 18	 330.918	 28	 33	 12
	 22		 19	 356.288	  0	 33	 12
	 22		 20	 314.380	 18	 35	 12
	 23		  1	 336.092	 35	 29	  1
	 23		  2	 349.142	 21	 29	  1
	 23		  3	 332.399	 11	 29	  1
	 23		  4	 316.640	  2	 28	  3
	 23		  5	 335.423	  1	 28	  3
	 23		  6	 352.001	  2	 28	  3
	 23		  7	 267.784	 10	 30	  6
	 23		  8	 299.465	 10	 30	  6
	 23		  9	 352.312	 22	 31	  7
	 23		 10	 365.578	 28	 31	  7
	 23		 11	 347.959	 20	 31	  7
	 23		 12	 295.566	 12	 30	 11
	 23		 13	 326.490	 22	 30	 11
	 23		 14	 315.696	  5	 30	 11
	 23		 15	 344.401	  2	 33	 12
	 23		 16	 335.882	 13	 33	 12
	 23		 17	 337.495	 19	 33	 12
	 23		 18	 350.265	  1	 33	 12
	 23		 19	 350.521	  3	 33	 12
	 23		 20	 340.323	 11	 33	 12
	 24		  1	 334.128	 27	 29	  1
	 24		  2	 346.253	 28	 29	  1
	 24		  3	 330.211	 30	 29	  1
	 24		  4	 313.599	  9	 28	  3
	 24		  5	 349.690	  0	 28	  3
	 24		  6	 240.733	  0	 28	  3
	 24		  7	 309.588	 47	 31	  6
	 24		  8	 333.584	 24	 31	  6
	 24		  9	 329.818	 48	 31	  6
	 24		 10	 336.278	  8	 30	 11
	 24		 11	 282.261	 20	 30	 11
	 24		 12	 333.388	 26	 30	 11
	 24		 13	 341.526	 15	 30	 11
	 24		 14	 307.405	 13	 33	 12
	 24		 15	 337.170	  6	 33	 12
	 24		 16	 320.692	  4	 33	 12
	 24		 17	 192.994	131	 33	 12
	 24		 18	 307.207	  5	 33	 12
	 24		 19	 304.227	 10	 33	 12
	 24		 20	 322.188	  9	 33	 12
	 25		  1	 368.141	 12	 29	  1
	 25		  2	 355.541	 16	 29	  1
	 25		  3	 351.100	 11	 29	  1
	 25		  4	 351.092	  4	 28	  3
	 25		  5	 246.381	 14	 28	  3
	 25		  6	 356.854	  1	 28	  3
	 25		  7	 358.954	 17	 31	  6
	 25		  8	 339.764	 24	 31	  6
	 25		  9	 360.082	 15	 31	  6
	 25		 10	 341.299	 22	 30	 11
	 25		 11	 360.234	  5	 30	 11
	 25		 12	 361.422	 23	 30	 11
	 25		 13	 353.257	 12	 30	 11
	 25		 14	 356.964	  7	 33	 12
	 25		 15	 392.894	  1	 34	 12
	 25		 16	 354.242	  2	 33	 12
	 25		 17	 361.540	  8	 33	 12
	 25		 18	 219.310	  8	 33	 12
	 25		 19	 375.559	  3	 33	 12
	 25		 20	 390.251	  6	 33	 12
	 26		  1	 341.408	 35	 29	  1
	 26		  2	 332.536	 28	 29	  1
	 26		  3	 329.303	 38	 29	  1
	 26		  4	 348.922	  4	 28	  3
	 26		  5	 346.679	  0	 28	  3
	 26		  6	 339.956	  5	 28	  3
	 26		  7	 338.388	 22	 31	  6
	 26		  8	 323.497	 48	 31	  6
	 26		  9	 326.714	 30	 31	  6
	 26		 10	 341.101	 28	 30	 11
	 26		 11	 304.061	 57	 30	 11
	 26		 12	 322.621	 20	 30	 11
	 26		 13	 346.744	 20	 30	 11
	 26		 14	 366.287	 13	 34	 12
	 26		 15	 374.116	  7	 34	 12
	 26		 16	 363.178	  4	 34	 12
	 26		 17	 364.048	 12	 34	 12
	 26		 18	 352.979	 20	 34	 12
	 26		 19	 358.883	 17	 34	 12
	 26		 20	 363.057	 15	 34	 12
	 27		  1	 319.874	 32	 29	  1
	 27		  2	 327.312	 19	 29	  1
	 27		  3	 307.296	 54	 29	  1
	 27		  4	 328.741	  3	 28	  3
	 27		  5	 333.319	  5	 28	  3
	 27		  6	 352.983	  0	 30	  3
	 27		  7	 328.050	 24	 31	  6
	 27		  8	 337.330	 12	 31	  6
	 27		  9	 336.557	  6	 31	  6
	 27		 10	 339.339	 41	 30	 11
	 27		 11	 340.792	 28	 30	 11
	 27		 12	 338.374	 39	 30	 11
	 27		 13	 327.873	 25	 30	 11
	 27		 14	 373.727	  7	 34	 12
	 27		 15	 367.496	  3	 34	 12
	 27		 16	 345.544	 10	 34	 12
	 27		 17	 365.640	  7	 34	 12
	 27		 18	 366.412	  4	 34	 12
	 27		 19	 372.712	  7	 34	 12
	 27		 20	 366.093	  3	 34	 12
	 28		  1	 296.740	 88	 29	  1
	 28		  2	 344.092	 46	 31	  1
	 28		  3	 300.297	 84	 29	  1
	 28		  4	 335.294	  0	 30	  3
	 28		  5	 238.251	  0	 30	  3
	 28		  6	 318.109	  0	 30	  3
	 28		  7	 331.741	 33	 31	  6
	 28		  8	 338.272	 24	 31	  6
	 28		  9	 352.449	 41	 31	  6
	 28		 10	 356.516	 14	 30	 11
	 28		 11	 329.629	 25	 30	 11
	 28		 12	 348.530	 33	 30	 11
	 28		 13	 323.355	 19	 30	 11
	 28		 14	 365.718	 11	 34	 12
	 28		 15	 365.535	  7	 35	 12
	 28		 16	 356.803	 14	 34	 12
	 28		 17	 373.080	  5	 34	 12
	 28		 18	 344.934	 24	 34	 12
	 28		 19	 357.395	 12	 35	 12
	 28		 20	 365.259	  7	 34	 12
	 29		  1	 273.124	 72	 29	  1
	 29		  2	 305.499	 55	 29	  1
	 29		  3	 264.365	105	 29	  1
	 29		  4	 322.976	  0	 30	  3
	 29		  5	 333.427	  0	 30	  3
	 29		  6	 323.517	  0	 30	  3
	 29		  7	 320.006	 66	 31	  6
	 29		  8	 316.342	 55	 31	  6
	 29		  9	 322.311	 49	 31	  6
	 29		 10	 340.533	 21	 30	 11
	 29		 11	 315.819	 11	 30	 11
	 29		 12	 325.753	 18	 30	 11
	 29		 13	 316.110	 41	 30	 11
	 29		 14	 361.909	  5	 34	 12
	 29		 15	 366.316	  9	 34	 12
	 29		 16	 361.239	 12	 34	 12
	 29		 17	 352.693	  9	 34	 12
	 29		 18	 339.416	 17	 34	 12
	 29		 19	 357.738	  3	 34	 12
	 29		 20	 372.119	  3	 34	 12
	 30		  1	 230.867	191	 29	  1
	 30		  2	 227.082	185	 29	  1
	 30		  3	 236.908	170	 29	  1
	 30		  4	 333.513	  0	 30	  3
	 30		  5	 281.270	  1	 30	  3
	 30		  6	 334.705	  6	 30	  3
	 30		  7	 310.225	 63	 31	  6
	 30		  8	 336.721	 45	 31	  6
	 30		  9	 293.343	 83	 31	  6
	 30		 10	 331.361	 24	 30	 11
	 30		 11	 330.726	 14	 30	 11
	 30		 12	 261.124	 24	 30	 11
	 30		 13	 330.960	 35	 30	 11
	 30		 14	 366.497	  7	 34	 12
	 30		 15	 356.230	 15	 34	 12
	 30		 16	 383.179	  5	 34	 12
	 30		 17	 383.295	  3	 34	 12
	 30		 18	 363.042	 13	 34	 12
	 30		 19	 381.656	  6	 34	 12
	 30		 20	 376.914	  2	 34	 12
	 31		  1	 294.414	 88	 29	  1
	 31		  2	 281.118	 67	 29	  1
	 31		  3	 347.282	  1	 30	  3
	 31		  4	 312.497	  0	 31	  3
	 31		  5	 350.634	  0	 30	  3
	 31		  6	 323.690	 53	 31	  6
	 31		  7	 307.021	 87	 31	  6
	 31		  8	 308.249	 78	 31	  6
	 31		  9	 338.892	 30	 30	 11
	 31		 10	 330.995	 13	 30	 11
	 31		 11	 359.318	 18	 30	 11
	 31		 12	 318.410	 45	 30	 11
	 31		 13	 375.556	  3	 34	 12
	 31		 14	 380.853	  8	 34	 12
	 31		 15	 357.068	 20	 34	 12
	 31		 16	 377.766	  3	 34	 12
	 31		 17	 376.879	  4	 34	 12
	 31		 18	 373.372	  7	 34	 12
	 31		 19	 379.929	  1	 34	 12
	 31		 20	 395.135	  1	 34	 12
	 32		  1	 287.786	 54	 29	  1
	 32		  2	 270.406	127	 29	  1
	 32		  3	 284.154	 81	 29	  1
	 32		  4	 360.114	  0	 30	  3
	 32		  5	 280.015	  0	 30	  3
	 32		  6	 299.295	  0	 30	  3
	 32		  7	 355.189	  3	 31	  3
	 32		  8	 343.639	 37	 31	  6
	 32		  9	 351.944	 38	 31	  6
	 32		 10	 336.916	 26	 31	  6
	 32		 11	 350.437	 11	 30	 11
	 32		 12	 360.870	  5	 30	 11
	 32		 13	 343.041	 10	 30	 11
	 32		 14	 347.684	 14	 30	 11
	 32		 15	 346.945	  3	 34	 12
	 32		 16	 376.008	  5	 34	 12
	 32		 17	 323.729	 21	 34	 12
	 32		 18	 366.743	  7	 34	 12
	 32		 19	 354.628	  0	 34	 12
	 32		 20	 342.565	  6	 36	 12
	 33		  1	 284.900	113	 29	  1
	 33		  2	 228.797	183	 29	  1
	 33		  3	 319.196	 47	 29	  1
	 33		  4	 314.908	 62	 29	  1
	 33		  5	 305.114	 46	 30	  3
	 33		  6	 340.574	 22	 30	  3
	 33		  7	 359.761	 12	 31	  3
	 33		  8	 305.983	 29	 30	  3
	 33		  9	 350.988	 15	 30	  3
	 33		 10	 309.641	 58	 31	  6
	 33		 11	 345.011	 35	 31	  6
	 33		 12	 292.682	 73	 31	  6
	 33		 13	 308.375	 59	 31	  6
	 33		 14	 323.999	 47	 31	  6
	 33		 15	 345.512	 15	 34	 12
	 33		 16	 360.294	 13	 34	 12
	 33		 17	 364.816	  1	 34	 12
	 33		 18	 338.597	 35	 34	 12
	 33		 19	 347.238	 17	 34	 12
	 33		 20	 370.001	  2	 34	 12
	 34		  1	 318.923	 42	 29	  1
	 34		  2	 100.075	132	 29	  1
	 34		  3	 330.647	 42	 29	  1
	 34		  4	 346.955	 36	 29	  1
	 34		  5	 367.387	  5	 31	  3
	 34		  6	 345.620	  4	 31	  3
	 34		  7	 348.843	 15	 31	  3
	 34		  8	 349.628	  9	 31	  3
	 34		  9	 322.941	 11	 31	  3
	 34		 10	 316.169	 37	 31	  6
	 34		 11	 329.338	 22	 31	  6
	 34		 12	 324.423	 40	 31	  6
	 34		 13	 324.486	 34	 31	  6
	 34		 14	 346.360	 16	 34	 12
	 34		 15	 365.997	  5	 34	 12
	 34		 16	 344.769	 15	 34	 12
	 34		 17	 334.526	 10	 34	 12
	 34		 18	 336.385	 18	 34	 12
	 34		 19	 341.321	  8	 34	 12
	 34		 20	 390.311	  0	 35	 12
	 35		  1	 288.925	104	 29	  1
	 35		  2	 310.913	 54	 29	  1
	 35		  3	 280.861	 98	 29	  1
	 35		  4	 284.382	 96	 29	  1
	 35		  5	 346.432	 16	 31	  3
	 35		  6	 342.016	 17	 31	  3
	 35		  7	 300.586	 71	 31	  3
	 35		  8	 293.828	 90	 31	  3
	 35		  9	 335.792	  9	 31	  3
	 35		 10	 315.058	 40	 31	  6
	 35		 11	 283.995	 90	 31	  6
	 35		 12	 234.628	 54	 31	  6
	 35		 13	 291.208	 72	 31	  6
	 35		 14	 375.214	  2	 35	 12
	 35		 15	 322.907	  0	 35	 12
	 35		 16	 362.320	 11	 35	 12
	 35		 17	 367.061	  3	 35	 12
	 35		 18	 330.745	  1	 35	 12
	 35		 19	 377.055	  6	 35	 12
	 35		 20	 376.050	  0	 35	 12
	 36		  1	 261.887	108	 29	  1
	 36		  2	  91.501	305	 29	  1
	 36		  3	 207.488	184	 29	  1
	 36		  4	 231.349	176	 29	  1
	 36		  5	 338.504	 13	 31	  3
	 36		  6	 285.643	100	 31	  3
	 36		  7	 340.052	 18	 31	  3
	 36		  8	 347.642	 16	 31	  3
	 36		  9	 292.152	 82	 31	  3
	 36		 10	 296.790	 56	 31	  6
	 36		 11	 326.994	 41	 31	  6
	 36		 12	 338.949	 44	 31	  6
	 36		 13	 323.365	 36	 31	  6
	 36		 14	 366.445	 14	 35	 12
	 36		 15	 347.862	 19	 35	 12
	 36		 16	 368.695	  4	 35	 12
	 36		 17	 350.112	 14	 35	 12
	 36		 18	 361.326	  8	 35	 12
	 36		 19	 351.196	  2	 35	 12
	 36		 20	 307.294	 48	 35	 12
	 37		  1	 294.197	 80	 29	  1
	 37		  2	 218.095	197	 29	  1
	 37		  3	 265.586	127	 29	  1
	 37		  4	 361.701	  9	 31	  3
	 37		  5	 350.510	  8	 31	  3
	 37		  6	 356.309	 11	 31	  3
	 37		  7	 327.472	 16	 31	  3
	 37		  8	 328.835	 40	 31	  3
	 37		  9	 357.125	 29	 31	  6
	 37		 10	 358.140	 29	 31	  6
	 37		 11	 283.016	106	 31	  6
	 37		 12	 290.917	110	 31	  6
	 37		 13	 317.756	 41	 31	  6
	 37		 14	 366.859	  8	 35	 12
	 37		 15	 364.315	  6	 35	 12
	 37		 16	 356.440	  8	 35	 12
	 37		 17	 365.821	  6	 35	 12
	 37		 18	 366.007	  6	 36	 12
	 37		 19	 357.115	 13	 35	 12
	 37		 20	 357.730	  5	 35	 12
	 38		  1	 316.374	 56	 29	  1
	 38		  2	 315.846	 61	 29	  1
	 38		  3	 316.137	 57	 29	  1
	 38		  4	 292.278	 34	 29	  1
	 38		  5	 317.952	 22	 31	  3
	 38		  6	 313.427	 13	 31	  3
	 38		  7	 337.255	 16	 31	  3
	 38		  8	 284.392	 40	 31	  3
	 38		  9	 250.369	103	 31	  3
	 38		 10	 318.800	 42	 31	  6
	 38		 11	 308.935	 60	 31	  6
	 38		 12	 271.235	129	 31	  6
	 38		 13	 245.305	160	 31	  6
	 38		 14	 380.362	  2	 35	 12
	 38		 15	 363.029	  9	 36	 12
	 38		 16	 372.731	  2	 35	 12
	 38		 17	 364.427	  0	 35	 12
	 38		 18	 371.124	  3	 36	 12
	 38		 19	 375.364	  9	 35	 12
	 38		 20	 370.445	  0	 35	 12
	 39		  1	 269.182	128	 29	  1
	 39		  2	 246.624	140	 29	  1
	 39		  3	 330.555	 28	 29	  1
	 39		  4	 321.210	 48	 29	  1
	 39		  5	 333.577	 17	 31	  3
	 39		  6	 230.168	 14	 31	  3
	 39		  7	 253.344	 16	 31	  3
	 39		  8	 303.511	 66	 31	  3
	 39		  9	 348.225	 32	 31	  6
	 39		 10	 331.291	 40	 31	  6
	 39		 11	 288.132	 72	 31	  6
	 39		 12	 166.705	 85	 31	  6
	 39		 13	 360.176	  6	 35	 12
	 39		 14	 323.564	 52	 35	 12
	 39		 15	 307.145	 51	 35	 12
	 39		 16	 363.841	  0	 35	 12
	 39		 17	 363.513	  0	 35	 12
	 39		 18	 339.250	  7	 35	 12
	 39		 19	 323.950	 17	 35	 12
	 39		 20	 339.988	  9	 35	 12
	 40		  1	 342.695	 36	 29	  1
	 40		  2	 325.320	 20	 29	  1
	 40		  3	 355.881	 24	 29	  1
	 40		  4	 336.861	  9	 29	  1
	 40		  5	 320.866	 25	 29	  1
	 40		  6	 340.392	 33	 29	  1
	 40		  7	 352.241	 11	 31	  3
	 40		  8	 249.751	  5	 33	  3
	 40		  9	 353.340	 10	 31	  3
	 40		 10	 346.815	  8	 31	  3
	 40		 11	 339.609	 22	 31	  3
	 40		 12	 330.069	 33	 31	  3
	 40		 13	 340.560	  0	 35	 12
	 40		 14	 312.515	  2	 37	 12
	 40		 15	 336.968	  3	 35	 12
	 40		 16	 365.390	  2	 35	 12
	 40		 17	 255.147	  0	 35	 12
	 40		 18	 335.188	  0	 37	 12
	 40		 19	 336.846	  0	 35	 12
	 40		 20	 311.624	 67	 35	 12
	 41		  1	 343.327	 23	 29	  1
	 41		  2	 354.412	  8	 29	  1
	 41		  3	 347.755	 23	 29	  1
	 41		  4	 346.630	  8	 31	  3
	 41		  5	 341.582	  5	 31	  3
	 41		  6	 329.372	  0	 31	  3
	 41		  7	 369.993	  2	 35	 12
	 41		  8	 388.680	  0	 35	 12
	 41		  9	 395.208	  0	 35	 12
	 41		 10	 270.087	  8	 33	 13
	 41		 11	 289.743	  2	 35	 13
	 41		 12	 346.131	  0	 37	 14
	 41		 13	 361.952	  0	 37	 14
	 41		 14	 338.939	  0	 37	 14
	 41		 15	 355.781	  0	 37	 15
	 41		 16	 282.082	  0	 37	 15
	 41		 17	 329.327	  0	 37	 15
	 41		 18	 365.764	  0	 37	 15
	 41		 19	 369.297	  0	 37	 15
	 41		 20	 363.495	  0	 37	 15
	 42		  1	 341.119	  8	 29	  1
	 42		  2	 347.487	  5	 31	  1
	 42		  3	 302.464	 47	 30	  1
	 42		  4	 297.808	 84	 31	  3
	 42		  5	 332.733	  1	 31	  3
	 42		  6	 322.525	  0	 31	  3
	 42		  7	 367.829	  1	 35	 12
	 42		  8	 305.567	 46	 35	 12
	 42		  9	 363.468	  1	 35	 12
	 42		 10	 366.642	  5	 35	 12
	 42		 11	 257.362	 10	 35	 13
	 42		 12	 231.559	  7	 35	 13
	 42		 13	 200.381	 58	 35	 13
	 42		 14	 359.033	  0	 37	 15
	 42		 15	 354.940	  0	 37	 15
	 42		 16	 359.304	  0	 37	 15
	 42		 17	 338.538	 24	 37	 15
	 42		 18	 329.001	 17	 39	 15
	 42		 19	 348.848	  0	 37	 15
	 42		 20	 357.938	  0	 37	 15
	 43		  1	 302.501	 11	 31	  3
	 43		  2	 343.738	  9	 32	  3
	 43		  3	 182.607	  3	 31	  3
	 43		  4	 280.815	 26	 31	  3
	 43		  5	 351.464	  1	 35	 12
	 43		  6	 336.197	  4	 35	 12
	 43		  7	 347.276	  8	 35	 12
	 43		  8	 366.601	  5	 35	 12
	 43		  9	 373.204	  2	 35	 12
	 43		 10	 268.203	 19	 35	 13
	 43		 11	 263.283	 12	 35	 13
	 43		 12	 298.355	 18	 35	 13
	 43		 13	 280.052	 95	 35	 13
	 43		 14	 317.513	 18	 37	 15
	 43		 15	 298.828	  0	 37	 15
	 43		 16	 168.277	  0	 37	 15
	 43		 17	 210.922	  0	 37	 15
	 43		 18	 335.485	  0	 37	 15
	 43		 19	 268.310	  0	 37	 15
	 43		 20	 276.855	  0	 37	 15
	 44		  1	 338.309	 20	 32	  3
	 44		  2	 332.551	 17	 32	  3
	 44		  3	 320.244	 11	 32	  3
	 44		  4	 318.450	 32	 32	  3
	 44		  5	 382.954	  2	 35	 12
	 44		  6	 381.759	  2	 35	 12
	 44		  7	 400.493	  1	 35	 12
	 44		  8	 355.751	  3	 35	 12
	 44		  9	 391.795	  1	 35	 12
	 44		 10	 311.177	  0	 35	 13
	 44		 11	 286.746	 12	 35	 13
	 44		 12	 305.363	  7	 35	 13
	 44		 13	 316.308	  5	 35	 13
	 44		 14	 205.543	 24	 35	 13
	 44		 15	 325.703	  4	 37	 15
	 44		 16	 290.865	  4	 37	 15
	 44		 17	 334.745	  5	 39	 15
	 44		 18	 327.273	  8	 37	 15
	 44		 19	 326.903	  9	 37	 15
	 44		 20	 336.718	  3	 37	 15
	 45		  1	 334.080	 19	 32	  3
	 45		  2	 284.683	 11	 32	  3
	 45		  3	 325.826	 10	 32	  3
	 45		  4	 369.689	  0	 35	 12
	 45		  5	 372.763	  3	 35	 12
	 45		  6	 357.275	  0	 35	 12
	 45		  7	 394.265	  1	 36	 12
	 45		  8	 342.821	  1	 35	 13
	 45		  9	 343.722	  0	 35	 13
	 45		 10	 312.359	  0	 36	 13
	 45		 11	 344.775	  0	 37	 15
	 45		 12	 327.884	  2	 37	 15
	 45		 13	 143.236	  0	 37	 15
	 45		 14	 348.102	  0	 37	 15
	 45		 15	 358.085	  0	 39	 16
	 45		 16	 325.419	  1	 39	 16
	 45		 17	 340.688	  0	 40	 16
	 45		 18	 239.557	  0	 41	 16
	 45		 19	 296.426	  4	 39	 16
	 45		 20	 208.941	  0	 39	 16
	 46		  1	 332.212	 24	 32	  3
	 46		  2	 335.240	  9	 32	  3
	 46		  3	 235.700	  5	 32	  3
	 46		  4	 374.838	  0	 36	 12
	 46		  5	 369.254	  0	 36	 12
	 46		  6	 379.877	  0	 36	 12
	 46		  7	 371.663	  0	 36	 12
	 46		  8	 345.516	  0	 35	 13
	 46		  9	 337.524	  0	 35	 13
	 46		 10	 335.771	  0	 35	 13
	 46		 11	 316.224	  0	 35	 13
	 46		 12	 355.287	  0	 37	 15
	 46		 13	 339.874	  0	 37	 15
	 46		 14	 322.446	  1	 37	 15
	 46		 15	 365.506	  0	 39	 16
	 46		 16	 153.076	  0	 39	 16
	 46		 17	 364.515	  0	 39	 16
	 46		 18	 228.033	  0	 39	 16
	 46		 19	 207.719	  0	 39	 16
	 46		 20	 326.817	 19	 39	 16
	 47		  1	 340.451	 11	 32	  3
	 47		  2	 345.364	  7	 32	  3
	 47		  3	 206.001	142	 32	  3
	 47		  4	 391.308	  1	 36	 12
	 47		  5	 380.886	  0	 36	 12
	 47		  6	 358.898	  1	 36	 12
	 47		  7	 385.076	  0	 36	 12
	 47		  8	 329.206	  1	 35	 13
	 47		  9	 326.168	  5	 35	 13
	 47		 10	 303.337	  4	 35	 13
	 47		 11	 250.538	 24	 35	 13
	 47		 12	 354.642	  0	 37	 15
	 47		 13	 184.365	  0	 37	 15
	 47		 14	 375.652	  1	 37	 15
	 47		 15	 368.080	  0	 37	 15
	 47		 16	 363.913	  3	 39	 16
	 47		 17	 361.848	  0	 39	 16
	 47		 18	 334.398	  0	 39	 16
	 47		 19	 353.246	  3	 39	 16
	 47		 20	 340.494	 18	 39	 16
	 48		  1	 280.014	 92	 32	  3
	 48		  2	 306.405	 51	 32	  3
	 48		  3	 333.814	  0	 32	  3
	 48		  4	 392.853	  0	 36	 12
	 48		  5	 399.277	  0	 36	 12
	 48		  6	 391.300	  0	 36	 12
	 48		  7	 394.830	  1	 36	 12
	 48		  8	 360.734	  0	 35	 13
	 48		  9	 349.657	  0	 35	 13
	 48		 10	 327.602	 10	 35	 13
	 48		 11	 379.802	  0	 37	 15
	 48		 12	 364.556	  0	 37	 15
	 48		 13	 378.576	  1	 37	 15
	 48		 14	 297.658	  7	 37	 15
	 48		 15	 374.539	  0	 39	 16
	 48		 16	 378.435	  0	 39	 16
	 48		 17	 360.002	  2	 39	 16
	 48		 18	 370.289	  0	 39	 16
	 48		 19	 225.159	  0	 40	 16
	 48		 20	 254.772	  0	 39	 16
	 49		  1	 312.259	  4	 32	  3
	 49		  2	 282.507	  4	 32	  3
	 49		  3	 298.589	  0	 32	  3
	 49		  4	 389.880	  3	 36	 12
	 49		  5	 386.972	  0	 36	 12
	 49		  6	 370.176	  1	 36	 12
	 49		  7	 363.780	  1	 36	 12
	 49		  8	 346.514	  3	 35	 13
	 49		  9	 244.727	  0	 35	 13
	 49		 10	 351.306	  3	 35	 13
	 49		 11	 340.101	  0	 35	 13
	 49		 12	 358.382	  3	 37	 15
	 49		 13	 369.270	  0	 37	 15
	 49		 14	 366.628	  4	 37	 15
	 49		 15	 361.748	  6	 37	 15
	 49		 16	 370.521	 10	 39	 16
	 49		 17	 135.656	239	 39	 16
	 49		 18	 262.559	 38	 39	 16
	 49		 19	 347.694	 15	 39	 16
	 49		 20	 218.020	109	 39	 16
	 50		  1	 335.443	  0	 32	  3
	 50		  2	 321.427	  0	 32	  3
	 50		  3	 346.151	  0	 32	  3
	 50		  4	 391.189	  1	 36	 12
	 50		  5	 371.109	  0	 36	 12
	 50		  6	 378.362	  2	 36	 12
	 50		  7	 385.678	  0	 36	 12
	 50		  8	 384.117	  0	 35	 13
	 50		  9	 350.287	  0	 35	 13
	 50		 10	 331.726	  0	 35	 13
	 50		 11	 382.525	  1	 35	 13
	 50		 12	 353.211	  1	 37	 15
	 50		 13	 317.210	  0	 37	 15
	 50		 14	 365.555	  0	 37	 15
	 50		 15	 365.829	  0	 37	 15
	 50		 16	 343.955	  8	 39	 16
	 50		 17	 253.287	103	 39	 16
	 50		 18	 359.802	  1	 39	 16
	 50		 19	 344.689	  0	 39	 16
	 50		 20	 335.018	  5	 39	 16
	 51		  1	 396.126	  0	 36	 12
	 51		  2	 368.092	  0	 36	 12
	 51		  3	 380.090	  0	 36	 12
	 51		  4	 408.386	  0	 36	 12
	 51		  5	 378.344	  0	 36	 12
	 51		  6	 370.392	  2	 35	 13
	 51		  7	 365.266	  1	 35	 13
	 51		  8	 372.002	  4	 35	 13
	 51		  9	 357.261	  1	 35	 13
	 51		 10	 374.421	  0	 37	 15
	 51		 11	 375.199	  4	 37	 15
	 51		 12	 368.148	  0	 37	 15
	 51		 13	 362.356	  0	 37	 15
	 51		 14	 375.610	  0	 39	 16
	 51		 15	 349.478	  0	 39	 16
	 51		 16	 350.681	  1	 39	 16
	 51		 17	 349.260	  1	 39	 16
	 51		 18	 370.551	  0	 39	 16
	 51		 19	 336.750	  0	 39	 16
	 51		 20	 354.752	  2	 39	 16
	 52		  1	 370.916	  1	 36	 12
	 52		  2	 384.600	  2	 36	 12
	 52		  3	 376.944	  4	 36	 12
	 52		  4	 346.216	  0	 36	 12
	 52		  5	 349.061	  4	 35	 13
	 52		  6	 324.487	 24	 35	 13
	 52		  7	 328.485	 11	 35	 13
	 52		  8	 335.369	 13	 35	 13
	 52		  9	 344.272	  3	 37	 15
	 52		 10	 317.211	  0	 37	 15
	 52		 11	 354.735	  2	 37	 15
	 52		 12	 344.463	  1	 37	 15
	 52		 13	 363.079	  0	 39	 16
	 52		 14	 318.472	  0	 39	 16
	 52		 15	 344.840	  0	 39	 16
	 52		 16	 320.254	  0	 39	 16
	 52		 17	 357.558	  0	 39	 16
	 52		 18	 352.890	  0	 39	 16
	 52		 19	 367.141	  0	 39	 16
	 52		 20	 356.448	  0	 39	 16
	 53		  1	 354.829	  0	 36	 12
	 53		  2	 328.190	  0	 36	 12
	 53		  3	 364.199	  1	 36	 12
	 53		  4	 375.803	  0	 36	 12
	 53		  5	 381.928	  2	 36	 12
	 53		  6	 356.074	  3	 35	 13
	 53		  7	 275.440	102	 37	 13
	 53		  8	 350.038	  6	 35	 13
	 53		  9	 358.566	  0	 35	 13
	 53		 10	 330.630	 21	 37	 15
	 53		 11	 332.135	  0	 37	 15
	 53		 12	 359.050	  0	 37	 15
	 53		 13	 328.223	  2	 37	 15
	 53		 14	 351.769	  0	 39	 16
	 53		 15	 284.603	  0	 39	 16
	 53		 16	 354.624	  0	 39	 16
	 53		 17	 312.767	  0	 39	 16
	 53		 18	 359.999	  0	 39	 16
	 53		 19	 362.497	  0	 39	 16
	 53		 20	 323.537	  0	 39	 16
	 54		  1	 378.341	  1	 36	 12
	 54		  2	 372.385	  1	 36	 12
	 54		  3	 398.029	  0	 36	 12
	 54		  4	 366.626	  0	 36	 12
	 54		  5	 351.836	  0	 35	 13
	 54		  6	 291.503	  0	 35	 13
	 54		  7	 365.511	  1	 35	 13
	 54		  8	 347.260	  0	 37	 15
	 54		  9	 370.226	  3	 37	 15
	 54		 10	 274.493	  0	 37	 15
	 54		 11	 365.662	  0	 39	 16
	 54		 12	 326.658	  1	 39	 16
	 54		 13	 248.382	  0	 40	 16
	 54		 14	 303.210	  0	 39	 16
	 54		 15	 317.279	 16	 37	 17
	 54		 16	 335.764	  7	 37	 17
	 54		 17	 291.602	 10	 37	 17
	 54		 18	 343.666	 12	 37	 17
	 54		 19	 323.456	 29	 37	 17
	 54		 20	 332.764	 13	 37	 17
	 55		  1	 377.447	  2	 36	 12
	 55		  2	 376.541	  0	 36	 12
	 55		  3	 372.773	  2	 36	 12
	 55		  4	 394.571	  1	 36	 12
	 55		  5	 360.426	  2	 35	 13
	 55		  6	 340.096	  7	 35	 13
	 55		  7	 353.905	  0	 35	 13
	 55		  8	 344.068	  0	 37	 15
	 55		  9	 349.589	  0	 37	 15
	 55		 10	 313.430	  0	 37	 15
	 55		 11	 351.932	  0	 39	 16
	 55		 12	 327.463	  9	 39	 16
	 55		 13	 357.688	  1	 39	 16
	 55		 14	 287.501	 77	 37	 17
	 55		 15	 254.337	 66	 37	 17
	 55		 16	 294.547	 36	 37	 17
	 55		 17	 348.595	  8	 37	 17
	 55		 18	 348.637	  4	 37	 17
	 55		 19	 315.987	 37	 37	 17
	 55		 20	 245.047	100	 37	 17
	 56		  1	 387.464	  0	 36	 12
	 56		  2	 398.812	  1	 36	 12
	 56		  3	 393.981	  0	 36	 12
	 56		  4	 379.766	  1	 36	 12
	 56		  5	 376.225	  0	 35	 13
	 56		  6	 371.024	  1	 35	 13
	 56		  7	 358.156	  0	 35	 13
	 56		  8	 375.889	  0	 37	 15
	 56		  9	 352.768	  0	 37	 15
	 56		 10	 367.679	  1	 38	 15
	 56		 11	 364.759	  0	 39	 16
	 56		 12	 357.111	  0	 39	 16
	 56		 13	 365.860	  1	 39	 16
	 56		 14	 370.573	  0	 37	 17
	 56		 15	 372.494	  3	 37	 17
	 56		 16	 370.699	  1	 37	 17
	 56		 17	 376.845	  0	 37	 17
	 56		 18	 303.793	  0	 37	 17
	 56		 19	 330.416	 10	 37	 17
	 56		 20	 366.736	  0	 37	 17
	 57		  1	 391.944	  3	 36	 12
	 57		  2	 376.029	  2	 36	 12
	 57		  3	 399.207	  1	 36	 12
	 57		  4	 388.308	  1	 36	 12
	 57		  5	 342.194	  0	 35	 13
	 57		  6	 337.286	  1	 35	 13
	 57		  7	 332.268	  0	 35	 13
	 57		  8	 296.911	 93	 37	 15
	 57		  9	 306.266	 90	 37	 15
	 57		 10	 285.669	  1	 37	 15
	 57		 11	 357.612	  4	 39	 16
	 57		 12	 349.121	  1	 39	 16
	 57		 13	 287.905	  1	 39	 16
	 57		 14	 336.229	  8	 37	 17
	 57		 15	 350.190	  5	 37	 17
	 57		 16	 348.744	  1	 37	 17
	 57		 17	 348.357	  4	 37	 17
	 57		 18	 298.034	 28	 39	 17
	 57		 19	 335.040	  0	 37	 17
	 57		 20	 346.218	  0	 37	 17
	 58		  1	 307.873	 10	 36	 12
	 58		  2	 374.950	  4	 36	 12
	 58		  3	 375.221	  3	 36	 12
	 58		  4	 341.144	  0	 35	 13
	 58		  5	 338.871	  1	 35	 13
	 58		  6	 329.295	  0	 36	 13
	 58		  7	 358.740	  0	 37	 15
	 58		  8	 349.050	  2	 37	 15
	 58		  9	 292.560	 83	 39	 16
	 58		 10	 362.954	  0	 39	 16
	 58		 11	 351.161	  1	 39	 16
	 58		 12	 322.551	 13	 37	 17
	 58		 13	 320.942	 16	 37	 17
	 58		 14	 312.286	 26	 37	 17
	 58		 15	 301.265	 21	 39	 18
	 58		 16	 268.612	 45	 39	 18
	 58		 17	 314.939	  9	 39	 18
	 58		 18	 314.509	 10	 39	 18
	 58		 19	 309.738	  2	 39	 18
	 58		 20	 302.246	 31	 39	 18
	 59		  1	 404.399	  1	 36	 12
	 59		  2	 403.628	  0	 36	 12
	 59		  3	 385.553	 10	 36	 12
	 59		  4	 375.480	  0	 35	 13
	 59		  5	 345.246	 41	 35	 13
	 59		  6	 376.329	  0	 35	 13
	 59		  7	 355.434	  1	 37	 15
	 59		  8	 216.425	  0	 37	 15
	 59		  9	 372.094	  0	 37	 15
	 59		 10	 380.209	  0	 39	 16
	 59		 11	 374.494	  0	 39	 16
	 59		 12	 354.606	  0	 39	 16
	 59		 13	 365.844	 15	 37	 17
	 59		 14	 307.068	 96	 37	 17
	 59		 15	 263.217	  0	 37	 17
	 59		 16	 346.065	 11	 39	 18
	 59		 17	 338.717	 22	 39	 18
	 59		 18	 341.086	  3	 39	 18
	 59		 19	 320.614	 12	 39	 18
	 59		 20	 355.641	  3	 39	 18
	 60		  1	 391.815	  0	 36	 12
	 60		  2	 368.438	  6	 36	 12
	 60		  3	 384.822	  1	 36	 12
	 60		  4	 341.783	  0	 35	 13
	 60		  5	 343.290	  0	 35	 13
	 60		  6	 337.306	  2	 35	 13
	 60		  7	 340.370	  4	 37	 15
	 60		  8	 340.763	  4	 37	 15
	 60		  9	 361.468	  0	 39	 16
	 60		 10	 356.939	  0	 39	 16
	 60		 11	 351.324	  2	 39	 16
	 60		 12	 335.438	 11	 37	 17
	 60		 13	 311.000	 54	 37	 17
	 60		 14	 334.620	 26	 38	 17
	 60		 15	 303.253	 10	 39	 18
	 60		 16	 335.801	  1	 39	 18
	 60		 17	 333.407	  0	 39	 18
	 60		 18	 314.097	  8	 39	 18
	 60		 19	 327.854	  2	 39	 18
	 60		 20	 324.106	 12	 39	 18
	 61		  1	 405.921	  0	 36	 12
	 61		  2	 386.015	  0	 36	 12
	 61		  3	 399.825	  0	 36	 12
	 61		  4	 341.854	  5	 35	 13
	 61		  5	 355.810	 21	 35	 13
	 61		  6	 293.104	  1	 35	 13
	 61		  7	 366.964	  0	 37	 15
	 61		  8	 345.208	  0	 37	 15
	 61		  9	 368.931	  0	 37	 15
	 61		 10	 349.710	  1	 39	 16
	 61		 11	 314.911	  0	 39	 16
	 61		 12	 283.355	  0	 39	 16
	 61		 13	 322.521	 11	 37	 17
	 61		 14	 309.412	 14	 37	 17
	 61		 15	 289.863	 13	 37	 17
	 61		 16	 239.446	 93	 39	 18
	 61		 17	 299.147	 12	 39	 18
	 61		 18	 298.544	  0	 39	 18
	 61		 19	 295.962	  0	 39	 18
	 61		 20	 280.882	 18	 40	 18
	 62		  1	 391.948	  3	 36	 12
	 62		  2	 394.647	  0	 36	 12
	 62		  3	 372.471	  1	 36	 12
	 62		  4	 358.509	 10	 35	 13
	 62		  5	 353.944	  5	 35	 13
	 62		  6	 387.094	  0	 35	 13
	 62		  7	 346.165	  0	 37	 15
	 62		  8	 387.059	  0	 37	 15
	 62		  9	 360.646	  3	 37	 15
	 62		 10	 359.462	  0	 39	 16
	 62		 11	 339.116	  0	 39	 16
	 62		 12	 344.925	  4	 39	 16
	 62		 13	 361.750	  6	 37	 17
	 62		 14	 375.350	  0	 37	 17
	 62		 15	 379.132	  0	 37	 17
	 62		 16	 380.120	  0	 39	 18
	 62		 17	 384.089	  0	 39	 18
	 62		 18	 296.761	  0	 39	 18
	 62		 19	 308.105	 68	 39	 18
	 62		 20	 377.001	  0	 39	 18
	 63		  1	 393.788	  0	 36	 12
	 63		  2	 339.932	  1	 36	 12
	 63		  3	 371.296	  0	 36	 12
	 63		  4	 410.675	  0	 36	 12
	 63		  5	 382.237	  0	 35	 13
	 63		  6	 375.082	  0	 35	 13
	 63		  7	 331.175	  9	 36	 13
	 63		  8	 369.017	  0	 37	 15
	 63		  9	 352.330	  1	 37	 15
	 63		 10	 382.692	  0	 37	 15
	 63		 11	 353.399	  4	 39	 16
	 63		 12	 231.245	  0	 39	 16
	 63		 13	 237.185	  0	 39	 16
	 63		 14	 374.009	  0	 39	 17
	 63		 15	 227.529	160	 39	 17
	 63		 16	 363.923	  0	 39	 17
	 63		 17	 347.804	  3	 39	 17
	 63		 18	 359.290	  0	 39	 17
	 63		 19	 319.696	 24	 41	 17
	 63		 20	 321.603	  1	 40	 17
	 64		  1	 400.597	  2	 36	 12
	 64		  2	 401.019	  2	 36	 12
	 64		  3	 376.848	  0	 36	 12
	 64		  4	 373.546	  0	 35	 13
	 64		  5	 368.538	  0	 35	 13
	 64		  6	 279.211	104	 35	 13
	 64		  7	 375.997	  1	 37	 15
	 64		  8	 363.533	  7	 38	 15
	 64		  9	 394.512	  0	 37	 15
	 64		 10	 374.623	  0	 39	 16
	 64		 11	 379.762	  0	 39	 16
	 64		 12	 369.471	  0	 39	 17
	 64		 13	 343.218	  0	 39	 17
	 64		 14	 325.039	 39	 39	 17
	 64		 15	 290.006	 75	 41	 19
	 64		 16	 324.872	 27	 41	 19
	 64		 17	 352.245	  8	 41	 19
	 64		 18	 350.598	 26	 41	 19
	 64		 19	 361.828	  1	 41	 19
	 64		 20	 362.870	  4	 41	 19
	 65		  1	 380.210	  2	 36	 12
	 65		  2	 386.805	  0	 36	 12
	 65		  3	 370.563	  2	 36	 12
	 65		  4	 363.143	  3	 35	 13
	 65		  5	 275.895	130	 35	 13
	 65		  6	 358.679	  0	 35	 13
	 65		  7	 369.558	  1	 37	 15
	 65		  8	 366.065	  2	 37	 15
	 65		  9	 378.419	  0	 39	 15
	 65		 10	 331.040	  2	 39	 16
	 65		 11	 357.011	  0	 39	 16
	 65		 12	 332.998	  0	 39	 16
	 65		 13	 356.157	  2	 39	 17
	 65		 14	 352.164	  1	 39	 17
	 65		 15	 346.827	  0	 39	 17
	 65		 16	 349.408	  6	 41	 19
	 65		 17	 352.111	  3	 41	 19
	 65		 18	 347.251	  9	 41	 19
	 65		 19	 343.461	  6	 41	 19
	 65		 20	 319.423	 47	 42	 19
	 66		  1	 390.216	  2	 36	 12
	 66		  2	 379.798	  5	 36	 12
	 66		  3	 382.392	  0	 36	 12
	 66		  4	 365.430	  3	 35	 13
	 66		  5	 218.543	168	 35	 13
	 66		  6	 346.115	  1	 35	 13
	 66		  7	 378.679	  0	 39	 15
	 66		  8	 373.484	  0	 39	 15
	 66		  9	 365.930	  1	 39	 15
	 66		 10	 356.271	  0	 39	 16
	 66		 11	 312.079	  0	 40	 16
	 66		 12	 159.708	  0	 39	 16
	 66		 13	 279.093	101	 39	 17
	 66		 14	 277.294	103	 39	 17
	 66		 15	 314.507	 29	 39	 17
	 66		 16	 352.100	  6	 41	 19
	 66		 17	 268.082	  2	 41	 19
	 66		 18	 337.750	 12	 41	 19
	 66		 19	 352.661	  4	 41	 19
	 66		 20	 352.986	  4	 41	 19
	 67		  1	 329.113	 34	 36	 12
	 67		  2	  33.397	  0	 36	 12
	 67		  3	 363.364	  0	 36	 12
	 67		  4	 354.088	  3	 35	 13
	 67		  5	 320.723	  0	 35	 13
	 67		  6	 307.570	 66	 35	 13
	 67		  7	 369.463	  2	 39	 15
	 67		  8	 344.872	 31	 39	 15
	 67		  9	 340.744	  0	 39	 15
	 67		 10	 342.322	  0	 39	 16
	 67		 11	 239.132	  0	 39	 16
	 67		 12	 331.123	  4	 39	 17
	 67		 13	 270.654	107	 39	 17
	 67		 14	 354.906	  4	 41	 19
	 67		 15	 353.265	  5	 41	 19
	 67		 16	 354.711	  1	 41	 19
	 67		 17	 349.151	  0	 41	 19
	 67		 18	 285.664	 46	 41	 19
	 67		 19	 326.450	  0	 41	 19
	 67		 20	 269.647	  0	 41	 19
	 68		  1	 361.702	  0	 36	 12
	 68		  2	  75.644	  0	 36	 12
	 68		  3	 351.875	  0	 35	 13
	 68		  4	 317.053	  4	 35	 13
	 68		  5	 350.616	  0	 35	 13
	 68		  6	 377.503	  0	 39	 15
	 68		  7	  93.973	  0	 41	 15
	 68		  8	 374.600	  0	 39	 15
	 68		  9	 349.172	  0	 39	 16
	 68		 10	 222.417	  0	 39	 16
	 68		 11	 122.124	  0	 40	 16
	 68		 12	 333.628	  2	 39	 17
	 68		 13	 335.085	  2	 39	 17
	 68		 14	 329.116	  1	 39	 17
	 68		 15	 338.770	  0	 41	 19
	 68		 16	 329.897	  3	 41	 19
	 68		 17	 333.386	  0	 41	 19
	 68		 18	 338.301	  0	 41	 19
	 68		 19	 339.581	  1	 41	 19
	 68		 20	 344.509	  0	 41	 19
	 69		  1	 371.625	  0	 36	 12
	 69		  2	 350.441	  0	 36	 12
	 69		  3	 296.854	 93	 35	 13
	 69		  4	 354.494	  2	 35	 13
	 69		  5	 123.012	287	 35	 13
	 69		  6	 360.893	  4	 39	 15
	 69		  7	 355.228	  1	 40	 15
	 69		  8	 367.485	  0	 39	 15
	 69		  9	 351.280	  1	 39	 15
	 69		 10	 355.408	  0	 39	 16
	 69		 11	 340.905	  0	 39	 16
	 69		 12	 341.864	  8	 39	 17
	 69		 13	 344.338	 10	 39	 17
	 69		 14	 321.136	  1	 39	 17
	 69		 15	 349.827	  0	 41	 19
	 69		 16	 346.360	  0	 41	 19
	 69		 17	 339.425	  0	 41	 19
	 69		 18	 337.670	  7	 41	 19
	 69		 19	 351.784	  0	 41	 19
	 69		 20	 345.640	  0	 41	 19
	 70		  1	 356.443	  0	 36	 12
	 70		  2	 358.252	  0	 36	 12
	 70		  3	 171.572	  0	 36	 12
	 70		  4	 286.873	 83	 35	 13
	 70		  5	 346.873	 18	 35	 13
	 70		  6	 345.572	  1	 39	 15
	 70		  7	 350.919	  0	 39	 15
	 70		  8	 347.595	  2	 39	 15
	 70		  9	 343.925	  0	 39	 16
	 70		 10	 126.674	  0	 39	 16
	 70		 11	 226.244	  0	 39	 16
	 70		 12	 341.742	  8	 39	 17
	 70		 13	 345.866	  5	 39	 17
	 70		 14	 304.872	 70	 39	 17
	 70		 15	 341.785	  2	 41	 19
	 70		 16	 344.766	  3	 41	 19
	 70		 17	 340.609	  2	 41	 19
	 70		 18	 335.964	  2	 41	 19
	 70		 19	 311.293	  1	 41	 19
	 70		 20	 335.489	  2	 41	 19
	 71		  1	 387.051	  0	 36	 12
	 71		  2	 376.613	  0	 36	 12
	 71		  3	 348.793	  0	 36	 12
	 71		  4	 367.942	  2	 35	 13
	 71		  5	 298.437	102	 35	 13
	 71		  6	 341.566	 11	 35	 13
	 71		  7	 308.913	  1	 37	 13
	 71		  8	 371.631	  0	 39	 15
	 71		  9	 384.208	  0	 39	 15
	 71		 10	 381.659	  0	 39	 15
	 71		 11	 376.405	  1	 39	 15
	 71		 12	 126.615	  0	 39	 16
	 71		 13	 350.339	  3	 41	 19
	 71		 14	 341.522	 21	 41	 19
	 71		 15	 344.575	  4	 41	 19
	 71		 16	 359.601	  0	 42	 19
	 71		 17	 331.545	  1	 41	 19
	 71		 18	 331.894	 11	 43	 19
	 71		 19	 306.154	  0	 41	 19
	 71		 20	 333.635	  2	 41	 19
	 72		  1	 353.525	  0	 36	 12
	 72		  2	 273.920	  0	 36	 12
	 72		  3	 328.259	  0	 37	 12
	 72		  4	 337.778	  9	 35	 13
	 72		  5	 190.391	202	 35	 13
	 72		  6	 341.949	  0	 35	 13
	 72		  7	 380.096	  1	 39	 15
	 72		  8	 323.463	  0	 39	 15
	 72		  9	 374.552	  0	 39	 15
	 72		 10	 126.056	  0	 39	 16
	 72		 11	 340.756	  0	 42	 19
	 72		 12	 338.217	  0	 42	 19
	 72		 13	 311.668	  0	 42	 19
	 72		 14	 330.129	 16	 42	 19
	 72		 15	 338.114	  0	 43	 20
	 72		 16	 323.023	  0	 43	 20
	 72		 17	 286.967	  0	 43	 20
	 72		 18	 335.029	  4	 43	 20
	 72		 19	 325.321	  4	 43	 20
	 72		 20	 334.545	 44	 43	 20
	 73		  1	 384.038	  0	 36	 12
	 73		  2	 388.530	  0	 38	 12
	 73		  3	 124.958	  0	 36	 12
	 73		  4	 333.721	 12	 35	 13
	 73		  5	 351.176	  2	 35	 13
	 73		  6	 351.374	  0	 35	 13
	 73		  7	 395.221	  0	 39	 15
	 73		  8	 270.678	  0	 39	 15
	 73		  9	 326.763	  0	 39	 15
	 73		 10	 323.064	  0	 39	 15
	 73		 11	 370.043	  0	 42	 19
	 73		 12	 350.866	  0	 42	 19
	 73		 13	 326.095	 17	 42	 19
	 73		 14	 372.563	  0	 42	 19
	 73		 15	 331.614	  9	 43	 20
	 73		 16	 356.946	  0	 44	 20
	 73		 17	 349.638	  5	 43	 20
	 73		 18	 349.320	  1	 43	 20
	 73		 19	 320.441	 12	 43	 20
	 73		 20	 361.628	  6	 43	 20
	 74		  1	 285.234	  5	 38	 12
	 74		  2	 234.623	  0	 38	 12
	 74		  3	 318.004	  2	 38	 12
	 74		  4	 355.446	  0	 35	 13
	 74		  5	 346.526	  0	 35	 13
	 74		  6	 353.848	  0	 35	 13
	 74		  7	 374.159	  1	 39	 15
	 74		  8	 359.264	  0	 39	 15
	 74		  9	 316.766	 63	 39	 15
	 74		 10	 352.532	  0	 42	 19
	 74		 11	 357.087	  0	 42	 19
	 74		 12	 348.159	  7	 42	 19
	 74		 13	 344.034	  4	 42	 19
	 74		 14	 341.917	  3	 43	 20
	 74		 15	 347.896	  1	 43	 20
	 74		 16	 316.602	 36	 43	 20
	 74		 17	 338.787	  6	 43	 20
	 74		 18	 320.362	 10	 43	 20
	 74		 19	 333.378	 12	 43	 20
	 74		 20	 354.880	  0	 43	 20
	 75		  1	 347.043	 10	 38	 12
	 75		  2	 322.396	 73	 38	 12
	 75		  3	 342.079	  0	 38	 12
	 75		  4	 308.104	  0	 35	 13
	 75		  5	 317.547	  0	 35	 13
	 75		  6	 296.966	  0	 35	 13
	 75		  7	 302.655	  0	 35	 13
	 75		  8	 382.945	  0	 39	 15
	 75		  9	 359.548	  0	 39	 15
	 75		 10	 378.761	  0	 39	 15
	 75		 11	 349.526	  0	 39	 15
	 75		 12	 296.409	  0	 42	 19
	 75		 13	 249.949	  0	 42	 19
	 75		 14	 301.184	  0	 42	 19
	 75		 15	 287.960	  0	 42	 19
	 75		 16	 296.465	  6	 43	 20
	 75		 17	 278.042	  0	 43	 20
	 75		 18	 272.723	 10	 43	 20
	 75		 19	 280.859	  0	 43	 20
	 75		 20	 306.845	 18	 43	 20
	 76		  1	 332.599	 76	 38	 12
	 76		  2	 410.756	  0	 38	 12
	 76		  3	 350.212	 14	 38	 12
	 76		  4	 345.761	  6	 38	 12
	 76		  5	 365.311	  3	 35	 13
	 76		  6	 366.582	  0	 35	 13
	 76		  7	 342.400	  0	 35	 13
	 76		  8	 394.911	  0	 39	 15
	 76		  9	 366.560	  3	 39	 15
	 76		 10	 364.576	  1	 39	 15
	 76		 11	 387.661	  0	 39	 15
	 76		 12	 343.272	  0	 42	 19
	 76		 13	 314.559	  0	 42	 19
	 76		 14	 284.902	  0	 42	 19
	 76		 15	 380.271	  7	 43	 20
	 76		 16	 361.343	 28	 43	 20
	 76		 17	 351.544	 37	 43	 20
	 76		 18	 343.369	 13	 43	 20
	 76		 19	 315.706	  1	 45	 20
	 76		 20	 299.660	 72	 45	 20
	 77		  1	 372.649	  2	 38	 12
	 77		  2	 396.171	  1	 38	 12
	 77		  3	 381.511	  5	 38	 12
	 77		  4	 310.266	 70	 38	 12
	 77		  5	 339.591	  0	 38	 12
	 77		  6	 366.256	  0	 35	 13
	 77		  7	 353.021	  6	 35	 13
	 77		  8	 275.185	  0	 35	 13
	 77		  9	 359.202	  2	 35	 13
	 77		 10	 338.995	  0	 42	 19
	 77		 11	 360.867	  0	 42	 19
	 77		 12	 306.800	  0	 42	 19
	 77		 13	 344.516	  0	 42	 19
	 77		 14	 341.057	 14	 43	 20
	 77		 15	 334.411	 28	 43	 20
	 77		 16	 290.768	 90	 43	 20
	 77		 17	 291.565	 45	 44	 20
	 77		 18	 358.912	 14	 43	 20
	 77		 19	 315.137	 44	 43	 20
	 77		 20	 347.397	 13	 43	 20
