# Evoluation started on 2016/11/18 14:22:46
# Generation	   Individual 	   Fitness 	 SecondFitness 	  Size		SpecieID
	  0		  1	  82.384	  0	 26	 -1
	  0		  2	 162.590	 48	 26	 -1
	  0		  3	 141.331	  0	 26	 -1
	  0		  4	 210.919	  0	 26	 -1
	  0		  5	 107.934	 88	 26	 -1
	  0		  6	 201.183	  0	 26	 -1
	  0		  7	 191.436	  0	 26	 -1
	  0		  8	 155.499	 53	 26	 -1
	  0		  9	 166.319	  0	 26	 -1
	  0		 10	 221.822	  0	 26	 -1
	  0		 11	 124.937	115	 26	 -1
	  0		 12	 134.322	253	 26	 -1
	  0		 13	 160.646	  0	 26	 -1
	  0		 14	 104.184	  0	 26	 -1
	  0		 15	 178.509	  0	 26	 -1
	  0		 16	 217.869	  0	 26	 -1
	  0		 17	 169.148	 37	 26	 -1
	  0		 18	 221.629	  0	 26	 -1
	  0		 19	 218.241	  0	 26	 -1
	  0		 20	 181.832	 95	 26	 -1
	  1		  1	 230.627	  0	 26	  1
	  1		  2	 220.458	  0	 26	  1
	  1		  3	 126.673	  0	 26	  1
	  1		  4	 117.326	  0	 26	  1
	  1		  5	 237.334	  0	 26	  1
	  1		  6	 216.561	  0	 26	  1
	  1		  7	 208.945	  0	 26	  1
	  1		  8	 231.253	  0	 26	  1
	  1		  9	 221.706	  0	 26	  1
	  1		 10	 212.335	  0	 26	  1
	  1		 11	 182.729	  0	 26	  1
	  1		 12	 214.568	  0	 26	  1
	  1		 13	 226.797	  0	 26	  1
	  1		 14	 229.503	  0	 26	  1
	  1		 15	 215.707	  0	 26	  1
	  1		 16	 232.883	  0	 26	  1
	  1		 17	 207.004	  0	 26	  1
	  1		 18	 194.012	  0	 26	  1
	  1		 19	 222.292	  0	 26	  1
	  1		 20	 195.918	  0	 26	  1
	  2		  1	 248.960	  0	 26	  1
	  2		  2	 207.236	  0	 26	  1
	  2		  3	 239.343	  0	 26	  1
	  2		  4	 207.307	  0	 26	  1
	  2		  5	 241.652	  0	 26	  1
	  2		  6	 238.326	  0	 26	  1
	  2		  7	 260.880	  0	 26	  1
	  2		  8	 243.373	  0	 26	  1
	  2		  9	 219.589	  0	 26	  1
	  2		 10	 239.008	  0	 26	  1
	  2		 11	 215.346	  0	 26	  1
	  2		 12	 201.396	  0	 26	  1
	  2		 13	 198.366	  0	 26	  1
	  2		 14	 240.901	  0	 26	  1
	  2		 15	 210.049	  0	 26	  1
	  2		 16	 244.245	  0	 26	  1
	  2		 17	 239.732	  0	 26	  1
	  2		 18	 231.955	  0	 26	  1
	  2		 19	 241.724	  0	 28	  1
	  2		 20	 234.451	  0	 26	  1
	  3		  1	 233.347	  0	 26	  1
	  3		  2	 218.627	  0	 26	  1
	  3		  3	 158.554	  0	 26	  1
	  3		  4	 190.967	  0	 26	  1
	  3		  5	 220.665	  0	 26	  1
	  3		  6	 151.284	  0	 27	  1
	  3		  7	 185.124	  0	 26	  1
	  3		  8	 203.236	  0	 26	  1
	  3		  9	 176.782	  0	 26	  1
	  3		 10	 196.640	  0	 26	  1
	  3		 11	 166.578	  0	 26	  1
	  3		 12	 198.160	  0	 26	  1
	  3		 13	 200.459	  0	 26	  1
	  3		 14	 179.142	  0	 26	  1
	  3		 15	 215.260	  0	 26	  1
	  3		 16	 211.540	  0	 26	  1
	  3		 17	 201.013	  0	 26	  1
	  3		 18	 175.744	 17	 26	  1
	  3		 19	 208.984	  0	 26	  1
	  3		 20	 203.111	  0	 26	  1
	  4		  1	 213.847	  0	 26	  1
	  4		  2	 217.546	  0	 26	  1
	  4		  3	 166.741	  0	 26	  1
	  4		  4	 215.091	  0	 26	  1
	  4		  5	 220.239	  0	 26	  1
	  4		  6	 226.108	  0	 26	  1
	  4		  7	 226.569	  0	 26	  1
	  4		  8	 222.910	  0	 26	  1
	  4		  9	  65.847	130	 28	  1
	  4		 10	 217.949	  0	 26	  1
	  4		 11	 219.413	  0	 26	  1
	  4		 12	 179.099	  0	 26	  1
	  4		 13	 217.268	  0	 26	  1
	  4		 14	 231.907	  0	 26	  1
	  4		 15	 203.665	  0	 26	  1
	  4		 16	 211.477	  0	 26	  1
	  4		 17	 204.809	  0	 26	  1
	  4		 18	 202.601	  0	 26	  1
	  4		 19	 232.844	  0	 26	  1
	  4		 20	 196.916	  0	 26	  1
	  5		  1	 202.557	  0	 26	  1
	  5		  2	 154.699	  7	 26	  1
	  5		  3	 205.469	  0	 26	  1
	  5		  4	 163.045	  0	 26	  1
	  5		  5	 183.250	 75	 26	  1
	  5		  6	 190.126	  0	 26	  1
	  5		  7	 144.312	  0	 26	  1
	  5		  8	 173.432	  0	 26	  1
	  5		  9	  54.589	250	 26	  1
	  5		 10	 188.086	  0	 26	  1
	  5		 11	 169.457	  0	 26	  1
	  5		 12	 198.343	  0	 26	  1
	  5		 13	 159.452	  0	 26	  1
	  5		 14	 209.948	  0	 26	  1
	  5		 15	 150.273	  0	 26	  1
	  5		 16	  41.462	 88	 28	  2
	  5		 17	  68.997	  0	 28	  2
	  5		 18	  87.147	 92	 28	  2
	  5		 19	  23.874	437	 28	  2
	  5		 20	  55.281	152	 28	  2
	  6		  1	 249.262	  0	 26	  1
	  6		  2	 202.659	  0	 26	  1
	  6		  3	 218.677	  0	 26	  1
	  6		  4	 225.236	  0	 26	  1
	  6		  5	 200.415	  0	 26	  1
	  6		  6	 237.263	  0	 26	  1
	  6		  7	 152.446	  0	 26	  1
	  6		  8	 203.803	  0	 26	  1
	  6		  9	 231.764	  0	 26	  1
	  6		 10	 211.435	  0	 26	  1
	  6		 11	 122.069	  0	 26	  1
	  6		 12	 190.451	  0	 26	  1
	  6		 13	 182.875	  0	 26	  1
	  6		 14	 254.678	  0	 26	  1
	  6		 15	 202.745	  0	 26	  1
	  6		 16	 134.872	 74	 28	  2
	  6		 17	 133.679	 63	 28	  2
	  6		 18	 130.677	302	 28	  2
	  6		 19	 177.565	 82	 28	  2
	  6		 20	 287.156	 51	 28	  2
	  7		  1	 253.501	  0	 26	  1
	  7		  2	 257.641	  0	 26	  1
	  7		  3	 170.539	  0	 26	  1
	  7		  4	 244.096	  0	 26	  1
	  7		  5	 216.235	  0	 26	  1
	  7		  6	 252.073	  0	 26	  1
	  7		  7	 200.961	  0	 26	  1
	  7		  8	 254.519	  0	 26	  1
	  7		  9	 252.842	  0	 26	  1
	  7		 10	 234.943	  0	 26	  1
	  7		 11	 319.567	  0	 28	  2
	  7		 12	 260.240	 90	 28	  2
	  7		 13	 315.565	  0	 28	  2
	  7		 14	 292.162	 17	 28	  2
	  7		 15	 150.727	292	 29	  2
	  7		 16	 308.209	  0	 28	  2
	  7		 17	 226.755	121	 28	  2
	  7		 18	 199.764	208	 28	  2
	  7		 19	 157.996	254	 30	  2
	  7		 20	 326.330	 13	 28	  2
	  8		  1	 241.633	  0	 26	  1
	  8		  2	 241.794	  0	 26	  1
	  8		  3	 210.475	  0	 26	  1
	  8		  4	 244.355	  0	 26	  1
	  8		  5	 200.724	  0	 26	  1
	  8		  6	 195.108	  0	 26	  1
	  8		  7	 217.703	  0	 28	  1
	  8		  8	 340.572	  3	 28	  2
	  8		  9	 303.799	 54	 28	  2
	  8		 10	 300.324	  6	 28	  2
	  8		 11	 274.702	 12	 28	  2
	  8		 12	 340.579	  3	 28	  2
	  8		 13	 316.840	 26	 28	  2
	  8		 14	 326.838	  5	 28	  2
	  8		 15	 315.932	  1	 28	  2
	  8		 16	  45.083	425	 30	  3
	  8		 17	 199.908	163	 31	  3
	  8		 18	 315.218	  3	 30	  3
	  8		 19	 227.336	 78	 30	  3
	  8		 20	 111.833	337	 30	  3
	  9		  1	 238.397	  0	 26	  1
	  9		  2	 230.009	  0	 26	  1
	  9		  3	 215.769	  0	 26	  1
	  9		  4	 241.793	  0	 26	  1
	  9		  5	 331.129	  6	 28	  2
	  9		  6	 323.331	  1	 28	  2
	  9		  7	 304.562	 29	 28	  2
	  9		  8	 329.631	  2	 28	  2
	  9		  9	 326.419	 19	 28	  2
	  9		 10	 331.853	  7	 30	  2
	  9		 11	 147.382	275	 30	  3
	  9		 12	 191.516	188	 30	  3
	  9		 13	  95.984	356	 30	  3
	  9		 14	 214.025	  0	 28	  4
	  9		 15	 244.470	  0	 28	  4
	  9		 16	 199.734	  0	 28	  4
	  9		 17	 206.747	  0	 28	  4
	  9		 18	 220.514	  0	 28	  4
	  9		 19	 237.241	  0	 28	  4
	  9		 20	 123.145	  0	 28	  4
	 10		  1	 353.264	  5	 28	  2
	 10		  2	 332.700	  9	 28	  2
	 10		  3	 340.489	  0	 28	  2
	 10		  4	 346.205	 11	 28	  2
	 10		  5	 282.024	 92	 30	  3
	 10		  6	 249.319	  0	 28	  4
	 10		  7	 252.089	  0	 28	  4
	 10		  8	 260.114	  0	 26	  5
	 10		  9	 170.621	  0	 26	  5
	 10		 10	 241.712	  0	 26	  5
	 10		 11	 356.753	  4	 30	  6
	 10		 12	 357.495	  4	 30	  6
	 10		 13	 354.982	  3	 30	  6
	 10		 14	 325.082	  0	 30	  6
	 10		 15	 253.205	  0	 28	  7
	 10		 16	 287.507	  0	 28	  7
	 10		 17	 231.326	  0	 28	  7
	 10		 18	 245.856	  0	 28	  7
	 10		 19	 191.724	  0	 28	  7
	 10		 20	 248.062	  0	 28	  7
	 11		  1	 333.311	 12	 28	  2
	 11		  2	 323.896	  5	 30	  2
	 11		  3	 291.601	 73	 28	  2
	 11		  4	 304.733	  3	 28	  2
	 11		  5	 316.618	  4	 30	  3
	 11		  6	 234.339	176	 30	  3
	 11		  7	 281.822	 54	 30	  3
	 11		  8	 284.583	  0	 28	  4
	 11		  9	 289.453	  0	 28	  4
	 11		 10	 276.116	  0	 28	  4
	 11		 11	 256.904	  0	 26	  5
	 11		 12	 202.387	  0	 26	  5
	 11		 13	 201.938	  0	 26	  5
	 11		 14	 339.953	  6	 30	  6
	 11		 15	 302.914	  0	 30	  6
	 11		 16	 282.153	106	 30	  6
	 11		 17	 339.573	 14	 30	  6
	 11		 18	 335.476	  2	 30	  6
	 11		 19	 313.706	 43	 30	  6
	 11		 20	 309.866	  3	 30	  6
	 12		  1	 304.726	  8	 28	  2
	 12		  2	 302.620	  9	 28	  2
	 12		  3	 259.820	103	 28	  2
	 12		  4	 242.442	 98	 30	  3
	 12		  5	 196.533	179	 30	  3
	 12		  6	  47.246	425	 30	  3
	 12		  7	 269.497	  0	 28	  4
	 12		  8	 272.726	  0	 28	  4
	 12		  9	 263.873	  0	 28	  4
	 12		 10	 242.414	  0	 26	  5
	 12		 11	 227.427	  0	 26	  5
	 12		 12	 305.847	  7	 30	  6
	 12		 13	 308.695	  9	 30	  6
	 12		 14	 210.152	182	 30	  6
	 12		 15	 295.421	  0	 30	  8
	 12		 16	 233.748	  0	 30	  8
	 12		 17	 225.982	  0	 30	  8
	 12		 18	 304.056	 16	 30	  8
	 12		 19	 279.669	 18	 30	  8
	 12		 20	 309.928	  4	 30	  8
	 13		  1	 351.657	  5	 28	  2
	 13		  2	 349.298	  5	 28	  2
	 13		  3	 338.155	  4	 28	  2
	 13		  4	 276.877	 95	 30	  3
	 13		  5	 302.844	  0	 30	  3
	 13		  6	 295.701	  0	 28	  4
	 13		  7	 290.599	  0	 28	  4
	 13		  8	 264.989	  0	 28	  4
	 13		  9	 254.949	  0	 26	  5
	 13		 10	 224.000	  0	 26	  5
	 13		 11	 247.276	  0	 26	  5
	 13		 12	 362.237	  3	 30	  6
	 13		 13	 362.644	  6	 30	  6
	 13		 14	 343.432	  0	 30	  6
	 13		 15	 347.836	  3	 30	  8
	 13		 16	 358.776	 10	 30	  8
	 13		 17	 338.759	 26	 30	  8
	 13		 18	 327.092	  0	 30	  8
	 13		 19	 316.455	  0	 30	  8
	 13		 20	 347.156	  2	 30	  8
	 14		  1	 347.531	 13	 28	  2
	 14		  2	 125.661	312	 28	  2
	 14		  3	 313.578	 33	 28	  2
	 14		  4	 315.205	  0	 30	  3
	 14		  5	 325.620	  2	 30	  3
	 14		  6	 320.318	  0	 30	  3
	 14		  7	 259.421	  0	 28	  4
	 14		  8	 215.230	  0	 28	  4
	 14		  9	 162.699	  0	 28	  4
	 14		 10	 255.208	  0	 26	  5
	 14		 11	 225.570	  0	 26	  5
	 14		 12	 360.310	 12	 30	  6
	 14		 13	 354.290	 16	 30	  6
	 14		 14	 361.182	 12	 30	  6
	 14		 15	 339.224	 22	 30	  8
	 14		 16	 321.789	 14	 30	  8
	 14		 17	 296.153	 57	 30	  8
	 14		 18	 340.997	 15	 30	  8
	 14		 19	 348.530	  0	 32	  8
	 14		 20	 278.918	 68	 30	  8
	 15		  1	 325.781	  6	 28	  2
	 15		  2	 318.279	  6	 28	  2
	 15		  3	 291.999	 47	 30	  3
	 15		  4	 291.461	 20	 30	  3
	 15		  5	 275.376	 25	 30	  3
	 15		  6	 285.852	  0	 28	  4
	 15		  7	 270.330	  0	 28	  4
	 15		  8	 257.968	  0	 26	  5
	 15		  9	 242.536	  0	 26	  5
	 15		 10	 330.984	 18	 30	  6
	 15		 11	 330.202	 11	 30	  6
	 15		 12	 281.328	 24	 30	  6
	 15		 13	 315.882	 15	 30	  8
	 15		 14	 290.535	 75	 30	  8
	 15		 15	 322.870	  7	 30	  8
	 15		 16	 330.897	  0	 32	  9
	 15		 17	 309.393	  0	 32	  9
	 15		 18	 295.931	  0	 32	  9
	 15		 19	  96.587	274	 32	  9
	 15		 20	 316.113	  0	 32	  9
	 16		  1	 344.941	 11	 28	  2
	 16		  2	 318.513	 37	 28	  2
	 16		  3	 348.573	  7	 28	  2
	 16		  4	 287.437	 46	 30	  3
	 16		  5	 164.334	296	 31	  3
	 16		  6	 251.347	122	 30	  3
	 16		  7	 292.135	  0	 28	  4
	 16		  8	 313.699	  0	 28	  4
	 16		  9	 281.358	  0	 28	  4
	 16		 10	 257.435	  0	 26	  5
	 16		 11	 181.375	  0	 26	  5
	 16		 12	 231.624	  0	 26	  5
	 16		 13	 354.814	 17	 30	  6
	 16		 14	 306.877	 67	 30	  6
	 16		 15	 219.662	195	 30	  6
	 16		 16	 341.082	  0	 32	  9
	 16		 17	 212.338	  0	 32	  9
	 16		 18	 339.881	  3	 32	  9
	 16		 19	 286.073	  0	 32	  9
	 16		 20	 337.303	  0	 32	  9
	 17		  1	 305.480	 22	 28	  2
	 17		  2	 318.640	 10	 28	  2
	 17		  3	 283.324	 59	 28	  2
	 17		  4	 261.293	 60	 30	  3
	 17		  5	 272.573	  3	 30	  3
	 17		  6	 295.673	  0	 28	  4
	 17		  7	 275.970	  0	 28	  4
	 17		  8	 258.557	  0	 28	  4
	 17		  9	 243.873	  0	 26	  5
	 17		 10	 247.318	  0	 26	  5
	 17		 11	 316.177	 25	 30	  6
	 17		 12	 320.733	 21	 30	  6
	 17		 13	 280.287	 82	 30	  6
	 17		 14	 321.915	  1	 32	  9
	 17		 15	 277.655	  2	 32	  9
	 17		 16	 291.158	  2	 32	  9
	 17		 17	  94.541	332	 32	  9
	 17		 18	 288.451	  9	 32	  9
	 17		 19	 240.086	 96	 32	  9
	 17		 20	 283.434	 53	 32	  9
	 18		  1	 362.941	  7	 28	  2
	 18		  2	 360.867	  9	 28	  2
	 18		  3	 331.922	  4	 28	  2
	 18		  4	 328.331	 17	 30	  3
	 18		  5	 241.741	  0	 30	  3
	 18		  6	 329.123	  0	 28	  4
	 18		  7	 217.823	  0	 28	  4
	 18		  8	 319.290	  0	 28	  4
	 18		  9	 257.230	  0	 26	  5
	 18		 10	 184.710	  0	 26	  5
	 18		 11	 237.621	  0	 26	  5
	 18		 12	 373.846	  3	 30	  6
	 18		 13	 285.003	  0	 30	  6
	 18		 14	 364.386	  3	 30	  6
	 18		 15	 353.670	  0	 32	  9
	 18		 16	 234.842	  0	 32	  9
	 18		 17	 338.039	  0	 32	  9
	 18		 18	 225.585	187	 32	  9
	 18		 19	 283.200	 86	 33	  9
	 18		 20	 235.944	  0	 32	  9
	 19		  1	 325.419	 15	 28	  2
	 19		  2	 311.814	  4	 28	  2
	 19		  3	 259.527	  8	 28	  2
	 19		  4	 270.801	 19	 30	  3
	 19		  5	 197.464	  0	 30	  3
	 19		  6	 283.940	  0	 28	  4
	 19		  7	 280.270	  0	 28	  4
	 19		  8	 261.042	  0	 26	  5
	 19		  9	 245.755	  0	 26	  5
	 19		 10	 321.448	 29	 30	  6
	 19		 11	 320.078	  7	 30	  6
	 19		 12	 334.752	 22	 30	  6
	 19		 13	 256.510	 98	 30	  6
	 19		 14	 265.463	 91	 32	  9
	 19		 15	 192.786	110	 32	  9
	 19		 16	 270.097	 87	 32	  9
	 19		 17	 329.173	  2	 32	  9
	 19		 18	 218.683	  0	 32	  9
	 19		 19	 341.649	 13	 32	  9
	 19		 20	 307.401	  4	 32	  9
	 20		  1	 348.919	  8	 28	  2
	 20		  2	 308.542	 13	 28	  2
	 20		  3	 292.861	 20	 28	  2
	 20		  4	 272.357	  1	 30	  3
	 20		  5	 288.082	  0	 30	  3
	 20		  6	 274.265	  0	 28	  4
	 20		  7	 192.376	  0	 28	  4
	 20		  8	 169.970	  0	 28	  4
	 20		  9	 213.471	  0	 26	  5
	 20		 10	 164.525	  0	 26	  5
	 20		 11	 357.815	 11	 30	  6
	 20		 12	 341.501	 18	 30	  6
	 20		 13	 298.658	 71	 30	  6
	 20		 14	 354.016	  3	 32	  9
	 20		 15	 296.540	  3	 32	  9
	 20		 16	 328.903	  0	 32	  9
	 20		 17	 275.909	 72	 32	  9
	 20		 18	 287.955	  0	 33	  9
	 20		 19	 336.318	  3	 32	  9
	 20		 20	 312.508	  0	 32	  9
	 21		  1	 325.321	  2	 28	  2
	 21		  2	 245.938	 16	 28	  2
	 21		  3	 266.448	  7	 28	  2
	 21		  4	 322.834	 27	 28	  2
	 21		  5	 280.626	 13	 30	  3
	 21		  6	 206.280	 87	 30	  3
	 21		  7	 146.955	185	 30	  3
	 21		  8	 280.719	  0	 28	  4
	 21		  9	 191.843	  0	 28	  4
	 21		 10	 332.172	 14	 30	  6
	 21		 11	 309.906	 10	 30	  6
	 21		 12	 266.632	 17	 30	  6
	 21		 13	 272.102	 13	 32	  6
	 21		 14	 312.558	  5	 32	  9
	 21		 15	 254.630	  0	 32	  9
	 21		 16	 300.715	  5	 32	  9
	 21		 17	 280.878	  7	 32	  9
	 21		 18	 325.335	 17	 32	  9
	 21		 19	 308.142	  0	 32	  9
	 21		 20	 312.150	  4	 32	  9
	 22		  1	 344.036	  3	 28	  2
	 22		  2	 291.106	 86	 28	  2
	 22		  3	 340.639	  0	 28	  2
	 22		  4	 331.635	 18	 28	  2
	 22		  5	 337.401	  0	 30	  3
	 22		  6	 343.800	  0	 32	  3
	 22		  7	 332.256	  5	 30	  3
	 22		  8	 314.990	  0	 28	  4
	 22		  9	 313.692	  0	 28	  4
	 22		 10	 116.244	  0	 28	  4
	 22		 11	 348.015	  8	 30	  6
	 22		 12	 334.966	 26	 30	  6
	 22		 13	 337.787	  0	 30	  6
	 22		 14	 347.246	  1	 30	  6
	 22		 15	 325.949	 15	 32	  9
	 22		 16	 321.633	 19	 32	  9
	 22		 17	 316.645	 11	 32	  9
	 22		 18	 316.428	 20	 32	  9
	 22		 19	 269.891	  0	 32	  9
	 22		 20	 224.903	  9	 32	  9
	 23		  1	 338.361	  8	 28	  2
	 23		  2	 264.875	118	 28	  2
	 23		  3	 340.084	  6	 28	  2
	 23		  4	 322.641	  1	 28	  2
	 23		  5	 280.945	101	 32	  3
	 23		  6	 137.698	284	 32	  3
	 23		  7	 241.598	178	 32	  3
	 23		  8	 138.391	284	 32	  3
	 23		  9	 282.844	  0	 28	  4
	 23		 10	 283.198	  0	 28	  4
	 23		 11	 286.934	  0	 28	  4
	 23		 12	 346.144	 11	 30	  6
	 23		 13	 325.892	  4	 30	  6
	 23		 14	 309.611	 33	 30	  6
	 23		 15	 322.827	  1	 30	  6
	 23		 16	 321.356	 18	 32	  9
	 23		 17	  53.913	426	 32	  9
	 23		 18	 326.277	 18	 32	  9
	 23		 19	 326.423	 13	 32	  9
	 23		 20	 207.875	 47	 32	  9
	 24		  1	 311.154	 11	 28	  2
	 24		  2	 306.250	 10	 28	  2
	 24		  3	 287.105	 11	 28	  2
	 24		  4	 312.447	  6	 28	  2
	 24		  5	 276.799	 52	 32	  3
	 24		  6	 189.098	149	 32	  3
	 24		  7	 265.147	 80	 30	  4
	 24		  8	 296.477	 41	 30	  4
	 24		  9	 285.873	 20	 30	  4
	 24		 10	 240.035	132	 30	  4
	 24		 11	 313.235	 16	 30	  6
	 24		 12	 290.810	 18	 30	  6
	 24		 13	 279.419	 79	 30	  6
	 24		 14	 276.388	  4	 30	  6
	 24		 15	 323.740	  9	 32	  9
	 24		 16	 272.589	102	 32	  9
	 24		 17	 318.965	 34	 32	  9
	 24		 18	 189.716	 82	 34	  9
	 24		 19	 254.877	 64	 32	  9
	 24		 20	 317.346	 20	 32	  9
	 25		  1	 350.237	  4	 28	  2
	 25		  2	 310.478	 36	 28	  2
	 25		  3	 332.508	 29	 28	  2
	 25		  4	 342.289	  0	 28	  2
	 25		  5	 286.249	  0	 32	  3
	 25		  6	 293.768	 62	 32	  3
	 25		  7	 300.157	 36	 32	  3
	 25		  8	 353.303	  4	 30	  4
	 25		  9	 294.506	 89	 30	  4
	 25		 10	 311.121	 67	 30	  4
	 25		 11	 340.140	  1	 30	  4
	 25		 12	 339.572	 12	 30	  6
	 25		 13	 335.191	 14	 30	  6
	 25		 14	 339.125	  1	 30	  6
	 25		 15	 354.506	  3	 30	  6
	 25		 16	 309.922	 54	 32	  9
	 25		 17	 329.449	 19	 32	  9
	 25		 18	 176.333	 11	 32	  9
	 25		 19	 342.192	  1	 32	  9
	 25		 20	 287.278	  4	 34	  9
	 26		  1	 320.728	 19	 28	  2
	 26		  2	 326.621	  7	 28	  2
	 26		  3	 325.714	 16	 28	  2
	 26		  4	 113.629	337	 28	  2
	 26		  5	 263.554	111	 28	  2
	 26		  6	 244.403	 65	 32	  3
	 26		  7	 233.382	127	 32	  3
	 26		  8	 252.618	  0	 32	  3
	 26		  9	 296.968	  0	 32	  3
	 26		 10	 297.628	 45	 30	  4
	 26		 11	 321.865	  6	 30	  4
	 26		 12	 304.832	 32	 30	  4
	 26		 13	 317.338	 32	 30	  4
	 26		 14	 286.607	 46	 30	  4
	 26		 15	 308.099	 10	 32	  9
	 26		 16	 230.540	 89	 32	  9
	 26		 17	 322.918	 22	 32	  9
	 26		 18	 288.537	  0	 32	  9
	 26		 19	 200.021	 88	 32	  9
	 26		 20	 280.720	  0	 32	  9
	 27		  1	 267.300	  3	 28	  2
	 27		  2	 195.606	  0	 28	  2
	 27		  3	 230.306	  4	 29	  2
	 27		  4	 350.736	  8	 30	  2
	 27		  5	 175.784	 91	 32	  3
	 27		  6	 144.582	257	 32	  3
	 27		  7	 191.163	  4	 32	  3
	 27		  8	 177.652	 91	 32	  3
	 27		  9	 298.977	 19	 30	  4
	 27		 10	 298.399	 18	 30	  4
	 27		 11	 245.161	  7	 30	  4
	 27		 12	 295.261	 15	 30	  4
	 27		 13	 288.430	  9	 30	  4
	 27		 14	 319.258	  6	 32	  9
	 27		 15	 284.577	  7	 32	  9
	 27		 16	 279.017	 60	 32	  9
	 27		 17	 319.098	  4	 32	  9
	 27		 18	 242.537	  8	 32	  9
	 27		 19	 330.905	 15	 32	  9
	 27		 20	 347.904	  9	 32	  9
	 28		  1	 344.710	 13	 30	  2
	 28		  2	 288.225	 32	 30	  2
	 28		  3	 347.381	  0	 30	  2
	 28		  4	 355.383	 25	 30	  2
	 28		  5	 260.698	  0	 30	  2
	 28		  6	 258.041	  0	 32	  3
	 28		  7	 197.570	 74	 32	  3
	 28		  8	 304.152	  0	 32	  3
	 28		  9	 355.684	  0	 30	  4
	 28		 10	 291.346	  0	 30	  4
	 28		 11	 254.220	  0	 30	  4
	 28		 12	 364.813	  0	 30	  4
	 28		 13	 335.745	  0	 30	  4
	 28		 14	 355.820	 10	 32	  9
	 28		 15	 233.772	149	 32	  9
	 28		 16	  79.997	 67	 32	  9
	 28		 17	 300.062	  3	 32	  9
	 28		 18	 314.391	 82	 32	  9
	 28		 19	 211.653	172	 32	  9
	 28		 20	 144.906	140	 32	  9
	 29		  1	 322.404	 32	 30	  2
	 29		  2	 314.953	 45	 30	  2
	 29		  3	 272.761	132	 30	  2
	 29		  4	 298.777	 21	 30	  2
	 29		  5	 301.156	  0	 30	  2
	 29		  6	 272.587	  0	 32	  3
	 29		  7	 268.879	  0	 32	  3
	 29		  8	 265.615	  0	 32	  3
	 29		  9	 305.907	  0	 32	  3
	 29		 10	 297.185	  7	 30	  4
	 29		 11	 300.582	  0	 30	  4
	 29		 12	 279.594	 56	 30	  4
	 29		 13	 296.762	  8	 30	  4
	 29		 14	 306.578	  0	 30	  4
	 29		 15	 227.681	 79	 32	  9
	 29		 16	 281.626	 30	 32	  9
	 29		 17	 232.298	  8	 32	  9
	 29		 18	 244.185	 68	 32	  9
	 29		 19	 286.517	 16	 32	  9
	 29		 20	 188.085	 81	 32	  9
	 30		  1	 310.799	 45	 30	  2
	 30		  2	 261.555	 58	 30	  2
	 30		  3	 313.200	 33	 30	  2
	 30		  4	 280.795	 75	 30	  2
	 30		  5	 311.675	 36	 30	  2
	 30		  6	 281.131	 69	 32	  3
	 30		  7	 313.753	  3	 32	  3
	 30		  8	 263.052	  2	 32	  3
	 30		  9	 307.963	  3	 32	  3
	 30		 10	 334.461	  4	 30	  4
	 30		 11	 314.606	  3	 30	  4
	 30		 12	 337.357	  6	 30	  4
	 30		 13	 313.128	  4	 30	  4
	 30		 14	 330.674	  3	 30	  4
	 30		 15	 307.635	 10	 32	  9
	 30		 16	 303.252	  5	 32	  9
	 30		 17	 244.243	 60	 32	  9
	 30		 18	 214.453	101	 32	  9
	 30		 19	 275.128	  9	 32	  9
	 30		 20	 222.844	110	 32	  9
	 31		  1	 341.951	 23	 30	  2
	 31		  2	 357.696	 20	 32	  2
	 31		  3	 340.203	 23	 30	  2
	 31		  4	 336.708	 30	 30	  2
	 31		  5	 352.044	 16	 30	  2
	 31		  6	 325.554	  0	 32	  3
	 31		  7	 217.637	  0	 33	  3
	 31		  8	 219.292	  3	 32	  3
	 31		  9	 364.024	  0	 32	  3
	 31		 10	 362.344	  0	 30	  4
	 31		 11	 350.302	  3	 30	  4
	 31		 12	 353.027	  6	 30	  4
	 31		 13	 362.297	  0	 30	  4
	 31		 14	 284.604	  0	 30	  4
	 31		 15	 355.506	  0	 32	  9
	 31		 16	 353.168	  2	 32	  9
	 31		 17	 293.243	 69	 32	  9
	 31		 18	 308.741	 48	 32	  9
	 31		 19	 171.581	118	 32	  9
	 31		 20	 352.994	  0	 32	  9
	 32		  1	 350.697	 19	 30	  2
	 32		  2	 343.165	 21	 30	  2
	 32		  3	 346.555	 34	 30	  2
	 32		  4	 342.740	 40	 30	  2
	 32		  5	 327.052	 11	 32	  3
	 32		  6	 350.031	 13	 32	  3
	 32		  7	 309.517	  6	 32	  3
	 32		  8	 323.904	 13	 30	  4
	 32		  9	 319.044	 11	 30	  4
	 32		 10	 324.188	 13	 30	  4
	 32		 11	 322.550	 13	 30	  4
	 32		 12	 330.623	  2	 32	  9
	 32		 13	  92.962	354	 32	  9
	 32		 14	 126.264	  0	 32	  9
	 32		 15	 343.131	 24	 32	 10
	 32		 16	 344.511	 22	 32	 10
	 32		 17	 364.690	 17	 32	 10
	 32		 18	 308.585	 32	 32	 10
	 32		 19	 340.756	 19	 32	 10
	 32		 20	 334.700	 29	 32	 10
	 33		  1	 343.744	 27	 30	  2
	 33		  2	 333.225	  9	 30	  2
	 33		  3	 329.342	 19	 30	  2
	 33		  4	 366.036	  7	 30	  2
	 33		  5	 337.639	  7	 32	  3
	 33		  6	 291.940	 96	 32	  3
	 33		  7	 328.957	 10	 32	  3
	 33		  8	 292.090	 71	 32	  3
	 33		  9	 335.990	  4	 30	  4
	 33		 10	 339.168	  0	 30	  4
	 33		 11	 335.986	  3	 30	  4
	 33		 12	 335.606	  0	 30	  4
	 33		 13	 313.573	  6	 32	  9
	 33		 14	 274.470	 49	 32	  9
	 33		 15	 280.570	 18	 32	 10
	 33		 16	 359.654	 18	 32	 10
	 33		 17	 285.071	 17	 32	 10
	 33		 18	 349.593	 12	 33	 10
	 33		 19	 318.662	 20	 32	 10
	 33		 20	 311.555	 12	 32	 10
	 34		  1	 322.482	 62	 30	  2
	 34		  2	 321.494	 15	 30	  2
	 34		  3	 337.230	 38	 30	  2
	 34		  4	 324.337	 32	 30	  2
	 34		  5	 319.039	  8	 32	  3
	 34		  6	 264.405	117	 32	  3
	 34		  7	 333.958	  2	 32	  3
	 34		  8	 329.579	  1	 30	  4
	 34		  9	 330.880	  5	 30	  4
	 34		 10	 351.821	 18	 30	  4
	 34		 11	 334.350	  1	 30	  4
	 34		 12	 336.086	  5	 32	  9
	 34		 13	 183.747	  0	 32	  9
	 34		 14	 328.884	 28	 32	  9
	 34		 15	 338.372	 34	 32	 10
	 34		 16	 270.274	 23	 32	 10
	 34		 17	 287.278	 32	 32	 10
	 34		 18	 313.028	 54	 32	 10
	 34		 19	 246.095	142	 32	 10
	 34		 20	 281.833	 92	 32	 10
	 35		  1	 310.290	 79	 30	  2
	 35		  2	 339.090	 24	 30	  2
	 35		  3	 290.487	 87	 30	  2
	 35		  4	 295.457	 87	 30	  2
	 35		  5	 333.760	  9	 32	  3
	 35		  6	 327.681	  4	 32	  3
	 35		  7	 341.996	  4	 32	  3
	 35		  8	 342.385	 20	 30	  4
	 35		  9	 319.639	 44	 30	  4
	 35		 10	 358.263	 16	 30	  4
	 35		 11	 362.817	  8	 30	  4
	 35		 12	 298.800	 13	 32	  9
	 35		 13	 291.871	 35	 32	  9
	 35		 14	 280.149	 86	 32	  9
	 35		 15	 352.020	 22	 32	 10
	 35		 16	 338.274	 41	 32	 10
	 35		 17	 332.238	 37	 32	 10
	 35		 18	 328.905	 21	 32	 10
	 35		 19	 335.916	 28	 32	 10
	 35		 20	 348.369	 20	 32	 10
	 36		  1	 327.898	 29	 30	  2
	 36		  2	 338.889	  1	 30	  2
	 36		  3	 339.593	 23	 30	  2
	 36		  4	 367.404	  0	 32	  3
	 36		  5	 360.883	 13	 32	  3
	 36		  6	 372.094	  0	 32	  3
	 36		  7	 345.091	  9	 30	  4
	 36		  8	 363.380	  8	 30	  4
	 36		  9	 358.395	  6	 32	  4
	 36		 10	 348.246	 18	 30	  4
	 36		 11	 326.362	  2	 32	  9
	 36		 12	 346.494	  0	 32	  9
	 36		 13	 316.351	 19	 32	  9
	 36		 14	 295.306	 14	 32	 10
	 36		 15	 358.322	 12	 32	 10
	 36		 16	 335.422	 32	 32	 10
	 36		 17	 330.661	 29	 32	 10
	 36		 18	 311.374	 21	 32	 10
	 36		 19	 339.180	 13	 32	 10
	 36		 20	 333.040	 23	 32	 10
	 37		  1	 330.057	 32	 30	  2
	 37		  2	 325.512	 24	 30	  2
	 37		  3	 369.002	  3	 30	  2
	 37		  4	 375.093	  7	 32	  3
	 37		  5	 354.463	 22	 32	  3
	 37		  6	 358.446	 19	 32	  3
	 37		  7	 360.640	 17	 30	  4
	 37		  8	 371.208	 15	 30	  4
	 37		  9	 350.554	  2	 30	  4
	 37		 10	 360.474	  3	 32	  9
	 37		 11	 354.187	  5	 32	  9
	 37		 12	 361.135	 14	 32	 10
	 37		 13	 368.343	  7	 32	 10
	 37		 14	 365.034	  3	 32	 10
	 37		 15	 354.650	 17	 32	 11
	 37		 16	 375.858	  9	 32	 11
	 37		 17	 357.401	  3	 32	 11
	 37		 18	 345.008	 16	 32	 11
	 37		 19	 362.619	 11	 32	 11
	 37		 20	 377.075	  3	 32	 11
	 38		  1	 379.143	  0	 30	  2
	 38		  2	 353.159	  1	 30	  2
	 38		  3	 377.863	  4	 32	  3
	 38		  4	 380.832	  0	 32	  3
	 38		  5	 327.502	 81	 32	  3
	 38		  6	 349.140	 13	 30	  4
	 38		  7	 350.978	 14	 30	  4
	 38		  8	 354.806	  0	 30	  4
	 38		  9	 378.422	  0	 32	  9
	 38		 10	 375.856	  1	 32	  9
	 38		 11	 377.505	  0	 32	  9
	 38		 12	 343.397	 18	 32	 10
	 38		 13	 333.670	 13	 32	 10
	 38		 14	 334.854	 17	 32	 10
	 38		 15	 390.488	  1	 32	 11
	 38		 16	 351.336	  8	 32	 11
	 38		 17	 385.077	  0	 32	 11
	 38		 18	 388.230	  1	 32	 11
	 38		 19	 389.411	  2	 32	 11
	 38		 20	 349.895	  9	 33	 11
	 39		  1	 342.143	  0	 30	  2
	 39		  2	 337.426	  0	 30	  2
	 39		  3	 319.187	  0	 30	  2
	 39		  4	 346.969	  2	 32	  3
	 39		  5	 271.549	 11	 32	  3
	 39		  6	 285.968	  0	 33	  3
	 39		  7	 332.299	  3	 30	  4
	 39		  8	 312.034	 15	 30	  4
	 39		  9	 255.874	 83	 30	  4
	 39		 10	 336.994	  1	 32	  9
	 39		 11	 252.380	  9	 32	  9
	 39		 12	 150.172	157	 32	  9
	 39		 13	 289.370	 13	 32	 10
	 39		 14	 261.001	 32	 32	 10
	 39		 15	 325.901	 14	 32	 10
	 39		 16	 351.162	  5	 32	 11
	 39		 17	 287.392	  3	 32	 11
	 39		 18	 334.098	  9	 32	 11
	 39		 19	 301.866	  4	 34	 11
	 39		 20	 278.039	  8	 32	 11
	 40		  1	 311.448	  5	 30	  2
	 40		  2	 314.877	  3	 30	  2
	 40		  3	 306.307	  8	 30	  2
	 40		  4	 339.066	  2	 32	  3
	 40		  5	 281.076	  3	 34	  3
	 40		  6	 349.465	  0	 32	  3
	 40		  7	 373.567	  0	 30	  4
	 40		  8	 282.243	  0	 30	  4
	 40		  9	 330.333	  0	 30	  4
	 40		 10	 329.314	  2	 32	  9
	 40		 11	 290.275	  9	 32	  9
	 40		 12	 336.557	 11	 32	 10
	 40		 13	 332.110	  6	 32	 10
	 40		 14	 331.895	  9	 32	 10
	 40		 15	 345.363	  2	 32	 11
	 40		 16	 310.099	  0	 32	 11
	 40		 17	 342.405	  0	 32	 11
	 40		 18	 350.559	  0	 32	 11
	 40		 19	 326.384	  0	 32	 11
	 40		 20	 318.866	  0	 32	 11
	 41		  1	 365.842	  0	 30	  2
	 41		  2	 371.667	  0	 30	  2
	 41		  3	 326.546	  0	 32	  2
	 41		  4	 374.761	  1	 32	  3
	 41		  5	 375.924	  0	 32	  3
	 41		  6	 379.402	  0	 32	  3
	 41		  7	 363.820	  0	 30	  4
	 41		  8	 368.533	  0	 30	  4
	 41		  9	 335.858	  0	 30	  4
	 41		 10	 368.041	  0	 32	  9
	 41		 11	 348.976	  3	 32	  9
	 41		 12	 364.930	  3	 32	 10
	 41		 13	 331.763	  1	 32	 10
	 41		 14	 361.713	 11	 32	 10
	 41		 15	 377.813	  1	 32	 11
	 41		 16	 291.381	  0	 32	 11
	 41		 17	 369.830	  0	 34	 11
	 41		 18	 394.142	  6	 32	 11
	 41		 19	 371.392	  2	 32	 11
	 41		 20	 368.000	  5	 34	 11
	 42		  1	 298.330	  1	 30	  2
	 42		  2	 297.725	  0	 31	  2
	 42		  3	 203.480	  3	 30	  2
	 42		  4	 351.097	  0	 32	  3
	 42		  5	 309.824	  0	 32	  3
	 42		  6	 348.006	  1	 32	  3
	 42		  7	 346.953	  0	 30	  4
	 42		  8	 368.983	  0	 32	  4
	 42		  9	 343.573	  0	 30	  4
	 42		 10	 288.771	  0	 32	  9
	 42		 11	 252.818	  0	 32	  9
	 42		 12	 270.926	  9	 32	  9
	 42		 13	 270.340	 68	 32	 10
	 42		 14	 292.565	  0	 32	 10
	 42		 15	 264.550	  1	 34	 10
	 42		 16	 321.842	 13	 32	 11
	 42		 17	 361.653	 28	 32	 11
	 42		 18	 349.585	 12	 32	 11
	 42		 19	 363.915	  0	 32	 11
	 42		 20	 348.008	 15	 34	 11
	 43		  1	 316.251	  3	 30	  2
	 43		  2	 326.424	  2	 32	  3
	 43		  3	 340.094	  0	 32	  3
	 43		  4	 330.176	  0	 30	  4
	 43		  5	 324.745	  1	 30	  4
	 43		  6	 320.231	  0	 32	  9
	 43		  7	 337.190	  0	 32	  9
	 43		  8	 324.686	  0	 32	 10
	 43		  9	 326.356	  0	 32	 10
	 43		 10	 335.434	  1	 32	 11
	 43		 11	 333.046	  0	 34	 11
	 43		 12	 300.696	  0	 32	 11
	 43		 13	 335.246	 13	 32	 12
	 43		 14	 324.533	  1	 32	 12
	 43		 15	 360.135	  0	 32	 12
	 43		 16	 308.584	  0	 34	 13
	 43		 17	 306.212	  0	 34	 13
	 43		 18	 249.633	  0	 34	 13
	 43		 19	 267.449	  0	 34	 13
	 43		 20	 346.002	  3	 34	 13
	 44		  1	 331.303	  1	 32	  2
	 44		  2	 282.970	  3	 32	  2
	 44		  3	 331.010	  0	 30	  4
	 44		  4	 334.147	  0	 30	  4
	 44		  5	 282.754	  2	 32	  9
	 44		  6	 238.523	  4	 32	  9
	 44		  7	 274.987	 26	 32	 10
	 44		  8	 304.812	 10	 32	 10
	 44		  9	 341.613	  6	 32	 11
	 44		 10	 345.712	 15	 32	 11
	 44		 11	 383.093	  7	 32	 11
	 44		 12	 372.314	  0	 32	 12
	 44		 13	 294.239	 90	 32	 12
	 44		 14	 321.860	  0	 32	 12
	 44		 15	 301.996	  2	 34	 13
	 44		 16	 330.309	 10	 34	 13
	 44		 17	 321.610	 17	 34	 13
	 44		 18	 321.977	  1	 36	 13
	 44		 19	 332.153	 10	 35	 13
	 44		 20	 294.951	  1	 34	 13
	 45		  1	 349.215	  0	 32	  2
	 45		  2	 278.848	  0	 32	  2
	 45		  3	 355.075	  0	 32	  2
	 45		  4	 346.075	  1	 30	  4
	 45		  5	 336.732	  0	 30	  4
	 45		  6	 336.081	  0	 30	  4
	 45		  7	 325.918	 23	 32	  9
	 45		  8	 345.860	  4	 32	  9
	 45		  9	 324.661	  0	 32	 10
	 45		 10	 318.259	 44	 33	 10
	 45		 11	 367.545	 10	 32	 11
	 45		 12	 358.711	  2	 32	 11
	 45		 13	 353.340	  4	 32	 11
	 45		 14	 355.608	  3	 32	 11
	 45		 15	 360.295	  1	 32	 12
	 45		 16	 332.542	  0	 32	 12
	 45		 17	 288.718	 69	 32	 12
	 45		 18	 335.276	  1	 32	 12
	 45		 19	 357.613	  0	 32	 12
	 45		 20	 347.789	  0	 33	 12
	 46		  1	 352.371	  2	 32	  2
	 46		  2	 341.193	  7	 32	  2
	 46		  3	 251.939	  0	 32	  2
	 46		  4	 347.126	  0	 30	  4
	 46		  5	 360.883	  3	 30	  4
	 46		  6	 339.821	  0	 30	  4
	 46		  7	 364.987	  9	 32	  9
	 46		  8	 328.369	  1	 32	  9
	 46		  9	 359.029	  3	 32	  9
	 46		 10	 352.567	 25	 33	 10
	 46		 11	 328.200	 27	 33	 10
	 46		 12	 322.801	 41	 33	 10
	 46		 13	 332.385	  1	 33	 12
	 46		 14	 324.014	  2	 33	 12
	 46		 15	 362.040	  0	 33	 12
	 46		 16	 328.033	  0	 33	 12
	 46		 17	 347.360	  1	 33	 12
	 46		 18	 284.568	  0	 33	 12
	 46		 19	 334.711	  1	 33	 12
	 46		 20	 334.943	  0	 33	 12
	 47		  1	 342.330	  2	 32	  2
	 47		  2	 346.395	  0	 32	  2
	 47		  3	 342.134	  3	 32	  2
	 47		  4	 370.375	  5	 30	  4
	 47		  5	 365.778	  4	 30	  4
	 47		  6	 387.386	  3	 30	  4
	 47		  7	 337.681	 28	 30	  4
	 47		  8	 368.494	  9	 32	  9
	 47		  9	 368.535	 11	 32	  9
	 47		 10	 379.405	  1	 32	  9
	 47		 11	 317.974	 37	 33	 10
	 47		 12	 247.302	 38	 33	 10
	 47		 13	 308.161	 53	 33	 10
	 47		 14	 369.679	  0	 33	 12
	 47		 15	 288.413	  1	 33	 12
	 47		 16	 377.782	  0	 33	 12
	 47		 17	 355.587	  0	 33	 12
	 47		 18	 336.071	  1	 33	 12
	 47		 19	 357.497	  0	 33	 12
	 47		 20	 333.871	  0	 33	 12
	 48		  1	 368.158	  0	 30	  2
	 48		  2	 331.063	  0	 30	  2
	 48		  3	 354.596	  1	 30	  2
	 48		  4	 367.149	  1	 30	  4
	 48		  5	 369.837	  1	 30	  4
	 48		  6	 367.776	  0	 30	  4
	 48		  7	 351.274	  0	 30	  4
	 48		  8	 378.782	  3	 32	  9
	 48		  9	 376.164	  0	 32	  9
	 48		 10	 378.668	  0	 32	  9
	 48		 11	 383.187	  0	 32	  9
	 48		 12	 342.793	 37	 33	 10
	 48		 13	 355.241	 12	 33	 10
	 48		 14	 346.389	 33	 33	 10
	 48		 15	 356.311	  0	 33	 12
	 48		 16	 361.594	  0	 33	 12
	 48		 17	 377.892	  0	 33	 12
	 48		 18	 363.417	  3	 33	 12
	 48		 19	 359.267	  0	 33	 12
	 48		 20	 316.897	  0	 33	 12
	 49		  1	 383.327	  0	 30	  2
	 49		  2	 387.215	  2	 30	  2
	 49		  3	 334.210	  2	 30	  2
	 49		  4	 361.705	 12	 30	  4
	 49		  5	 325.209	  0	 30	  4
	 49		  6	 385.245	  0	 30	  4
	 49		  7	 352.708	  2	 32	  9
	 49		  8	 364.194	  9	 32	  9
	 49		  9	 356.220	  0	 32	  9
	 49		 10	 348.425	  0	 32	  9
	 49		 11	 331.177	  6	 33	 10
	 49		 12	 358.354	 11	 35	 10
	 49		 13	 310.304	 12	 33	 10
	 49		 14	 359.107	  0	 33	 12
	 49		 15	 376.764	  0	 34	 12
	 49		 16	 344.835	  0	 33	 12
	 49		 17	 361.407	  0	 33	 12
	 49		 18	 317.327	  0	 33	 12
	 49		 19	 375.615	  0	 33	 12
	 49		 20	 359.109	  0	 33	 12
	 50		  1	 371.823	  0	 30	  2
	 50		  2	 364.866	  5	 30	  2
	 50		  3	 354.472	  0	 30	  2
	 50		  4	 356.764	  0	 30	  2
	 50		  5	 381.002	  5	 32	  9
	 50		  6	 378.784	  4	 32	  9
	 50		  7	 302.438	  5	 32	  9
	 50		  8	 329.979	  0	 32	  9
	 50		  9	 361.450	 16	 35	 10
	 50		 10	 343.197	 13	 35	 10
	 50		 11	 339.237	 10	 35	 10
	 50		 12	 378.886	 13	 35	 10
	 50		 13	 350.075	  0	 34	 12
	 50		 14	 343.485	  1	 34	 12
	 50		 15	 351.511	  0	 34	 12
	 50		 16	 343.885	  0	 35	 12
	 50		 17	 339.230	  0	 34	 12
	 50		 18	 360.849	  0	 34	 12
	 50		 19	 345.468	  2	 34	 12
	 50		 20	 351.063	  0	 34	 12
	 51		  1	 389.011	  0	 30	  2
	 51		  2	 368.480	  0	 30	  2
	 51		  3	 266.340	 76	 31	  2
	 51		  4	 360.372	  0	 30	  2
	 51		  5	 392.004	  1	 32	  9
	 51		  6	 344.752	  9	 32	  9
	 51		  7	 334.603	 10	 33	  9
	 51		  8	 278.791	  2	 33	  9
	 51		  9	 379.186	 18	 35	 10
	 51		 10	 333.233	 20	 35	 10
	 51		 11	 312.978	  7	 35	 10
	 51		 12	 345.158	 39	 35	 10
	 51		 13	 381.144	  0	 34	 12
	 51		 14	 362.695	  0	 36	 12
	 51		 15	 383.522	  0	 34	 12
	 51		 16	 360.472	  0	 34	 12
	 51		 17	 357.737	  4	 34	 12
	 51		 18	 351.212	  0	 35	 12
	 51		 19	 354.978	  0	 34	 12
	 51		 20	 359.756	  0	 35	 12
	 52		  1	 332.673	  0	 30	  2
	 52		  2	 354.165	  0	 30	  2
	 52		  3	 370.639	  0	 30	  2
	 52		  4	 373.211	  0	 30	  2
	 52		  5	 385.395	  4	 32	  9
	 52		  6	 369.395	  2	 32	  9
	 52		  7	 373.143	 19	 32	  9
	 52		  8	 363.419	 14	 32	  9
	 52		  9	 363.089	 10	 35	 10
	 52		 10	 345.614	 30	 35	 10
	 52		 11	 322.474	 48	 35	 10
	 52		 12	 369.367	  8	 35	 10
	 52		 13	 348.119	  2	 34	 12
	 52		 14	 360.000	  0	 34	 12
	 52		 15	 331.620	  0	 34	 12
	 52		 16	 371.946	  0	 34	 12
	 52		 17	 361.655	  8	 34	 12
	 52		 18	 360.388	  4	 34	 12
	 52		 19	 348.107	  1	 34	 12
	 52		 20	 330.403	  8	 35	 12
	 53		  1	 358.027	  0	 30	  2
	 53		  2	 358.351	  0	 30	  2
	 53		  3	 351.668	  0	 30	  2
	 53		  4	 356.288	  0	 30	  2
	 53		  5	 360.965	 14	 32	  9
	 53		  6	 323.875	 11	 32	  9
	 53		  7	 386.128	  4	 32	  9
	 53		  8	 387.953	  3	 32	  9
	 53		  9	 376.386	  2	 32	  9
	 53		 10	 308.098	 89	 35	 10
	 53		 11	 343.858	  5	 35	 10
	 53		 12	 282.366	133	 35	 10
	 53		 13	 342.288	 14	 35	 10
	 53		 14	 361.794	  3	 34	 12
	 53		 15	 344.070	  2	 34	 12
	 53		 16	 374.338	  0	 34	 12
	 53		 17	 374.168	  0	 34	 12
	 53		 18	 319.172	 53	 35	 12
	 53		 19	 332.620	  0	 34	 12
	 53		 20	 364.523	  0	 34	 12
	 54		  1	 357.966	  0	 30	  2
	 54		  2	 362.418	  0	 30	  2
	 54		  3	 365.851	  0	 30	  2
	 54		  4	 357.085	  0	 30	  2
	 54		  5	 378.300	  0	 30	  2
	 54		  6	 375.150	  2	 32	  9
	 54		  7	 366.311	  8	 32	  9
	 54		  8	 378.375	  0	 32	  9
	 54		  9	 387.945	  0	 32	  9
	 54		 10	 379.701	  1	 32	  9
	 54		 11	 338.102	  5	 35	 10
	 54		 12	 329.819	  1	 35	 10
	 54		 13	 328.379	 13	 35	 10
	 54		 14	 368.264	  7	 35	 10
	 54		 15	 391.262	  0	 34	 12
	 54		 16	 361.787	  0	 34	 12
	 54		 17	 378.314	  0	 34	 12
	 54		 18	 371.593	  0	 34	 12
	 54		 19	 349.730	  0	 34	 12
	 54		 20	 368.165	  0	 34	 12
	 55		  1	 350.011	  0	 30	  2
	 55		  2	 334.905	  0	 30	  2
	 55		  3	 337.855	  0	 30	  2
	 55		  4	 332.910	  0	 30	  2
	 55		  5	 342.048	  0	 30	  2
	 55		  6	 390.987	  0	 32	  9
	 55		  7	 380.122	  3	 32	  9
	 55		  8	 364.979	  4	 32	  9
	 55		  9	 346.469	  0	 32	  9
	 55		 10	 385.947	  1	 32	  9
	 55		 11	 322.175	  3	 35	 10
	 55		 12	 332.412	  8	 35	 10
	 55		 13	 359.581	 14	 35	 10
	 55		 14	 372.379	  9	 35	 10
	 55		 15	 351.502	  1	 34	 12
	 55		 16	 354.845	  3	 34	 12
	 55		 17	 364.485	  3	 34	 12
	 55		 18	 357.837	  0	 34	 12
	 55		 19	 359.784	  0	 34	 12
	 55		 20	 335.200	 14	 34	 12
	 56		  1	 367.315	  0	 30	  2
	 56		  2	 366.362	  0	 30	  2
	 56		  3	 352.291	  0	 30	  2
	 56		  4	 357.778	  0	 30	  2
	 56		  5	 380.768	  2	 32	  9
	 56		  6	 338.899	  6	 32	  9
	 56		  7	 373.238	  0	 32	  9
	 56		  8	 384.249	  1	 32	  9
	 56		  9	 377.680	  2	 32	  9
	 56		 10	 374.167	  7	 35	 10
	 56		 11	 368.389	 14	 35	 10
	 56		 12	 387.578	  4	 35	 10
	 56		 13	 351.163	  7	 35	 10
	 56		 14	 365.696	  1	 34	 12
	 56		 15	 377.447	  0	 34	 12
	 56		 16	 347.137	  0	 34	 12
	 56		 17	 352.382	  1	 34	 12
	 56		 18	 378.558	  0	 34	 12
	 56		 19	 355.382	  0	 34	 12
	 56		 20	 360.462	  0	 34	 12
	 57		  1	 359.314	  0	 30	  2
	 57		  2	 314.166	  0	 30	  2
	 57		  3	 360.162	  0	 30	  2
	 57		  4	 369.226	  1	 30	  2
	 57		  5	 386.269	  6	 32	  9
	 57		  6	 387.346	  0	 34	  9
	 57		  7	 352.287	  2	 32	  9
	 57		  8	 333.769	  2	 32	  9
	 57		  9	 377.439	  0	 32	  9
	 57		 10	 327.771	  2	 35	 10
	 57		 11	 360.869	 17	 35	 10
	 57		 12	 286.721	  5	 35	 10
	 57		 13	 349.942	 23	 35	 10
	 57		 14	 365.540	  9	 37	 10
	 57		 15	 356.865	  0	 34	 12
	 57		 16	 348.555	  0	 34	 12
	 57		 17	 356.056	  0	 34	 12
	 57		 18	 357.535	  0	 34	 12
	 57		 19	 345.492	  0	 34	 12
	 57		 20	 354.276	  0	 34	 12
	 58		  1	 375.838	  0	 30	  2
	 58		  2	 359.589	  5	 30	  2
	 58		  3	 369.524	  1	 30	  2
	 58		  4	 371.563	  0	 32	  9
	 58		  5	 372.866	  0	 32	  9
	 58		  6	 351.347	  0	 32	  9
	 58		  7	 358.709	 20	 35	 10
	 58		  8	 294.127	  0	 35	 10
	 58		  9	 359.877	  0	 34	 12
	 58		 10	 350.784	  0	 34	 12
	 58		 11	 360.605	  0	 34	 12
	 58		 12	 368.392	  0	 34	 14
	 58		 13	 339.976	  2	 34	 14
	 58		 14	 373.060	  0	 34	 14
	 58		 15	 355.985	  0	 34	 14
	 58		 16	 384.448	 10	 37	 15
	 58		 17	 323.521	  5	 37	 15
	 58		 18	 336.797	  4	 37	 15
	 58		 19	 370.713	  7	 37	 15
	 58		 20	 382.800	  4	 37	 15
	 59		  1	 359.839	  0	 30	  2
	 59		  2	 328.222	  0	 30	  2
	 59		  3	 366.623	  0	 30	  2
	 59		  4	 382.562	  0	 32	  9
	 59		  5	 361.859	  3	 32	  9
	 59		  6	 370.074	  0	 32	  9
	 59		  7	 380.897	  7	 37	 10
	 59		  8	 370.689	  8	 37	 10
	 59		  9	 386.960	  0	 34	 12
	 59		 10	 371.777	  6	 34	 12
	 59		 11	 369.430	  0	 34	 12
	 59		 12	 374.306	  7	 34	 14
	 59		 13	 372.647	  7	 35	 14
	 59		 14	 383.836	  0	 37	 14
	 59		 15	 379.361	 15	 37	 15
	 59		 16	 375.082	 22	 37	 15
	 59		 17	 391.870	 11	 37	 15
	 59		 18	 369.143	 24	 37	 15
	 59		 19	 366.332	 26	 38	 15
	 59		 20	 364.716	 14	 37	 15
	 60		  1	 370.731	  0	 30	  2
	 60		  2	 374.730	  2	 30	  2
	 60		  3	 341.571	 28	 33	  2
	 60		  4	 385.117	  0	 32	  9
	 60		  5	 380.079	  1	 32	  9
	 60		  6	 356.095	  0	 32	  9
	 60		  7	 351.499	 23	 37	 10
	 60		  8	 304.690	 27	 37	 10
	 60		  9	 366.646	 27	 37	 10
	 60		 10	 368.082	  2	 34	 12
	 60		 11	 376.000	  3	 34	 12
	 60		 12	 382.483	  0	 34	 12
	 60		 13	 387.687	  4	 37	 14
	 60		 14	 373.195	  0	 37	 14
	 60		 15	 380.009	  0	 37	 14
	 60		 16	 382.163	  0	 37	 14
	 60		 17	 362.427	  0	 37	 14
	 60		 18	 283.533	  4	 37	 14
	 60		 19	 374.237	  3	 37	 14
	 60		 20	 377.398	  6	 37	 14
	 61		  1	 380.700	  0	 30	  2
	 61		  2	 365.924	  0	 30	  2
	 61		  3	 368.747	  0	 30	  2
	 61		  4	 378.859	  1	 32	  9
	 61		  5	 384.168	  0	 32	  9
	 61		  6	 289.352	  0	 32	  9
	 61		  7	 362.896	 17	 37	 10
	 61		  8	 371.949	 22	 37	 10
	 61		  9	 357.876	 21	 37	 10
	 61		 10	 362.831	  0	 34	 12
	 61		 11	 360.881	  0	 34	 12
	 61		 12	 354.939	  0	 34	 12
	 61		 13	 385.606	  0	 37	 14
	 61		 14	 357.531	  1	 37	 14
	 61		 15	 358.371	  0	 37	 14
	 61		 16	 300.459	  6	 38	 14
	 61		 17	 388.235	  3	 37	 14
	 61		 18	 378.592	  7	 37	 14
	 61		 19	 391.671	  0	 37	 14
	 61		 20	 385.944	  2	 37	 14
	 62		  1	 358.397	  3	 30	  2
	 62		  2	 325.513	 44	 30	  2
	 62		  3	 366.325	  1	 32	  2
	 62		  4	 380.230	  2	 32	  9
	 62		  5	 352.770	  4	 32	  9
	 62		  6	 343.989	  0	 32	  9
	 62		  7	 362.897	 14	 37	 10
	 62		  8	 390.740	 10	 37	 10
	 62		  9	 368.344	 18	 37	 10
	 62		 10	 346.721	  0	 34	 12
	 62		 11	 341.955	  1	 34	 12
	 62		 12	 362.884	  0	 34	 12
	 62		 13	 368.395	  0	 37	 14
	 62		 14	 362.914	  0	 37	 14
	 62		 15	 386.692	  1	 37	 14
	 62		 16	 364.893	  0	 37	 14
	 62		 17	 364.165	  0	 37	 14
	 62		 18	 377.063	  3	 37	 14
	 62		 19	 338.442	  0	 37	 14
	 62		 20	 385.862	  0	 37	 14
	 63		  1	 381.294	  0	 32	  2
	 63		  2	 344.099	  0	 32	  2
	 63		  3	 378.125	  1	 32	  2
	 63		  4	 381.964	  3	 32	  9
	 63		  5	 366.263	  8	 32	  9
	 63		  6	 372.651	  0	 32	  9
	 63		  7	 383.966	  2	 37	 10
	 63		  8	 341.894	 30	 37	 10
	 63		  9	 347.087	 32	 37	 10
	 63		 10	 362.778	  0	 34	 12
	 63		 11	 352.279	  5	 34	 12
	 63		 12	 368.403	  4	 34	 12
	 63		 13	 373.184	  1	 37	 14
	 63		 14	 363.173	  0	 37	 14
	 63		 15	 385.381	  0	 37	 14
	 63		 16	 370.226	  0	 37	 14
	 63		 17	 387.284	  4	 37	 14
	 63		 18	 347.117	  0	 37	 14
	 63		 19	 377.133	  0	 37	 14
	 63		 20	 364.964	  1	 37	 14
	 64		  1	 369.893	  2	 32	  2
	 64		  2	 356.073	  2	 32	  2
	 64		  3	 351.268	  3	 32	  2
	 64		  4	 385.544	  2	 32	  9
	 64		  5	 394.295	  0	 32	  9
	 64		  6	 353.929	  0	 32	  9
	 64		  7	 358.988	 22	 37	 10
	 64		  8	 350.465	 36	 37	 10
	 64		  9	 395.252	  9	 38	 10
	 64		 10	 372.558	  1	 34	 12
	 64		 11	 367.132	  3	 34	 12
	 64		 12	 355.882	  2	 35	 12
	 64		 13	 395.491	  3	 37	 14
	 64		 14	 377.975	  4	 37	 14
	 64		 15	 401.660	  4	 37	 14
	 64		 16	 398.393	  1	 37	 14
	 64		 17	 394.700	  3	 37	 14
	 64		 18	 371.432	  1	 37	 14
	 64		 19	 361.974	  0	 37	 14
	 64		 20	 388.641	  2	 37	 14
	 65		  1	 366.052	  1	 32	  2
	 65		  2	 340.432	 25	 32	  2
	 65		  3	 345.719	  0	 32	  2
	 65		  4	 385.827	  1	 32	  9
	 65		  5	 363.254	  4	 32	  9
	 65		  6	 380.931	  4	 32	  9
	 65		  7	 386.379	 13	 38	 10
	 65		  8	 374.003	 19	 38	 10
	 65		  9	 380.623	 22	 38	 10
	 65		 10	 371.537	  1	 34	 12
	 65		 11	 352.342	  6	 34	 12
	 65		 12	 367.265	  0	 34	 12
	 65		 13	 385.488	  2	 37	 14
	 65		 14	 392.279	  3	 37	 14
	 65		 15	 400.743	  0	 37	 14
	 65		 16	 387.159	  2	 37	 14
	 65		 17	 385.244	  1	 37	 14
	 65		 18	 359.480	  0	 37	 14
	 65		 19	 388.424	  0	 37	 14
	 65		 20	 405.920	  3	 37	 14
	 66		  1	 354.905	  2	 32	  2
	 66		  2	 359.123	  0	 32	  2
	 66		  3	 374.682	  0	 32	  2
	 66		  4	 389.662	  0	 32	  9
	 66		  5	 404.149	  1	 32	  9
	 66		  6	 386.550	  0	 32	  9
	 66		  7	 386.162	  7	 38	 10
	 66		  8	 385.359	 13	 38	 10
	 66		  9	 404.811	  9	 38	 10
	 66		 10	 367.049	  0	 34	 12
	 66		 11	 385.340	  2	 34	 12
	 66		 12	 357.277	  4	 34	 12
	 66		 13	 404.482	  0	 37	 14
	 66		 14	 398.603	  0	 37	 14
	 66		 15	 401.958	  1	 39	 14
	 66		 16	 390.412	  2	 37	 14
	 66		 17	 395.214	  0	 37	 14
	 66		 18	 406.492	  0	 37	 14
	 66		 19	 380.770	  7	 37	 14
	 66		 20	 408.279	  0	 37	 14
	 67		  1	 302.652	 14	 32	  2
	 67		  2	 372.818	  2	 32	  2
	 67		  3	 275.817	 62	 32	  2
	 67		  4	 380.953	  7	 32	  9
	 67		  5	 348.722	  2	 32	  9
	 67		  6	 390.956	  5	 32	  9
	 67		  7	 398.145	  9	 38	 10
	 67		  8	 386.416	  8	 38	 10
	 67		  9	 412.657	  0	 38	 10
	 67		 10	 366.084	  0	 34	 12
	 67		 11	 379.769	  4	 34	 12
	 67		 12	 378.375	  0	 34	 12
	 67		 13	 402.520	  1	 37	 14
	 67		 14	 393.444	  0	 37	 14
	 67		 15	 390.628	  0	 37	 14
	 67		 16	 401.334	  7	 37	 14
	 67		 17	 384.217	  4	 37	 14
	 67		 18	 413.375	  0	 37	 14
	 67		 19	 401.845	  0	 37	 14
	 67		 20	 388.893	  0	 37	 14
	 68		  1	 382.761	  2	 32	  9
	 68		  2	 356.879	 10	 32	  9
	 68		  3	 375.656	  9	 32	  9
	 68		  4	 373.802	 12	 32	  9
	 68		  5	 388.945	  0	 38	 10
	 68		  6	 360.841	  0	 38	 10
	 68		  7	 107.499	  0	 38	 10
	 68		  8	 369.270	  7	 38	 10
	 68		  9	 366.009	  1	 38	 10
	 68		 10	 378.602	  0	 34	 12
	 68		 11	 363.865	  0	 34	 12
	 68		 12	 350.706	  0	 34	 12
	 68		 13	 370.686	  1	 34	 12
	 68		 14	 400.092	  3	 37	 14
	 68		 15	 404.125	  3	 37	 14
	 68		 16	 364.055	  2	 37	 14
	 68		 17	 395.488	  0	 38	 14
	 68		 18	 397.410	  5	 37	 14
	 68		 19	 396.158	  3	 37	 14
	 68		 20	 340.269	  0	 37	 14
	 69		  1	 390.919	  6	 32	  9
	 69		  2	 353.504	  3	 32	  9
	 69		  3	 365.972	 16	 33	  9
	 69		  4	 393.021	  0	 32	  9
	 69		  5	 376.491	  7	 32	  9
	 69		  6	 397.380	  0	 38	 10
	 69		  7	 267.978	  0	 38	 10
	 69		  8	 390.537	  2	 38	 10
	 69		  9	 394.678	  4	 38	 10
	 69		 10	 366.175	  2	 34	 12
	 69		 11	 382.083	  2	 34	 12
	 69		 12	 407.281	  0	 34	 12
	 69		 13	 388.609	  0	 34	 12
	 69		 14	 365.695	  2	 34	 12
	 69		 15	 390.132	  5	 37	 14
	 69		 16	 409.668	  1	 38	 14
	 69		 17	 403.237	  1	 37	 14
	 69		 18	 375.549	  0	 37	 14
	 69		 19	 400.859	  3	 37	 14
	 69		 20	 384.240	  0	 37	 14
	 70		  1	 355.234	  4	 32	  9
	 70		  2	 336.272	 18	 34	  9
	 70		  3	 323.956	  5	 32	  9
	 70		  4	 357.784	  6	 32	  9
	 70		  5	 383.836	  3	 38	 10
	 70		  6	 391.810	  0	 38	 10
	 70		  7	 397.280	  0	 38	 10
	 70		  8	 381.107	  6	 38	 10
	 70		  9	 381.508	  0	 34	 12
	 70		 10	 358.991	  1	 34	 12
	 70		 11	 347.101	  0	 34	 12
	 70		 12	 377.073	  2	 34	 12
	 70		 13	 353.284	  2	 34	 12
	 70		 14	 394.852	  1	 38	 14
	 70		 15	 395.846	  0	 38	 14
	 70		 16	 357.633	  1	 38	 14
	 70		 17	 394.648	  0	 38	 14
	 70		 18	 387.569	  8	 39	 14
	 70		 19	 382.084	  0	 38	 14
	 70		 20	 361.968	  0	 38	 14
	 71		  1	 395.105	  1	 32	  9
	 71		  2	 378.858	  3	 32	  9
	 71		  3	 384.188	 10	 32	  9
	 71		  4	 383.800	  0	 38	 10
	 71		  5	 356.309	  2	 38	 10
	 71		  6	 392.230	  0	 38	 10
	 71		  7	 353.623	  0	 38	 10
	 71		  8	 380.996	  0	 34	 12
	 71		  9	 373.909	  0	 34	 12
	 71		 10	 391.510	  0	 35	 12
	 71		 11	 403.041	  6	 38	 14
	 71		 12	 401.906	  0	 38	 14
	 71		 13	 405.438	  2	 39	 14
	 71		 14	 401.386	  6	 38	 14
	 71		 15	 401.075	  4	 34	 16
	 71		 16	 382.851	  5	 34	 16
	 71		 17	 392.517	  4	 34	 16
	 71		 18	 388.082	  1	 34	 16
	 71		 19	 380.642	  0	 34	 16
	 71		 20	 394.115	  5	 34	 16
	 72		  1	 380.774	  2	 32	  9
	 72		  2	 380.032	  9	 32	  9
	 72		  3	 372.851	 12	 32	  9
	 72		  4	 385.942	  0	 38	 10
	 72		  5	 386.303	  2	 38	 10
	 72		  6	 261.387	  0	 38	 10
	 72		  7	 383.859	  0	 35	 12
	 72		  8	 379.598	  0	 35	 12
	 72		  9	 397.610	  0	 35	 12
	 72		 10	 404.172	  3	 39	 14
	 72		 11	 394.558	  0	 39	 14
	 72		 12	 401.040	  7	 39	 14
	 72		 13	 411.044	  3	 39	 14
	 72		 14	 390.147	  4	 34	 16
	 72		 15	 366.555	  0	 34	 16
	 72		 16	 333.497	  4	 34	 16
	 72		 17	 354.169	  7	 35	 16
	 72		 18	 339.341	  3	 34	 16
	 72		 19	 367.723	  9	 34	 16
	 72		 20	 360.611	  0	 36	 16
	 73		  1	 389.169	  3	 32	  9
	 73		  2	 384.810	  3	 33	  9
	 73		  3	 363.838	  0	 32	  9
	 73		  4	 390.210	  0	 38	 10
	 73		  5	 389.061	  5	 38	 10
	 73		  6	 385.277	  1	 35	 12
	 73		  7	 384.027	  2	 35	 12
	 73		  8	 361.416	  5	 35	 12
	 73		  9	 400.280	  6	 39	 14
	 73		 10	 395.983	  0	 39	 14
	 73		 11	 379.842	  4	 39	 14
	 73		 12	 391.029	  4	 34	 16
	 73		 13	 378.649	  6	 34	 16
	 73		 14	 382.297	  1	 34	 16
	 73		 15	 369.613	  0	 36	 17
	 73		 16	 373.520	  7	 36	 17
	 73		 17	 371.213	  0	 36	 17
	 73		 18	 373.197	  1	 38	 17
	 73		 19	 352.824	  0	 36	 17
	 73		 20	 380.643	  0	 36	 17
	 74		  1	 376.363	 11	 32	  9
	 74		  2	 357.900	  7	 32	  9
	 74		  3	 360.293	  0	 32	  9
	 74		  4	 382.941	  4	 38	 10
	 74		  5	 324.090	  0	 38	 10
	 74		  6	 383.395	  3	 38	 10
	 74		  7	 373.180	  2	 35	 12
	 74		  8	 369.685	 11	 35	 12
	 74		  9	 368.992	  3	 35	 12
	 74		 10	 395.726	  1	 39	 14
	 74		 11	 395.497	  0	 39	 14
	 74		 12	 389.166	  1	 39	 14
	 74		 13	 387.748	  7	 34	 16
	 74		 14	 384.505	  7	 34	 16
	 74		 15	 372.619	 18	 35	 16
	 74		 16	 354.328	  0	 36	 17
	 74		 17	 357.334	  0	 36	 17
	 74		 18	 312.762	  0	 36	 17
	 74		 19	 342.579	  5	 36	 17
	 74		 20	 324.953	  0	 36	 17
	 75		  1	 363.073	  6	 32	  9
	 75		  2	 372.558	  6	 32	  9
	 75		  3	 352.341	 14	 32	  9
	 75		  4	 377.805	  0	 38	 10
	 75		  5	 381.357	  0	 38	 10
	 75		  6	 345.744	  0	 38	 10
	 75		  7	 380.571	  4	 35	 12
	 75		  8	 362.829	  3	 35	 12
	 75		  9	 368.923	  0	 36	 12
	 75		 10	 386.534	  3	 39	 14
	 75		 11	 381.435	  4	 39	 14
	 75		 12	 396.641	  2	 39	 14
	 75		 13	 395.043	  2	 39	 14
	 75		 14	 344.876	  0	 36	 17
	 75		 15	 315.927	  0	 36	 17
	 75		 16	 342.189	  0	 36	 17
	 75		 17	 340.069	  0	 36	 17
	 75		 18	 343.851	  0	 36	 17
	 75		 19	 335.280	  0	 36	 17
	 75		 20	 346.075	  0	 36	 17
	 76		  1	 384.842	  4	 32	  9
	 76		  2	 386.905	  6	 32	  9
	 76		  3	 392.292	  2	 32	  9
	 76		  4	 391.573	  1	 38	 10
	 76		  5	 266.536	 87	 38	 10
	 76		  6	 369.840	  0	 38	 10
	 76		  7	 382.259	  0	 35	 12
	 76		  8	 379.460	  0	 35	 12
	 76		  9	 369.738	  4	 35	 12
	 76		 10	 407.717	  0	 39	 14
	 76		 11	 399.136	  2	 39	 14
	 76		 12	 403.316	  2	 39	 14
	 76		 13	 390.288	  4	 39	 14
	 76		 14	 381.144	  0	 36	 17
	 76		 15	 379.252	  1	 36	 17
	 76		 16	 361.473	  0	 36	 17
	 76		 17	 349.090	  7	 37	 17
	 76		 18	 367.494	  0	 36	 17
	 76		 19	 347.131	  5	 36	 17
	 76		 20	 261.103	  0	 36	 17
