# Evoluation started on 2016/11/18 14:22:41
# Generation	   Individual 	   Fitness 	 SecondFitness 	  Size		SpecieID
	  0		  1	 156.998	  0	 26	 -1
	  0		  2	 170.719	 85	 26	 -1
	  0		  3	 232.565	  0	 26	 -1
	  0		  4	 218.821	  0	 26	 -1
	  0		  5	 120.904	 16	 26	 -1
	  0		  6	 304.206	  0	 26	 -1
	  0		  7	 179.248	 61	 26	 -1
	  0		  8	 108.077	  0	 26	 -1
	  0		  9	 164.356	170	 26	 -1
	  0		 10	 121.175	  0	 26	 -1
	  0		 11	 100.155	  0	 26	 -1
	  0		 12	 144.381	  3	 26	 -1
	  0		 13	  71.679	341	 26	 -1
	  0		 14	  53.559	 51	 26	 -1
	  0		 15	 180.316	 40	 26	 -1
	  0		 16	 200.392	  0	 26	 -1
	  0		 17	 282.351	  0	 26	 -1
	  0		 18	 175.832	 94	 26	 -1
	  0		 19	 170.769	  0	 26	 -1
	  0		 20	 287.122	 22	 26	 -1
	  1		  1	 200.207	 83	 26	  1
	  1		  2	 152.342	  0	 26	  1
	  1		  3	 110.495	306	 26	  1
	  1		  4	 183.118	170	 26	  1
	  1		  5	 256.581	 23	 26	  1
	  1		  6	 117.270	  0	 26	  1
	  1		  7	 262.493	  0	 26	  1
	  1		  8	 151.708	265	 26	  1
	  1		  9	  88.807	338	 26	  1
	  1		 10	  54.187	425	 26	  1
	  1		 11	  99.507	328	 26	  1
	  1		 12	 246.178	115	 26	  1
	  1		 13	  77.973	304	 28	  1
	  1		 14	 119.342	263	 26	  1
	  1		 15	 286.294	 18	 26	  1
	  1		 16	 118.917	173	 26	  1
	  1		 17	 284.196	 25	 26	  1
	  1		 18	 151.788	221	 26	  1
	  1		 19	 123.665	  0	 26	  1
	  1		 20	 196.382	178	 26	  1
	  2		  1	 302.214	  0	 26	  1
	  2		  2	 296.826	  0	 26	  1
	  2		  3	 266.266	 17	 26	  1
	  2		  4	 230.252	 95	 26	  1
	  2		  5	 302.784	  0	 26	  1
	  2		  6	 305.499	 12	 26	  1
	  2		  7	 307.640	 10	 26	  1
	  2		  8	 112.191	344	 26	  1
	  2		  9	 258.973	  0	 26	  1
	  2		 10	 305.544	  2	 26	  1
	  2		 11	 292.444	  0	 26	  1
	  2		 12	 191.956	  0	 26	  1
	  2		 13	 275.694	  0	 26	  1
	  2		 14	  60.179	314	 28	  2
	  2		 15	 189.052	160	 30	  2
	  2		 16	 242.905	  0	 28	  2
	  2		 17	 111.052	140	 28	  2
	  2		 18	 261.582	  0	 28	  2
	  2		 19	 245.085	  0	 28	  2
	  2		 20	  81.713	341	 28	  2
	  3		  1	 249.625	123	 26	  1
	  3		  2	 258.961	108	 26	  1
	  3		  3	 282.251	 59	 26	  1
	  3		  4	 216.851	181	 26	  1
	  3		  5	 206.039	189	 26	  1
	  3		  6	 288.945	 15	 26	  1
	  3		  7	 262.683	 39	 26	  1
	  3		  8	 206.836	193	 26	  1
	  3		  9	 253.682	  1	 28	  2
	  3		 10	 230.909	  0	 28	  2
	  3		 11	 260.147	  6	 28	  2
	  3		 12	 266.665	  1	 28	  2
	  3		 13	 189.728	 91	 28	  2
	  3		 14	 211.100	107	 30	  3
	  3		 15	  90.402	126	 30	  3
	  3		 16	  67.627	344	 30	  3
	  3		 17	 288.912	  6	 30	  3
	  3		 18	 207.156	 89	 30	  3
	  3		 19	 113.703	174	 30	  3
	  3		 20	  51.633	356	 30	  3
	  4		  1	 302.500	  0	 26	  1
	  4		  2	 313.217	  3	 26	  1
	  4		  3	 303.630	  0	 26	  1
	  4		  4	 288.357	  0	 26	  1
	  4		  5	 282.460	  0	 26	  1
	  4		  6	 249.478	  0	 26	  1
	  4		  7	 309.281	  2	 26	  1
	  4		  8	 269.465	  0	 28	  2
	  4		  9	 275.821	  0	 28	  2
	  4		 10	  37.053	418	 28	  2
	  4		 11	 221.567	  0	 28	  2
	  4		 12	 313.216	  0	 28	  2
	  4		 13	 249.951	  0	 28	  2
	  4		 14	 244.341	  0	 28	  2
	  4		 15	 298.178	  0	 30	  3
	  4		 16	 276.333	 86	 30	  3
	  4		 17	 251.254	  0	 30	  3
	  4		 18	 310.427	  0	 30	  3
	  4		 19	 260.581	  0	 32	  3
	  4		 20	 283.580	  0	 30	  3
	  5		  1	 289.888	  3	 26	  1
	  5		  2	 165.416	217	 26	  1
	  5		  3	 258.469	  0	 26	  1
	  5		  4	 272.291	  0	 26	  1
	  5		  5	 184.951	187	 26	  1
	  5		  6	 282.984	  0	 28	  2
	  5		  7	 269.528	  0	 28	  2
	  5		  8	 271.825	  0	 28	  2
	  5		  9	 262.934	  0	 28	  2
	  5		 10	 284.926	  0	 30	  3
	  5		 11	 271.471	  1	 30	  3
	  5		 12	 122.900	 43	 30	  3
	  5		 13	 271.425	  0	 30	  3
	  5		 14	 275.804	  0	 30	  3
	  5		 15	 243.005	  0	 32	  4
	  5		 16	 231.052	  0	 32	  4
	  5		 17	 295.631	  3	 32	  4
	  5		 18	 251.734	  0	 32	  4
	  5		 19	 250.261	  0	 32	  4
	  5		 20	 228.555	  0	 32	  4
	  6		  1	 203.569	179	 26	  1
	  6		  2	 307.166	  7	 26	  1
	  6		  3	 247.728	 98	 26	  1
	  6		  4	 297.240	  8	 26	  1
	  6		  5	 286.491	  0	 28	  2
	  6		  6	 226.915	 94	 28	  2
	  6		  7	 148.855	282	 28	  2
	  6		  8	  57.757	416	 28	  2
	  6		  9	 278.344	  0	 28	  2
	  6		 10	 291.368	  5	 30	  3
	  6		 11	 300.620	  7	 32	  3
	  6		 12	 284.739	  4	 30	  3
	  6		 13	 282.550	  2	 30	  3
	  6		 14	 305.403	  9	 32	  4
	  6		 15	 266.421	  9	 32	  4
	  6		 16	 195.161	170	 32	  4
	  6		 17	 292.565	  4	 32	  4
	  6		 18	 304.401	 11	 32	  4
	  6		 19	 269.080	 19	 32	  4
	  6		 20	 287.845	  6	 32	  4
	  7		  1	 312.931	  5	 26	  1
	  7		  2	 294.584	  4	 26	  1
	  7		  3	 298.251	  4	 26	  1
	  7		  4	 301.365	  3	 28	  2
	  7		  5	 247.304	  5	 28	  2
	  7		  6	 109.126	225	 28	  2
	  7		  7	 297.861	  4	 30	  3
	  7		  8	 227.617	  3	 30	  3
	  7		  9	 242.352	117	 30	  3
	  7		 10	 305.665	  3	 30	  3
	  7		 11	 324.383	 14	 32	  4
	  7		 12	 281.954	  6	 32	  4
	  7		 13	  52.475	401	 32	  4
	  7		 14	 276.851	  3	 32	  4
	  7		 15	 314.436	 12	 32	  5
	  7		 16	 317.207	 12	 32	  5
	  7		 17	 204.703	 81	 34	  5
	  7		 18	 310.037	  4	 32	  5
	  7		 19	 319.440	  6	 32	  5
	  7		 20	 303.219	 33	 32	  5
	  8		  1	 308.413	  4	 26	  1
	  8		  2	 294.080	  2	 26	  1
	  8		  3	 254.354	 93	 26	  1
	  8		  4	 235.889	  0	 26	  1
	  8		  5	 300.891	  2	 28	  2
	  8		  6	 305.781	  7	 28	  2
	  8		  7	 213.447	146	 28	  2
	  8		  8	 307.407	  2	 30	  3
	  8		  9	 304.965	  4	 30	  3
	  8		 10	 289.289	  2	 30	  3
	  8		 11	 122.961	111	 31	  3
	  8		 12	 322.287	  4	 32	  4
	  8		 13	 250.843	 70	 32	  4
	  8		 14	 134.947	277	 32	  4
	  8		 15	 314.480	  3	 32	  5
	  8		 16	 276.524	 79	 32	  5
	  8		 17	 298.274	  4	 32	  5
	  8		 18	 187.832	 15	 32	  5
	  8		 19	 318.392	  1	 33	  5
	  8		 20	 321.469	  4	 32	  5
	  9		  1	 309.477	  0	 26	  1
	  9		  2	 208.219	  0	 26	  1
	  9		  3	 322.168	  4	 26	  1
	  9		  4	 298.431	  0	 26	  1
	  9		  5	 303.680	  0	 28	  2
	  9		  6	 285.791	 19	 28	  2
	  9		  7	 320.053	  0	 28	  2
	  9		  8	 278.209	  0	 28	  2
	  9		  9	 304.690	  0	 30	  3
	  9		 10	 309.159	  0	 30	  3
	  9		 11	 317.223	  0	 30	  3
	  9		 12	 316.897	  2	 32	  4
	  9		 13	 332.988	  0	 32	  4
	  9		 14	 280.094	  0	 32	  4
	  9		 15	 318.209	  0	 32	  5
	  9		 16	 313.798	  0	 32	  5
	  9		 17	 319.004	  0	 32	  5
	  9		 18	 270.511	 85	 32	  5
	  9		 19	 224.272	  0	 32	  5
	  9		 20	 303.443	  0	 32	  5
	 10		  1	 347.207	  1	 26	  1
	 10		  2	 347.860	  2	 26	  1
	 10		  3	 343.405	  0	 26	  1
	 10		  4	 340.951	  0	 28	  2
	 10		  5	 305.563	 48	 28	  2
	 10		  6	 338.551	  0	 28	  2
	 10		  7	 334.263	  0	 30	  3
	 10		  8	 330.096	  0	 30	  3
	 10		  9	 333.363	  0	 30	  3
	 10		 10	 324.334	  0	 30	  3
	 10		 11	 351.835	  0	 32	  4
	 10		 12	 341.228	  0	 32	  4
	 10		 13	 329.617	  0	 32	  4
	 10		 14	 291.780	 86	 32	  4
	 10		 15	 339.826	  0	 32	  5
	 10		 16	 360.855	  4	 32	  5
	 10		 17	 347.687	  0	 32	  5
	 10		 18	 319.818	  0	 32	  5
	 10		 19	 335.844	  0	 32	  5
	 10		 20	 333.054	  0	 32	  5
	 11		  1	 295.251	  0	 26	  1
	 11		  2	 292.614	  0	 26	  1
	 11		  3	 147.223	  5	 26	  1
	 11		  4	 332.700	  1	 28	  2
	 11		  5	 259.119	 95	 28	  2
	 11		  6	 313.077	  0	 28	  2
	 11		  7	 223.787	135	 28	  2
	 11		  8	 328.431	  1	 30	  3
	 11		  9	 326.111	  1	 30	  3
	 11		 10	 330.052	  2	 30	  3
	 11		 11	 332.232	  3	 30	  3
	 11		 12	 338.738	  3	 32	  4
	 11		 13	 220.307	  0	 32	  4
	 11		 14	 326.805	  6	 32	  4
	 11		 15	 345.302	  1	 32	  4
	 11		 16	 333.865	 15	 32	  5
	 11		 17	 349.393	  1	 32	  5
	 11		 18	 149.703	 64	 32	  5
	 11		 19	 306.852	  0	 32	  5
	 11		 20	 297.006	 38	 32	  5
	 12		  1	 304.583	  5	 26	  1
	 12		  2	 305.867	  9	 26	  1
	 12		  3	 301.300	  0	 28	  2
	 12		  4	 109.658	315	 28	  2
	 12		  5	 184.726	166	 28	  2
	 12		  6	 302.349	  0	 30	  3
	 12		  7	 306.530	  3	 30	  3
	 12		  8	 288.522	  0	 30	  3
	 12		  9	 280.603	  0	 30	  3
	 12		 10	 312.573	  0	 32	  4
	 12		 11	 312.508	 14	 32	  4
	 12		 12	 235.325	  0	 32	  4
	 12		 13	 315.765	  1	 32	  4
	 12		 14	 315.254	  1	 32	  5
	 12		 15	 304.126	  0	 32	  5
	 12		 16	 313.749	  1	 32	  5
	 12		 17	 308.336	  0	 32	  5
	 12		 18	  95.401	111	 32	  5
	 12		 19	 301.156	 16	 32	  5
	 12		 20	 288.061	  0	 32	  5
	 13		  1	 350.257	  2	 26	  1
	 13		  2	 350.721	  5	 26	  1
	 13		  3	 349.354	  2	 26	  1
	 13		  4	 353.721	  4	 26	  1
	 13		  5	 339.206	  0	 28	  2
	 13		  6	 349.828	  0	 28	  2
	 13		  7	 345.876	  0	 30	  3
	 13		  8	 338.530	  0	 30	  3
	 13		  9	 319.629	  0	 30	  3
	 13		 10	 355.299	  0	 32	  4
	 13		 11	 336.007	  0	 32	  4
	 13		 12	 120.246	342	 32	  4
	 13		 13	 354.372	  0	 32	  4
	 13		 14	 358.987	  0	 32	  5
	 13		 15	 358.783	  0	 32	  5
	 13		 16	 104.117	174	 32	  5
	 13		 17	 361.721	  5	 32	  5
	 13		 18	 320.078	  0	 32	  5
	 13		 19	 345.111	  9	 32	  5
	 13		 20	 334.914	 15	 32	  5
	 14		  1	 353.974	  7	 26	  1
	 14		  2	 358.130	  4	 26	  1
	 14		  3	 221.653	  0	 26	  1
	 14		  4	 356.847	  6	 26	  1
	 14		  5	 347.830	  0	 28	  2
	 14		  6	 297.087	 49	 28	  2
	 14		  7	 222.675	145	 28	  2
	 14		  8	 351.258	  0	 30	  3
	 14		  9	 351.255	  0	 30	  3
	 14		 10	 350.606	  0	 31	  3
	 14		 11	 358.612	  0	 32	  4
	 14		 12	 349.918	  0	 32	  4
	 14		 13	 341.966	  0	 32	  4
	 14		 14	 366.973	  0	 32	  5
	 14		 15	 339.729	  0	 32	  5
	 14		 16	 333.288	  0	 32	  5
	 14		 17	 362.077	  0	 32	  5
	 14		 18	 270.219	114	 32	  5
	 14		 19	 338.116	 21	 32	  5
	 14		 20	 366.856	  0	 32	  5
	 15		  1	 285.626	  4	 26	  1
	 15		  2	 265.202	 10	 26	  1
	 15		  3	 314.555	  0	 26	  1
	 15		  4	 329.737	  3	 28	  2
	 15		  5	 316.174	  0	 28	  2
	 15		  6	 334.250	  0	 28	  2
	 15		  7	 331.849	  0	 30	  3
	 15		  8	 330.035	  0	 30	  3
	 15		  9	 294.200	  0	 30	  3
	 15		 10	 227.497	 79	 30	  3
	 15		 11	 343.774	  0	 32	  4
	 15		 12	 331.028	  0	 32	  4
	 15		 13	 330.837	  0	 32	  4
	 15		 14	 323.356	  0	 32	  4
	 15		 15	 346.687	  1	 32	  5
	 15		 16	 209.105	153	 32	  5
	 15		 17	 341.801	  1	 32	  5
	 15		 18	 308.237	 24	 32	  5
	 15		 19	 172.071	 19	 33	  5
	 15		 20	 288.714	 67	 32	  5
	 16		  1	 317.917	  0	 26	  1
	 16		  2	 282.878	  0	 26	  1
	 16		  3	 306.863	  0	 26	  1
	 16		  4	 343.709	  0	 28	  2
	 16		  5	 285.966	  0	 28	  2
	 16		  6	 336.079	 10	 28	  2
	 16		  7	 286.541	 78	 28	  2
	 16		  8	 341.072	  0	 30	  3
	 16		  9	 293.911	 35	 30	  3
	 16		 10	 335.861	  0	 32	  3
	 16		 11	 353.495	  0	 32	  4
	 16		 12	 277.402	107	 32	  4
	 16		 13	 332.928	  0	 32	  4
	 16		 14	 353.861	  0	 32	  4
	 16		 15	 352.062	  4	 32	  5
	 16		 16	 297.821	  0	 32	  5
	 16		 17	 353.945	  3	 32	  5
	 16		 18	 352.093	  3	 34	  5
	 16		 19	 353.311	  5	 32	  5
	 16		 20	 351.709	 11	 32	  5
	 17		  1	 305.108	  2	 26	  1
	 17		  2	 269.363	  0	 26	  1
	 17		  3	 310.399	  9	 28	  2
	 17		  4	 313.987	 11	 28	  2
	 17		  5	 267.224	 98	 30	  3
	 17		  6	 256.216	108	 30	  3
	 17		  7	 333.478	  4	 32	  4
	 17		  8	 330.375	 13	 32	  4
	 17		  9	 327.370	 11	 32	  5
	 17		 10	 328.990	 12	 32	  5
	 17		 11	 322.889	  3	 32	  6
	 17		 12	 258.875	  1	 32	  6
	 17		 13	 326.093	  7	 32	  6
	 17		 14	 326.599	 11	 34	  7
	 17		 15	 294.539	 42	 34	  7
	 17		 16	 185.611	217	 34	  7
	 17		 17	 305.488	 26	 34	  7
	 17		 18	 202.932	 36	 34	  7
	 17		 19	 319.250	 17	 34	  7
	 17		 20	 306.360	 24	 34	  7
	 18		  1	 324.354	  0	 26	  1
	 18		  2	 305.721	  0	 26	  1
	 18		  3	 361.237	  0	 28	  2
	 18		  4	 363.712	  1	 28	  2
	 18		  5	 358.427	  0	 30	  3
	 18		  6	 294.704	  0	 30	  3
	 18		  7	 367.834	  0	 32	  4
	 18		  8	 375.324	  1	 32	  4
	 18		  9	 373.386	  0	 32	  5
	 18		 10	 357.751	  0	 32	  5
	 18		 11	 357.993	  0	 32	  6
	 18		 12	 250.859	126	 32	  6
	 18		 13	 349.390	  0	 32	  6
	 18		 14	 376.336	  0	 34	  7
	 18		 15	 352.085	  0	 34	  7
	 18		 16	 307.407	  0	 34	  7
	 18		 17	 350.822	  0	 34	  7
	 18		 18	 375.840	  0	 34	  7
	 18		 19	 370.803	  0	 34	  7
	 18		 20	 365.796	  6	 34	  7
	 19		  1	 260.101	  1	 26	  1
	 19		  2	 244.103	  2	 26	  1
	 19		  3	 322.136	 12	 28	  2
	 19		  4	 166.616	264	 28	  2
	 19		  5	 325.662	  3	 30	  3
	 19		  6	 253.794	113	 30	  3
	 19		  7	 344.442	  9	 32	  4
	 19		  8	 257.307	102	 32	  4
	 19		  9	 342.059	  2	 32	  5
	 19		 10	 320.765	  3	 32	  5
	 19		 11	 325.856	  0	 32	  6
	 19		 12	 323.845	  0	 32	  6
	 19		 13	 325.176	  5	 32	  6
	 19		 14	 342.273	  3	 34	  7
	 19		 15	 335.092	 21	 34	  7
	 19		 16	 342.866	  3	 34	  7
	 19		 17	  51.430	413	 34	  7
	 19		 18	 332.907	  6	 34	  7
	 19		 19	 346.862	  3	 34	  7
	 19		 20	 336.871	 14	 34	  7
	 20		  1	 262.026	  9	 26	  1
	 20		  2	 239.212	  4	 26	  1
	 20		  3	 333.786	  3	 28	  2
	 20		  4	 186.779	243	 28	  2
	 20		  5	 331.283	  3	 30	  3
	 20		  6	 313.465	  5	 32	  3
	 20		  7	 347.902	  3	 32	  4
	 20		  8	 342.053	  6	 32	  4
	 20		  9	 346.779	  3	 32	  5
	 20		 10	 296.060	 96	 32	  5
	 20		 11	 329.586	  0	 34	  5
	 20		 12	 330.558	  1	 32	  6
	 20		 13	 332.975	  0	 32	  6
	 20		 14	 304.822	  2	 33	  6
	 20		 15	 348.588	  2	 34	  7
	 20		 16	 347.647	  4	 34	  7
	 20		 17	 314.567	 33	 34	  7
	 20		 18	 355.635	  3	 34	  7
	 20		 19	 337.902	  3	 34	  7
	 20		 20	 325.198	  1	 34	  7
	 21		  1	 222.008	 80	 26	  1
	 21		  2	 226.962	 99	 26	  1
	 21		  3	 305.890	  9	 28	  2
	 21		  4	 264.017	 85	 28	  2
	 21		  5	 316.870	  9	 32	  3
	 21		  6	 257.064	100	 32	  3
	 21		  7	 324.107	 15	 32	  4
	 21		  8	 329.331	  1	 32	  4
	 21		  9	 302.417	  6	 34	  5
	 21		 10	 268.390	  1	 34	  5
	 21		 11	 308.860	  4	 32	  6
	 21		 12	 308.676	  5	 32	  6
	 21		 13	 313.734	  5	 32	  6
	 21		 14	 320.263	 10	 34	  7
	 21		 15	 331.234	  7	 34	  7
	 21		 16	 314.262	  5	 34	  7
	 21		 17	 320.001	  4	 34	  7
	 21		 18	 320.320	  9	 34	  7
	 21		 19	 317.929	 20	 34	  7
	 21		 20	 321.407	  9	 34	  7
	 22		  1	 328.337	  0	 26	  1
	 22		  2	 320.309	  0	 26	  1
	 22		  3	 337.078	  9	 28	  2
	 22		  4	 257.160	114	 28	  2
	 22		  5	 330.718	  0	 28	  2
	 22		  6	 343.512	  9	 32	  3
	 22		  7	 345.063	  0	 32	  3
	 22		  8	 314.587	 63	 32	  3
	 22		  9	 347.516	  3	 32	  4
	 22		 10	 353.892	  1	 32	  4
	 22		 11	 351.412	  3	 34	  4
	 22		 12	 348.518	  0	 32	  6
	 22		 13	 345.423	  1	 32	  6
	 22		 14	 348.981	  0	 32	  6
	 22		 15	 338.347	  7	 34	  7
	 22		 16	 332.928	 13	 34	  7
	 22		 17	 354.242	  1	 34	  7
	 22		 18	 346.273	  2	 34	  7
	 22		 19	 276.834	 83	 34	  7
	 22		 20	 298.707	  0	 34	  7
	 23		  1	 316.545	  0	 26	  1
	 23		  2	 303.171	  0	 26	  1
	 23		  3	 296.686	  0	 26	  1
	 23		  4	 307.114	 16	 28	  2
	 23		  5	  75.825	388	 28	  2
	 23		  6	 330.492	  3	 32	  3
	 23		  7	 337.028	  0	 32	  3
	 23		  8	 271.267	  0	 32	  3
	 23		  9	 338.602	  0	 32	  4
	 23		 10	 339.935	  0	 32	  4
	 23		 11	 331.075	  1	 32	  4
	 23		 12	 329.345	  0	 32	  6
	 23		 13	 327.437	  1	 32	  6
	 23		 14	 342.219	  0	 32	  6
	 23		 15	 334.901	  0	 34	  7
	 23		 16	 262.429	  0	 34	  7
	 23		 17	 320.183	  0	 34	  7
	 23		 18	 302.619	 56	 34	  7
	 23		 19	 134.829	247	 34	  7
	 23		 20	 338.381	  2	 34	  7
	 24		  1	 257.288	 14	 26	  1
	 24		  2	 269.760	  7	 26	  1
	 24		  3	 224.639	 81	 26	  1
	 24		  4	 264.259	 29	 28	  2
	 24		  5	 274.802	  2	 28	  2
	 24		  6	 292.216	  3	 32	  3
	 24		  7	 285.960	  0	 32	  3
	 24		  8	 294.189	  0	 32	  3
	 24		  9	 294.905	  0	 32	  4
	 24		 10	 309.556	  0	 32	  4
	 24		 11	 293.752	  0	 32	  4
	 24		 12	 282.853	  8	 32	  6
	 24		 13	 286.625	  2	 32	  6
	 24		 14	 273.174	 22	 32	  6
	 24		 15	 286.870	  5	 32	  6
	 24		 16	 292.900	  1	 34	  7
	 24		 17	 293.987	  0	 34	  7
	 24		 18	 289.196	  0	 34	  7
	 24		 19	 254.570	 62	 34	  7
	 24		 20	 288.779	  5	 34	  7
	 25		  1	 344.888	  0	 26	  1
	 25		  2	 349.001	  1	 26	  1
	 25		  3	 327.313	  0	 26	  1
	 25		  4	 331.332	  0	 28	  2
	 25		  5	 337.618	  1	 28	  2
	 25		  6	 316.056	  0	 28	  2
	 25		  7	 346.211	  0	 32	  3
	 25		  8	 296.514	  0	 32	  3
	 25		  9	 296.766	 60	 32	  3
	 25		 10	 361.154	  1	 32	  3
	 25		 11	 370.579	  0	 32	  4
	 25		 12	 362.206	  0	 32	  4
	 25		 13	 368.392	  0	 34	  4
	 25		 14	 363.658	  0	 32	  4
	 25		 15	 353.364	  0	 32	  6
	 25		 16	 358.976	  0	 32	  6
	 25		 17	 290.916	  0	 32	  6
	 25		 18	 351.125	  0	 32	  6
	 25		 19	 341.918	  0	 32	  6
	 25		 20	 310.381	  4	 32	  6
	 26		  1	 326.423	  8	 26	  1
	 26		  2	 313.780	  6	 26	  1
	 26		  3	 226.610	  0	 26	  1
	 26		  4	 313.280	  5	 28	  2
	 26		  5	 302.929	  4	 28	  2
	 26		  6	 296.395	  0	 28	  2
	 26		  7	 325.093	  3	 32	  3
	 26		  8	 146.092	156	 32	  3
	 26		  9	 323.952	  7	 32	  3
	 26		 10	 344.968	  0	 32	  4
	 26		 11	 352.009	  0	 32	  4
	 26		 12	 321.986	  0	 32	  4
	 26		 13	 326.842	  7	 32	  4
	 26		 14	 338.224	  3	 32	  6
	 26		 15	 341.977	  9	 32	  6
	 26		 16	 332.961	  4	 32	  6
	 26		 17	 336.667	 18	 32	  6
	 26		 18	 345.213	  6	 32	  6
	 26		 19	 319.601	  0	 32	  6
	 26		 20	 326.440	  3	 32	  6
	 27		  1	 151.735	223	 26	  1
	 27		  2	 337.076	 13	 26	  1
	 27		  3	  90.105	368	 26	  1
	 27		  4	 313.201	  9	 28	  2
	 27		  5	 308.269	 10	 28	  2
	 27		  6	 306.376	 16	 28	  2
	 27		  7	 330.324	 13	 32	  3
	 27		  8	 120.331	323	 32	  3
	 27		  9	 331.359	 13	 32	  3
	 27		 10	 341.287	  0	 32	  4
	 27		 11	 337.536	  0	 32	  4
	 27		 12	 165.740	259	 32	  4
	 27		 13	  79.415	302	 32	  4
	 27		 14	 318.617	 19	 32	  6
	 27		 15	 186.180	  0	 32	  6
	 27		 16	 323.572	 18	 32	  6
	 27		 17	 266.621	  0	 32	  6
	 27		 18	 357.551	 15	 32	  6
	 27		 19	 321.954	  8	 32	  6
	 27		 20	 309.948	 32	 32	  6
	 28		  1	 332.782	 14	 26	  1
	 28		  2	 370.926	  1	 26	  1
	 28		  3	 356.225	  0	 28	  2
	 28		  4	 217.349	144	 28	  2
	 28		  5	 348.123	  0	 28	  2
	 28		  6	 346.599	  0	 28	  2
	 28		  7	 374.683	  0	 32	  3
	 28		  8	 360.354	  1	 32	  3
	 28		  9	 263.706	  0	 32	  3
	 28		 10	 369.447	  0	 32	  3
	 28		 11	 366.296	  0	 32	  4
	 28		 12	 361.753	  0	 32	  4
	 28		 13	 368.222	  0	 34	  4
	 28		 14	 379.306	  5	 32	  6
	 28		 15	 346.083	 19	 32	  6
	 28		 16	 365.761	  1	 32	  6
	 28		 17	 345.911	  8	 32	  6
	 28		 18	 369.021	  8	 32	  6
	 28		 19	 361.838	 15	 32	  6
	 28		 20	 355.455	  3	 32	  6
	 29		  1	 218.816	  8	 26	  1
	 29		  2	 184.247	 96	 26	  1
	 29		  3	 299.997	  0	 26	  1
	 29		  4	 295.168	  0	 28	  2
	 29		  5	 297.649	  0	 28	  2
	 29		  6	 304.445	  7	 32	  3
	 29		  7	 312.948	  0	 32	  3
	 29		  8	 304.444	  4	 33	  3
	 29		  9	 300.521	  0	 32	  4
	 29		 10	 237.162	 83	 32	  4
	 29		 11	 281.321	  0	 32	  4
	 29		 12	 330.365	 21	 32	  6
	 29		 13	 300.319	 20	 32	  6
	 29		 14	 311.323	 25	 33	  6
	 29		 15	 313.538	  0	 34	  8
	 29		 16	 292.436	  1	 34	  8
	 29		 17	 301.119	  0	 34	  8
	 29		 18	 301.483	  7	 34	  8
	 29		 19	 313.592	  0	 34	  8
	 29		 20	 316.260	  0	 34	  8
	 30		  1	 254.710	 71	 26	  1
	 30		  2	 145.831	  8	 26	  1
	 30		  3	 242.897	 98	 26	  1
	 30		  4	 335.147	  4	 33	  2
	 30		  5	 337.030	  3	 33	  2
	 30		  6	 324.169	 11	 33	  2
	 30		  7	 157.776	273	 33	  2
	 30		  8	 331.254	  2	 32	  3
	 30		  9	 281.621	  1	 34	  3
	 30		 10	 322.741	 10	 32	  3
	 30		 11	 276.943	  1	 32	  3
	 30		 12	 335.051	  0	 34	  4
	 30		 13	 349.253	  0	 35	  4
	 30		 14	 226.499	  0	 34	  4
	 30		 15	 356.657	  0	 34	  4
	 30		 16	 317.587	 21	 32	  6
	 30		 17	 315.302	 19	 32	  6
	 30		 18	 299.639	 23	 32	  6
	 30		 19	 274.522	 10	 32	  6
	 30		 20	 306.749	 20	 32	  6
	 31		  1	 288.975	  0	 26	  1
	 31		  2	 336.887	  2	 26	  1
	 31		  3	 297.948	  0	 26	  1
	 31		  4	 363.810	  2	 33	  2
	 31		  5	 333.549	 26	 33	  2
	 31		  6	 310.133	 46	 34	  2
	 31		  7	 361.603	  7	 33	  2
	 31		  8	 354.742	  0	 32	  3
	 31		  9	 312.797	  0	 32	  3
	 31		 10	 334.412	  0	 32	  3
	 31		 11	 311.126	  0	 32	  3
	 31		 12	 370.921	  0	 34	  4
	 31		 13	 332.709	  0	 34	  4
	 31		 14	 159.304	238	 34	  4
	 31		 15	 368.680	  0	 34	  4
	 31		 16	 368.399	  8	 32	  6
	 31		 17	 332.475	 43	 32	  6
	 31		 18	 328.868	 32	 32	  6
	 31		 19	 355.194	 15	 32	  6
	 31		 20	 378.364	  7	 32	  6
	 32		  1	 285.513	 10	 26	  1
	 32		  2	 244.341	 22	 26	  1
	 32		  3	 292.341	 13	 26	  1
	 32		  4	 268.757	  0	 26	  1
	 32		  5	 346.380	  5	 33	  2
	 32		  6	 331.245	 31	 33	  2
	 32		  7	 310.948	  3	 34	  2
	 32		  8	  83.783	381	 33	  2
	 32		  9	 267.118	  0	 33	  2
	 32		 10	 347.968	  0	 34	  4
	 32		 11	 151.679	250	 34	  4
	 32		 12	 351.126	  0	 34	  4
	 32		 13	 282.299	  0	 34	  4
	 32		 14	 333.778	 16	 32	  6
	 32		 15	 324.726	 26	 32	  6
	 32		 16	 346.991	 19	 32	  6
	 32		 17	 349.555	 15	 32	  6
	 32		 18	 339.121	 17	 32	  6
	 32		 19	 324.599	 30	 34	  6
	 32		 20	 300.855	 64	 32	  6
	 33		  1	 311.432	  2	 26	  1
	 33		  2	 299.746	  2	 26	  1
	 33		  3	 311.920	  2	 26	  1
	 33		  4	 298.661	  1	 26	  1
	 33		  5	 328.512	  9	 33	  2
	 33		  6	 333.357	  1	 33	  2
	 33		  7	 320.509	  0	 33	  2
	 33		  8	 259.044	  0	 33	  2
	 33		  9	 329.532	 19	 32	  6
	 33		 10	 343.522	 17	 33	  6
	 33		 11	 337.914	 20	 32	  6
	 33		 12	 289.182	  0	 34	  6
	 33		 13	 347.477	 23	 32	  6
	 33		 14	 312.387	  6	 34	  9
	 33		 15	  45.548	359	 34	  9
	 33		 16	 224.163	 70	 34	  9
	 33		 17	 326.843	  0	 34	  9
	 33		 18	 252.845	 85	 34	  9
	 33		 19	 235.872	113	 34	  9
	 33		 20	 133.789	254	 34	  9
	 34		  1	 311.744	  0	 26	  1
	 34		  2	 115.518	 25	 26	  1
	 34		  3	 314.366	  1	 26	  1
	 34		  4	 150.299	  0	 26	  1
	 34		  5	 312.208	  0	 26	  1
	 34		  6	 335.946	  2	 33	  2
	 34		  7	 335.590	  2	 33	  2
	 34		  8	 284.219	  0	 33	  2
	 34		  9	 347.492	  2	 33	  2
	 34		 10	 342.891	  2	 33	  2
	 34		 11	 353.418	 24	 32	  6
	 34		 12	 347.391	 20	 32	  6
	 34		 13	 362.791	 13	 32	  6
	 34		 14	 368.922	 19	 32	  6
	 34		 15	 333.714	 37	 32	  6
	 34		 16	 274.503	 87	 34	  9
	 34		 17	 229.213	132	 34	  9
	 34		 18	 311.124	  0	 36	  9
	 34		 19	 147.393	223	 34	  9
	 34		 20	  60.949	408	 35	  9
	 35		  1	 299.714	  1	 26	  1
	 35		  2	 316.013	  5	 26	  1
	 35		  3	 293.847	  1	 26	  1
	 35		  4	 327.780	  0	 33	  2
	 35		  5	 268.374	 32	 33	  2
	 35		  6	 325.907	  2	 33	  2
	 35		  7	 319.294	  3	 33	  2
	 35		  8	 318.365	 30	 32	  6
	 35		  9	 342.023	 21	 32	  6
	 35		 10	 317.398	 63	 32	  6
	 35		 11	 331.276	 22	 32	  6
	 35		 12	 301.049	  3	 34	  9
	 35		 13	 282.872	 14	 35	  9
	 35		 14	 306.330	  0	 36	 10
	 35		 15	 308.617	  2	 36	 10
	 35		 16	 108.986	  0	 36	 10
	 35		 17	 187.472	  0	 36	 10
	 35		 18	 285.869	 10	 37	 10
	 35		 19	 311.050	  0	 36	 10
	 35		 20	 332.617	  0	 36	 10
	 36		  1	 356.988	  0	 26	  1
	 36		  2	 354.177	  0	 26	  1
	 36		  3	 346.162	  1	 26	  1
	 36		  4	 366.370	  0	 33	  2
	 36		  5	 310.348	  0	 35	  2
	 36		  6	 357.155	  0	 33	  2
	 36		  7	 241.211	135	 32	  6
	 36		  8	 331.647	 35	 32	  6
	 36		  9	 212.286	 76	 32	  6
	 36		 10	 194.262	179	 32	  6
	 36		 11	 325.679	  0	 34	  9
	 36		 12	 121.773	271	 35	  9
	 36		 13	 272.778	  0	 34	  9
	 36		 14	 322.218	  0	 34	  9
	 36		 15	 367.709	  0	 36	 10
	 36		 16	 316.322	  0	 36	 10
	 36		 17	 260.753	  0	 36	 10
	 36		 18	 359.951	  1	 36	 10
	 36		 19	 337.243	  2	 36	 10
	 36		 20	 332.804	  0	 36	 10
	 37		  1	 362.699	  3	 26	  1
	 37		  2	 322.097	  6	 26	  1
	 37		  3	 368.565	  3	 26	  1
	 37		  4	 369.878	  2	 33	  2
	 37		  5	 344.740	  2	 33	  2
	 37		  6	 369.645	  2	 33	  2
	 37		  7	 326.326	 38	 32	  6
	 37		  8	 317.543	 57	 32	  6
	 37		  9	 360.226	  1	 34	  9
	 37		 10	 359.341	  1	 34	  9
	 37		 11	 234.739	153	 34	  9
	 37		 12	 375.659	  0	 36	 10
	 37		 13	 363.710	  6	 36	 10
	 37		 14	 113.556	  0	 36	 10
	 37		 15	 315.242	  3	 35	 11
	 37		 16	 297.871	  3	 35	 11
	 37		 17	 314.255	  3	 35	 11
	 37		 18	 283.155	  3	 35	 11
	 37		 19	 358.436	  4	 35	 11
	 37		 20	 317.413	  3	 35	 11
	 38		  1	 379.783	  1	 26	  1
	 38		  2	 378.108	  0	 26	  1
	 38		  3	 129.060	 37	 26	  1
	 38		  4	 380.716	  0	 33	  2
	 38		  5	 320.398	  0	 33	  2
	 38		  6	 378.351	  0	 33	  2
	 38		  7	 325.123	 34	 32	  6
	 38		  8	 335.212	 44	 32	  6
	 38		  9	 326.744	 15	 34	  6
	 38		 10	 370.999	  0	 34	  9
	 38		 11	  81.097	330	 34	  9
	 38		 12	 103.568	313	 34	  9
	 38		 13	 382.875	  0	 36	 10
	 38		 14	  63.320	387	 36	 10
	 38		 15	  72.906	373	 37	 10
	 38		 16	 369.136	  0	 35	 11
	 38		 17	 346.681	 11	 35	 11
	 38		 18	 354.402	  0	 35	 11
	 38		 19	 360.448	  0	 37	 11
	 38		 20	 283.328	  0	 35	 11
	 39		  1	 337.084	  3	 26	  1
	 39		  2	 332.309	  3	 26	  1
	 39		  3	 334.457	  5	 26	  1
	 39		  4	 344.663	  0	 33	  2
	 39		  5	 310.721	  0	 33	  2
	 39		  6	 347.482	  4	 33	  2
	 39		  7	 327.889	 40	 32	  6
	 39		  8	 326.979	 48	 33	  6
	 39		  9	 328.351	 44	 32	  6
	 39		 10	 267.620	 84	 34	  9
	 39		 11	 357.648	  1	 34	  9
	 39		 12	 359.086	  0	 36	 10
	 39		 13	 359.709	  0	 36	 10
	 39		 14	 334.867	  0	 35	 11
	 39		 15	 329.668	  0	 35	 11
	 39		 16	 236.287	  0	 35	 11
	 39		 17	 343.028	  3	 35	 11
	 39		 18	 323.549	 32	 35	 11
	 39		 19	 333.590	  1	 35	 11
	 39		 20	 285.623	 98	 35	 11
	 40		  1	 319.292	 10	 26	  1
	 40		  2	 315.061	  8	 26	  1
	 40		  3	 253.979	 56	 26	  1
	 40		  4	 326.140	  5	 33	  2
	 40		  5	 306.646	 23	 33	  2
	 40		  6	 330.475	  3	 33	  2
	 40		  7	 347.392	 22	 32	  6
	 40		  8	 333.409	 27	 32	  6
	 40		  9	 346.642	 37	 32	  6
	 40		 10	 327.343	  0	 34	  9
	 40		 11	 283.525	  0	 34	  9
	 40		 12	 342.717	  0	 34	  9
	 40		 13	 344.036	  0	 36	 10
	 40		 14	 159.480	  0	 36	 10
	 40		 15	 285.060	  0	 36	 10
	 40		 16	 323.520	  7	 35	 11
	 40		 17	 322.738	  8	 35	 11
	 40		 18	 210.126	 90	 35	 11
	 40		 19	 219.718	138	 35	 11
	 40		 20	 319.493	  3	 35	 11
	 41		  1	 359.001	  2	 26	  1
	 41		  2	 297.894	 53	 26	  1
	 41		  3	 350.883	  0	 33	  2
	 41		  4	 353.481	  0	 33	  2
	 41		  5	 325.173	  0	 33	  2
	 41		  6	 344.679	 28	 32	  6
	 41		  7	 342.025	 24	 32	  6
	 41		  8	 324.377	 34	 32	  6
	 41		  9	 360.719	  0	 34	  9
	 41		 10	 368.374	  0	 34	  9
	 41		 11	 367.121	  0	 34	  9
	 41		 12	 368.136	  0	 36	 10
	 41		 13	 353.585	  0	 36	 10
	 41		 14	 369.109	  0	 36	 10
	 41		 15	 303.206	  9	 35	 11
	 41		 16	 345.291	  2	 35	 11
	 41		 17	 329.729	  0	 35	 11
	 41		 18	 350.163	 10	 35	 11
	 41		 19	 304.939	  2	 35	 11
	 41		 20	 300.977	  0	 35	 11
	 42		  1	 276.689	 95	 26	  1
	 42		  2	 319.028	 21	 26	  1
	 42		  3	 327.544	  6	 26	  1
	 42		  4	 346.213	 10	 33	  2
	 42		  5	 300.976	 38	 33	  2
	 42		  6	 332.665	  7	 33	  2
	 42		  7	 345.796	 26	 32	  6
	 42		  8	 316.524	 37	 32	  6
	 42		  9	 337.830	 30	 32	  6
	 42		 10	 355.735	  0	 34	  9
	 42		 11	 325.810	  0	 34	  9
	 42		 12	 354.245	  0	 34	  9
	 42		 13	 357.581	  0	 34	  9
	 42		 14	 362.873	  0	 36	 10
	 42		 15	 305.943	  0	 36	 10
	 42		 16	 137.188	252	 36	 10
	 42		 17	 338.360	  0	 36	 10
	 42		 18	 353.365	  0	 36	 10
	 42		 19	 329.126	  0	 38	 10
	 42		 20	 350.587	  0	 36	 10
	 43		  1	 335.345	  0	 26	  1
	 43		  2	 335.777	  0	 26	  1
	 43		  3	 336.140	  0	 26	  1
	 43		  4	 339.982	  2	 33	  2
	 43		  5	 341.134	  3	 33	  2
	 43		  6	 333.108	  9	 33	  2
	 43		  7	 282.683	101	 32	  6
	 43		  8	 327.548	 37	 32	  6
	 43		  9	 288.659	 71	 32	  6
	 43		 10	 340.365	  0	 34	  9
	 43		 11	 310.521	  3	 34	  9
	 43		 12	 328.209	  1	 34	  9
	 43		 13	 294.550	  0	 34	  9
	 43		 14	 342.397	  0	 36	 10
	 43		 15	 336.716	  0	 36	 10
	 43		 16	 203.763	150	 36	 10
	 43		 17	 291.766	  0	 36	 10
	 43		 18	 360.005	  0	 36	 10
	 43		 19	 283.740	  0	 36	 10
	 43		 20	 158.466	  0	 36	 10
	 44		  1	 315.219	  5	 26	  1
	 44		  2	 312.383	 10	 26	  1
	 44		  3	 312.207	  5	 26	  1
	 44		  4	 316.749	 13	 26	  1
	 44		  5	 327.532	 10	 33	  2
	 44		  6	 329.101	  8	 33	  2
	 44		  7	 317.016	 13	 33	  2
	 44		  8	 325.302	  2	 35	  2
	 44		  9	 291.878	 67	 32	  6
	 44		 10	 301.672	 78	 32	  6
	 44		 11	 253.322	 92	 32	  6
	 44		 12	 324.979	  0	 34	  9
	 44		 13	 337.775	  0	 34	  9
	 44		 14	 325.851	  0	 34	  9
	 44		 15	 347.360	 10	 36	 10
	 44		 16	 356.684	  9	 36	 10
	 44		 17	 327.632	  0	 36	 10
	 44		 18	 335.226	  1	 37	 10
	 44		 19	 347.991	  6	 36	 10
	 44		 20	 347.816	  8	 36	 10
	 45		  1	 338.699	 10	 26	  1
	 45		  2	 326.938	 14	 26	  1
	 45		  3	 338.990	  9	 26	  1
	 45		  4	 273.987	 98	 26	  1
	 45		  5	 351.440	  2	 33	  2
	 45		  6	 343.189	  4	 33	  2
	 45		  7	 352.722	  1	 33	  2
	 45		  8	 345.613	  5	 33	  2
	 45		  9	 355.937	  0	 34	  9
	 45		 10	 360.931	  0	 35	  9
	 45		 11	 322.398	  3	 34	  9
	 45		 12	 342.187	  0	 34	  9
	 45		 13	 298.712	  9	 34	  9
	 45		 14	 341.230	  2	 36	 10
	 45		 15	 107.390	301	 36	 10
	 45		 16	 360.721	  0	 36	 10
	 45		 17	 335.378	  2	 36	 10
	 45		 18	 366.195	  7	 36	 10
	 45		 19	 352.735	  0	 36	 10
	 45		 20	 321.475	  2	 36	 10
	 46		  1	 342.061	  7	 26	  1
	 46		  2	 334.935	  7	 26	  1
	 46		  3	 287.293	  3	 26	  1
	 46		  4	 340.584	  5	 28	  1
	 46		  5	 361.977	  0	 33	  2
	 46		  6	 333.029	  0	 33	  2
	 46		  7	 350.692	  0	 33	  2
	 46		  8	 353.400	  4	 33	  2
	 46		  9	 363.250	  0	 33	  2
	 46		 10	 366.944	  0	 35	  9
	 46		 11	 363.812	  0	 35	  9
	 46		 12	 374.456	  0	 35	  9
	 46		 13	 367.390	  1	 35	  9
	 46		 14	 360.224	  0	 35	  9
	 46		 15	 353.412	  4	 36	 10
	 46		 16	 228.978	 12	 36	 10
	 46		 17	 268.000	  0	 38	 10
	 46		 18	 358.584	  4	 37	 10
	 46		 19	 371.348	  0	 36	 10
	 46		 20	 334.909	  2	 36	 10
	 47		  1	 319.046	 16	 26	  1
	 47		  2	 306.901	 31	 26	  1
	 47		  3	 312.775	 11	 26	  1
	 47		  4	 201.814	  0	 26	  1
	 47		  5	 325.028	 14	 33	  2
	 47		  6	 302.173	  2	 33	  2
	 47		  7	 310.468	  3	 33	  2
	 47		  8	 321.237	  1	 33	  2
	 47		  9	 343.090	  4	 33	  2
	 47		 10	 366.014	  0	 35	  9
	 47		 11	 339.451	  0	 35	  9
	 47		 12	 366.771	  0	 35	  9
	 47		 13	 325.800	  4	 36	  9
	 47		 14	 306.533	 74	 35	  9
	 47		 15	 382.948	  6	 36	 10
	 47		 16	 336.347	 47	 36	 10
	 47		 17	 360.666	  4	 36	 10
	 47		 18	 334.279	 59	 36	 10
	 47		 19	 377.909	  0	 36	 10
	 47		 20	 285.546	 37	 36	 10
	 48		  1	 358.382	  5	 26	  1
	 48		  2	 345.499	  6	 26	  1
	 48		  3	 192.290	  0	 26	  1
	 48		  4	 350.110	  3	 26	  1
	 48		  5	 354.508	  7	 33	  2
	 48		  6	 364.898	  2	 33	  2
	 48		  7	 372.152	  1	 33	  2
	 48		  8	 371.025	  2	 33	  2
	 48		  9	 377.608	  0	 35	  9
	 48		 10	 379.078	  1	 35	  9
	 48		 11	 380.342	  0	 35	  9
	 48		 12	 339.063	  0	 35	  9
	 48		 13	 373.542	  0	 35	  9
	 48		 14	 292.043	117	 36	 10
	 48		 15	 348.412	  3	 36	 10
	 48		 16	 349.266	  4	 36	 10
	 48		 17	 350.127	  8	 36	 10
	 48		 18	 328.671	  0	 36	 10
	 48		 19	 362.217	 12	 36	 10
	 48		 20	 377.993	  0	 36	 10
	 49		  1	 350.243	  4	 26	  1
	 49		  2	 341.372	  0	 26	  1
	 49		  3	 349.236	  7	 26	  1
	 49		  4	 345.702	 12	 26	  1
	 49		  5	 362.073	  2	 33	  2
	 49		  6	 355.031	  4	 33	  2
	 49		  7	 362.495	  0	 33	  2
	 49		  8	 361.747	  0	 33	  2
	 49		  9	 320.700	  5	 33	  2
	 49		 10	 368.494	  0	 35	  9
	 49		 11	 288.230	  0	 35	  9
	 49		 12	 371.974	  0	 35	  9
	 49		 13	 369.671	  0	 35	  9
	 49		 14	 360.714	  1	 35	  9
	 49		 15	 368.942	  0	 36	 10
	 49		 16	 372.004	  0	 36	 10
	 49		 17	 291.516	  0	 36	 10
	 49		 18	 366.613	  0	 36	 10
	 49		 19	 248.141	  0	 36	 10
	 49		 20	 369.477	  0	 36	 10
	 50		  1	 359.931	  2	 26	  1
	 50		  2	 329.514	 16	 26	  1
	 50		  3	 361.751	  9	 26	  1
	 50		  4	 353.542	  2	 26	  1
	 50		  5	 375.646	  1	 33	  2
	 50		  6	 326.953	  0	 33	  2
	 50		  7	 347.454	  0	 33	  2
	 50		  8	 362.134	  0	 33	  2
	 50		  9	 369.445	  1	 33	  2
	 50		 10	 361.951	  0	 35	  9
	 50		 11	 365.840	  0	 35	  9
	 50		 12	 262.226	  0	 35	  9
	 50		 13	 383.035	  0	 35	  9
	 50		 14	 385.865	  0	 35	  9
	 50		 15	 386.619	  0	 36	 10
	 50		 16	 372.150	  0	 36	 10
	 50		 17	 319.220	  0	 36	 10
	 50		 18	 386.324	  0	 36	 10
	 50		 19	 385.888	  1	 36	 10
	 50		 20	 386.749	  0	 36	 10
	 51		  1	 363.758	  4	 26	  1
	 51		  2	 369.028	  8	 26	  1
	 51		  3	 361.669	  3	 26	  1
	 51		  4	 331.565	  7	 26	  1
	 51		  5	 376.992	  0	 33	  2
	 51		  6	 284.253	  0	 33	  2
	 51		  7	 243.279	  0	 33	  2
	 51		  8	 377.379	  0	 33	  2
	 51		  9	 387.776	  0	 35	  9
	 51		 10	 390.710	  0	 35	  9
	 51		 11	 365.934	  0	 35	  9
	 51		 12	 345.905	  0	 35	  9
	 51		 13	 390.421	  0	 36	 10
	 51		 14	 321.311	  0	 36	 10
	 51		 15	 371.687	  1	 36	 10
	 51		 16	 379.327	  1	 36	 10
	 51		 17	 386.983	  1	 36	 10
	 51		 18	 277.289	  0	 36	 10
	 51		 19	 361.455	  0	 38	 10
	 51		 20	 400.028	  0	 36	 10
	 52		  1	 332.771	 20	 26	  1
	 52		  2	 215.931	 12	 26	  1
	 52		  3	 272.685	 74	 26	  1
	 52		  4	 355.075	 10	 26	  1
	 52		  5	 323.803	 17	 26	  1
	 52		  6	 372.457	  0	 33	  2
	 52		  7	 368.373	  2	 33	  2
	 52		  8	 369.886	  0	 33	  2
	 52		  9	 376.084	  1	 33	  2
	 52		 10	 381.385	  0	 35	  9
	 52		 11	 314.754	  7	 35	  9
	 52		 12	 180.524	  0	 35	  9
	 52		 13	 379.257	  0	 37	  9
	 52		 14	 368.826	  0	 35	  9
	 52		 15	 383.091	  1	 36	 10
	 52		 16	 383.215	  0	 36	 10
	 52		 17	 368.965	  6	 36	 10
	 52		 18	 373.992	  0	 36	 10
	 52		 19	 365.308	  7	 36	 10
	 52		 20	 335.481	  8	 36	 10
	 53		  1	 337.853	 10	 26	  1
	 53		  2	 342.535	  9	 26	  1
	 53		  3	 334.110	 11	 26	  1
	 53		  4	 359.457	  0	 33	  2
	 53		  5	 329.684	  1	 33	  2
	 53		  6	 359.534	  1	 33	  2
	 53		  7	 360.397	  1	 33	  2
	 53		  8	 367.601	  0	 35	  9
	 53		  9	 365.169	  0	 35	  9
	 53		 10	 367.323	  0	 35	  9
	 53		 11	 363.833	  0	 36	 10
	 53		 12	 274.343	  0	 36	 10
	 53		 13	 345.886	  0	 36	 10
	 53		 14	 356.447	  7	 38	 10
	 53		 15	 364.427	  0	 37	 12
	 53		 16	 359.005	  0	 37	 12
	 53		 17	 382.565	  1	 37	 12
	 53		 18	 364.259	  0	 37	 12
	 53		 19	 359.647	  0	 37	 12
	 53		 20	 359.656	  0	 37	 12
	 54		  1	 346.765	 10	 26	  1
	 54		  2	 180.424	 13	 26	  1
	 54		  3	 334.829	 22	 26	  1
	 54		  4	 329.703	  0	 33	  2
	 54		  5	 311.983	  0	 33	  2
	 54		  6	 319.078	  0	 33	  2
	 54		  7	 385.114	  0	 35	  9
	 54		  8	 369.225	  0	 35	  9
	 54		  9	 299.968	  0	 35	  9
	 54		 10	 358.219	  2	 36	 10
	 54		 11	 352.519	  8	 38	 10
	 54		 12	 396.257	  3	 37	 12
	 54		 13	 382.416	  0	 37	 12
	 54		 14	 369.684	  0	 37	 12
	 54		 15	 354.717	  4	 38	 13
	 54		 16	 398.531	  0	 38	 13
	 54		 17	 389.022	  0	 38	 13
	 54		 18	 381.499	  2	 38	 13
	 54		 19	 349.414	 14	 38	 13
	 54		 20	 373.205	  5	 38	 13
	 55		  1	 359.516	  0	 35	  9
	 55		  2	 343.179	  1	 35	  9
	 55		  3	 348.941	  0	 35	  9
	 55		  4	 356.098	  1	 36	 10
	 55		  5	 359.049	  0	 36	 10
	 55		  6	 360.412	  0	 38	 10
	 55		  7	 367.045	  0	 37	 12
	 55		  8	 334.838	  3	 37	 12
	 55		  9	 345.870	  5	 37	 12
	 55		 10	 337.893	 14	 37	 12
	 55		 11	 365.523	  5	 38	 13
	 55		 12	 356.673	  0	 38	 13
	 55		 13	 373.339	  4	 38	 13
	 55		 14	 374.487	  7	 38	 13
	 55		 15	 342.675	  8	 38	 14
	 55		 16	 339.162	 10	 38	 14
	 55		 17	 374.032	  6	 38	 14
	 55		 18	 357.277	  5	 38	 14
	 55		 19	 357.701	  0	 38	 14
	 55		 20	 360.475	  0	 38	 14
	 56		  1	 385.142	  0	 35	  9
	 56		  2	 322.164	  2	 35	  9
	 56		  3	 391.960	  0	 36	 10
	 56		  4	 393.489	  0	 36	 10
	 56		  5	 360.583	  0	 37	 12
	 56		  6	 326.596	  0	 37	 12
	 56		  7	 343.376	  9	 37	 12
	 56		  8	 371.704	  6	 38	 13
	 56		  9	 368.037	  5	 38	 13
	 56		 10	 361.673	  1	 38	 13
	 56		 11	 372.854	  5	 38	 14
	 56		 12	 375.149	  3	 38	 14
	 56		 13	 382.105	  2	 38	 14
	 56		 14	 396.108	  0	 38	 15
	 56		 15	 281.712	  0	 38	 15
	 56		 16	 317.458	  0	 38	 15
	 56		 17	 379.821	  3	 39	 15
	 56		 18	 344.379	  0	 38	 15
	 56		 19	 370.847	  0	 38	 15
	 56		 20	 394.256	  0	 40	 15
	 57		  1	 380.155	  2	 35	  9
	 57		  2	 232.910	  0	 35	  9
	 57		  3	 381.384	  1	 36	 10
	 57		  4	 368.982	  5	 36	 10
	 57		  5	 375.559	 10	 36	 10
	 57		  6	 396.222	  5	 38	 13
	 57		  7	 301.623	 36	 40	 13
	 57		  8	 373.476	  6	 40	 13
	 57		  9	 377.891	  5	 38	 14
	 57		 10	 374.625	  4	 38	 14
	 57		 11	 392.789	  5	 38	 14
	 57		 12	 382.950	  0	 38	 15
	 57		 13	 321.802	  0	 38	 15
	 57		 14	 296.360	  0	 38	 15
	 57		 15	 382.307	  0	 40	 16
	 57		 16	 377.831	  6	 40	 16
	 57		 17	 375.828	  3	 40	 16
	 57		 18	 383.232	  3	 40	 16
	 57		 19	 280.832	  0	 40	 16
	 57		 20	 347.346	  0	 40	 16
	 58		  1	 364.602	  0	 35	  9
	 58		  2	 355.769	  1	 35	  9
	 58		  3	 359.769	  0	 36	 10
	 58		  4	 355.979	  0	 36	 10
	 58		  5	 361.374	  7	 38	 13
	 58		  6	 358.543	  4	 38	 13
	 58		  7	 339.541	  5	 38	 14
	 58		  8	 371.623	  3	 38	 14
	 58		  9	 352.640	 17	 38	 14
	 58		 10	 357.367	  0	 38	 15
	 58		 11	 336.828	  5	 38	 15
	 58		 12	 362.081	  2	 40	 16
	 58		 13	 354.932	  3	 40	 16
	 58		 14	 365.354	  7	 40	 16
	 58		 15	 351.316	  5	 40	 17
	 58		 16	 324.596	  0	 40	 17
	 58		 17	 349.951	  5	 40	 17
	 58		 18	 343.802	  5	 40	 17
	 58		 19	 357.827	  1	 40	 17
	 58		 20	 338.375	  4	 40	 17
	 59		  1	 386.822	  0	 35	  9
	 59		  2	 402.830	  0	 35	  9
	 59		  3	 373.661	  0	 35	  9
	 59		  4	 386.836	  0	 35	  9
	 59		  5	 386.016	  1	 36	 10
	 59		  6	 366.538	  1	 36	 10
	 59		  7	 384.478	  1	 36	 10
	 59		  8	 377.050	  0	 36	 10
	 59		  9	 395.534	  0	 38	 13
	 59		 10	 384.447	  3	 39	 13
	 59		 11	 388.298	  0	 38	 13
	 59		 12	 387.882	  2	 38	 13
	 59		 13	 383.960	  1	 38	 13
	 59		 14	 401.387	  5	 40	 15
	 59		 15	 380.661	  2	 40	 15
	 59		 16	 379.283	  1	 40	 15
	 59		 17	 377.712	  4	 40	 15
	 59		 18	 384.835	  7	 40	 15
	 59		 19	 385.677	  1	 40	 15
	 59		 20	 368.552	  5	 40	 15
	 60		  1	 386.732	  0	 35	  9
	 60		  2	 347.429	  1	 35	  9
	 60		  3	 384.504	  0	 35	  9
	 60		  4	 366.959	  0	 35	  9
	 60		  5	 364.147	  1	 36	 10
	 60		  6	 364.409	  3	 36	 10
	 60		  7	 211.490	  0	 36	 10
	 60		  8	 375.649	  3	 36	 10
	 60		  9	 356.457	  8	 38	 18
	 60		 10	 356.515	  8	 38	 18
	 60		 11	 362.604	  4	 39	 18
	 60		 12	 354.308	  0	 38	 18
	 60		 13	 258.831	  0	 38	 18
	 60		 14	 370.976	  5	 40	 19
	 60		 15	 363.073	  4	 40	 19
	 60		 16	 379.165	  4	 40	 19
	 60		 17	 375.294	  4	 40	 19
	 60		 18	 365.230	  1	 40	 19
	 60		 19	 355.589	  9	 40	 19
	 60		 20	 386.752	  1	 40	 19
	 61		  1	 368.837	  0	 35	  9
	 61		  2	 355.323	  0	 35	  9
	 61		  3	 350.746	  3	 35	  9
	 61		  4	 340.499	  0	 35	  9
	 61		  5	 375.726	  0	 36	 10
	 61		  6	 341.435	  0	 36	 10
	 61		  7	 288.794	  0	 36	 10
	 61		  8	 383.490	  0	 36	 10
	 61		  9	 375.207	  6	 39	 18
	 61		 10	 374.749	  4	 39	 18
	 61		 11	 375.696	  6	 39	 18
	 61		 12	 378.532	  6	 39	 18
	 61		 13	 382.476	 11	 39	 18
	 61		 14	 369.314	  3	 40	 19
	 61		 15	 360.123	  2	 40	 19
	 61		 16	 380.720	  2	 40	 19
	 61		 17	 262.838	166	 40	 19
	 61		 18	 294.724	122	 40	 19
	 61		 19	 347.681	  0	 40	 19
	 61		 20	 385.840	  1	 41	 19
	 62		  1	 357.346	  0	 35	  9
	 62		  2	 310.947	  0	 35	  9
	 62		  3	 110.764	294	 35	  9
	 62		  4	 182.580	166	 35	  9
	 62		  5	 359.415	 27	 36	 10
	 62		  6	 375.299	  3	 36	 10
	 62		  7	 314.807	 31	 36	 10
	 62		  8	 363.005	  2	 36	 10
	 62		  9	 363.235	 26	 39	 18
	 62		 10	 350.684	  7	 39	 18
	 62		 11	 362.618	 10	 39	 18
	 62		 12	 373.752	  9	 39	 18
	 62		 13	 393.802	  6	 39	 18
	 62		 14	 380.220	  3	 41	 19
	 62		 15	 369.541	  3	 41	 19
	 62		 16	 371.058	  0	 41	 19
	 62		 17	 361.284	  2	 41	 19
	 62		 18	 375.697	  9	 41	 19
	 62		 19	 383.193	  1	 41	 19
	 62		 20	 374.319	  2	 41	 19
	 63		  1	 383.300	  0	 35	  9
	 63		  2	 381.105	  0	 35	  9
	 63		  3	 383.671	  0	 35	  9
	 63		  4	 348.177	  5	 36	 10
	 63		  5	 306.884	  0	 36	 10
	 63		  6	 310.923	  0	 36	 10
	 63		  7	 265.853	116	 36	 10
	 63		  8	 360.910	  7	 39	 18
	 63		  9	 394.361	  1	 39	 18
	 63		 10	 383.271	  6	 39	 18
	 63		 11	 371.136	 17	 39	 18
	 63		 12	 347.772	  3	 40	 18
	 63		 13	 378.765	  4	 41	 19
	 63		 14	 348.573	 14	 41	 19
	 63		 15	 371.050	  4	 41	 19
	 63		 16	 385.683	  7	 41	 19
	 63		 17	 381.246	  3	 41	 19
	 63		 18	 380.927	 12	 41	 19
	 63		 19	 384.131	  2	 41	 19
	 63		 20	 364.242	  5	 41	 19
	 64		  1	 364.937	  0	 35	  9
	 64		  2	 357.467	  1	 35	  9
	 64		  3	 145.996	236	 38	  9
	 64		  4	 362.681	  0	 35	  9
	 64		  5	 388.717	  0	 36	 10
	 64		  6	 342.803	 45	 36	 10
	 64		  7	 385.982	  0	 38	 10
	 64		  8	 382.406	  4	 39	 18
	 64		  9	 319.745	 93	 39	 18
	 64		 10	 410.699	  3	 39	 18
	 64		 11	 399.985	  5	 39	 18
	 64		 12	 396.209	  6	 39	 18
	 64		 13	 388.808	  3	 41	 19
	 64		 14	 373.045	  1	 41	 19
	 64		 15	 393.624	  1	 41	 19
	 64		 16	 376.002	  4	 41	 19
	 64		 17	 379.421	  0	 41	 19
	 64		 18	 384.273	  7	 41	 19
	 64		 19	 396.127	  3	 41	 19
	 64		 20	 394.144	  2	 41	 19
	 65		  1	 335.218	  1	 35	  9
	 65		  2	 332.532	  0	 35	  9
	 65		  3	 360.224	  3	 36	 10
	 65		  4	 381.458	  7	 36	 10
	 65		  5	 368.271	  0	 36	 10
	 65		  6	 366.038	  7	 39	 18
	 65		  7	 355.464	  7	 39	 18
	 65		  8	 387.912	  8	 39	 18
	 65		  9	 366.462	  0	 39	 18
	 65		 10	 389.141	  6	 41	 19
	 65		 11	 385.039	  3	 41	 19
	 65		 12	 362.288	  4	 41	 19
	 65		 13	 375.532	  0	 43	 19
	 65		 14	 371.381	  0	 38	 20
	 65		 15	 361.052	  7	 39	 20
	 65		 16	 328.872	  0	 38	 20
	 65		 17	 369.465	  3	 38	 20
	 65		 18	 360.119	  0	 38	 20
	 65		 19	 379.550	 14	 38	 20
	 65		 20	 384.810	  3	 38	 20
	 66		  1	 371.948	  0	 35	  9
	 66		  2	 198.984	127	 35	  9
	 66		  3	 396.971	  1	 36	 10
	 66		  4	 389.275	  1	 36	 10
	 66		  5	 398.859	  8	 39	 18
	 66		  6	 407.594	  2	 39	 18
	 66		  7	 382.779	  5	 39	 18
	 66		  8	 402.958	  2	 41	 19
	 66		  9	 387.655	  0	 41	 19
	 66		 10	 384.809	  3	 41	 19
	 66		 11	 400.629	  4	 38	 20
	 66		 12	 414.389	  2	 38	 20
	 66		 13	 338.165	 54	 39	 20
	 66		 14	 382.837	  0	 43	 21
	 66		 15	 380.744	  0	 43	 21
	 66		 16	 396.439	  0	 43	 21
	 66		 17	 373.383	  1	 43	 21
	 66		 18	 363.595	  0	 43	 21
	 66		 19	 385.764	  0	 43	 21
	 66		 20	 363.782	  1	 43	 21
	 67		  1	 342.774	  0	 35	  9
	 67		  2	 359.100	  0	 35	  9
	 67		  3	 394.031	  6	 36	 10
	 67		  4	 389.148	  2	 36	 10
	 67		  5	 393.041	  0	 36	 10
	 67		  6	 395.937	  3	 39	 18
	 67		  7	 387.088	  0	 39	 18
	 67		  8	 381.160	  5	 39	 18
	 67		  9	 369.196	  0	 39	 18
	 67		 10	 391.604	  4	 41	 19
	 67		 11	 401.528	  0	 41	 19
	 67		 12	 334.228	  7	 41	 19
	 67		 13	 391.308	  3	 41	 19
	 67		 14	 355.239	  1	 38	 20
	 67		 15	 293.734	  0	 39	 20
	 67		 16	 373.412	  5	 38	 20
	 67		 17	 364.199	  1	 38	 20
	 67		 18	 369.270	  0	 38	 20
	 67		 19	 360.780	  2	 38	 20
	 67		 20	 401.398	  1	 38	 20
	 68		  1	 360.118	  0	 35	  9
	 68		  2	 323.147	  0	 35	  9
	 68		  3	 294.613	 26	 35	  9
	 68		  4	 339.145	  0	 35	  9
	 68		  5	 379.145	  7	 39	 18
	 68		  6	 369.935	  7	 39	 18
	 68		  7	 379.007	  9	 39	 18
	 68		  8	 367.170	 18	 39	 18
	 68		  9	 383.850	  1	 39	 18
	 68		 10	 347.949	  4	 41	 19
	 68		 11	 353.204	  2	 41	 19
	 68		 12	 362.885	  0	 41	 19
	 68		 13	 363.520	  8	 42	 19
	 68		 14	 344.327	  0	 41	 19
	 68		 15	 361.822	  8	 38	 20
	 68		 16	 361.162	  5	 38	 20
	 68		 17	 381.903	  4	 38	 20
	 68		 18	 350.564	  2	 38	 20
	 68		 19	 382.236	  2	 38	 20
	 68		 20	 355.915	  1	 38	 20
	 69		  1	 365.787	  0	 35	  9
	 69		  2	 343.275	  0	 36	  9
	 69		  3	 149.185	243	 37	  9
	 69		  4	 377.042	  0	 35	  9
	 69		  5	 381.920	  7	 39	 18
	 69		  6	 361.390	 35	 39	 18
	 69		  7	 386.998	  4	 39	 18
	 69		  8	 392.594	  8	 39	 18
	 69		  9	 391.210	  5	 39	 18
	 69		 10	 402.175	  1	 42	 19
	 69		 11	 369.940	  5	 42	 19
	 69		 12	 364.567	  5	 42	 19
	 69		 13	 368.902	  4	 42	 19
	 69		 14	 377.050	  5	 42	 19
	 69		 15	 372.119	  6	 38	 20
	 69		 16	 320.991	 46	 39	 20
	 69		 17	 373.293	  6	 38	 20
	 69		 18	 414.327	  2	 38	 20
	 69		 19	 349.842	  2	 38	 20
	 69		 20	 346.164	  0	 38	 20
	 70		  1	 353.097	  0	 35	  9
	 70		  2	 354.711	  0	 35	  9
	 70		  3	 343.312	  1	 36	  9
	 70		  4	 351.017	  0	 35	  9
	 70		  5	 359.427	  5	 39	 18
	 70		  6	 359.241	  5	 39	 18
	 70		  7	 377.196	  4	 39	 18
	 70		  8	 356.059	  6	 39	 18
	 70		  9	 353.301	  4	 42	 19
	 70		 10	 343.030	  2	 42	 19
	 70		 11	 346.482	  2	 43	 19
	 70		 12	 357.326	  1	 42	 19
	 70		 13	 344.191	  6	 38	 20
	 70		 14	 338.468	  9	 38	 20
	 70		 15	 345.554	  3	 38	 20
	 70		 16	 351.489	  4	 38	 20
	 70		 17	 370.750	  2	 38	 20
	 70		 18	 204.171	135	 37	 22
	 70		 19	 257.837	 45	 37	 22
	 70		 20	 300.411	 14	 37	 22
	 71		  1	 382.692	  0	 35	  9
	 71		  2	 272.233	136	 35	  9
	 71		  3	 368.394	 15	 35	  9
	 71		  4	 382.556	  3	 39	 18
	 71		  5	 376.224	  6	 39	 18
	 71		  6	 400.073	  4	 39	 18
	 71		  7	 384.990	  4	 39	 18
	 71		  8	 382.125	  1	 42	 19
	 71		  9	 328.142	  1	 43	 19
	 71		 10	 403.210	  1	 42	 19
	 71		 11	 385.786	  3	 38	 20
	 71		 12	 389.581	  1	 38	 20
	 71		 13	 366.671	  6	 38	 20
	 71		 14	 366.523	  5	 38	 20
	 71		 15	 265.270	 62	 37	 22
	 71		 16	 176.157	230	 37	 22
	 71		 17	 350.355	 17	 40	 22
	 71		 18	  79.174	370	 37	 22
	 71		 19	 375.522	  0	 39	 22
	 71		 20	 221.485	102	 37	 22
	 72		  1	 361.178	  0	 35	  9
	 72		  2	 354.454	  0	 36	  9
	 72		  3	 367.607	  4	 39	 18
	 72		  4	 392.790	  5	 39	 18
	 72		  5	 355.078	  1	 42	 19
	 72		  6	 355.998	  9	 43	 19
	 72		  7	 367.500	 10	 38	 20
	 72		  8	 351.913	  0	 38	 20
	 72		  9	 292.910	 21	 38	 20
	 72		 10	 307.934	 55	 37	 22
	 72		 11	 330.059	 26	 40	 23
	 72		 12	 368.194	  0	 40	 23
	 72		 13	 300.449	 84	 40	 23
	 72		 14	 366.436	  0	 39	 24
	 72		 15	 353.206	  0	 39	 24
	 72		 16	 265.729	  0	 39	 24
	 72		 17	 347.056	  0	 39	 24
	 72		 18	 351.131	  0	 39	 24
	 72		 19	 243.677	 53	 39	 24
	 72		 20	 206.057	 92	 39	 24
	 73		  1	 378.956	  0	 35	  9
	 73		  2	 286.107	  0	 35	  9
	 73		  3	 383.718	  2	 39	 18
	 73		  4	 369.128	  2	 39	 18
	 73		  5	 383.087	  3	 43	 19
	 73		  6	 375.498	  8	 43	 19
	 73		  7	 341.012	  6	 38	 20
	 73		  8	 346.551	 29	 38	 20
	 73		  9	 383.906	  1	 38	 20
	 73		 10	 302.573	 62	 37	 22
	 73		 11	 146.572	223	 37	 22
	 73		 12	 384.995	  0	 40	 23
	 73		 13	 376.847	  0	 40	 23
	 73		 14	 387.876	  0	 40	 23
	 73		 15	 379.837	  0	 39	 24
	 73		 16	 378.527	  0	 39	 24
	 73		 17	 383.699	  0	 39	 24
	 73		 18	 352.373	  0	 39	 24
	 73		 19	 355.344	  0	 39	 24
	 73		 20	 377.096	  0	 39	 24
	 74		  1	 362.776	  0	 35	  9
	 74		  2	 312.292	  0	 35	  9
	 74		  3	 388.053	  5	 39	 18
	 74		  4	 386.865	  1	 39	 18
	 74		  5	 381.853	  5	 43	 19
	 74		  6	 381.793	  6	 43	 19
	 74		  7	 360.864	  2	 38	 20
	 74		  8	 349.121	  0	 38	 20
	 74		  9	 367.465	 10	 38	 20
	 74		 10	 325.142	 30	 37	 22
	 74		 11	 131.196	296	 37	 22
	 74		 12	 377.668	  0	 40	 23
	 74		 13	 355.251	  0	 40	 23
	 74		 14	 367.815	  0	 40	 23
	 74		 15	 364.947	  0	 39	 24
	 74		 16	 356.322	  0	 39	 24
	 74		 17	 360.699	  0	 39	 24
	 74		 18	 297.955	  0	 39	 24
	 74		 19	 361.140	  0	 39	 24
	 74		 20	 379.440	  0	 39	 24
	 75		  1	 343.675	  0	 35	  9
	 75		  2	 329.066	  2	 35	  9
	 75		  3	 364.989	 12	 39	 18
	 75		  4	 365.026	  7	 39	 18
	 75		  5	 345.119	  8	 43	 19
	 75		  6	 318.998	  5	 43	 19
	 75		  7	 339.234	  8	 38	 20
	 75		  8	 359.252	  2	 38	 20
	 75		  9	 277.555	 59	 37	 22
	 75		 10	 168.572	125	 37	 22
	 75		 11	 353.633	  0	 40	 23
	 75		 12	 339.992	  0	 40	 23
	 75		 13	 353.291	  0	 40	 23
	 75		 14	 312.438	  4	 39	 24
	 75		 15	 331.744	  0	 39	 24
	 75		 16	 271.572	 87	 39	 24
	 75		 17	  82.783	271	 39	 24
	 75		 18	 320.555	  5	 39	 24
	 75		 19	 226.100	  0	 39	 24
	 75		 20	 283.005	100	 39	 24
	 76		  1	 392.026	  3	 39	 18
	 76		  2	 387.333	  7	 39	 18
	 76		  3	 391.903	  2	 39	 18
	 76		  4	 393.482	  4	 43	 19
	 76		  5	 356.634	  3	 43	 19
	 76		  6	 380.640	  7	 43	 19
	 76		  7	 389.941	  1	 38	 20
	 76		  8	 354.948	  0	 38	 20
	 76		  9	 374.702	  1	 38	 20
	 76		 10	 285.118	 29	 37	 22
	 76		 11	 231.124	 63	 37	 22
	 76		 12	 409.249	  0	 40	 23
	 76		 13	 387.525	  0	 40	 23
	 76		 14	 385.602	  0	 40	 23
	 76		 15	 381.822	  0	 40	 23
	 76		 16	 344.458	  0	 39	 24
	 76		 17	 378.401	  0	 39	 24
	 76		 18	 389.256	  0	 41	 24
	 76		 19	 338.596	  0	 39	 24
	 76		 20	 364.924	  0	 39	 24
	 77		  1	 387.275	  7	 39	 18
	 77		  2	 385.955	 10	 40	 18
	 77		  3	 389.881	  4	 39	 18
	 77		  4	 358.635	 10	 43	 19
	 77		  5	 266.674	  0	 43	 19
	 77		  6	 358.358	  7	 43	 19
	 77		  7	 378.647	  4	 38	 20
	 77		  8	 385.629	  1	 38	 20
	 77		  9	 368.935	  3	 38	 20
	 77		 10	 310.405	 47	 37	 22
	 77		 11	 141.524	248	 37	 22
	 77		 12	 409.472	  0	 40	 23
	 77		 13	 197.558	120	 40	 23
	 77		 14	 389.792	  0	 40	 23
	 77		 15	 376.907	  0	 41	 24
	 77		 16	 374.899	  0	 41	 24
	 77		 17	 420.558	  0	 41	 24
	 77		 18	 341.768	  0	 41	 24
	 77		 19	 378.722	  0	 41	 24
	 77		 20	 374.117	  0	 41	 24
