# Evoluation started on 2016/11/18 14:22:50
# Generation	   Individual 	   Fitness 	 SecondFitness 	  Size		SpecieID
	  0		  1	 253.678	  0	 26	 -1
	  0		  2	 230.814	  0	 26	 -1
	  0		  3	 223.294	  0	 26	 -1
	  0		  4	 258.173	  2	 26	 -1
	  0		  5	 192.015	  0	 26	 -1
	  0		  6	  84.344	  0	 26	 -1
	  0		  7	 200.598	  3	 26	 -1
	  0		  8	 108.621	 42	 26	 -1
	  0		  9	 189.953	  0	 26	 -1
	  0		 10	  83.652	160	 26	 -1
	  0		 11	 183.338	  0	 26	 -1
	  0		 12	 186.364	  0	 26	 -1
	  0		 13	  92.835	 86	 26	 -1
	  0		 14	 190.066	123	 26	 -1
	  0		 15	 298.111	  0	 26	 -1
	  0		 16	 157.813	 47	 26	 -1
	  0		 17	 213.942	  0	 26	 -1
	  0		 18	 154.501	  0	 26	 -1
	  0		 19	 145.257	  0	 26	 -1
	  0		 20	  18.796	409	 26	 -1
	  1		  1	 224.013	 46	 26	  1
	  1		  2	 146.090	  1	 26	  1
	  1		  3	 181.164	  0	 26	  1
	  1		  4	 213.255	  0	 26	  1
	  1		  5	 275.111	  2	 26	  1
	  1		  6	 129.163	  0	 26	  1
	  1		  7	 238.221	  0	 26	  1
	  1		  8	 135.826	 15	 26	  1
	  1		  9	 175.606	 89	 26	  1
	  1		 10	 170.236	  0	 26	  1
	  1		 11	 218.412	  6	 26	  1
	  1		 12	 164.035	 25	 28	  1
	  1		 13	 223.373	  0	 26	  1
	  1		 14	 156.335	134	 26	  1
	  1		 15	 189.718	  0	 28	  1
	  1		 16	 217.036	 26	 26	  1
	  1		 17	 231.651	  0	 26	  1
	  1		 18	 236.226	  0	 26	  1
	  1		 19	 210.187	  0	 26	  1
	  1		 20	 229.137	  0	 26	  1
	  2		  1	 287.459	  0	 26	  1
	  2		  2	 233.379	  0	 26	  1
	  2		  3	 285.377	  0	 26	  1
	  2		  4	 212.973	  0	 26	  1
	  2		  5	 245.351	 87	 27	  1
	  2		  6	 257.690	  0	 28	  1
	  2		  7	 236.565	  0	 26	  1
	  2		  8	 194.697	  6	 28	  2
	  2		  9	 199.600	 16	 28	  2
	  2		 10	 199.178	 11	 28	  2
	  2		 11	 202.712	  7	 28	  2
	  2		 12	 201.603	 12	 28	  2
	  2		 13	 207.026	  0	 28	  3
	  2		 14	 213.018	  0	 28	  3
	  2		 15	 190.022	  0	 28	  3
	  2		 16	 208.078	  0	 28	  3
	  2		 17	 231.072	  0	 28	  3
	  2		 18	 215.320	  0	 28	  3
	  2		 19	 210.661	  0	 28	  3
	  2		 20	 203.379	  0	 29	  3
	  3		  1	 206.072	 55	 26	  1
	  3		  2	 108.905	278	 26	  1
	  3		  3	 141.661	266	 26	  1
	  3		  4	 192.688	 55	 26	  1
	  3		  5	 106.071	  0	 26	  1
	  3		  6	 163.090	 32	 28	  2
	  3		  7	 151.993	 49	 28	  2
	  3		  8	 156.080	 27	 28	  2
	  3		  9	 177.244	 13	 28	  2
	  3		 10	 160.401	101	 28	  3
	  3		 11	 156.142	 54	 28	  3
	  3		 12	 161.395	 54	 28	  3
	  3		 13	 175.276	  0	 28	  3
	  3		 14	 169.240	165	 28	  4
	  3		 15	 165.839	152	 28	  4
	  3		 16	 175.482	175	 28	  4
	  3		 17	 164.572	178	 28	  4
	  3		 18	 203.514	 89	 28	  4
	  3		 19	 171.521	191	 28	  4
	  3		 20	 182.963	 41	 28	  4
	  4		  1	 282.344	  9	 26	  1
	  4		  2	 247.347	 96	 26	  1
	  4		  3	 231.879	 41	 26	  1
	  4		  4	 179.376	  0	 26	  1
	  4		  5	 188.851	 10	 28	  2
	  4		  6	 189.032	 14	 28	  2
	  4		  7	 166.111	 20	 28	  2
	  4		  8	 206.713	  5	 28	  2
	  4		  9	 186.492	  0	 28	  3
	  4		 10	 192.814	  0	 28	  3
	  4		 11	 192.407	  0	 28	  3
	  4		 12	 175.775	  0	 28	  3
	  4		 13	 175.702	  0	 28	  3
	  4		 14	 248.711	 22	 28	  4
	  4		 15	 196.226	 95	 28	  4
	  4		 16	 235.412	 33	 28	  4
	  4		 17	 235.032	  0	 28	  4
	  4		 18	 197.490	 86	 28	  4
	  4		 19	 225.356	 70	 28	  4
	  4		 20	 229.324	 13	 28	  4
	  5		  1	 207.662	 27	 26	  1
	  5		  2	 210.212	 17	 26	  1
	  5		  3	 216.907	 71	 26	  1
	  5		  4	 205.298	 30	 26	  1
	  5		  5	 208.665	 75	 26	  1
	  5		  6	 116.407	178	 28	  2
	  5		  7	 131.105	184	 28	  2
	  5		  8	 100.802	185	 28	  2
	  5		  9	 134.590	157	 28	  2
	  5		 10	 153.978	  5	 28	  3
	  5		 11	 125.457	 10	 28	  3
	  5		 12	 163.762	  6	 28	  3
	  5		 13	 151.529	 63	 28	  3
	  5		 14	 151.242	129	 28	  4
	  5		 15	 202.636	 29	 28	  4
	  5		 16	 154.217	141	 28	  4
	  5		 17	 226.194	 12	 28	  4
	  5		 18	 160.382	167	 28	  4
	  5		 19	 141.560	153	 28	  4
	  5		 20	 162.552	175	 28	  4
	  6		  1	 280.220	  7	 26	  1
	  6		  2	 267.646	  0	 26	  1
	  6		  3	 276.449	  6	 26	  1
	  6		  4	 195.774	 80	 26	  1
	  6		  5	 281.761	  1	 26	  1
	  6		  6	 280.220	  7	 26	  1
	  6		  7	 178.730	 43	 28	  2
	  6		  8	 212.871	  0	 28	  2
	  6		  9	 200.875	 50	 28	  2
	  6		 10	 192.296	  0	 28	  3
	  6		 11	 189.656	  0	 28	  3
	  6		 12	 235.332	  0	 28	  3
	  6		 13	 198.098	  0	 28	  3
	  6		 14	 275.937	  4	 28	  4
	  6		 15	 312.884	  0	 28	  4
	  6		 16	 261.968	  3	 28	  4
	  6		 17	 354.333	  5	 28	  4
	  6		 18	 270.472	 54	 28	  4
	  6		 19	 317.518	  0	 28	  4
	  6		 20	 237.416	  3	 28	  4
	  7		  1	 321.394	  0	 26	  1
	  7		  2	 322.548	  0	 26	  1
	  7		  3	 303.114	  0	 26	  1
	  7		  4	 287.144	  1	 27	  1
	  7		  5	 319.723	  0	 26	  1
	  7		  6	 235.492	  0	 28	  2
	  7		  7	 243.375	  0	 28	  2
	  7		  8	 217.135	 68	 28	  2
	  7		  9	 224.237	  0	 28	  2
	  7		 10	 248.916	  0	 28	  3
	  7		 11	 246.807	  0	 28	  3
	  7		 12	 248.737	  0	 28	  3
	  7		 13	 267.519	  0	 28	  3
	  7		 14	 290.467	 12	 28	  4
	  7		 15	 342.633	  0	 28	  4
	  7		 16	 340.814	  5	 28	  4
	  7		 17	 280.730	 14	 28	  4
	  7		 18	 318.195	  5	 28	  4
	  7		 19	 321.587	 16	 28	  4
	  7		 20	 300.923	  9	 28	  4
	  8		  1	 295.587	  6	 26	  1
	  8		  2	 207.391	106	 26	  1
	  8		  3	 261.630	 56	 26	  1
	  8		  4	 278.280	  9	 26	  1
	  8		  5	 155.964	  0	 26	  1
	  8		  6	 215.345	  3	 28	  2
	  8		  7	 204.667	  4	 28	  2
	  8		  8	 214.088	102	 28	  2
	  8		  9	 201.529	  3	 28	  2
	  8		 10	 175.229	164	 28	  3
	  8		 11	 173.844	164	 28	  3
	  8		 12	 184.878	 80	 28	  3
	  8		 13	 181.460	  0	 28	  3
	  8		 14	 264.121	  3	 28	  4
	  8		 15	 309.424	  3	 28	  4
	  8		 16	 267.644	  9	 28	  4
	  8		 17	 270.492	  0	 28	  4
	  8		 18	 160.130	174	 28	  4
	  8		 19	 243.105	  4	 28	  4
	  8		 20	 227.506	102	 28	  4
	  9		  1	 306.324	  5	 26	  1
	  9		  2	 247.019	  4	 26	  1
	  9		  3	 219.109	 84	 26	  1
	  9		  4	 170.119	213	 26	  1
	  9		  5	 307.900	  5	 26	  1
	  9		  6	 223.315	  5	 28	  2
	  9		  7	 223.422	  9	 28	  2
	  9		  8	 158.059	171	 28	  2
	  9		  9	 238.060	 15	 28	  2
	  9		 10	 187.558	 94	 28	  3
	  9		 11	 204.332	 12	 28	  3
	  9		 12	 188.269	 94	 28	  3
	  9		 13	 199.567	 94	 28	  3
	  9		 14	 319.276	  6	 28	  4
	  9		 15	 316.155	  0	 28	  4
	  9		 16	 318.835	 21	 30	  4
	  9		 17	 301.396	  8	 28	  4
	  9		 18	 304.268	  0	 28	  4
	  9		 19	 340.750	  4	 28	  4
	  9		 20	 326.111	  4	 28	  4
	 10		  1	 319.651	  1	 26	  1
	 10		  2	 316.121	  0	 26	  1
	 10		  3	 305.161	  1	 26	  1
	 10		  4	 260.652	  5	 28	  2
	 10		  5	 179.980	124	 28	  2
	 10		  6	 266.929	  0	 28	  2
	 10		  7	 234.890	  0	 28	  3
	 10		  8	 203.779	  0	 28	  3
	 10		  9	 242.177	  0	 28	  3
	 10		 10	 339.080	  2	 28	  4
	 10		 11	 251.750	  0	 28	  4
	 10		 12	 350.611	  5	 28	  4
	 10		 13	 322.591	  1	 28	  4
	 10		 14	 333.934	  4	 30	  5
	 10		 15	 265.360	 14	 30	  5
	 10		 16	 343.498	  3	 30	  5
	 10		 17	 311.313	 11	 30	  5
	 10		 18	 333.844	  5	 30	  5
	 10		 19	 325.565	  3	 31	  5
	 10		 20	 333.841	  3	 30	  5
	 11		  1	 301.491	  2	 26	  1
	 11		  2	 293.933	  0	 26	  1
	 11		  3	 296.685	  0	 26	  1
	 11		  4	 245.040	  2	 28	  2
	 11		  5	 234.393	  4	 28	  2
	 11		  6	 227.083	  0	 28	  3
	 11		  7	 225.147	  0	 28	  3
	 11		  8	 322.877	  3	 28	  4
	 11		  9	 315.929	  1	 28	  4
	 11		 10	 292.807	 10	 28	  4
	 11		 11	 284.246	  3	 30	  5
	 11		 12	 293.743	  3	 30	  5
	 11		 13	 282.935	  0	 30	  5
	 11		 14	 312.075	  1	 30	  5
	 11		 15	 233.420	  0	 28	  6
	 11		 16	 233.955	  0	 28	  6
	 11		 17	 233.231	  0	 28	  6
	 11		 18	 232.573	  0	 28	  6
	 11		 19	 234.298	  0	 28	  6
	 11		 20	 234.814	  0	 28	  6
	 12		  1	 204.407	 89	 26	  1
	 12		  2	 242.887	  4	 26	  1
	 12		  3	 212.527	 18	 26	  1
	 12		  4	 199.437	  8	 28	  2
	 12		  5	 172.107	  7	 28	  2
	 12		  6	 193.095	 11	 28	  2
	 12		  7	 198.789	  0	 28	  3
	 12		  8	 173.961	 32	 28	  3
	 12		  9	 191.640	  0	 28	  3
	 12		 10	 308.077	  6	 28	  4
	 12		 11	 235.358	 72	 28	  4
	 12		 12	 305.927	  1	 28	  4
	 12		 13	 268.846	 55	 28	  4
	 12		 14	 290.887	  0	 30	  5
	 12		 15	 242.523	  1	 31	  5
	 12		 16	 302.954	  7	 30	  5
	 12		 17	 234.627	  0	 30	  5
	 12		 18	 245.338	  6	 30	  5
	 12		 19	 275.514	  0	 30	  5
	 12		 20	 311.558	  3	 30	  5
	 13		  1	 280.523	  7	 26	  1
	 13		  2	 290.181	  6	 26	  1
	 13		  3	  72.009	406	 26	  1
	 13		  4	 251.714	  4	 28	  2
	 13		  5	 206.082	101	 28	  2
	 13		  6	 257.489	  5	 28	  2
	 13		  7	 210.610	 19	 28	  3
	 13		  8	 216.689	  2	 28	  3
	 13		  9	 210.850	 19	 29	  3
	 13		 10	 330.243	 15	 28	  4
	 13		 11	 272.804	 45	 28	  4
	 13		 12	 325.611	 27	 28	  4
	 13		 13	 332.789	  5	 28	  4
	 13		 14	 330.709	  0	 30	  5
	 13		 15	 244.470	  0	 31	  5
	 13		 16	 298.622	  0	 30	  5
	 13		 17	 311.654	  0	 30	  5
	 13		 18	 285.069	  0	 30	  5
	 13		 19	 336.878	 13	 30	  5
	 13		 20	 328.925	  0	 30	  5
	 14		  1	 297.896	  0	 26	  1
	 14		  2	 207.373	  0	 26	  1
	 14		  3	 281.882	  0	 26	  1
	 14		  4	 261.952	  0	 28	  2
	 14		  5	 200.039	147	 28	  2
	 14		  6	 263.288	  0	 28	  2
	 14		  7	 241.308	  0	 28	  3
	 14		  8	 242.607	  0	 28	  3
	 14		  9	 239.717	  0	 28	  3
	 14		 10	 284.803	 14	 28	  4
	 14		 11	 243.693	 32	 28	  4
	 14		 12	 299.978	  4	 30	  4
	 14		 13	 290.079	  0	 28	  4
	 14		 14	 280.738	 43	 30	  5
	 14		 15	 277.102	 68	 30	  5
	 14		 16	 270.986	 92	 30	  5
	 14		 17	 304.612	 18	 30	  5
	 14		 18	 289.065	 43	 30	  5
	 14		 19	 270.818	 11	 31	  5
	 14		 20	 299.590	 21	 30	  5
	 15		  1	 289.084	  6	 26	  1
	 15		  2	 286.823	  6	 26	  1
	 15		  3	 284.196	  7	 26	  1
	 15		  4	 260.265	  3	 28	  2
	 15		  5	 227.452	  0	 28	  2
	 15		  6	 144.913	104	 28	  2
	 15		  7	 217.508	  0	 28	  3
	 15		  8	 113.406	265	 28	  3
	 15		  9	 218.267	  0	 28	  3
	 15		 10	 301.907	  1	 28	  4
	 15		 11	 291.110	  6	 28	  4
	 15		 12	 222.969	  0	 28	  4
	 15		 13	 300.492	  0	 28	  4
	 15		 14	 285.468	 36	 30	  5
	 15		 15	 280.084	  8	 30	  5
	 15		 16	 332.050	  8	 30	  5
	 15		 17	 190.104	113	 30	  5
	 15		 18	 211.752	109	 30	  5
	 15		 19	 286.226	 17	 30	  5
	 15		 20	 318.953	  2	 30	  5
	 16		  1	 294.290	  4	 26	  1
	 16		  2	 295.366	  4	 26	  1
	 16		  3	 304.804	  6	 26	  1
	 16		  4	 307.189	  7	 26	  1
	 16		  5	 269.388	  0	 28	  2
	 16		  6	 266.900	  0	 28	  2
	 16		  7	 269.576	  0	 28	  2
	 16		  8	 233.065	  0	 28	  3
	 16		  9	 193.920	  0	 28	  3
	 16		 10	 308.647	  3	 28	  4
	 16		 11	 273.618	  0	 28	  4
	 16		 12	 209.216	  8	 28	  4
	 16		 13	 312.299	  5	 28	  4
	 16		 14	 330.207	 14	 30	  5
	 16		 15	 294.398	 14	 30	  5
	 16		 16	 334.917	 22	 30	  5
	 16		 17	 333.518	 23	 30	  5
	 16		 18	 333.434	 11	 30	  5
	 16		 19	 242.175	  6	 30	  5
	 16		 20	 319.370	 27	 30	  5
	 17		  1	 293.602	  5	 26	  1
	 17		  2	 290.544	 12	 26	  1
	 17		  3	 303.198	  5	 26	  1
	 17		  4	 206.906	  0	 26	  1
	 17		  5	 249.595	  2	 28	  2
	 17		  6	 191.185	  0	 28	  2
	 17		  7	 275.163	  0	 28	  2
	 17		  8	 214.408	  0	 28	  3
	 17		  9	 209.917	  8	 28	  3
	 17		 10	 310.794	  0	 28	  4
	 17		 11	 308.917	  2	 29	  4
	 17		 12	 278.069	 13	 28	  4
	 17		 13	 247.683	108	 30	  5
	 17		 14	 315.732	 12	 30	  5
	 17		 15	 305.273	 34	 30	  5
	 17		 16	 138.622	  4	 31	  5
	 17		 17	 313.180	 34	 30	  5
	 17		 18	 304.252	 40	 30	  5
	 17		 19	 321.188	  2	 30	  5
	 17		 20	 314.248	 24	 30	  5
	 18		  1	 308.857	  9	 26	  1
	 18		  2	 310.770	 16	 26	  1
	 18		  3	 279.207	  0	 28	  2
	 18		  4	 266.435	  0	 28	  2
	 18		  5	 233.562	  0	 28	  3
	 18		  6	 234.679	  0	 28	  3
	 18		  7	 324.991	  0	 28	  4
	 18		  8	 322.348	  6	 28	  4
	 18		  9	 306.376	  5	 28	  4
	 18		 10	 317.218	 18	 30	  5
	 18		 11	 291.688	 33	 30	  5
	 18		 12	 291.879	 51	 30	  5
	 18		 13	 328.614	  0	 29	  7
	 18		 14	 302.122	  0	 30	  7
	 18		 15	 323.342	  0	 29	  7
	 18		 16	 129.255	  0	 31	  8
	 18		 17	  85.931	  0	 32	  8
	 18		 18	 157.524	  0	 31	  8
	 18		 19	  57.982	  0	 31	  8
	 18		 20	 178.090	  0	 31	  8
	 19		  1	 323.786	  3	 26	  1
	 19		  2	 325.591	  3	 26	  1
	 19		  3	 320.836	  6	 26	  1
	 19		  4	 320.768	  4	 26	  1
	 19		  5	 280.766	  0	 28	  2
	 19		  6	 250.159	  0	 30	  2
	 19		  7	 264.476	  0	 28	  2
	 19		  8	 221.492	  0	 28	  3
	 19		  9	 177.129	  0	 28	  3
	 19		 10	 220.342	  0	 28	  3
	 19		 11	 332.526	  0	 29	  4
	 19		 12	 307.245	  0	 29	  4
	 19		 13	 317.296	  2	 29	  4
	 19		 14	 332.690	  0	 29	  4
	 19		 15	 317.898	 35	 30	  5
	 19		 16	 322.563	  0	 30	  5
	 19		 17	 310.501	 14	 30	  5
	 19		 18	 128.664	  9	 32	  8
	 19		 19	 111.473	 36	 32	  8
	 19		 20	 107.234	 23	 32	  8
	 20		  1	 256.164	 97	 26	  1
	 20		  2	 233.829	 49	 26	  1
	 20		  3	 293.062	 21	 26	  1
	 20		  4	 272.647	  3	 28	  2
	 20		  5	 285.487	  3	 28	  2
	 20		  6	 248.087	  3	 28	  2
	 20		  7	 174.561	 33	 28	  3
	 20		  8	 164.180	 71	 28	  3
	 20		  9	 327.988	  7	 29	  4
	 20		 10	 336.256	  0	 29	  4
	 20		 11	 332.773	  0	 29	  4
	 20		 12	 316.113	  0	 30	  5
	 20		 13	 313.229	  0	 30	  5
	 20		 14	 157.460	145	 30	  9
	 20		 15	 201.344	 68	 30	  9
	 20		 16	 152.512	159	 30	  9
	 20		 17	 145.880	 51	 30	  9
	 20		 18	 199.244	 69	 30	  9
	 20		 19	 143.492	147	 30	  9
	 20		 20	 160.980	162	 30	  9
	 21		  1	 236.111	 61	 26	  1
	 21		  2	 200.219	 30	 26	  1
	 21		  3	 234.159	 26	 26	  1
	 21		  4	 254.045	  0	 28	  2
	 21		  5	 222.974	  4	 28	  2
	 21		  6	 249.976	  0	 28	  2
	 21		  7	 195.799	  0	 28	  3
	 21		  8	 189.311	  0	 28	  3
	 21		  9	 299.931	  0	 29	  4
	 21		 10	 264.218	  2	 32	  4
	 21		 11	 263.631	  8	 29	  4
	 21		 12	 287.120	 15	 29	  4
	 21		 13	 270.113	  5	 30	  5
	 21		 14	 266.450	 42	 30	  5
	 21		 15	 295.324	 39	 30	  5
	 21		 16	 285.515	  8	 30	  5
	 21		 17	 231.840	  0	 30	  9
	 21		 18	 229.295	  0	 30	  9
	 21		 19	 209.304	  0	 30	  9
	 21		 20	 211.910	  0	 30	  9
	 22		  1	 248.128	100	 26	  1
	 22		  2	 239.116	 35	 26	  1
	 22		  3	 271.380	  0	 28	  2
	 22		  4	 256.996	  0	 28	  2
	 22		  5	 219.393	  0	 28	  3
	 22		  6	 215.423	  0	 28	  3
	 22		  7	 310.470	  3	 29	  4
	 22		  8	 306.407	 19	 29	  4
	 22		  9	 313.720	 15	 29	  4
	 22		 10	 335.702	 39	 30	  5
	 22		 11	 334.720	 28	 30	  5
	 22		 12	 321.424	 27	 30	  5
	 22		 13	 247.756	  0	 30	  9
	 22		 14	 248.026	  0	 30	  9
	 22		 15	 273.592	  0	 32	 10
	 22		 16	 248.854	  2	 32	 10
	 22		 17	 217.719	 34	 32	 10
	 22		 18	 237.482	  5	 32	 10
	 22		 19	 105.097	 71	 32	 10
	 22		 20	 246.508	  9	 32	 10
	 23		  1	 310.138	 11	 26	  1
	 23		  2	 230.074	 63	 26	  1
	 23		  3	 290.873	  2	 28	  2
	 23		  4	 232.585	 47	 28	  2
	 23		  5	 216.906	  2	 28	  3
	 23		  6	 194.173	163	 28	  3
	 23		  7	 344.081	  4	 29	  4
	 23		  8	 345.315	  1	 29	  4
	 23		  9	 316.935	  0	 29	  4
	 23		 10	 317.265	 35	 30	  5
	 23		 11	 324.731	  0	 30	  5
	 23		 12	 322.099	  0	 30	  5
	 23		 13	 256.325	  1	 30	  9
	 23		 14	 206.517	 58	 30	  9
	 23		 15	 262.902	  0	 30	  9
	 23		 16	 310.136	  0	 32	 10
	 23		 17	 311.199	  0	 32	 10
	 23		 18	 297.412	  3	 32	 10
	 23		 19	 308.520	  0	 32	 10
	 23		 20	 335.280	  4	 32	 10
	 24		  1	 259.206	 41	 26	  1
	 24		  2	 243.919	 75	 26	  1
	 24		  3	 212.457	119	 26	  1
	 24		  4	 259.115	  1	 28	  2
	 24		  5	 258.408	  1	 28	  2
	 24		  6	 206.095	  0	 28	  3
	 24		  7	 207.323	  0	 28	  3
	 24		  8	 286.620	  6	 29	  4
	 24		  9	 179.739	  0	 29	  4
	 24		 10	 296.413	  9	 29	  4
	 24		 11	 308.656	 11	 30	  5
	 24		 12	 266.912	 82	 30	  5
	 24		 13	 276.502	 75	 30	  5
	 24		 14	 307.587	  5	 32	 10
	 24		 15	 319.049	  3	 32	 10
	 24		 16	 282.877	  5	 32	 10
	 24		 17	 309.441	  0	 32	 10
	 24		 18	 291.485	 11	 32	 10
	 24		 19	 311.536	  0	 32	 10
	 24		 20	 274.006	  3	 32	 10
	 25		  1	 321.562	  9	 26	  1
	 25		  2	 327.528	  7	 26	  1
	 25		  3	 310.996	 10	 26	  1
	 25		  4	 280.041	  0	 28	  2
	 25		  5	 279.636	  0	 28	  2
	 25		  6	 273.701	 36	 28	  2
	 25		  7	 303.874	  7	 29	  4
	 25		  8	 315.355	  6	 29	  4
	 25		  9	 313.337	 10	 29	  4
	 25		 10	 308.099	 33	 30	  5
	 25		 11	 290.051	  7	 30	  5
	 25		 12	 303.658	  0	 30	  5
	 25		 13	 366.453	 12	 30	  5
	 25		 14	 326.478	  3	 32	 10
	 25		 15	 321.052	  1	 32	 10
	 25		 16	 252.024	  2	 32	 10
	 25		 17	 300.415	 15	 32	 10
	 25		 18	 326.619	  2	 32	 10
	 25		 19	 263.478	  0	 32	 10
	 25		 20	 319.400	 20	 32	 10
	 26		  1	 321.136	  4	 26	  1
	 26		  2	 315.235	  2	 26	  1
	 26		  3	 319.850	  5	 26	  1
	 26		  4	 225.289	  0	 26	  1
	 26		  5	 262.110	 90	 28	  1
	 26		  6	 279.842	  0	 28	  2
	 26		  7	 284.526	  0	 28	  2
	 26		  8	 315.586	 10	 28	  2
	 26		  9	 289.741	  0	 28	  2
	 26		 10	 351.583	 13	 30	  5
	 26		 11	 308.344	 60	 30	  5
	 26		 12	 290.586	 53	 30	  5
	 26		 13	 347.848	 18	 30	  5
	 26		 14	 328.435	  0	 32	 10
	 26		 15	 284.863	  3	 32	 10
	 26		 16	 314.886	  5	 33	 10
	 26		 17	 295.713	  0	 32	 10
	 26		 18	 310.232	  0	 32	 10
	 26		 19	 312.212	  4	 32	 10
	 26		 20	 273.695	 38	 32	 10
	 27		  1	 338.504	  5	 26	  1
	 27		  2	 320.173	  0	 26	  1
	 27		  3	 342.923	 10	 26	  1
	 27		  4	 297.986	 17	 28	  2
	 27		  5	 311.363	  0	 28	  2
	 27		  6	 186.291	 91	 28	  2
	 27		  7	 376.106	  7	 30	  5
	 27		  8	 342.651	  2	 30	  5
	 27		  9	 280.686	 65	 30	  5
	 27		 10	 279.810	 83	 30	  5
	 27		 11	 320.475	  0	 32	 10
	 27		 12	 332.591	  0	 32	 10
	 27		 13	 346.824	  2	 33	 10
	 27		 14	 319.958	  0	 32	 10
	 27		 15	 253.738	 38	 28	 11
	 27		 16	 335.736	  0	 28	 11
	 27		 17	 165.277	234	 28	 11
	 27		 18	 156.575	239	 28	 11
	 27		 19	 279.379	 53	 28	 11
	 27		 20	 165.612	257	 28	 11
	 28		  1	 353.963	  6	 26	  1
	 28		  2	 354.964	  8	 26	  1
	 28		  3	 346.835	  6	 26	  1
	 28		  4	 353.293	  6	 26	  1
	 28		  5	 302.039	  0	 28	  2
	 28		  6	 339.771	  6	 28	  2
	 28		  7	 292.347	  1	 28	  2
	 28		  8	 364.139	  7	 30	  5
	 28		  9	 336.539	 21	 30	  5
	 28		 10	 293.752	 71	 31	  5
	 28		 11	 290.576	 72	 30	  5
	 28		 12	 311.093	  0	 33	 10
	 28		 13	 310.475	  0	 33	 10
	 28		 14	 348.312	  4	 33	 10
	 28		 15	 340.252	  0	 33	 10
	 28		 16	 268.292	 93	 28	 11
	 28		 17	 316.560	  8	 28	 11
	 28		 18	 282.201	 26	 28	 11
	 28		 19	 324.055	 15	 28	 11
	 28		 20	 273.864	 30	 28	 11
	 29		  1	 303.789	 27	 26	  1
	 29		  2	  72.658	218	 26	  1
	 29		  3	 238.652	 63	 26	  1
	 29		  4	 267.649	 58	 26	  1
	 29		  5	 300.042	 11	 28	  2
	 29		  6	 194.436	177	 28	  2
	 29		  7	 291.626	  8	 28	  2
	 29		  8	 329.935	 16	 30	  5
	 29		  9	 310.136	 54	 30	  5
	 29		 10	 285.486	 18	 30	  5
	 29		 11	 357.230	  0	 33	 10
	 29		 12	 322.594	  4	 33	 10
	 29		 13	 322.238	  2	 33	 10
	 29		 14	 351.070	  0	 33	 10
	 29		 15	 264.546	 20	 28	 11
	 29		 16	 145.591	  0	 28	 11
	 29		 17	 209.759	 38	 28	 11
	 29		 18	 171.177	179	 28	 11
	 29		 19	 272.529	 29	 28	 11
	 29		 20	 257.591	 60	 28	 11
	 30		  1	 291.269	 26	 26	  1
	 30		  2	 307.894	 31	 26	  1
	 30		  3	 218.720	142	 26	  1
	 30		  4	 294.582	 17	 28	  2
	 30		  5	 263.016	  0	 28	  2
	 30		  6	 207.527	130	 29	  2
	 30		  7	 371.755	  6	 30	  5
	 30		  8	 265.445	 81	 30	  5
	 30		  9	 368.806	  8	 30	  5
	 30		 10	 325.230	 42	 30	  5
	 30		 11	 348.011	  3	 33	 10
	 30		 12	 336.413	  9	 33	 10
	 30		 13	 346.437	  1	 33	 10
	 30		 14	 314.955	  2	 33	 10
	 30		 15	 283.068	  1	 35	 10
	 30		 16	 273.865	 45	 28	 11
	 30		 17	 272.938	 29	 30	 11
	 30		 18	 260.845	 20	 28	 11
	 30		 19	 151.949	286	 28	 11
	 30		 20	 278.560	 44	 28	 11
	 31		  1	 208.630	190	 26	  1
	 31		  2	 319.308	 24	 26	  1
	 31		  3	 334.800	  4	 28	  2
	 31		  4	 271.658	  0	 28	  2
	 31		  5	 363.781	 11	 30	  5
	 31		  6	 343.856	 20	 30	  5
	 31		  7	 343.422	  3	 33	 10
	 31		  8	 327.141	 18	 33	 10
	 31		  9	 340.945	 11	 33	 10
	 31		 10	 313.746	 41	 28	 11
	 31		 11	 155.219	  0	 28	 11
	 31		 12	 312.001	  1	 35	 12
	 31		 13	 363.048	  4	 36	 12
	 31		 14	 352.378	 11	 35	 12
	 31		 15	 313.894	 21	 30	 13
	 31		 16	 308.632	 16	 30	 13
	 31		 17	 318.257	 20	 30	 13
	 31		 18	 262.713	112	 30	 13
	 31		 19	 272.049	 33	 30	 13
	 31		 20	 333.284	 17	 30	 13
	 32		  1	 339.571	  3	 33	  1
	 32		  2	 349.964	  1	 33	  1
	 32		  3	 316.129	  7	 28	  2
	 32		  4	 270.154	 52	 28	  2
	 32		  5	 354.769	 41	 30	  5
	 32		  6	 334.190	 18	 32	  5
	 32		  7	 350.228	 28	 32	  5
	 32		  8	 341.141	  7	 33	 10
	 32		  9	 348.552	  3	 33	 10
	 32		 10	 304.944	 22	 28	 11
	 32		 11	 311.353	 17	 28	 11
	 32		 12	 334.322	  2	 36	 12
	 32		 13	 307.702	 15	 36	 12
	 32		 14	 372.342	  2	 36	 12
	 32		 15	 309.734	 16	 30	 13
	 32		 16	 300.198	  8	 30	 13
	 32		 17	 309.734	 16	 30	 13
	 32		 18	 234.792	133	 31	 13
	 32		 19	 313.643	 31	 30	 13
	 32		 20	 306.183	 45	 32	 13
	 33		  1	 347.797	 11	 33	  1
	 33		  2	 311.445	  0	 33	  1
	 33		  3	 288.669	 13	 28	  2
	 33		  4	 288.159	 19	 28	  2
	 33		  5	 313.060	 10	 30	  5
	 33		  6	 281.995	 35	 30	  5
	 33		  7	 326.664	 12	 33	 10
	 33		  8	 256.775	  1	 33	 10
	 33		  9	 247.048	 82	 28	 11
	 33		 10	 250.657	101	 28	 11
	 33		 11	 278.836	 51	 29	 11
	 33		 12	 365.035	  2	 36	 12
	 33		 13	 340.518	  7	 36	 12
	 33		 14	 324.157	  4	 36	 12
	 33		 15	 287.365	 58	 32	 13
	 33		 16	 269.606	 85	 32	 13
	 33		 17	 294.083	 17	 32	 13
	 33		 18	 347.106	  8	 32	 13
	 33		 19	 284.330	 35	 32	 13
	 33		 20	 243.489	  0	 32	 13
	 34		  1	 367.486	  3	 36	  1
	 34		  2	 339.120	  2	 36	  1
	 34		  3	 381.073	  3	 36	  1
	 34		  4	 378.619	  0	 36	  1
	 34		  5	 320.481	  2	 28	  2
	 34		  6	 248.461	 93	 28	  2
	 34		  7	 319.964	  2	 28	  2
	 34		  8	 297.166	 37	 30	  5
	 34		  9	 285.904	  5	 30	  5
	 34		 10	 352.119	 10	 30	  5
	 34		 11	 318.838	 15	 29	 11
	 34		 12	 298.960	 85	 29	 11
	 34		 13	 317.493	  4	 29	 11
	 34		 14	 318.705	  5	 32	 13
	 34		 15	 320.865	  9	 32	 13
	 34		 16	 245.135	  0	 32	 13
	 34		 17	 318.035	 10	 32	 13
	 34		 18	 304.673	 22	 32	 13
	 34		 19	 286.432	 13	 32	 13
	 34		 20	 147.198	  0	 32	 13
	 35		  1	 356.523	  7	 36	  1
	 35		  2	 361.022	  3	 36	  1
	 35		  3	 362.726	  7	 36	  1
	 35		  4	 352.911	  1	 36	  1
	 35		  5	 294.348	 15	 28	  2
	 35		  6	 296.260	  4	 28	  2
	 35		  7	 269.588	  0	 28	  2
	 35		  8	 323.136	 31	 30	  5
	 35		  9	 265.341	123	 30	  5
	 35		 10	 320.383	 19	 30	  5
	 35		 11	 299.357	 40	 29	 11
	 35		 12	 300.648	 15	 29	 11
	 35		 13	 252.250	 18	 29	 11
	 35		 14	 198.956	103	 29	 11
	 35		 15	 349.570	  6	 32	 13
	 35		 16	 317.104	 29	 32	 13
	 35		 17	 295.951	  0	 33	 13
	 35		 18	 276.334	  0	 32	 13
	 35		 19	 294.474	  0	 32	 13
	 35		 20	 345.730	 16	 34	 13
	 36		  1	 354.105	  8	 36	  1
	 36		  2	 252.039	 85	 36	  1
	 36		  3	 312.844	  7	 36	  1
	 36		  4	 266.878	 10	 28	  2
	 36		  5	 247.924	 84	 28	  2
	 36		  6	 332.214	  0	 30	  5
	 36		  7	 329.018	 16	 30	  5
	 36		  8	 240.632	105	 29	 11
	 36		  9	 233.618	141	 29	 11
	 36		 10	 233.716	 96	 29	 11
	 36		 11	 338.694	  1	 32	 13
	 36		 12	 224.254	  0	 32	 13
	 36		 13	 326.609	  0	 32	 13
	 36		 14	 328.883	 14	 34	 14
	 36		 15	 311.493	 23	 34	 14
	 36		 16	 216.640	 13	 34	 14
	 36		 17	 306.739	  4	 34	 14
	 36		 18	 307.259	  0	 34	 14
	 36		 19	 337.417	 15	 36	 14
	 36		 20	 305.927	 44	 34	 14
	 37		  1	 320.772	 79	 36	  1
	 37		  2	 320.597	 69	 38	  1
	 37		  3	 375.489	  3	 36	  1
	 37		  4	 324.723	  2	 28	  2
	 37		  5	 317.844	  0	 28	  2
	 37		  6	 346.681	  7	 30	  5
	 37		  7	 341.986	  0	 30	  5
	 37		  8	 260.133	154	 30	  5
	 37		  9	 331.736	  9	 29	 11
	 37		 10	 304.685	 21	 29	 11
	 37		 11	 340.564	 13	 32	 13
	 37		 12	 335.416	  3	 32	 13
	 37		 13	 345.192	 12	 32	 13
	 37		 14	 298.519	 34	 36	 14
	 37		 15	 300.823	 36	 36	 14
	 37		 16	 256.748	 58	 36	 14
	 37		 17	 325.625	 12	 36	 14
	 37		 18	 295.707	 33	 36	 14
	 37		 19	 295.841	 37	 36	 14
	 37		 20	 287.971	 80	 36	 14
	 38		  1	 363.481	  9	 36	  1
	 38		  2	 357.418	 15	 36	  1
	 38		  3	 352.619	  7	 36	  1
	 38		  4	 331.697	  0	 28	  2
	 38		  5	 330.832	  0	 28	  2
	 38		  6	 301.054	 71	 28	  2
	 38		  7	 369.353	  0	 30	  5
	 38		  8	 340.945	 19	 30	  5
	 38		  9	 333.437	 22	 30	  5
	 38		 10	 339.090	  7	 29	 11
	 38		 11	 350.600	  7	 29	 11
	 38		 12	 339.259	  2	 29	 11
	 38		 13	 329.833	 22	 32	 13
	 38		 14	 337.661	 18	 32	 13
	 38		 15	 349.432	 14	 32	 13
	 38		 16	 285.410	 50	 36	 14
	 38		 17	 270.041	 80	 36	 14
	 38		 18	 313.691	 48	 36	 14
	 38		 19	 295.890	 66	 36	 14
	 38		 20	 281.146	 46	 37	 14
	 39		  1	 352.310	  2	 30	  1
	 39		  2	 271.730	  0	 31	  1
	 39		  3	 333.653	 26	 30	  1
	 39		  4	 316.970	  3	 28	  2
	 39		  5	 322.439	  8	 28	  2
	 39		  6	 292.061	  0	 28	  2
	 39		  7	 272.673	 85	 29	 11
	 39		  8	 215.363	  0	 29	 11
	 39		  9	 320.364	 11	 29	 11
	 39		 10	 343.231	 10	 32	 13
	 39		 11	 345.035	 11	 32	 13
	 39		 12	 327.794	 15	 32	 13
	 39		 13	 321.335	 56	 32	 13
	 39		 14	 265.448	 61	 36	 14
	 39		 15	 270.158	 66	 36	 14
	 39		 16	 265.050	 82	 38	 14
	 39		 17	 205.851	154	 36	 14
	 39		 18	 160.805	242	 36	 14
	 39		 19	 317.152	 24	 36	 14
	 39		 20	 249.366	122	 36	 14
	 40		  1	 293.799	 68	 30	  1
	 40		  2	 324.935	 31	 30	  1
	 40		  3	 368.371	 12	 30	  1
	 40		  4	 301.196	 12	 28	  2
	 40		  5	 299.929	 11	 28	  2
	 40		  6	 299.947	 13	 28	  2
	 40		  7	 295.563	 15	 29	 11
	 40		  8	 292.639	 15	 29	 11
	 40		  9	 294.226	 12	 29	 11
	 40		 10	 367.771	  6	 32	 13
	 40		 11	 359.557	  0	 32	 13
	 40		 12	 324.166	 13	 32	 13
	 40		 13	 329.830	  6	 32	 13
	 40		 14	 361.315	 13	 32	 13
	 40		 15	 271.818	 21	 36	 14
	 40		 16	 234.318	 87	 36	 14
	 40		 17	 256.397	 69	 36	 14
	 40		 18	 269.627	 13	 36	 14
	 40		 19	 292.836	 27	 36	 14
	 40		 20	 316.935	 51	 36	 14
	 41		  1	 325.338	 47	 30	  1
	 41		  2	 260.444	119	 30	  1
	 41		  3	 343.963	  4	 30	  1
	 41		  4	 342.793	  7	 30	  1
	 41		  5	 333.725	  4	 28	  2
	 41		  6	 335.054	  9	 28	  2
	 41		  7	 323.434	 40	 28	  2
	 41		  8	 322.160	  4	 29	 11
	 41		  9	 324.502	  3	 29	 11
	 41		 10	 319.819	  3	 29	 11
	 41		 11	 327.679	 25	 32	 13
	 41		 12	 333.645	  1	 32	 13
	 41		 13	 355.163	 13	 32	 13
	 41		 14	 350.292	  5	 32	 13
	 41		 15	 308.105	 65	 36	 14
	 41		 16	 316.879	 78	 36	 14
	 41		 17	 302.012	 87	 36	 14
	 41		 18	 298.343	 55	 36	 14
	 41		 19	 302.314	 88	 36	 14
	 41		 20	 334.880	 45	 36	 14
	 42		  1	 245.529	106	 30	  1
	 42		  2	 145.161	294	 30	  1
	 42		  3	 206.845	165	 30	  1
	 42		  4	 280.604	 75	 28	  2
	 42		  5	 267.147	 79	 28	  2
	 42		  6	 274.115	 75	 28	  2
	 42		  7	 316.907	  9	 29	 11
	 42		  8	 314.451	 11	 29	 11
	 42		  9	 300.971	 10	 29	 11
	 42		 10	 354.717	 18	 32	 13
	 42		 11	 329.694	 18	 32	 13
	 42		 12	 350.333	 14	 32	 13
	 42		 13	 310.677	 54	 36	 14
	 42		 14	 287.609	 55	 36	 14
	 42		 15	 298.796	 61	 36	 14
	 42		 16	 321.972	 52	 30	 15
	 42		 17	 232.880	170	 30	 15
	 42		 18	 258.287	 91	 30	 15
	 42		 19	 270.036	 98	 30	 15
	 42		 20	 301.247	 76	 30	 15
	 43		  1	 297.998	 37	 30	  1
	 43		  2	 251.595	103	 30	  1
	 43		  3	 309.132	 61	 30	  1
	 43		  4	 303.766	 24	 28	  2
	 43		  5	 270.300	 16	 28	  2
	 43		  6	 283.319	 44	 28	  2
	 43		  7	 274.083	 20	 29	 11
	 43		  8	 277.225	 24	 29	 11
	 43		  9	 276.054	  9	 29	 11
	 43		 10	  96.261	 42	 29	 11
	 43		 11	 359.444	 11	 32	 13
	 43		 12	 335.540	 16	 33	 13
	 43		 13	 320.342	 23	 32	 13
	 43		 14	 345.307	  1	 32	 13
	 43		 15	 285.254	 61	 36	 14
	 43		 16	 312.240	 31	 36	 14
	 43		 17	 239.731	119	 36	 14
	 43		 18	 292.631	 65	 36	 14
	 43		 19	 294.843	 78	 36	 14
	 43		 20	 251.138	 34	 36	 14
	 44		  1	 263.572	119	 30	  1
	 44		  2	 255.886	140	 30	  1
	 44		  3	 303.031	 69	 30	  1
	 44		  4	 305.584	 21	 28	  2
	 44		  5	 294.271	 32	 28	  2
	 44		  6	 303.916	 16	 28	  2
	 44		  7	 285.023	 17	 29	 11
	 44		  8	 278.826	 19	 29	 11
	 44		  9	 238.760	136	 30	 11
	 44		 10	 340.332	 17	 32	 13
	 44		 11	 308.527	 12	 32	 13
	 44		 12	 335.278	 10	 33	 13
	 44		 13	 353.705	  5	 32	 13
	 44		 14	 267.425	 31	 36	 14
	 44		 15	 269.683	 56	 36	 14
	 44		 16	 167.618	 55	 36	 14
	 44		 17	 294.287	 30	 36	 14
	 44		 18	 292.065	 43	 36	 14
	 44		 19	 246.990	 40	 36	 14
	 44		 20	 286.254	 43	 36	 14
	 45		  1	 279.425	 94	 30	  1
	 45		  2	 281.850	113	 30	  1
	 45		  3	 344.925	 20	 30	  1
	 45		  4	 341.502	  5	 28	  2
	 45		  5	  25.156	459	 28	  2
	 45		  6	 296.147	  0	 28	  2
	 45		  7	 273.825	 74	 28	  2
	 45		  8	 327.859	  3	 29	 11
	 45		  9	 192.099	  0	 29	 11
	 45		 10	 322.527	  2	 29	 11
	 45		 11	 333.983	 16	 32	 13
	 45		 12	 389.346	  0	 32	 13
	 45		 13	 332.116	  0	 32	 13
	 45		 14	 367.096	 14	 32	 13
	 45		 15	 300.674	 24	 36	 14
	 45		 16	 262.221	 18	 36	 14
	 45		 17	 278.471	 27	 36	 14
	 45		 18	 308.741	 29	 36	 14
	 45		 19	 297.709	 21	 36	 14
	 45		 20	 336.612	 20	 36	 14
	 46		  1	 324.785	 38	 30	  1
	 46		  2	 338.429	  0	 30	  1
	 46		  3	 258.699	142	 30	  1
	 46		  4	 290.633	  0	 30	  1
	 46		  5	 327.937	 17	 28	  2
	 46		  6	 308.050	 32	 28	  2
	 46		  7	 325.872	  0	 29	 11
	 46		  8	 221.138	 82	 29	 11
	 46		  9	 328.165	  0	 29	 11
	 46		 10	 362.823	  8	 32	 13
	 46		 11	 338.653	  8	 32	 13
	 46		 12	 351.824	  9	 33	 13
	 46		 13	 344.182	  0	 32	 13
	 46		 14	 336.771	 19	 36	 14
	 46		 15	 252.812	 35	 36	 14
	 46		 16	 263.199	 24	 36	 14
	 46		 17	 269.715	 34	 36	 14
	 46		 18	 222.991	 27	 36	 14
	 46		 19	 304.090	 27	 37	 14
	 46		 20	 275.128	 25	 36	 14
	 47		  1	 259.526	 27	 30	  1
	 47		  2	 282.149	 49	 30	  1
	 47		  3	 207.757	  1	 30	  1
	 47		  4	 248.270	113	 28	  2
	 47		  5	 252.166	118	 28	  2
	 47		  6	 249.853	103	 28	  2
	 47		  7	 270.881	 28	 28	  2
	 47		  8	 216.780	119	 29	 11
	 47		  9	 254.947	 34	 29	 11
	 47		 10	 211.619	  0	 29	 11
	 47		 11	 337.358	  6	 32	 13
	 47		 12	 349.459	  0	 32	 13
	 47		 13	 354.385	  7	 32	 13
	 47		 14	 301.426	  1	 33	 13
	 47		 15	 319.754	 15	 36	 14
	 47		 16	 275.271	  0	 36	 14
	 47		 17	 308.428	 17	 36	 14
	 47		 18	 235.527	 25	 36	 14
	 47		 19	 294.253	 17	 36	 14
	 47		 20	 269.889	 10	 36	 14
	 48		  1	 332.638	 13	 30	  1
	 48		  2	 324.967	  0	 30	  1
	 48		  3	 312.215	 34	 30	  1
	 48		  4	 342.281	 12	 28	  2
	 48		  5	 347.138	  6	 28	  2
	 48		  6	 347.957	  3	 28	  2
	 48		  7	 342.640	  0	 29	 11
	 48		  8	 338.740	  0	 29	 11
	 48		  9	 225.984	 65	 29	 11
	 48		 10	 331.833	 19	 32	 13
	 48		 11	 351.858	  6	 32	 13
	 48		 12	 327.046	 40	 32	 13
	 48		 13	 349.797	 12	 32	 13
	 48		 14	 329.255	 17	 36	 14
	 48		 15	 272.558	 35	 36	 14
	 48		 16	 271.192	 29	 36	 14
	 48		 17	 344.266	 24	 36	 14
	 48		 18	 273.085	 31	 36	 14
	 48		 19	 344.440	 10	 36	 14
	 48		 20	 328.545	 26	 36	 14
	 49		  1	 286.415	 76	 30	  1
	 49		  2	 274.788	 48	 30	  1
	 49		  3	 311.203	 59	 30	  1
	 49		  4	 336.023	 13	 28	  2
	 49		  5	 269.126	 91	 28	  2
	 49		  6	 310.683	  6	 28	  2
	 49		  7	 330.351	 10	 28	  2
	 49		  8	 316.305	  7	 29	 11
	 49		  9	 108.662	 63	 29	 11
	 49		 10	 324.199	  8	 29	 11
	 49		 11	 345.919	  8	 32	 13
	 49		 12	 326.624	 24	 32	 13
	 49		 13	 350.868	  8	 32	 13
	 49		 14	 369.901	  3	 32	 13
	 49		 15	 306.020	 23	 36	 14
	 49		 16	 252.191	  5	 36	 14
	 49		 17	 332.540	 17	 37	 14
	 49		 18	 285.468	 53	 36	 14
	 49		 19	 296.958	 55	 36	 14
	 49		 20	 335.849	 24	 36	 14
	 50		  1	 318.241	 45	 30	  1
	 50		  2	 305.063	 27	 30	  1
	 50		  3	 322.763	 49	 30	  1
	 50		  4	 364.646	  3	 28	  2
	 50		  5	 363.988	  4	 28	  2
	 50		  6	 341.388	  2	 28	  2
	 50		  7	 353.237	  3	 28	  2
	 50		  8	 355.898	  2	 29	 11
	 50		  9	 348.452	  1	 29	 11
	 50		 10	 356.397	  2	 31	 11
	 50		 11	 371.645	  0	 32	 13
	 50		 12	 381.969	  5	 32	 13
	 50		 13	 370.578	  0	 32	 13
	 50		 14	 368.470	  0	 32	 13
	 50		 15	 339.701	 20	 36	 14
	 50		 16	 334.005	 33	 36	 14
	 50		 17	 319.102	 20	 37	 14
	 50		 18	 338.784	 28	 36	 14
	 50		 19	 297.238	 20	 36	 14
	 50		 20	 357.993	 18	 36	 14
	 51		  1	 350.073	  8	 28	  2
	 51		  2	 248.423	  1	 28	  2
	 51		  3	 325.704	 25	 28	  2
	 51		  4	 352.212	  9	 28	  2
	 51		  5	 281.005	100	 28	  2
	 51		  6	 340.356	  5	 29	 11
	 51		  7	 344.374	  6	 29	 11
	 51		  8	 318.190	 30	 29	 11
	 51		  9	 328.963	  4	 29	 11
	 51		 10	 382.169	  2	 32	 13
	 51		 11	 378.504	  1	 32	 13
	 51		 12	 380.120	  4	 32	 13
	 51		 13	 388.416	  0	 32	 13
	 51		 14	 221.582	  1	 34	 13
	 51		 15	 352.143	 33	 36	 14
	 51		 16	 200.589	 43	 36	 14
	 51		 17	 322.665	 31	 37	 14
	 51		 18	 329.713	 58	 38	 14
	 51		 19	 343.363	 23	 36	 14
	 51		 20	 334.813	 48	 36	 14
	 52		  1	 313.618	 28	 28	  2
	 52		  2	 307.509	 43	 28	  2
	 52		  3	 318.944	  7	 28	  2
	 52		  4	 313.190	 34	 28	  2
	 52		  5	 305.156	 13	 29	 11
	 52		  6	 118.871	 37	 29	 11
	 52		  7	 309.446	 39	 29	 11
	 52		  8	 319.154	  9	 29	 11
	 52		  9	 270.386	 58	 31	 11
	 52		 10	 382.770	  0	 32	 13
	 52		 11	 360.041	  1	 32	 13
	 52		 12	 373.363	  5	 32	 13
	 52		 13	 385.135	  1	 32	 13
	 52		 14	 372.200	  2	 34	 13
	 52		 15	 320.160	 33	 36	 14
	 52		 16	 332.422	 25	 36	 14
	 52		 17	 332.022	 30	 38	 14
	 52		 18	 320.521	 62	 36	 14
	 52		 19	 349.408	 33	 36	 14
	 52		 20	 320.876	 51	 36	 14
	 53		  1	 332.912	  1	 28	  2
	 53		  2	 333.419	  1	 28	  2
	 53		  3	 343.176	  3	 29	 11
	 53		  4	 325.914	  2	 29	 11
	 53		  5	 373.129	  8	 32	 13
	 53		  6	 368.536	  7	 32	 13
	 53		  7	 359.472	  4	 32	 13
	 53		  8	 306.323	 28	 36	 14
	 53		  9	 291.532	 74	 36	 14
	 53		 10	 232.023	105	 31	 16
	 53		 11	 178.497	228	 31	 16
	 53		 12	 384.161	  1	 34	 17
	 53		 13	 336.655	  0	 34	 17
	 53		 14	 349.347	  0	 34	 17
	 53		 15	 334.932	 33	 38	 18
	 53		 16	 339.766	 30	 38	 18
	 53		 17	 323.885	 27	 38	 18
	 53		 18	 306.135	 18	 38	 18
	 53		 19	 303.161	 45	 38	 18
	 53		 20	 314.533	 53	 38	 18
	 54		  1	 328.860	  3	 28	  2
	 54		  2	 320.792	  1	 28	  2
	 54		  3	 315.527	  0	 28	  2
	 54		  4	 353.195	  2	 29	 11
	 54		  5	 358.812	  3	 29	 11
	 54		  6	 370.924	  9	 32	 13
	 54		  7	 376.545	  6	 32	 13
	 54		  8	 379.751	 14	 32	 13
	 54		  9	 308.181	 31	 36	 14
	 54		 10	 298.457	 43	 36	 14
	 54		 11	 391.297	  0	 34	 17
	 54		 12	 380.775	  2	 34	 17
	 54		 13	 329.175	  0	 34	 17
	 54		 14	 399.271	  0	 34	 17
	 54		 15	 311.237	 48	 38	 18
	 54		 16	 295.808	 36	 38	 18
	 54		 17	 292.450	 73	 38	 18
	 54		 18	 302.527	 68	 38	 18
	 54		 19	 308.258	 49	 38	 18
	 54		 20	 317.970	 23	 38	 18
	 55		  1	 325.320	  4	 28	  2
	 55		  2	 307.098	  3	 28	  2
	 55		  3	 202.678	 99	 28	  2
	 55		  4	 335.922	  5	 29	 11
	 55		  5	 140.894	 12	 29	 11
	 55		  6	 327.798	  4	 29	 11
	 55		  7	 335.597	  5	 29	 11
	 55		  8	 382.249	  4	 32	 13
	 55		  9	 389.006	  0	 32	 13
	 55		 10	 380.770	  5	 32	 13
	 55		 11	 378.831	  4	 32	 13
	 55		 12	 384.331	  0	 34	 14
	 55		 13	 338.529	  0	 34	 14
	 55		 14	 381.575	  0	 34	 14
	 55		 15	 323.270	 23	 38	 18
	 55		 16	 295.464	 13	 38	 18
	 55		 17	 291.766	 44	 38	 18
	 55		 18	 339.638	 19	 38	 18
	 55		 19	 323.438	 40	 38	 18
	 55		 20	 300.144	 31	 38	 18
	 56		  1	 338.726	  0	 28	  2
	 56		  2	 289.065	112	 28	  2
	 56		  3	 330.943	  0	 28	  2
	 56		  4	 353.542	  2	 29	 11
	 56		  5	 345.045	  0	 31	 11
	 56		  6	 352.001	  1	 29	 11
	 56		  7	 387.647	  0	 32	 13
	 56		  8	 390.023	  6	 32	 13
	 56		  9	 310.844	  0	 32	 13
	 56		 10	 388.775	  2	 32	 13
	 56		 11	 401.205	  0	 34	 14
	 56		 12	 324.234	  0	 34	 14
	 56		 13	 384.562	  1	 34	 14
	 56		 14	 327.457	  0	 34	 14
	 56		 15	 367.488	  2	 38	 18
	 56		 16	 349.191	 41	 38	 18
	 56		 17	 329.402	 25	 38	 18
	 56		 18	 359.699	 16	 38	 18
	 56		 19	 345.422	 13	 38	 18
	 56		 20	 343.272	 12	 38	 18
	 57		  1	 302.532	  6	 28	  2
	 57		  2	 289.563	  1	 30	  2
	 57		  3	 307.342	 14	 29	 11
	 57		  4	 238.827	 91	 29	 11
	 57		  5	 285.667	 24	 29	 11
	 57		  6	 380.160	  2	 32	 13
	 57		  7	 376.707	  4	 32	 13
	 57		  8	 373.278	  6	 32	 13
	 57		  9	 394.238	  0	 34	 14
	 57		 10	 379.750	  0	 34	 14
	 57		 11	 390.939	  0	 34	 14
	 57		 12	 337.583	 46	 38	 18
	 57		 13	 269.979	 34	 38	 18
	 57		 14	 310.975	 25	 38	 18
	 57		 15	 314.691	  5	 31	 19
	 57		 16	 304.115	  9	 31	 19
	 57		 17	 221.145	136	 31	 19
	 57		 18	 308.484	  0	 31	 19
	 57		 19	 276.884	 64	 31	 19
	 57		 20	 309.931	  8	 31	 19
	 58		  1	 321.855	  3	 28	  2
	 58		  2	 269.699	  0	 28	  2
	 58		  3	 318.756	 11	 28	  2
	 58		  4	 320.124	  6	 29	 11
	 58		  5	 319.896	  1	 29	 11
	 58		  6	 321.936	  5	 29	 11
	 58		  7	 386.055	  4	 32	 13
	 58		  8	 358.112	 16	 33	 13
	 58		  9	 348.551	 30	 32	 13
	 58		 10	 378.439	  0	 34	 14
	 58		 11	 364.920	  2	 34	 14
	 58		 12	 345.849	  0	 34	 14
	 58		 13	 366.612	  0	 34	 14
	 58		 14	 329.731	 32	 38	 18
	 58		 15	 317.559	 19	 40	 18
	 58		 16	 322.189	  1	 38	 18
	 58		 17	 341.486	 16	 38	 18
	 58		 18	 292.674	 32	 38	 18
	 58		 19	 318.024	 35	 38	 18
	 58		 20	 321.887	 17	 38	 18
	 59		  1	 336.030	  1	 28	  2
	 59		  2	 346.995	 28	 28	  2
	 59		  3	 312.864	  1	 28	  2
	 59		  4	 348.591	  2	 29	 11
	 59		  5	 346.776	  3	 29	 11
	 59		  6	 325.387	  0	 29	 11
	 59		  7	 392.717	  0	 32	 13
	 59		  8	 383.472	  1	 32	 13
	 59		  9	 388.288	  8	 32	 13
	 59		 10	 370.762	  2	 32	 13
	 59		 11	 393.891	  0	 34	 14
	 59		 12	 351.171	  0	 34	 14
	 59		 13	 380.197	  0	 34	 14
	 59		 14	 357.248	  0	 34	 14
	 59		 15	 361.747	 19	 38	 18
	 59		 16	 359.610	 21	 38	 18
	 59		 17	 354.876	 18	 38	 18
	 59		 18	 343.883	 27	 38	 18
	 59		 19	 337.659	  9	 38	 18
	 59		 20	 345.867	 31	 38	 18
	 60		  1	 282.228	 60	 28	  2
	 60		  2	 278.502	 11	 28	  2
	 60		  3	 284.115	 46	 28	  2
	 60		  4	 309.279	 24	 29	 11
	 60		  5	 324.008	  7	 29	 11
	 60		  6	 322.037	  5	 29	 11
	 60		  7	 389.475	  5	 32	 13
	 60		  8	 388.915	 15	 32	 13
	 60		  9	 358.491	 19	 32	 13
	 60		 10	 356.654	  0	 32	 13
	 60		 11	 402.162	  0	 34	 14
	 60		 12	 399.375	  0	 34	 14
	 60		 13	 366.158	  0	 34	 14
	 60		 14	 383.035	  0	 34	 14
	 60		 15	 365.748	  7	 38	 18
	 60		 16	 294.551	 22	 38	 18
	 60		 17	 338.584	 43	 38	 18
	 60		 18	 356.664	  9	 38	 18
	 60		 19	 288.713	 40	 38	 18
	 60		 20	 347.130	 19	 38	 18
	 61		  1	 301.973	 47	 28	  2
	 61		  2	 233.334	147	 28	  2
	 61		  3	 142.924	295	 28	  2
	 61		  4	 283.335	 23	 29	 11
	 61		  5	 299.493	 13	 29	 11
	 61		  6	 284.363	 19	 30	 11
	 61		  7	 378.881	  2	 32	 13
	 61		  8	 368.211	  7	 32	 13
	 61		  9	 378.456	 11	 32	 13
	 61		 10	 352.184	  2	 32	 13
	 61		 11	 397.923	  0	 34	 14
	 61		 12	 393.300	  0	 34	 14
	 61		 13	 328.751	  0	 35	 14
	 61		 14	 327.609	  0	 34	 14
	 61		 15	 351.081	 13	 38	 18
	 61		 16	 348.281	 26	 38	 18
	 61		 17	 334.540	 19	 38	 18
	 61		 18	 349.574	 20	 38	 18
	 61		 19	 280.300	 21	 38	 18
	 61		 20	 332.166	 13	 38	 18
	 62		  1	 353.221	 11	 28	  2
	 62		  2	 344.332	  0	 28	  2
	 62		  3	 358.857	  0	 29	 11
	 62		  4	 349.923	  0	 31	 11
	 62		  5	 234.819	  0	 29	 11
	 62		  6	 368.865	  7	 32	 13
	 62		  7	 351.027	 32	 32	 13
	 62		  8	 356.023	 11	 32	 13
	 62		  9	 355.316	 69	 32	 13
	 62		 10	 397.759	  0	 34	 14
	 62		 11	 360.646	  2	 34	 14
	 62		 12	 396.331	  0	 34	 14
	 62		 13	 329.602	  0	 34	 14
	 62		 14	 324.126	 20	 38	 18
	 62		 15	 311.050	 33	 38	 18
	 62		 16	 339.295	 17	 38	 18
	 62		 17	 339.925	 28	 38	 18
	 62		 18	 331.439	 24	 38	 18
	 62		 19	 320.953	 23	 38	 18
	 62		 20	 336.585	 30	 38	 18
	 63		  1	 346.223	 15	 28	  2
	 63		  2	 262.850	114	 28	  2
	 63		  3	 359.525	  3	 28	  2
	 63		  4	 354.250	  0	 28	  2
	 63		  5	 357.271	  0	 29	 11
	 63		  6	 338.452	  0	 29	 11
	 63		  7	 353.593	  0	 29	 11
	 63		  8	 353.297	 18	 32	 13
	 63		  9	 344.068	 11	 32	 13
	 63		 10	 357.804	 25	 32	 13
	 63		 11	 350.094	 13	 32	 13
	 63		 12	 389.016	  0	 34	 14
	 63		 13	 340.906	  0	 34	 14
	 63		 14	 345.015	  0	 34	 14
	 63		 15	 357.485	  0	 34	 14
	 63		 16	 322.334	 51	 38	 18
	 63		 17	 348.612	 20	 38	 18
	 63		 18	 275.764	  2	 38	 18
	 63		 19	 338.567	 29	 40	 18
	 63		 20	 334.049	 53	 39	 18
	 64		  1	 366.328	 11	 28	  2
	 64		  2	 372.199	  8	 28	  2
	 64		  3	 359.595	  8	 30	  2
	 64		  4	 309.695	 54	 29	 11
	 64		  5	 340.129	  3	 29	 11
	 64		  6	 326.799	  4	 29	 11
	 64		  7	 344.219	  3	 29	 11
	 64		  8	 363.818	 47	 32	 13
	 64		  9	 416.360	  0	 32	 13
	 64		 10	 369.994	 10	 32	 13
	 64		 11	 409.466	  0	 32	 13
	 64		 12	 398.206	  0	 34	 14
	 64		 13	 366.281	  0	 34	 14
	 64		 14	 344.638	  0	 34	 14
	 64		 15	 401.439	  0	 34	 14
	 64		 16	 352.349	 21	 38	 18
	 64		 17	 350.724	 11	 38	 18
	 64		 18	 309.656	 84	 38	 18
	 64		 19	 303.656	 26	 38	 18
	 64		 20	 344.552	 33	 38	 18
	 65		  1	 335.927	 21	 28	  2
	 65		  2	 339.332	 27	 28	  2
	 65		  3	 308.883	 79	 28	  2
	 65		  4	 301.734	  3	 28	  2
	 65		  5	 334.526	  2	 29	 11
	 65		  6	 327.923	  2	 29	 11
	 65		  7	 299.296	  3	 31	 11
	 65		  8	 408.089	  3	 32	 13
	 65		  9	 392.513	  3	 34	 13
	 65		 10	 412.647	  4	 32	 13
	 65		 11	 407.022	  5	 32	 13
	 65		 12	 405.583	  0	 34	 14
	 65		 13	 405.182	  1	 34	 14
	 65		 14	 403.074	  0	 34	 14
	 65		 15	 394.217	  0	 34	 14
	 65		 16	 364.481	 26	 38	 18
	 65		 17	 357.274	 34	 38	 18
	 65		 18	 326.726	 24	 38	 18
	 65		 19	 314.672	 58	 38	 18
	 65		 20	 343.703	 48	 38	 18
	 66		  1	 388.746	  8	 34	  2
	 66		  2	 396.861	  5	 34	  2
	 66		  3	 372.463	 19	 34	  2
	 66		  4	 332.035	  3	 29	 11
	 66		  5	 329.996	  4	 29	 11
	 66		  6	 333.057	  4	 29	 11
	 66		  7	 415.242	  0	 32	 13
	 66		  8	 377.467	 11	 32	 13
	 66		  9	 411.208	  0	 32	 13
	 66		 10	 402.869	  6	 32	 13
	 66		 11	 410.358	  0	 34	 14
	 66		 12	 375.464	  1	 34	 14
	 66		 13	 398.629	  0	 34	 14
	 66		 14	 402.750	  0	 34	 14
	 66		 15	 380.195	 29	 38	 18
	 66		 16	 376.173	 27	 38	 18
	 66		 17	 369.119	 30	 38	 18
	 66		 18	 377.345	 11	 40	 18
	 66		 19	 325.269	 64	 38	 18
	 66		 20	 330.702	 49	 38	 18
	 67		  1	 382.925	  1	 34	  2
	 67		  2	 385.673	  4	 34	  2
	 67		  3	 359.788	  9	 34	  2
	 67		  4	 377.395	  9	 34	  2
	 67		  5	 335.210	  0	 29	 11
	 67		  6	 335.733	  0	 29	 11
	 67		  7	 331.513	  4	 29	 11
	 67		  8	 369.005	  7	 32	 13
	 67		  9	 376.420	  9	 32	 13
	 67		 10	 358.114	  5	 32	 13
	 67		 11	 366.159	 17	 32	 13
	 67		 12	 394.208	  1	 34	 14
	 67		 13	 380.892	  0	 34	 14
	 67		 14	 370.563	  1	 36	 14
	 67		 15	 405.448	  1	 34	 14
	 67		 16	 335.075	 40	 38	 18
	 67		 17	 327.426	 37	 38	 18
	 67		 18	 289.431	 97	 38	 18
	 67		 19	 297.259	 75	 38	 18
	 67		 20	 343.320	 33	 38	 18
	 68		  1	 363.409	  1	 34	  2
	 68		  2	 371.389	  2	 34	  2
	 68		  3	 366.301	  0	 34	  2
	 68		  4	 324.594	 38	 34	  2
	 68		  5	 328.239	  2	 29	 11
	 68		  6	 322.704	  2	 29	 11
	 68		  7	 328.600	  2	 29	 11
	 68		  8	 389.800	  1	 32	 13
	 68		  9	 356.590	  1	 32	 13
	 68		 10	 378.365	  3	 32	 13
	 68		 11	 354.989	  0	 33	 13
	 68		 12	 345.942	 10	 34	 14
	 68		 13	 354.723	  3	 34	 14
	 68		 14	 333.197	  3	 34	 14
	 68		 15	 356.083	  2	 34	 14
	 68		 16	 352.691	 29	 38	 18
	 68		 17	 333.768	 34	 38	 18
	 68		 18	 321.443	 63	 38	 18
	 68		 19	 311.573	 31	 38	 18
	 68		 20	 330.147	 47	 39	 18
	 69		  1	 367.954	  1	 34	  2
	 69		  2	 372.599	  3	 34	  2
	 69		  3	 365.242	  5	 35	  2
	 69		  4	 380.624	  2	 34	  2
	 69		  5	 317.794	  8	 29	 11
	 69		  6	 321.750	  6	 29	 11
	 69		  7	 323.279	  5	 29	 11
	 69		  8	 370.028	  3	 32	 13
	 69		  9	 369.977	 12	 32	 13
	 69		 10	 363.983	  1	 32	 13
	 69		 11	 380.800	  1	 32	 13
	 69		 12	 366.243	 12	 34	 14
	 69		 13	 368.788	  4	 34	 14
	 69		 14	 352.676	 35	 34	 14
	 69		 15	 322.098	  0	 34	 14
	 69		 16	 336.651	 18	 38	 18
	 69		 17	 338.689	 21	 38	 18
	 69		 18	 353.500	 25	 38	 18
	 69		 19	 308.006	 92	 38	 18
	 69		 20	 311.137	 60	 38	 18
	 70		  1	 381.774	  3	 34	  2
	 70		  2	 389.990	  4	 34	  2
	 70		  3	 387.752	  0	 34	  2
	 70		  4	 394.512	  1	 34	  2
	 70		  5	 297.334	  0	 29	 11
	 70		  6	 327.523	  2	 29	 11
	 70		  7	 307.562	 16	 29	 11
	 70		  8	 387.938	  4	 32	 13
	 70		  9	 325.822	 56	 32	 13
	 70		 10	 339.683	 12	 34	 13
	 70		 11	 388.365	  4	 32	 13
	 70		 12	 390.346	  9	 34	 14
	 70		 13	 410.800	  3	 34	 14
	 70		 14	 341.004	 35	 34	 14
	 70		 15	 398.060	  5	 34	 14
	 70		 16	 313.426	 55	 38	 18
	 70		 17	 320.252	 37	 38	 18
	 70		 18	 331.531	 45	 38	 18
	 70		 19	 310.987	 44	 38	 18
	 70		 20	 286.051	 84	 38	 18
	 71		  1	 368.753	  9	 34	  2
	 71		  2	 374.737	  5	 34	  2
	 71		  3	 400.032	  1	 34	  2
	 71		  4	 370.553	  4	 34	  2
	 71		  5	 332.283	  7	 29	 11
	 71		  6	 301.871	  3	 29	 11
	 71		  7	 271.924	 48	 29	 11
	 71		  8	 369.882	  2	 32	 13
	 71		  9	 374.680	  0	 32	 13
	 71		 10	 371.171	  7	 32	 13
	 71		 11	 344.484	 39	 32	 13
	 71		 12	 366.519	  0	 34	 14
	 71		 13	 370.754	  0	 34	 14
	 71		 14	 283.806	  2	 34	 14
	 71		 15	 375.378	  0	 34	 14
	 71		 16	 306.313	 79	 38	 18
	 71		 17	 345.925	 51	 38	 18
	 71		 18	 333.018	 62	 38	 18
	 71		 19	 338.428	 23	 38	 18
	 71		 20	 286.556	106	 39	 18
	 72		  1	 367.073	  7	 34	  2
	 72		  2	 361.910	  2	 34	  2
	 72		  3	 376.529	  1	 34	  2
	 72		  4	 393.257	  0	 34	  2
	 72		  5	 317.022	  5	 29	 11
	 72		  6	 311.692	  6	 29	 11
	 72		  7	 319.760	  5	 29	 11
	 72		  8	 368.012	  0	 32	 13
	 72		  9	 345.561	  0	 34	 13
	 72		 10	 341.901	  0	 32	 13
	 72		 11	 384.715	  0	 32	 13
	 72		 12	 357.380	 15	 34	 14
	 72		 13	 373.087	  6	 34	 14
	 72		 14	 389.965	  0	 34	 14
	 72		 15	 367.841	  3	 34	 14
	 72		 16	 294.658	 52	 38	 18
	 72		 17	 288.466	 73	 39	 18
	 72		 18	 327.443	 54	 38	 18
	 72		 19	 326.377	 59	 38	 18
	 72		 20	 296.585	 62	 38	 18
	 73		  1	 386.995	  2	 34	  2
	 73		  2	 367.273	  8	 34	  2
	 73		  3	 376.326	  1	 34	  2
	 73		  4	 365.247	  0	 34	  2
	 73		  5	 332.995	  4	 29	 11
	 73		  6	 330.739	  4	 29	 11
	 73		  7	 334.061	  4	 29	 11
	 73		  8	 371.331	  8	 32	 13
	 73		  9	 344.633	 50	 32	 13
	 73		 10	 392.852	  0	 32	 13
	 73		 11	 379.455	  2	 34	 13
	 73		 12	 385.337	  0	 34	 14
	 73		 13	 378.524	  4	 34	 14
	 73		 14	 375.807	  5	 35	 14
	 73		 15	 362.381	  0	 34	 14
	 73		 16	 344.591	 58	 38	 18
	 73		 17	 314.734	 74	 38	 18
	 73		 18	 323.829	 55	 38	 18
	 73		 19	 271.223	125	 38	 18
	 73		 20	 333.104	 70	 38	 18
	 74		  1	 391.316	  0	 34	  2
	 74		  2	 363.379	  0	 36	  2
	 74		  3	 360.550	 17	 34	  2
	 74		  4	 398.077	  1	 34	  2
	 74		  5	 342.824	  0	 29	 11
	 74		  6	 347.605	  0	 29	 11
	 74		  7	 341.831	  5	 29	 11
	 74		  8	 375.925	  0	 32	 13
	 74		  9	 342.140	 32	 32	 13
	 74		 10	 376.037	  2	 32	 13
	 74		 11	 393.263	  0	 32	 13
	 74		 12	 392.666	  0	 34	 14
	 74		 13	 381.076	  0	 34	 14
	 74		 14	 381.508	  8	 34	 14
	 74		 15	 391.195	  0	 34	 14
	 74		 16	 275.293	143	 38	 18
	 74		 17	 293.459	100	 38	 18
	 74		 18	 334.007	 59	 38	 18
	 74		 19	 308.355	106	 38	 18
	 74		 20	 280.153	119	 38	 18
	 75		  1	 361.839	 19	 34	  2
	 75		  2	 382.652	  0	 34	  2
	 75		  3	 380.027	  0	 34	  2
	 75		  4	 380.576	  4	 34	  2
	 75		  5	 285.637	  3	 29	 11
	 75		  6	 277.813	 43	 29	 11
	 75		  7	 290.908	  1	 29	 11
	 75		  8	 389.231	  1	 32	 13
	 75		  9	 376.711	  2	 33	 13
	 75		 10	 377.297	  0	 32	 13
	 75		 11	 380.713	  9	 32	 13
	 75		 12	 372.401	  8	 34	 14
	 75		 13	 345.064	  0	 34	 14
	 75		 14	 379.754	  0	 34	 14
	 75		 15	 392.902	  0	 34	 14
	 75		 16	 265.419	127	 38	 18
	 75		 17	 277.909	104	 38	 18
	 75		 18	 312.630	 70	 39	 18
	 75		 19	 282.874	 83	 38	 18
	 75		 20	 292.935	 79	 38	 18
	 76		  1	 399.101	  0	 34	  2
	 76		  2	 352.445	  3	 34	  2
	 76		  3	 382.900	  7	 34	  2
	 76		  4	 389.702	  3	 34	  2
	 76		  5	 335.416	  0	 29	 11
	 76		  6	 335.722	  0	 29	 11
	 76		  7	 333.531	  1	 29	 11
	 76		  8	 415.256	  0	 32	 13
	 76		  9	 406.775	  0	 32	 13
	 76		 10	 398.878	  0	 32	 13
	 76		 11	 405.633	  0	 32	 13
	 76		 12	 384.596	  0	 34	 14
	 76		 13	 392.190	  0	 34	 14
	 76		 14	 405.244	  0	 34	 14
	 76		 15	 375.096	  1	 34	 14
	 76		 16	 287.057	 92	 39	 18
	 76		 17	 288.191	111	 39	 18
	 76		 18	 284.894	108	 39	 18
	 76		 19	 305.718	 95	 39	 18
	 76		 20	 267.144	116	 39	 18
