# Evoluation started on 2016/10/14 16:27:27
# Generation	   Best 	   Average 	   Worst
	  0		 304.764	 122.905	   9.195
	  1		 339.691	 190.833	  46.156
	  2		 304.279	 179.281	  30.327
	  3		 299.584	  93.210	   5.648
	  4		 367.093	 298.190	  29.919
	  5		 323.530	 182.377	   8.305
	  6		 332.079	 263.313	  39.861
	  7		 367.873	 326.094	  92.870
	  8		 388.632	 331.882	  51.316
	  9		 375.722	 183.721	   0.929
	 10		 386.028	 318.111	  68.291
	 11		 367.668	 277.646	  27.803
	 12		 246.322	 193.773	  28.246
	 13		 367.054	 218.914	   9.544
	 14		 387.642	 290.479	  23.673
	 15		 390.999	 320.735	  60.827
	 16		 359.099	 292.922	  49.589
	 17		 396.827	 344.648	 233.122
	 18		 394.763	 341.812	  33.825
	 19		 406.435	 218.151	  34.737
	 20		 385.431	 286.424	  38.759
	 21		 320.413	 198.123	  16.159
	 22		 381.578	 215.744	  19.876
	 23		 385.474	 262.142	   4.558
	 24		 392.718	 249.485	   5.598
	 25		 378.921	 311.646	  53.926
	 26		 412.804	 354.336	  54.238
	 27		 366.119	 292.055	  37.845
	 28		 396.852	 305.957	  31.943
	 29		 333.787	 236.017	  18.335
	 30		 361.961	 274.098	  39.598
	 31		 372.107	 313.240	  81.146
	 32		 389.521	 281.819	  57.249
	 33		 367.082	 271.928	  42.510
	 34		 402.979	 312.236	  18.200
	 35		 414.478	 361.617	 238.611
	 36		 402.287	 335.579	  63.116
	 37		 417.264	 376.645	 305.607
	 38		 427.404	 356.717	 118.850
	 39		 385.151	 288.127	  19.347
	 40		 410.924	 333.674	  26.958
	 41		 407.467	 351.380	 131.391
	 42		 402.105	 325.889	  49.338
	 43		 391.911	 241.870	  11.420
	 44		 373.634	 262.082	  38.807
	 45		 411.875	 349.840	  28.203
	 46		 369.060	 316.652	 214.762
	 47		 345.432	 262.124	   7.941
	 48		 384.127	 327.029	  84.873
	 49		 433.418	 358.833	 189.731
	 50		 406.218	 344.010	 184.699
	 51		 414.876	 344.495	 160.428
	 52		 427.227	 353.402	  93.111
	 53		 417.381	 363.817	 204.169
	 54		 430.005	 348.145	  86.842
	 55		 406.499	 304.149	  16.711
	 56		 424.421	 283.065	  21.389
	 57		 442.630	 344.404	 109.499
	 58		 367.125	 270.204	  11.384
	 59		 434.496	 346.700	  63.075
	 60		 407.529	 287.122	 132.874
	 61		 407.501	 315.632	 103.138
	 62		 407.660	 290.621	 117.882
	 63		 411.111	 309.904	  47.147
	 64		 410.596	 332.628	  85.095
	 65		 414.834	 326.282	 136.738
	 66		 417.005	 316.439	  59.354
	 67		 439.034	 322.972	  36.699
	 68		 390.907	 322.537	  28.033
	 69		 414.474	 360.746	 148.402
	 70		 404.169	 334.793	  46.360
	 71		 422.705	 345.248	  92.882
	 72		 430.113	 353.448	  80.270
	 73		 423.406	 333.568	  69.994
	 74		 418.963	 333.466	  65.885
	 75		 430.516	 350.911	  60.608
	 76		 408.975	 370.918	  61.374
	 77		 453.661	 370.239	 240.549
	 78		 411.121	 331.783	  75.300
	 79		 425.985	 380.350	 210.545
	 80		 408.889	 341.197	 107.195
	 81		 434.773	 395.825	 271.687
	 82		 438.648	 395.837	 268.823
	 83		 409.074	 369.703	  48.177
	 84		 415.098	 382.513	 256.772
	 85		 450.437	 394.576	 182.608
	 86		 424.325	 362.158	  62.814
	 87		 440.209	 388.740	 293.339
	 88		 446.215	 388.875	 150.021
	 89		 435.401	 385.368	 136.085
	 90		 438.232	 389.117	 174.492
	 91		 435.862	 371.091	 183.515
	 92		 440.703	 385.084	 265.497
	 93		 436.898	 386.143	 175.844
	 94		 445.306	 399.909	 178.741
	 95		 415.366	 358.194	 113.101
	 96		 432.200	 392.128	 271.735
	 97		 430.327	 392.851	 277.281
	 98		 437.014	 390.640	 205.026
	 99		 427.482	 368.075	 139.571
	100		 419.580	 362.511	 172.060
	101		 386.166	 230.721	   6.474
	102		 410.720	 366.113	 179.422
	103		 428.540	 355.771	  46.985
	104		 436.591	 375.966	 195.992
	105		 417.199	 319.084	 146.878
	106		 415.659	 352.029	 159.400
	107		 433.918	 355.797	  99.927
	108		 436.045	 368.765	 207.381
	109		 437.087	 361.420	 153.848
	110		 428.424	 366.803	  87.201
	111		 448.084	 379.579	  45.237
	112		 431.921	 352.159	  68.325
	113		 444.832	 292.348	   8.765
	114		 412.574	 323.579	  80.013
	115		 431.776	 362.296	 134.456
	116		 420.210	 357.569	  53.267
	117		 410.944	 362.976	 174.876
	118		 412.372	 327.158	 101.184
	119		 434.722	 356.855	  56.784
	120		 438.069	 386.772	 187.929
	121		 425.737	 382.464	 181.471
	122		 407.669	 362.995	 216.565
	123		 438.506	 382.896	 178.983
	124		 425.040	 391.528	 257.346
	125		 427.724	 377.450	 308.214
	126		 418.385	 376.745	 192.203
	127		 422.485	 366.607	 135.383
	128		 431.938	 395.955	 297.242
	129		 440.752	 371.621	 162.243
	130		 440.446	 391.476	 155.188
	131		 419.397	 356.345	  14.130
	132		 436.119	 396.605	 295.306
	133		 440.793	 368.424	  29.565
	134		 393.562	 348.454	  44.778
	135		 448.069	 382.336	 111.929
	136		 427.079	 341.973	 151.848
	137		 441.147	 374.285	  72.429
	138		 454.113	 399.042	 286.418
	139		 426.131	 321.582	  58.439
	140		 399.022	 314.229	   8.239
	141		 416.848	 328.009	 108.792
	142		 450.422	 387.134	  80.719
	143		 433.791	 379.022	 185.313
	144		 404.921	 302.828	  42.973
	145		 398.168	 312.911	  39.712
	146		 429.325	 360.821	 108.444
	147		 443.415	 379.670	 185.345
	148		 444.429	 384.184	 173.341
	149		 434.681	 361.121	 165.558
	150		 435.491	 379.587	 181.142
	151		 455.446	 384.625	  21.470
	152		 423.454	 335.762	   9.719
	153		 435.456	 332.393	  44.494
	154		 421.443	 325.291	  56.436
	155		 423.135	 351.131	  14.025
	156		 430.557	 362.622	 166.225
	157		 429.078	 317.983	  94.076
	158		 434.124	 360.804	 124.758
	159		 443.872	 363.751	  81.701
	160		 441.100	 341.430	  34.091
	161		 439.389	 321.058	  51.229
	162		 434.517	 344.705	  17.012
	163		 428.450	 322.254	  27.880
	164		 425.430	 294.010	   9.978
	165		 441.865	 373.908	 151.560
	166		 413.630	 317.017	   4.491
	167		 444.485	 352.319	 129.507
	168		 413.679	 264.663	  33.193
	169		 422.888	 322.487	  85.595
	170		 420.999	 354.193	 121.053
	171		 440.529	 337.109	 123.318
	172		 436.050	 318.776	  19.993
	173		 413.171	 295.142	  38.773
	174		 441.710	 342.986	  31.631
	175		 436.553	 370.847	  47.053
	176		 436.939	 338.608	  90.010
	177		 432.405	 370.255	 161.834
	178		 444.911	 330.076	  17.694
	179		 423.902	 341.459	 122.163
	180		 425.658	 334.917	   4.849
	181		 437.493	 321.143	  23.965
	182		 421.756	 347.061	  86.913
	183		 410.238	 342.990	  71.849
	184		 453.455	 328.255	  40.336
	185		 435.127	 370.110	   5.539
	186		 431.909	 292.613	   2.241
	187		 449.104	 355.742	  64.136
	188		 441.906	 296.032	  29.466
	189		 429.920	 337.308	   6.403
	190		 435.752	 360.129	   8.383
	191		 437.548	 382.811	  25.176
	192		 424.181	 299.776	  13.808
	193		 444.394	 276.986	  10.147
	194		 455.264	 373.572	   8.362
	195		 442.436	 390.244	  12.021
	196		 421.518	 340.453	  10.911
	197		 434.630	 382.628	 108.632
	198		 443.349	 376.281	  10.573
	199		 425.573	 346.623	  23.650
