# Evoluation started on 2016/11/24 11:13:38
# Generation	   Individual 	   Fitness 	 SecondFitness 	  Size		SpecieID
	  0		  1	 171.604	124	 26	 -1
	  0		  2	 207.368	  0	 26	 -1
	  0		  3	 178.040	  0	 26	 -1
	  0		  4	 258.991	  0	 26	 -1
	  0		  5	 163.970	 11	 26	 -1
	  0		  6	  58.897	232	 26	 -1
	  0		  7	  94.161	170	 26	 -1
	  0		  8	  75.594	385	 26	 -1
	  0		  9	 251.472	  0	 26	 -1
	  0		 10	  30.058	  0	 26	 -1
	  0		 11	 131.365	  0	 26	 -1
	  0		 12	 142.894	  0	 26	 -1
	  0		 13	 186.751	  0	 26	 -1
	  0		 14	 181.740	  0	 26	 -1
	  0		 15	 211.156	  0	 26	 -1
	  0		 16	 126.471	  0	 26	 -1
	  0		 17	 137.688	  0	 26	 -1
	  0		 18	 103.614	126	 26	 -1
	  0		 19	  96.037	  0	 26	 -1
	  0		 20	 196.193	  0	 26	 -1
	  1		  1	 217.876	  0	 26	  1
	  1		  2	 255.711	  0	 26	  1
	  1		  3	 171.701	 79	 26	  1
	  1		  4	 202.062	  0	 26	  1
	  1		  5	 133.217	  0	 26	  1
	  1		  6	 145.500	  0	 26	  1
	  1		  7	 158.032	  0	 26	  1
	  1		  8	 208.131	  0	 26	  1
	  1		  9	 214.193	  0	 26	  1
	  1		 10	 220.468	  5	 26	  1
	  1		 11	 177.956	 19	 26	  1
	  1		 12	 125.439	  0	 26	  1
	  1		 13	 198.117	  0	 26	  1
	  1		 14	 258.600	  0	 26	  1
	  1		 15	 129.552	151	 26	  1
	  1		 16	 194.472	  0	 27	  1
	  1		 17	 234.775	  0	 26	  1
	  1		 18	 192.144	  0	 26	  1
	  1		 19	 238.035	  0	 26	  1
	  1		 20	 115.743	  0	 26	  1
	  2		  1	 260.038	  0	 26	  1
	  2		  2	 213.327	  0	 26	  1
	  2		  3	 256.945	  0	 26	  1
	  2		  4	 173.497	  0	 26	  1
	  2		  5	 212.546	  0	 26	  1
	  2		  6	 237.748	 12	 26	  1
	  2		  7	 256.147	  0	 26	  1
	  2		  8	 118.479	  0	 26	  1
	  2		  9	 262.495	  0	 26	  1
	  2		 10	 262.442	  0	 26	  1
	  2		 11	  97.578	  0	 26	  1
	  2		 12	 172.125	  0	 26	  1
	  2		 13	 241.159	  0	 26	  1
	  2		 14	 252.159	  0	 26	  1
	  2		 15	 115.599	214	 26	  1
	  2		 16	 133.722	  0	 26	  1
	  2		 17	 262.260	  0	 26	  1
	  2		 18	 161.312	  0	 26	  1
	  2		 19	 262.671	  0	 26	  1
	  2		 20	 174.699	  0	 26	  1
	  3		  1	 209.719	  0	 26	  1
	  3		  2	 157.080	 89	 26	  1
	  3		  3	 226.890	 79	 26	  1
	  3		  4	 183.866	170	 26	  1
	  3		  5	 173.286	  0	 26	  1
	  3		  6	 197.551	102	 26	  1
	  3		  7	  84.369	  0	 26	  1
	  3		  8	 225.276	  1	 26	  1
	  3		  9	 190.517	  0	 26	  1
	  3		 10	 239.706	  2	 26	  1
	  3		 11	 193.841	115	 26	  1
	  3		 12	 199.191	180	 28	  1
	  3		 13	 139.699	 34	 26	  1
	  3		 14	 225.889	  0	 26	  1
	  3		 15	 210.085	 45	 26	  1
	  3		 16	 202.400	 97	 26	  1
	  3		 17	 146.304	  0	 26	  1
	  3		 18	 175.883	  0	 26	  1
	  3		 19	 192.251	  0	 26	  1
	  3		 20	 251.219	  3	 26	  1
	  4		  1	 308.272	  2	 26	  1
	  4		  2	 261.813	  0	 26	  1
	  4		  3	 289.746	  0	 26	  1
	  4		  4	 271.235	  0	 26	  1
	  4		  5	 275.983	  4	 26	  1
	  4		  6	 295.390	  3	 26	  1
	  4		  7	 321.315	  0	 26	  1
	  4		  8	 285.527	  0	 26	  1
	  4		  9	 244.519	 89	 26	  1
	  4		 10	 198.748	188	 28	  2
	  4		 11	  85.037	362	 28	  2
	  4		 12	 200.142	189	 28	  2
	  4		 13	  41.777	412	 28	  2
	  4		 14	 242.713	 93	 28	  2
	  4		 15	 238.827	  0	 28	  2
	  4		 16	 224.382	  0	 28	  2
	  4		 17	 234.889	  0	 29	  2
	  4		 18	  87.865	315	 28	  2
	  4		 19	  39.837	362	 28	  2
	  4		 20	 195.355	188	 28	  2
	  5		  1	 290.098	  6	 26	  1
	  5		  2	 299.316	  0	 26	  1
	  5		  3	 305.067	  0	 26	  1
	  5		  4	 267.215	  0	 26	  1
	  5		  5	 262.060	  5	 26	  1
	  5		  6	 298.538	  0	 26	  1
	  5		  7	 284.698	  5	 26	  1
	  5		  8	 282.764	  8	 26	  1
	  5		  9	 247.848	  0	 26	  1
	  5		 10	 133.409	133	 26	  1
	  5		 11	 260.676	  9	 26	  1
	  5		 12	 302.782	  1	 26	  1
	  5		 13	 224.579	 94	 28	  2
	  5		 14	 114.096	314	 28	  2
	  5		 15	 273.133	  0	 28	  2
	  5		 16	 272.512	  6	 28	  2
	  5		 17	 268.634	  0	 28	  2
	  5		 18	 261.963	  1	 28	  2
	  5		 19	 165.370	186	 28	  2
	  5		 20	 248.016	  1	 28	  2
	  6		  1	 261.648	  0	 26	  1
	  6		  2	 251.581	  1	 26	  1
	  6		  3	 322.875	  1	 26	  1
	  6		  4	 314.500	  1	 26	  1
	  6		  5	 302.688	  1	 26	  1
	  6		  6	 346.008	  1	 26	  1
	  6		  7	 284.775	  1	 28	  1
	  6		  8	 231.082	  2	 26	  1
	  6		  9	 258.683	  0	 26	  1
	  6		 10	 273.850	  2	 26	  1
	  6		 11	 314.046	  0	 26	  1
	  6		 12	 243.141	 58	 28	  2
	  6		 13	 279.675	 25	 28	  2
	  6		 14	 223.707	  0	 28	  2
	  6		 15	 177.805	182	 28	  2
	  6		 16	 239.925	 10	 28	  2
	  6		 17	 147.226	277	 28	  2
	  6		 18	  58.126	344	 28	  2
	  6		 19	 258.600	  0	 28	  2
	  6		 20	  40.688	431	 28	  2
	  7		  1	 285.157	  8	 26	  1
	  7		  2	 310.655	  0	 26	  1
	  7		  3	 325.895	  0	 26	  1
	  7		  4	 330.846	  1	 26	  1
	  7		  5	 337.183	  0	 26	  1
	  7		  6	 274.515	 29	 26	  1
	  7		  7	 326.707	  2	 26	  1
	  7		  8	 250.098	  9	 28	  2
	  7		  9	 266.865	108	 30	  2
	  7		 10	 198.042	104	 28	  2
	  7		 11	 290.199	  4	 28	  2
	  7		 12	 146.167	281	 28	  2
	  7		 13	 292.004	 85	 28	  3
	  7		 14	 272.638	 96	 28	  3
	  7		 15	 321.230	 10	 28	  3
	  7		 16	 324.640	  0	 28	  3
	  7		 17	 274.601	 87	 28	  3
	  7		 18	 325.251	  3	 28	  3
	  7		 19	 355.089	  0	 28	  3
	  7		 20	 338.400	  2	 28	  3
	  8		  1	 340.301	  0	 26	  1
	  8		  2	 311.550	  0	 26	  1
	  8		  3	 321.180	  0	 26	  1
	  8		  4	 304.575	  0	 26	  1
	  8		  5	 288.556	  3	 28	  2
	  8		  6	 287.982	  2	 28	  2
	  8		  7	 320.650	  4	 28	  3
	  8		  8	 267.798	  2	 28	  3
	  8		  9	 337.476	  4	 28	  3
	  8		 10	 352.532	  0	 28	  3
	  8		 11	 187.307	101	 30	  4
	  8		 12	 235.583	 98	 30	  4
	  8		 13	 214.115	146	 30	  4
	  8		 14	 340.222	  0	 28	  5
	  8		 15	 267.619	 59	 28	  5
	  8		 16	 242.114	  0	 28	  5
	  8		 17	 315.040	  0	 28	  5
	  8		 18	 304.250	  7	 28	  5
	  8		 19	 298.389	 40	 28	  5
	  8		 20	 325.333	  1	 28	  5
	  9		  1	 341.601	  0	 26	  1
	  9		  2	 302.523	  1	 26	  1
	  9		  3	 341.349	  0	 26	  1
	  9		  4	 333.561	  0	 26	  1
	  9		  5	 279.467	  8	 28	  2
	  9		  6	 180.997	189	 28	  2
	  9		  7	 232.379	  0	 28	  2
	  9		  8	 349.404	  0	 28	  3
	  9		  9	 340.196	  0	 28	  3
	  9		 10	 250.202	  0	 28	  3
	  9		 11	 333.572	  8	 28	  3
	  9		 12	 189.960	104	 30	  4
	  9		 13	 211.430	 80	 30	  4
	  9		 14	 330.580	  8	 28	  5
	  9		 15	 265.550	108	 28	  5
	  9		 16	 347.196	  0	 28	  5
	  9		 17	 337.342	 15	 28	  5
	  9		 18	 324.576	 11	 28	  5
	  9		 19	 342.792	 10	 28	  5
	  9		 20	 265.370	 66	 28	  5
	 10		  1	 323.739	  3	 26	  1
	 10		  2	 350.097	  1	 26	  1
	 10		  3	 368.133	  0	 26	  1
	 10		  4	 373.365	  1	 26	  1
	 10		  5	 305.953	  0	 28	  2
	 10		  6	 310.288	  0	 28	  2
	 10		  7	 315.689	  0	 29	  2
	 10		  8	 368.019	  0	 28	  3
	 10		  9	 361.902	  3	 28	  3
	 10		 10	 364.106	  0	 28	  3
	 10		 11	 364.835	  0	 28	  3
	 10		 12	 323.537	 24	 30	  4
	 10		 13	 296.419	 59	 30	  4
	 10		 14	 356.185	  5	 28	  5
	 10		 15	 333.529	 18	 28	  5
	 10		 16	 345.478	  1	 28	  5
	 10		 17	 342.882	  2	 28	  5
	 10		 18	 318.736	  5	 28	  5
	 10		 19	 338.773	 14	 28	  5
	 10		 20	 363.855	  9	 28	  5
	 11		  1	 375.021	  1	 26	  1
	 11		  2	 369.607	  0	 26	  1
	 11		  3	 373.428	  0	 26	  1
	 11		  4	 308.068	  7	 29	  2
	 11		  5	 177.754	270	 29	  2
	 11		  6	 313.350	  4	 29	  2
	 11		  7	 308.051	 16	 28	  3
	 11		  8	 331.296	  0	 28	  3
	 11		  9	 296.833	 95	 28	  3
	 11		 10	 304.250	  8	 28	  3
	 11		 11	 312.053	 35	 30	  4
	 11		 12	 284.920	 40	 30	  4
	 11		 13	 280.411	 40	 30	  4
	 11		 14	 349.632	 12	 28	  5
	 11		 15	 304.545	 19	 28	  5
	 11		 16	 319.356	  5	 28	  5
	 11		 17	 292.498	 21	 28	  5
	 11		 18	 351.553	  7	 28	  5
	 11		 19	 307.650	 21	 28	  5
	 11		 20	 328.177	 13	 28	  5
	 12		  1	 379.732	  0	 26	  1
	 12		  2	 348.085	 15	 28	  1
	 12		  3	 375.514	  0	 26	  1
	 12		  4	 369.337	  1	 26	  1
	 12		  5	 287.418	  2	 29	  2
	 12		  6	 260.555	 24	 29	  2
	 12		  7	 291.117	  1	 29	  2
	 12		  8	 303.208	  0	 28	  3
	 12		  9	 299.969	  0	 28	  3
	 12		 10	 297.166	  0	 28	  3
	 12		 11	 308.388	  0	 28	  3
	 12		 12	 274.751	 47	 30	  4
	 12		 13	  62.771	336	 30	  4
	 12		 14	 233.848	 96	 30	  4
	 12		 15	 340.143	 13	 28	  5
	 12		 16	 352.397	 10	 28	  5
	 12		 17	 320.451	 13	 28	  5
	 12		 18	 324.653	 13	 28	  5
	 12		 19	 184.197	  5	 28	  5
	 12		 20	 267.172	  0	 28	  5
	 13		  1	 367.790	  0	 26	  1
	 13		  2	 365.264	  1	 26	  1
	 13		  3	 360.276	  0	 26	  1
	 13		  4	 319.483	  2	 29	  2
	 13		  5	 257.653	  0	 29	  2
	 13		  6	 208.422	  0	 29	  2
	 13		  7	 344.433	  0	 28	  3
	 13		  8	 348.273	  0	 30	  3
	 13		  9	 352.492	  0	 28	  3
	 13		 10	 278.371	 34	 30	  4
	 13		 11	 294.582	  0	 30	  4
	 13		 12	 366.731	 12	 28	  5
	 13		 13	 353.220	  5	 28	  5
	 13		 14	 344.997	 22	 28	  5
	 13		 15	 380.696	  0	 28	  6
	 13		 16	 391.195	  1	 28	  6
	 13		 17	 370.606	  0	 28	  6
	 13		 18	 375.216	  0	 28	  6
	 13		 19	 368.081	  0	 28	  6
	 13		 20	 394.089	  4	 28	  6
	 14		  1	 356.794	  3	 26	  1
	 14		  2	 370.148	  1	 26	  1
	 14		  3	 338.523	  1	 29	  2
	 14		  4	 355.120	  0	 28	  3
	 14		  5	 359.387	  0	 28	  3
	 14		  6	 355.077	  0	 28	  3
	 14		  7	 305.801	  0	 30	  4
	 14		  8	 317.849	  0	 30	  4
	 14		  9	 324.068	 23	 28	  5
	 14		 10	 337.388	 29	 28	  5
	 14		 11	 236.456	 16	 28	  5
	 14		 12	 395.849	  1	 28	  6
	 14		 13	 353.834	  1	 28	  6
	 14		 14	 394.321	  2	 28	  6
	 14		 15	 352.443	  0	 30	  7
	 14		 16	 350.201	  0	 30	  7
	 14		 17	 297.968	 86	 31	  7
	 14		 18	 290.417	  0	 30	  7
	 14		 19	 336.216	  0	 30	  7
	 14		 20	 369.988	  0	 31	  7
	 15		  1	 359.415	  3	 26	  1
	 15		  2	 314.531	  4	 26	  1
	 15		  3	 321.868	  3	 29	  2
	 15		  4	 300.101	 19	 29	  2
	 15		  5	 330.515	  2	 28	  3
	 15		  6	 271.993	 90	 28	  3
	 15		  7	 304.681	  0	 30	  4
	 15		  8	 307.571	  0	 30	  4
	 15		  9	 315.455	 47	 28	  5
	 15		 10	 294.308	 18	 28	  5
	 15		 11	 365.022	  3	 28	  6
	 15		 12	 380.436	  1	 28	  6
	 15		 13	 336.473	  0	 30	  7
	 15		 14	 332.773	  0	 30	  7
	 15		 15	 352.089	 13	 28	  8
	 15		 16	 358.518	  4	 29	  8
	 15		 17	 312.614	 50	 30	  8
	 15		 18	 378.347	  6	 28	  8
	 15		 19	 346.825	  6	 28	  8
	 15		 20	 316.701	 80	 28	  8
	 16		  1	 354.849	  2	 26	  1
	 16		  2	 319.220	  1	 29	  2
	 16		  3	 344.999	  0	 28	  3
	 16		  4	 350.947	  0	 28	  3
	 16		  5	 306.716	  0	 30	  4
	 16		  6	 305.630	  0	 30	  4
	 16		  7	 358.346	 20	 28	  5
	 16		  8	 340.993	  0	 29	  5
	 16		  9	 365.386	  0	 28	  6
	 16		 10	 363.312	  3	 28	  6
	 16		 11	 343.455	  0	 30	  7
	 16		 12	 327.983	  0	 30	  7
	 16		 13	 366.869	  4	 28	  8
	 16		 14	 376.461	  1	 28	  8
	 16		 15	 327.191	  5	 30	  9
	 16		 16	 353.440	  1	 30	  9
	 16		 17	 346.732	  6	 30	  9
	 16		 18	 322.125	 82	 30	  9
	 16		 19	 358.955	  1	 30	  9
	 16		 20	 355.070	  2	 30	  9
	 17		  1	 359.297	  1	 26	  1
	 17		  2	 313.167	  2	 26	  1
	 17		  3	 288.153	  3	 29	  2
	 17		  4	 333.399	  2	 28	  3
	 17		  5	 258.564	  1	 30	  4
	 17		  6	 261.552	  4	 30	  4
	 17		  7	 327.011	 21	 28	  5
	 17		  8	 322.067	 34	 28	  5
	 17		  9	 354.189	  4	 28	  6
	 17		 10	 379.692	  0	 28	  6
	 17		 11	 267.198	 95	 30	  7
	 17		 12	 269.143	 96	 30	  7
	 17		 13	 371.038	  6	 28	  8
	 17		 14	 360.173	 11	 28	  8
	 17		 15	 303.162	  4	 30	  9
	 17		 16	 360.630	 10	 32	  9
	 17		 17	 346.512	  2	 30	  9
	 17		 18	 328.090	 54	 30	  9
	 17		 19	 341.190	  4	 30	  9
	 17		 20	 330.565	 18	 30	  9
	 18		  1	 357.762	  0	 26	  1
	 18		  2	 341.867	  1	 29	  2
	 18		  3	 365.567	  0	 28	  3
	 18		  4	 321.862	  0	 30	  4
	 18		  5	 347.924	 22	 28	  5
	 18		  6	 372.388	  0	 28	  6
	 18		  7	 258.014	  0	 28	  6
	 18		  8	 374.292	  0	 30	  7
	 18		  9	 357.202	 13	 28	  8
	 18		 10	 361.106	 12	 28	  8
	 18		 11	 373.621	 10	 32	  9
	 18		 12	 349.437	 10	 34	  9
	 18		 13	 350.026	  6	 30	 10
	 18		 14	 348.004	  6	 30	 10
	 18		 15	 357.580	  4	 30	 10
	 18		 16	 350.341	  7	 30	 10
	 18		 17	 360.718	  4	 30	 10
	 18		 18	 354.197	  7	 30	 10
	 18		 19	 373.088	  3	 30	 10
	 18		 20	 334.390	  8	 30	 10
	 19		  1	 383.676	  0	 26	  1
	 19		  2	 291.609	 10	 29	  2
	 19		  3	 330.684	  5	 28	  3
	 19		  4	 293.710	  5	 30	  4
	 19		  5	 346.106	 30	 28	  5
	 19		  6	 380.605	  0	 28	  6
	 19		  7	 303.104	  3	 28	  6
	 19		  8	 225.955	174	 30	  7
	 19		  9	 288.847	 90	 30	  7
	 19		 10	 391.547	  4	 28	  8
	 19		 11	 335.984	  4	 29	  8
	 19		 12	 379.645	  6	 32	  9
	 19		 13	 367.933	  3	 32	  9
	 19		 14	 369.860	  1	 34	 11
	 19		 15	 336.999	 46	 34	 11
	 19		 16	 342.460	 46	 34	 11
	 19		 17	 361.707	  6	 34	 11
	 19		 18	 362.474	  5	 34	 11
	 19		 19	 364.533	 13	 34	 11
	 19		 20	 366.808	  4	 34	 11
	 20		  1	 361.006	  0	 26	  1
	 20		  2	 352.823	  0	 26	  1
	 20		  3	 306.163	  3	 29	  2
	 20		  4	 336.156	  5	 28	  3
	 20		  5	 297.792	  4	 30	  4
	 20		  6	 269.808	108	 28	  5
	 20		  7	 368.319	  0	 28	  6
	 20		  8	 365.780	  0	 28	  6
	 20		  9	 327.160	  2	 30	  7
	 20		 10	 354.728	  4	 28	  8
	 20		 11	 365.148	  6	 28	  8
	 20		 12	 346.970	 13	 32	  9
	 20		 13	 357.695	  5	 32	  9
	 20		 14	 333.061	 10	 34	 11
	 20		 15	 345.114	 15	 34	 11
	 20		 16	 329.297	  7	 34	 11
	 20		 17	 356.845	  6	 34	 11
	 20		 18	 319.948	 29	 34	 11
	 20		 19	 327.738	  5	 34	 11
	 20		 20	 330.797	 11	 34	 11
	 21		  1	 365.287	  0	 26	  1
	 21		  2	 361.454	  0	 26	  1
	 21		  3	 257.043	 15	 29	  2
	 21		  4	 276.265	 10	 29	  2
	 21		  5	 307.266	  2	 28	  3
	 21		  6	 305.427	  2	 28	  3
	 21		  7	 353.974	 15	 28	  5
	 21		  8	 379.580	  0	 28	  6
	 21		  9	 337.834	  0	 28	  6
	 21		 10	 359.798	  0	 28	  6
	 21		 11	 188.696	188	 30	  7
	 21		 12	 261.256	 79	 30	  7
	 21		 13	 354.116	  0	 28	  8
	 21		 14	 352.165	  3	 28	  8
	 21		 15	 356.089	  6	 34	 11
	 21		 16	 310.275	  4	 35	 11
	 21		 17	 337.896	  5	 34	 11
	 21		 18	 364.830	  7	 34	 11
	 21		 19	 338.750	 14	 34	 11
	 21		 20	 361.862	  4	 34	 11
	 22		  1	 331.242	  3	 26	  1
	 22		  2	 372.139	  1	 26	  1
	 22		  3	 330.067	  0	 29	  2
	 22		  4	 312.076	  0	 29	  2
	 22		  5	 377.091	  0	 28	  3
	 22		  6	 360.219	  1	 28	  3
	 22		  7	 345.498	 24	 28	  5
	 22		  8	 310.343	 43	 28	  5
	 22		  9	 364.532	  0	 28	  6
	 22		 10	 335.502	  3	 28	  6
	 22		 11	 297.378	  0	 28	  6
	 22		 12	 350.899	  0	 30	  7
	 22		 13	 330.998	  0	 30	  7
	 22		 14	 367.227	  0	 30	 11
	 22		 15	 293.188	  0	 30	 11
	 22		 16	 371.806	  0	 30	 11
	 22		 17	 360.888	  0	 30	 11
	 22		 18	 359.498	  2	 30	 11
	 22		 19	 367.526	  1	 30	 11
	 22		 20	 373.578	  2	 30	 11
	 23		  1	 384.513	  1	 26	  1
	 23		  2	 383.098	  0	 26	  1
	 23		  3	 386.114	  0	 26	  1
	 23		  4	 300.618	  0	 29	  2
	 23		  5	 285.519	  0	 29	  2
	 23		  6	 124.006	319	 29	  2
	 23		  7	 356.959	  0	 28	  3
	 23		  8	 367.895	  0	 28	  3
	 23		  9	 389.187	  1	 28	  3
	 23		 10	 330.704	  0	 30	  7
	 23		 11	 238.276	111	 30	  7
	 23		 12	 326.767	  0	 30	  7
	 23		 13	 324.303	  0	 31	  7
	 23		 14	 371.223	  0	 30	 11
	 23		 15	 358.039	  0	 30	 11
	 23		 16	 368.985	  0	 30	 11
	 23		 17	 336.470	  0	 30	 11
	 23		 18	 362.984	  0	 30	 11
	 23		 19	 371.303	  1	 31	 11
	 23		 20	 376.109	  0	 30	 11
	 24		  1	 383.779	  5	 26	  1
	 24		  2	 382.229	  2	 26	  1
	 24		  3	 368.992	  5	 26	  1
	 24		  4	 386.662	  3	 26	  1
	 24		  5	 272.899	  5	 29	  2
	 24		  6	 224.786	  1	 29	  2
	 24		  7	 374.850	  0	 28	  3
	 24		  8	 356.243	  1	 28	  3
	 24		  9	 370.587	  0	 28	  3
	 24		 10	 358.643	  0	 28	  3
	 24		 11	 253.644	 95	 30	  7
	 24		 12	 279.466	 21	 30	  7
	 24		 13	 252.125	 95	 30	  7
	 24		 14	 368.536	  0	 30	 11
	 24		 15	 368.729	  0	 30	 11
	 24		 16	 372.990	  1	 30	 11
	 24		 17	 356.556	  0	 30	 11
	 24		 18	 364.340	  0	 30	 11
	 24		 19	 379.684	  0	 30	 11
	 24		 20	 379.395	  0	 30	 11
	 25		  1	 400.840	  6	 26	  1
	 25		  2	 392.600	  7	 26	  1
	 25		  3	 404.488	  1	 26	  1
	 25		  4	 392.883	  4	 26	  1
	 25		  5	 302.599	  0	 29	  2
	 25		  6	 301.047	  0	 29	  2
	 25		  7	 389.660	  1	 28	  3
	 25		  8	 385.815	  0	 28	  3
	 25		  9	 385.400	  0	 28	  3
	 25		 10	 385.371	  0	 28	  3
	 25		 11	 311.694	  1	 30	  7
	 25		 12	 355.694	  0	 30	  7
	 25		 13	 216.370	  0	 30	  7
	 25		 14	 406.630	  0	 30	 11
	 25		 15	 391.620	  1	 30	 11
	 25		 16	 387.635	  0	 30	 11
	 25		 17	 402.929	  0	 30	 11
	 25		 18	 365.922	  0	 30	 11
	 25		 19	 388.724	  0	 30	 11
	 25		 20	 410.803	  0	 30	 11
	 26		  1	 384.437	  3	 26	  1
	 26		  2	 387.155	  2	 26	  1
	 26		  3	 378.426	  5	 26	  1
	 26		  4	 384.761	  1	 26	  1
	 26		  5	 293.088	  0	 29	  2
	 26		  6	  71.671	394	 29	  2
	 26		  7	 253.257	106	 29	  2
	 26		  8	 400.082	  0	 28	  3
	 26		  9	 382.450	  0	 28	  3
	 26		 10	 360.744	  0	 28	  3
	 26		 11	 382.316	  1	 28	  3
	 26		 12	 222.174	182	 30	  7
	 26		 13	  98.744	361	 30	  7
	 26		 14	 293.726	 11	 30	  7
	 26		 15	 385.856	  0	 30	 11
	 26		 16	 368.819	  0	 30	 11
	 26		 17	 395.617	  1	 30	 11
	 26		 18	 366.550	  1	 30	 11
	 26		 19	 394.975	  0	 30	 11
	 26		 20	 397.427	  0	 30	 11
	 27		  1	 293.530	  9	 29	  2
	 27		  2	 247.187	101	 29	  2
	 27		  3	 271.022	 48	 29	  2
	 27		  4	 385.339	  0	 28	  3
	 27		  5	 387.977	  0	 28	  3
	 27		  6	 378.780	  0	 28	  3
	 27		  7	 340.043	  0	 28	  3
	 27		  8	 350.786	  1	 28	  3
	 27		  9	 374.392	  0	 29	  3
	 27		 10	 246.185	  8	 30	  7
	 27		 11	 248.596	  4	 30	  7
	 27		 12	 151.334	271	 30	  7
	 27		 13	 375.273	  0	 30	 11
	 27		 14	 355.177	  0	 30	 11
	 27		 15	 359.900	  0	 30	 11
	 27		 16	 341.678	  0	 30	 11
	 27		 17	 372.097	  1	 30	 11
	 27		 18	 394.710	  0	 30	 11
	 27		 19	 394.321	  3	 30	 11
	 27		 20	 372.018	  0	 30	 11
	 28		  1	 329.701	  0	 29	  2
	 28		  2	 301.813	  0	 29	  2
	 28		  3	 339.832	  0	 29	  2
	 28		  4	 392.919	  0	 28	  3
	 28		  5	 379.419	  1	 28	  3
	 28		  6	 369.227	  2	 28	  3
	 28		  7	 367.485	  0	 28	  3
	 28		  8	 363.202	  0	 30	  7
	 28		  9	 288.816	  0	 30	  7
	 28		 10	 385.210	  0	 30	 11
	 28		 11	 389.138	  3	 30	 11
	 28		 12	 381.014	  0	 30	 11
	 28		 13	 382.458	  1	 30	 11
	 28		 14	 394.514	  0	 26	 12
	 28		 15	 392.506	  2	 26	 12
	 28		 16	 394.806	  0	 26	 12
	 28		 17	 397.867	  1	 26	 12
	 28		 18	 389.209	  1	 26	 12
	 28		 19	 387.855	  5	 26	 12
	 28		 20	 388.344	  3	 26	 12
	 29		  1	 282.551	  1	 29	  2
	 29		  2	 285.824	  0	 29	  2
	 29		  3	 274.561	  0	 29	  2
	 29		  4	 348.969	  0	 28	  3
	 29		  5	 346.494	  0	 28	  3
	 29		  6	 354.307	  0	 28	  3
	 29		  7	 290.821	  0	 30	  7
	 29		  8	 282.539	  0	 30	  7
	 29		  9	 299.891	  0	 30	  7
	 29		 10	 351.503	  0	 30	 11
	 29		 11	 349.487	  0	 31	 11
	 29		 12	 353.397	  0	 30	 11
	 29		 13	 347.165	  1	 30	 11
	 29		 14	 397.651	  0	 26	 12
	 29		 15	 381.868	  0	 26	 12
	 29		 16	 281.072	  0	 28	 12
	 29		 17	 391.410	  0	 26	 12
	 29		 18	 397.589	  0	 26	 12
	 29		 19	 395.295	  1	 26	 12
	 29		 20	 388.158	  0	 26	 12
	 30		  1	 302.102	  3	 29	  2
	 30		  2	 229.581	157	 29	  2
	 30		  3	 374.383	  0	 28	  3
	 30		  4	 351.079	  1	 28	  3
	 30		  5	 346.189	  0	 28	  3
	 30		  6	 294.713	 12	 30	  7
	 30		  7	 294.596	  8	 30	  7
	 30		  8	 367.164	  0	 30	 11
	 30		  9	 375.888	  0	 30	 11
	 30		 10	 374.632	  0	 30	 11
	 30		 11	 402.315	  1	 26	 12
	 30		 12	 398.966	  0	 26	 12
	 30		 13	 393.642	  0	 26	 12
	 30		 14	 405.626	  0	 26	 12
	 30		 15	 399.501	  0	 28	 13
	 30		 16	 383.007	  0	 28	 13
	 30		 17	 416.911	  0	 28	 13
	 30		 18	 405.421	  0	 28	 13
	 30		 19	 404.486	  0	 28	 13
	 30		 20	 411.008	  0	 28	 13
	 31		  1	 332.046	  5	 29	  2
	 31		  2	 293.843	  0	 29	  2
	 31		  3	 403.589	  0	 28	  3
	 31		  4	 393.275	  0	 28	  3
	 31		  5	 376.923	  0	 28	  3
	 31		  6	 390.805	  0	 28	  7
	 31		  7	 399.299	  0	 29	  7
	 31		  8	 391.637	  0	 28	  7
	 31		  9	 406.325	  0	 28	  7
	 31		 10	 381.234	  0	 30	 11
	 31		 11	 391.839	  0	 30	 11
	 31		 12	 367.509	  2	 30	 11
	 31		 13	 375.340	  0	 30	 11
	 31		 14	 389.349	  3	 26	 12
	 31		 15	 383.766	  1	 26	 12
	 31		 16	 384.792	  2	 26	 12
	 31		 17	 395.405	  2	 26	 12
	 31		 18	 397.552	  1	 26	 12
	 31		 19	 377.171	  1	 26	 12
	 31		 20	 398.646	  1	 26	 12
	 32		  1	 290.725	 16	 29	  2
	 32		  2	 246.157	 15	 29	  2
	 32		  3	 277.573	 12	 29	  2
	 32		  4	 362.192	  0	 28	  3
	 32		  5	 364.666	  0	 28	  3
	 32		  6	 359.222	  0	 28	  3
	 32		  7	 349.412	  0	 28	  3
	 32		  8	 409.850	  0	 28	  7
	 32		  9	 401.485	  0	 28	  7
	 32		 10	 405.004	  0	 28	  7
	 32		 11	 399.086	  0	 28	  7
	 32		 12	 362.474	  0	 30	 11
	 32		 13	 373.138	  0	 30	 11
	 32		 14	 363.171	  0	 30	 11
	 32		 15	 398.936	  0	 26	 12
	 32		 16	 398.408	  0	 26	 12
	 32		 17	 395.481	  0	 26	 12
	 32		 18	 387.860	  0	 26	 12
	 32		 19	 392.950	  2	 26	 12
	 32		 20	 387.572	  0	 26	 12
	 33		  1	 312.354	  8	 29	  2
	 33		  2	 259.997	104	 29	  2
	 33		  3	 361.037	  0	 28	  3
	 33		  4	 358.004	  0	 28	  3
	 33		  5	 394.802	  0	 28	  7
	 33		  6	 392.128	  0	 28	  7
	 33		  7	 383.415	  0	 28	  7
	 33		  8	 361.615	  0	 30	 11
	 33		  9	 353.904	  1	 30	 11
	 33		 10	 397.426	  0	 26	 12
	 33		 11	 397.384	  3	 26	 12
	 33		 12	 397.070	  0	 26	 12
	 33		 13	 398.990	  0	 30	 14
	 33		 14	 397.102	  0	 30	 14
	 33		 15	 384.150	  1	 30	 14
	 33		 16	 399.291	  0	 30	 14
	 33		 17	 393.738	  0	 30	 14
	 33		 18	 409.056	  0	 30	 14
	 33		 19	 400.997	  0	 30	 14
	 33		 20	 405.848	  0	 30	 14
	 34		  1	 402.760	  0	 28	  2
	 34		  2	 409.234	  0	 28	  2
	 34		  3	 403.164	  0	 28	  2
	 34		  4	 394.608	  0	 28	  2
	 34		  5	 396.395	  0	 28	  2
	 34		  6	 422.731	  0	 30	 11
	 34		  7	 412.779	  0	 30	 11
	 34		  8	 403.561	  0	 30	 11
	 34		  9	 419.294	  0	 30	 11
	 34		 10	 407.160	  0	 30	 11
	 34		 11	 407.162	  0	 30	 11
	 34		 12	 380.823	  2	 26	 12
	 34		 13	 379.623	  1	 26	 12
	 34		 14	 396.665	  0	 26	 12
	 34		 15	 378.645	  1	 26	 12
	 34		 16	 387.563	  3	 26	 12
	 34		 17	 380.019	  5	 26	 12
	 34		 18	 377.156	  2	 26	 12
	 34		 19	 381.904	  0	 26	 12
	 34		 20	 391.721	  2	 26	 12
	 35		  1	 385.292	  0	 28	  2
	 35		  2	 378.567	  0	 28	  2
	 35		  3	 354.981	  0	 28	  2
	 35		  4	 401.127	  0	 28	  2
	 35		  5	 379.084	  1	 28	  2
	 35		  6	 354.123	  0	 28	  2
	 35		  7	 402.272	  0	 30	 11
	 35		  8	 397.515	  0	 30	 11
	 35		  9	 390.886	  0	 30	 11
	 35		 10	 380.679	  0	 30	 11
	 35		 11	 400.703	  0	 30	 11
	 35		 12	 397.273	  0	 30	 11
	 35		 13	 383.149	  1	 26	 12
	 35		 14	 399.462	  0	 26	 12
	 35		 15	 377.838	  2	 26	 12
	 35		 16	 392.697	  1	 26	 12
	 35		 17	 404.026	  0	 26	 12
	 35		 18	 395.686	  0	 26	 12
	 35		 19	 374.134	  0	 26	 12
	 35		 20	 391.742	  0	 26	 12
	 36		  1	 399.715	  0	 28	  2
	 36		  2	 396.710	  0	 28	  2
	 36		  3	 389.569	  0	 28	  2
	 36		  4	 388.692	  1	 28	  2
	 36		  5	 393.898	  0	 28	  2
	 36		  6	 385.665	  0	 28	  2
	 36		  7	 397.249	  0	 30	 11
	 36		  8	 385.566	  0	 30	 11
	 36		  9	 400.778	  0	 30	 11
	 36		 10	 392.899	  0	 30	 11
	 36		 11	 394.197	  0	 30	 11
	 36		 12	 397.313	  0	 30	 11
	 36		 13	 402.186	  0	 26	 12
	 36		 14	 394.720	  0	 27	 12
	 36		 15	 391.984	  0	 26	 12
	 36		 16	 401.091	  0	 26	 12
	 36		 17	 363.897	  0	 26	 12
	 36		 18	 409.608	  0	 26	 12
	 36		 19	 391.202	  0	 26	 12
	 36		 20	 387.206	  0	 26	 12
	 37		  1	 392.616	  0	 28	  2
	 37		  2	 402.089	  1	 28	  2
	 37		  3	 401.535	  0	 28	  2
	 37		  4	 393.357	  0	 28	  2
	 37		  5	 394.419	  0	 28	  2
	 37		  6	 402.191	  0	 28	  2
	 37		  7	 402.350	  0	 30	 11
	 37		  8	 388.468	  0	 30	 11
	 37		  9	 397.070	  0	 30	 11
	 37		 10	 391.647	  0	 31	 11
	 37		 11	 393.421	  0	 30	 11
	 37		 12	 407.033	  0	 30	 11
	 37		 13	 407.830	  0	 26	 12
	 37		 14	 402.211	  0	 26	 12
	 37		 15	 398.842	  0	 26	 12
	 37		 16	 396.690	  0	 26	 12
	 37		 17	 413.417	  0	 26	 12
	 37		 18	 407.488	  0	 26	 12
	 37		 19	 400.865	  0	 26	 12
	 37		 20	 389.401	  0	 26	 12
	 38		  1	 394.223	  0	 28	  2
	 38		  2	 395.873	  0	 28	  2
	 38		  3	 389.458	  1	 28	  2
	 38		  4	 385.896	  0	 29	  2
	 38		  5	 407.927	  0	 28	  2
	 38		  6	 368.546	  1	 28	  2
	 38		  7	 408.441	  0	 30	 11
	 38		  8	 386.302	  0	 30	 11
	 38		  9	 398.926	  0	 30	 11
	 38		 10	 401.069	  0	 30	 11
	 38		 11	 404.778	  0	 30	 11
	 38		 12	 409.564	  0	 30	 11
	 38		 13	 386.685	  0	 26	 12
	 38		 14	 380.337	  0	 26	 12
	 38		 15	 371.270	  0	 26	 12
	 38		 16	 346.207	  0	 26	 12
	 38		 17	 384.821	  0	 26	 12
	 38		 18	 384.956	  0	 26	 12
	 38		 19	 391.041	  0	 26	 12
	 38		 20	 395.101	  0	 26	 12
	 39		  1	 393.772	  0	 28	  2
	 39		  2	 393.684	  0	 28	  2
	 39		  3	 386.023	  0	 28	  2
	 39		  4	 386.274	  1	 28	  2
	 39		  5	 392.359	  0	 28	  2
	 39		  6	 389.021	  0	 28	  2
	 39		  7	 395.270	  0	 30	 11
	 39		  8	 393.731	  0	 30	 11
	 39		  9	 396.945	  0	 30	 11
	 39		 10	 393.009	  1	 31	 11
	 39		 11	 394.624	  0	 30	 11
	 39		 12	 402.232	  0	 30	 11
	 39		 13	 404.728	  0	 30	 11
	 39		 14	 359.437	  0	 26	 12
	 39		 15	 341.695	  0	 26	 12
	 39		 16	 378.222	  0	 26	 12
	 39		 17	 359.395	  0	 26	 12
	 39		 18	 373.401	  0	 26	 12
	 39		 19	 379.404	  0	 28	 12
	 39		 20	 368.004	  0	 26	 12
	 40		  1	 394.136	  0	 28	  2
	 40		  2	 389.369	  0	 28	  2
	 40		  3	 381.412	  0	 28	  2
	 40		  4	 391.251	  0	 28	  2
	 40		  5	 373.435	  0	 28	  2
	 40		  6	 393.081	  0	 28	  2
	 40		  7	 402.705	  0	 30	 11
	 40		  8	 399.829	  0	 30	 11
	 40		  9	 401.702	  0	 30	 11
	 40		 10	 397.081	  0	 30	 11
	 40		 11	 402.745	  0	 30	 11
	 40		 12	 411.199	  0	 30	 11
	 40		 13	 405.274	  0	 26	 12
	 40		 14	 389.337	  0	 26	 12
	 40		 15	 411.385	  0	 26	 12
	 40		 16	 391.925	  0	 26	 12
	 40		 17	 403.347	  0	 26	 12
	 40		 18	 408.211	  0	 26	 12
	 40		 19	 408.198	  0	 26	 12
	 40		 20	 403.556	  0	 26	 12
	 41		  1	 408.426	  0	 28	  2
	 41		  2	 396.201	  1	 28	  2
	 41		  3	 410.510	  0	 30	  2
	 41		  4	 388.334	  1	 28	  2
	 41		  5	 405.916	  0	 28	  2
	 41		  6	 414.079	  0	 28	  2
	 41		  7	 403.692	  0	 30	 11
	 41		  8	 402.728	  0	 30	 11
	 41		  9	 407.342	  0	 31	 11
	 41		 10	 404.170	  0	 30	 11
	 41		 11	 370.084	  0	 30	 11
	 41		 12	 400.181	  0	 30	 11
	 41		 13	 419.605	  0	 26	 12
	 41		 14	 416.588	  0	 26	 12
	 41		 15	 415.500	  0	 26	 12
	 41		 16	 414.697	  0	 26	 12
	 41		 17	 400.076	  0	 26	 12
	 41		 18	 400.695	  0	 26	 12
	 41		 19	 418.598	  0	 26	 12
	 41		 20	 412.210	  0	 26	 12
	 42		  1	 404.139	  0	 28	  2
	 42		  2	 390.421	  0	 28	  2
	 42		  3	 396.581	  0	 28	  2
	 42		  4	 405.045	  0	 28	  2
	 42		  5	 405.715	  0	 28	  2
	 42		  6	 396.288	  0	 28	  2
	 42		  7	 397.132	  0	 31	 11
	 42		  8	 384.089	  0	 33	 11
	 42		  9	 407.571	  0	 31	 11
	 42		 10	 402.776	  0	 31	 11
	 42		 11	 399.457	  0	 31	 11
	 42		 12	 376.589	  0	 31	 11
	 42		 13	 409.199	  0	 26	 12
	 42		 14	 355.000	  0	 26	 12
	 42		 15	 385.750	  0	 26	 12
	 42		 16	 408.773	  0	 26	 12
	 42		 17	 394.602	  0	 26	 12
	 42		 18	 390.436	  0	 26	 12
	 42		 19	 405.395	  0	 26	 12
	 42		 20	 408.873	  0	 26	 12
	 43		  1	 389.761	  0	 28	  2
	 43		  2	 397.596	  0	 28	  2
	 43		  3	 396.178	  0	 28	  2
	 43		  4	 243.987	  0	 30	  2
	 43		  5	 401.483	  0	 31	 11
	 43		  6	 398.194	  0	 31	 11
	 43		  7	 390.964	  0	 31	 11
	 43		  8	 396.893	  0	 31	 11
	 43		  9	 410.047	  0	 26	 12
	 43		 10	 393.071	  0	 26	 12
	 43		 11	 399.295	  0	 26	 12
	 43		 12	 381.182	  0	 26	 12
	 43		 13	 354.071	  0	 33	 15
	 43		 14	 349.624	  0	 33	 15
	 43		 15	 337.298	  0	 33	 15
	 43		 16	 332.478	  0	 33	 15
	 43		 17	 330.073	  0	 33	 15
	 43		 18	  51.065	  0	 33	 15
	 43		 19	 339.473	  0	 33	 15
	 43		 20	 349.653	  0	 34	 15
	 44		  1	 401.340	  0	 28	  2
	 44		  2	 396.932	  0	 28	  2
	 44		  3	 401.964	  0	 28	  2
	 44		  4	 360.731	  0	 28	  2
	 44		  5	 401.472	  0	 31	 11
	 44		  6	 385.220	  0	 31	 11
	 44		  7	 377.568	  0	 31	 11
	 44		  8	 396.781	  0	 31	 11
	 44		  9	 418.528	  0	 26	 12
	 44		 10	 377.419	  0	 26	 12
	 44		 11	 375.233	  0	 26	 12
	 44		 12	 389.826	  0	 26	 12
	 44		 13	 360.332	  0	 33	 15
	 44		 14	 335.231	  0	 33	 15
	 44		 15	 354.874	  0	 33	 15
	 44		 16	 306.131	  0	 30	 16
	 44		 17	 304.520	  0	 30	 16
	 44		 18	 314.958	  0	 30	 16
	 44		 19	 352.304	  0	 30	 16
	 44		 20	 275.251	  0	 30	 16
	 45		  1	 398.186	  0	 28	  2
	 45		  2	 390.876	  0	 28	  2
	 45		  3	 385.051	  0	 28	  2
	 45		  4	 415.688	  0	 31	 11
	 45		  5	 404.308	  0	 32	 11
	 45		  6	 407.720	  0	 31	 11
	 45		  7	 414.627	  0	 26	 12
	 45		  8	 373.060	  0	 26	 12
	 45		  9	 386.049	  0	 26	 12
	 45		 10	 380.076	  0	 33	 15
	 45		 11	 204.658	  0	 33	 15
	 45		 12	 377.152	  0	 33	 15
	 45		 13	 391.214	  0	 33	 15
	 45		 14	 362.512	  0	 30	 16
	 45		 15	 357.259	  0	 30	 16
	 45		 16	 358.507	  0	 30	 16
	 45		 17	 363.707	  0	 30	 16
	 45		 18	 355.836	  0	 30	 16
	 45		 19	 350.912	  0	 30	 16
	 45		 20	 357.082	  0	 30	 16
	 46		  1	 412.197	  0	 28	  2
	 46		  2	 379.184	  0	 28	  2
	 46		  3	 411.879	  0	 28	  2
	 46		  4	 400.273	  0	 31	 11
	 46		  5	 397.677	  0	 31	 11
	 46		  6	 398.262	  0	 31	 11
	 46		  7	 389.327	  0	 31	 11
	 46		  8	 416.514	  0	 26	 12
	 46		  9	 411.083	  0	 26	 12
	 46		 10	 419.569	  0	 26	 12
	 46		 11	 388.997	  0	 33	 15
	 46		 12	 390.074	  0	 33	 15
	 46		 13	 391.762	  0	 33	 15
	 46		 14	 369.177	  0	 30	 16
	 46		 15	 365.609	  0	 30	 16
	 46		 16	 363.104	  0	 30	 16
	 46		 17	 394.808	  0	 30	 16
	 46		 18	 334.622	  0	 31	 16
	 46		 19	 369.815	  0	 30	 16
	 46		 20	 340.276	  0	 30	 16
	 47		  1	 400.552	  0	 28	  2
	 47		  2	 359.552	  0	 29	  2
	 47		  3	 404.365	  0	 28	  2
	 47		  4	 403.520	  0	 31	 11
	 47		  5	 383.471	  0	 31	 11
	 47		  6	 382.025	  0	 31	 11
	 47		  7	 404.127	  0	 26	 12
	 47		  8	 392.977	  0	 26	 12
	 47		  9	 359.425	  0	 26	 12
	 47		 10	 384.315	  0	 33	 15
	 47		 11	 355.369	  0	 33	 15
	 47		 12	 355.946	  0	 33	 15
	 47		 13	 393.071	  0	 33	 15
	 47		 14	 326.875	  0	 30	 16
	 47		 15	 334.518	  0	 30	 16
	 47		 16	 339.342	  0	 30	 16
	 47		 17	 343.673	  0	 30	 16
	 47		 18	 342.432	  0	 30	 16
	 47		 19	 312.567	  0	 30	 16
	 47		 20	 292.660	  1	 30	 16
	 48		  1	 406.356	  0	 28	  2
	 48		  2	 411.858	  0	 28	  2
	 48		  3	 416.571	  0	 28	  2
	 48		  4	 406.100	  0	 31	 11
	 48		  5	 409.480	  0	 31	 11
	 48		  6	 414.839	  0	 31	 11
	 48		  7	 411.003	  0	 26	 12
	 48		  8	 413.128	  0	 26	 12
	 48		  9	 419.911	  0	 26	 12
	 48		 10	 393.692	  0	 33	 15
	 48		 11	 407.618	  0	 33	 15
	 48		 12	 393.530	  0	 33	 15
	 48		 13	 360.338	  0	 33	 15
	 48		 14	 401.556	  3	 30	 16
	 48		 15	 401.503	  0	 30	 16
	 48		 16	 414.314	  0	 30	 16
	 48		 17	 408.321	  0	 30	 16
	 48		 18	 402.779	  0	 30	 16
	 48		 19	 386.731	  0	 31	 16
	 48		 20	 383.316	  0	 30	 16
	 49		  1	 414.292	  0	 28	  2
	 49		  2	 411.276	  0	 28	  2
	 49		  3	 406.231	  0	 28	  2
	 49		  4	 403.884	  0	 31	 11
	 49		  5	 386.459	  0	 31	 11
	 49		  6	 399.315	  0	 31	 11
	 49		  7	 413.021	  0	 26	 12
	 49		  8	 402.759	  0	 26	 12
	 49		  9	 409.337	  0	 26	 12
	 49		 10	 398.633	  0	 33	 15
	 49		 11	 399.922	  0	 33	 15
	 49		 12	 393.872	  0	 33	 15
	 49		 13	 392.788	  0	 33	 15
	 49		 14	 389.613	  0	 30	 16
	 49		 15	 393.988	  0	 30	 16
	 49		 16	 304.324	  0	 30	 16
	 49		 17	 411.122	  0	 30	 16
	 49		 18	 393.165	  0	 30	 16
	 49		 19	 377.582	  0	 32	 16
	 49		 20	 398.464	  0	 30	 16
	 50		  1	 402.341	  0	 28	  2
	 50		  2	 402.036	  0	 28	  2
	 50		  3	 390.274	  0	 28	  2
	 50		  4	 408.708	  0	 31	 11
	 50		  5	  17.183	  0	 33	 11
	 50		  6	 405.445	  0	 33	 11
	 50		  7	 415.704	  0	 26	 12
	 50		  8	 416.136	  0	 26	 12
	 50		  9	 410.106	  0	 26	 12
	 50		 10	 396.425	  0	 33	 15
	 50		 11	 397.191	  0	 33	 15
	 50		 12	 395.399	  0	 35	 15
	 50		 13	 398.245	  0	 33	 15
	 50		 14	 390.488	  0	 30	 16
	 50		 15	 381.874	  0	 30	 16
	 50		 16	 376.985	  0	 30	 16
	 50		 17	 304.550	  0	 30	 16
	 50		 18	 384.298	  0	 30	 16
	 50		 19	 392.262	  0	 30	 16
	 50		 20	 393.550	  0	 30	 16
	 51		  1	 417.843	  0	 28	  2
	 51		  2	 420.878	  0	 28	  2
	 51		  3	 417.755	  0	 26	 12
	 51		  4	 412.529	  0	 26	 12
	 51		  5	 409.751	  0	 33	 15
	 51		  6	 387.563	  0	 33	 15
	 51		  7	 386.770	  0	 30	 16
	 51		  8	 385.682	  0	 30	 16
	 51		  9	 406.798	  0	 33	 18
	 51		 10	 400.516	  0	 33	 18
	 51		 11	 395.068	  1	 33	 18
	 51		 12	 416.050	  0	 35	 19
	 51		 13	 395.119	  0	 35	 19
	 51		 14	 402.200	  0	 30	 20
	 51		 15	 381.913	  0	 30	 20
	 51		 16	 413.715	  0	 30	 20
	 51		 17	 419.284	  0	 30	 20
	 51		 18	 394.015	  0	 30	 20
	 51		 19	 385.918	  0	 30	 20
	 51		 20	 387.174	  0	 30	 20
	 52		  1	 422.168	  0	 28	  2
	 52		  2	 416.073	  0	 28	  2
	 52		  3	 424.793	  0	 26	 12
	 52		  4	 400.452	  0	 26	 12
	 52		  5	 406.495	  0	 33	 15
	 52		  6	 415.948	  0	 33	 15
	 52		  7	 394.022	  0	 30	 16
	 52		  8	 354.401	  0	 30	 16
	 52		  9	 408.016	  0	 33	 18
	 52		 10	 405.583	  0	 33	 18
	 52		 11	 412.689	  0	 35	 19
	 52		 12	 406.265	  0	 35	 19
	 52		 13	 396.364	  0	 35	 19
	 52		 14	 423.972	  0	 30	 20
	 52		 15	 396.222	  0	 30	 20
	 52		 16	 428.426	  0	 30	 20
	 52		 17	 422.067	  0	 30	 20
	 52		 18	 423.046	  0	 30	 20
	 52		 19	 426.222	  0	 30	 20
	 52		 20	 420.674	  0	 30	 20
	 53		  1	 401.234	  0	 28	  2
	 53		  2	 397.372	  1	 28	  2
	 53		  3	 414.754	  0	 26	 12
	 53		  4	 408.145	  0	 26	 12
	 53		  5	 396.743	  0	 33	 15
	 53		  6	 405.387	  0	 33	 15
	 53		  7	 388.988	  0	 30	 16
	 53		  8	 392.992	  0	 30	 16
	 53		  9	 394.893	  0	 33	 18
	 53		 10	 395.289	  0	 33	 18
	 53		 11	 393.371	  0	 33	 18
	 53		 12	 394.394	  0	 35	 19
	 53		 13	 387.852	  0	 35	 19
	 53		 14	 387.874	  0	 35	 19
	 53		 15	 398.474	  0	 30	 20
	 53		 16	 409.621	  0	 30	 20
	 53		 17	 414.303	  0	 30	 20
	 53		 18	 403.667	  0	 30	 20
	 53		 19	 403.491	  0	 30	 20
	 53		 20	 407.047	  0	 30	 20
	 54		  1	 420.642	  0	 28	  2
	 54		  2	 419.374	  0	 28	  2
	 54		  3	 412.483	  0	 26	 12
	 54		  4	 425.912	  0	 26	 12
	 54		  5	 406.448	  0	 33	 15
	 54		  6	 385.104	  0	 33	 15
	 54		  7	 386.452	  0	 30	 16
	 54		  8	 416.024	  0	 30	 16
	 54		  9	 419.262	  0	 31	 18
	 54		 10	 398.323	  0	 31	 18
	 54		 11	 406.909	  0	 33	 18
	 54		 12	 402.321	  0	 35	 19
	 54		 13	 402.162	  0	 36	 19
	 54		 14	 370.839	  0	 35	 19
	 54		 15	 421.240	  0	 30	 20
	 54		 16	 415.009	  0	 30	 20
	 54		 17	 399.656	  0	 30	 20
	 54		 18	 404.806	  0	 32	 20
	 54		 19	 413.563	  0	 30	 20
	 54		 20	 422.566	  0	 30	 20
	 55		  1	 416.317	  0	 28	  2
	 55		  2	 406.556	  0	 28	  2
	 55		  3	 403.674	  0	 26	 12
	 55		  4	 410.776	  0	 26	 12
	 55		  5	 391.882	  0	 33	 15
	 55		  6	 402.858	  0	 30	 16
	 55		  7	 401.815	  0	 31	 18
	 55		  8	 400.770	  0	 31	 18
	 55		  9	 398.630	  0	 35	 19
	 55		 10	 399.618	  0	 35	 19
	 55		 11	 417.848	  0	 30	 20
	 55		 12	 411.375	  0	 30	 20
	 55		 13	 395.486	  0	 33	 21
	 55		 14	 416.699	  0	 33	 21
	 55		 15	 392.563	  0	 32	 22
	 55		 16	 411.287	  0	 32	 22
	 55		 17	 358.275	  3	 32	 22
	 55		 18	 328.259	  0	 32	 22
	 55		 19	 390.996	  1	 32	 22
	 55		 20	 248.131	  0	 32	 22
	 56		  1	 412.705	  0	 28	  2
	 56		  2	 409.404	  0	 28	  2
	 56		  3	 407.174	  0	 26	 12
	 56		  4	 413.900	  0	 26	 12
	 56		  5	 403.385	  0	 33	 15
	 56		  6	 421.018	  0	 30	 16
	 56		  7	 377.017	  0	 30	 16
	 56		  8	 401.051	  0	 31	 18
	 56		  9	 416.487	  0	 31	 18
	 56		 10	 397.513	  0	 35	 19
	 56		 11	 395.906	  0	 35	 19
	 56		 12	 410.341	  0	 32	 20
	 56		 13	 423.608	  0	 32	 20
	 56		 14	 413.177	  0	 33	 21
	 56		 15	 401.242	  0	 33	 21
	 56		 16	 410.461	  0	 32	 22
	 56		 17	 403.991	  0	 32	 22
	 56		 18	 414.514	  0	 32	 22
	 56		 19	 406.152	  0	 32	 22
	 56		 20	 373.353	  0	 32	 22
	 57		  1	 408.715	  0	 28	  2
	 57		  2	 407.214	  0	 28	  2
	 57		  3	 399.618	  0	 26	 12
	 57		  4	 394.859	  0	 26	 12
	 57		  5	 395.180	  0	 33	 15
	 57		  6	 394.977	  0	 33	 15
	 57		  7	 424.682	  0	 32	 16
	 57		  8	 381.683	  0	 32	 16
	 57		  9	 405.763	  0	 31	 18
	 57		 10	 396.462	  0	 31	 18
	 57		 11	 396.502	  0	 35	 19
	 57		 12	 393.655	  1	 35	 19
	 57		 13	 414.793	  0	 33	 21
	 57		 14	 416.067	  0	 33	 21
	 57		 15	 410.726	  0	 32	 22
	 57		 16	 412.984	  0	 32	 22
	 57		 17	 352.014	  0	 32	 22
	 57		 18	 387.974	  0	 32	 22
	 57		 19	 400.275	  0	 32	 22
	 57		 20	 384.975	  0	 32	 22
	 58		  1	 416.310	  0	 28	  2
	 58		  2	 406.497	  0	 28	  2
	 58		  3	 417.638	  0	 26	 12
	 58		  4	 412.590	  0	 26	 12
	 58		  5	 402.759	  0	 33	 15
	 58		  6	 405.274	  0	 33	 15
	 58		  7	 408.832	  0	 32	 16
	 58		  8	 399.417	  0	 32	 16
	 58		  9	 387.663	  1	 31	 18
	 58		 10	 379.909	  0	 31	 18
	 58		 11	 396.276	  0	 35	 19
	 58		 12	 384.561	  0	 35	 19
	 58		 13	 417.625	  0	 33	 21
	 58		 14	 412.393	  0	 33	 21
	 58		 15	 407.510	  0	 32	 22
	 58		 16	 399.350	  0	 32	 22
	 58		 17	 410.172	  0	 32	 22
	 58		 18	 300.950	  0	 32	 22
	 58		 19	 411.300	  0	 32	 22
	 58		 20	 403.638	  0	 32	 22
	 59		  1	 405.099	  0	 28	  2
	 59		  2	 416.254	  0	 28	  2
	 59		  3	 424.797	  0	 26	 12
	 59		  4	 424.308	  0	 26	 12
	 59		  5	 415.432	  0	 32	 15
	 59		  6	  74.872	  0	 34	 15
	 59		  7	 402.903	  0	 32	 16
	 59		  8	 413.460	  0	 33	 16
	 59		  9	 421.348	  0	 31	 18
	 59		 10	 414.742	  0	 31	 18
	 59		 11	 411.043	  0	 31	 18
	 59		 12	 406.294	  0	 35	 19
	 59		 13	 406.048	  0	 35	 19
	 59		 14	 407.489	  0	 35	 19
	 59		 15	 416.980	  0	 33	 21
	 59		 16	 357.263	  0	 33	 21
	 59		 17	 416.567	  0	 34	 21
	 59		 18	 418.623	  0	 33	 21
	 59		 19	 416.528	  0	 33	 21
	 59		 20	 407.161	  0	 33	 21
	 60		  1	 412.681	  0	 28	  2
	 60		  2	 416.288	  0	 28	  2
	 60		  3	 409.982	  0	 26	 12
	 60		  4	 407.678	  0	 28	 12
	 60		  5	 417.098	  0	 33	 15
	 60		  6	 400.442	  0	 33	 15
	 60		  7	 392.740	  0	 31	 18
	 60		  8	 309.690	  0	 31	 18
	 60		  9	 410.603	  0	 31	 18
	 60		 10	 390.344	  0	 35	 19
	 60		 11	 363.854	  0	 37	 19
	 60		 12	 378.862	  0	 35	 19
	 60		 13	 415.045	  0	 35	 24
	 60		 14	 410.756	  0	 35	 24
	 60		 15	 398.945	  0	 35	 24
	 60		 16	 396.192	  0	 35	 24
	 60		 17	 397.411	  0	 35	 24
	 60		 18	 407.273	  0	 35	 24
	 60		 19	 402.830	  0	 35	 24
	 60		 20	 399.870	  0	 35	 24
	 61		  1	 428.460	  0	 32	  2
	 61		  2	 424.625	  0	 32	  2
	 61		  3	 250.200	  0	 32	  2
	 61		  4	 422.437	  0	 26	 12
	 61		  5	 413.056	  0	 26	 12
	 61		  6	 409.516	  0	 26	 12
	 61		  7	 418.710	  0	 33	 15
	 61		  8	 407.162	  0	 33	 15
	 61		  9	 378.671	  0	 33	 15
	 61		 10	 403.668	  0	 31	 18
	 61		 11	 411.659	  0	 31	 18
	 61		 12	 409.038	  0	 31	 18
	 61		 13	 396.329	  0	 35	 19
	 61		 14	 328.408	  0	 35	 19
	 61		 15	 180.336	  0	 35	 19
	 61		 16	 421.837	  0	 35	 24
	 61		 17	 424.308	  0	 36	 24
	 61		 18	 423.945	  0	 35	 24
	 61		 19	 421.948	  0	 35	 24
	 61		 20	 419.013	  0	 35	 24
	 62		  1	 416.618	  0	 32	  2
	 62		  2	 411.335	  0	 32	  2
	 62		  3	 403.390	  0	 32	  2
	 62		  4	 406.104	  0	 26	 12
	 62		  5	 417.437	  0	 26	 12
	 62		  6	 405.139	  0	 26	 12
	 62		  7	 408.125	  0	 33	 15
	 62		  8	 411.132	  0	 33	 15
	 62		  9	 396.932	  0	 33	 15
	 62		 10	 404.059	  0	 31	 18
	 62		 11	 382.205	  0	 31	 18
	 62		 12	 389.905	  6	 31	 18
	 62		 13	 413.649	  0	 36	 24
	 62		 14	 421.384	  0	 36	 24
	 62		 15	 395.458	  0	 36	 24
	 62		 16	 418.140	  0	 36	 24
	 62		 17	 378.418	  0	 36	 24
	 62		 18	 372.533	  0	 36	 24
	 62		 19	 394.680	  0	 36	 24
	 62		 20	 421.008	  0	 36	 24
	 63		  1	 419.715	  0	 32	  2
	 63		  2	 364.515	  0	 32	  2
	 63		  3	 428.298	  0	 32	  2
	 63		  4	 410.827	  0	 26	 12
	 63		  5	 390.718	  0	 26	 12
	 63		  6	 416.950	  0	 26	 12
	 63		  7	 404.111	  0	 31	 15
	 63		  8	 355.932	  0	 31	 15
	 63		  9	 405.089	  0	 31	 15
	 63		 10	 393.289	  0	 31	 18
	 63		 11	 391.254	  0	 31	 18
	 63		 12	 396.496	  0	 32	 18
	 63		 13	 417.425	  0	 36	 24
	 63		 14	 410.294	  0	 36	 24
	 63		 15	 345.090	  0	 36	 24
	 63		 16	 421.175	  0	 36	 24
	 63		 17	 414.397	  0	 36	 24
	 63		 18	 420.261	  0	 36	 24
	 63		 19	 415.253	  0	 36	 24
	 63		 20	 411.212	  0	 36	 24
	 64		  1	 434.181	  0	 32	  2
	 64		  2	 411.931	  0	 32	  2
	 64		  3	 426.452	  0	 32	  2
	 64		  4	 421.738	  0	 32	  2
	 64		  5	 426.117	  0	 26	 12
	 64		  6	 419.925	  0	 26	 12
	 64		  7	 415.571	  0	 26	 12
	 64		  8	 424.955	  0	 26	 12
	 64		  9	 408.958	  0	 31	 15
	 64		 10	 399.536	  0	 31	 15
	 64		 11	 385.823	  0	 31	 15
	 64		 12	 343.085	  0	 31	 15
	 64		 13	 407.020	  0	 36	 24
	 64		 14	 349.779	  0	 36	 24
	 64		 15	 399.164	  0	 36	 24
	 64		 16	 407.864	  0	 36	 24
	 64		 17	 384.642	  0	 36	 24
	 64		 18	 190.064	  0	 36	 24
	 64		 19	 415.574	  0	 36	 24
	 64		 20	 422.483	  0	 36	 24
	 65		  1	 426.579	  0	 32	  2
	 65		  2	 411.131	  0	 32	  2
	 65		  3	 435.034	  0	 32	  2
	 65		  4	 418.293	  0	 33	  2
	 65		  5	 425.035	  0	 32	  2
	 65		  6	 421.976	  0	 26	 12
	 65		  7	 401.239	  0	 26	 12
	 65		  8	 424.257	  0	 26	 12
	 65		  9	 418.118	  0	 26	 12
	 65		 10	 424.413	  0	 26	 12
	 65		 11	 404.109	  0	 31	 15
	 65		 12	 316.705	  0	 31	 15
	 65		 13	 378.564	  0	 31	 15
	 65		 14	 424.323	  0	 31	 15
	 65		 15	 428.399	  0	 36	 24
	 65		 16	 406.664	  0	 36	 24
	 65		 17	 435.633	  0	 36	 24
	 65		 18	 435.588	  0	 36	 24
	 65		 19	 420.701	  0	 36	 24
	 65		 20	 435.303	  0	 36	 24
	 66		  1	 427.299	  0	 32	  2
	 66		  2	 254.822	  0	 32	  2
	 66		  3	 430.055	  0	 32	  2
	 66		  4	 411.432	  0	 32	  2
	 66		  5	 431.706	  0	 26	 12
	 66		  6	 424.403	  0	 26	 12
	 66		  7	 417.306	  0	 26	 12
	 66		  8	 430.000	  0	 26	 12
	 66		  9	 418.242	  0	 31	 15
	 66		 10	 411.620	  0	 32	 15
	 66		 11	 275.802	  0	 31	 15
	 66		 12	 418.798	  0	 31	 15
	 66		 13	 431.949	  0	 36	 24
	 66		 14	 397.611	  0	 36	 24
	 66		 15	 430.988	  0	 36	 24
	 66		 16	 435.364	  0	 36	 24
	 66		 17	 427.886	  0	 36	 24
	 66		 18	 422.125	  0	 36	 24
	 66		 19	 430.177	  0	 36	 24
	 66		 20	 415.963	  0	 36	 24
	 67		  1	 413.042	  0	 32	  2
	 67		  2	 410.714	  0	 32	  2
	 67		  3	 424.783	  0	 32	  2
	 67		  4	 428.777	  0	 32	  2
	 67		  5	 416.318	  0	 26	 12
	 67		  6	 407.844	  0	 26	 12
	 67		  7	 427.046	  0	 26	 12
	 67		  8	 418.250	  0	 26	 12
	 67		  9	 415.657	  0	 31	 15
	 67		 10	 411.725	  0	 31	 15
	 67		 11	 425.424	  0	 31	 15
	 67		 12	 344.922	  0	 31	 15
	 67		 13	 405.080	  0	 36	 24
	 67		 14	 410.333	  0	 36	 24
	 67		 15	 407.213	  0	 36	 24
	 67		 16	 420.077	  0	 36	 24
	 67		 17	 418.590	  0	 36	 24
	 67		 18	 402.188	  0	 38	 24
	 67		 19	 410.329	  0	 36	 24
	 67		 20	 418.070	  0	 36	 24
	 68		  1	 404.037	  0	 32	  2
	 68		  2	 394.875	  0	 32	  2
	 68		  3	 382.682	  0	 32	  2
	 68		  4	 405.501	  0	 26	 12
	 68		  5	 387.094	  0	 26	 12
	 68		  6	 416.589	  0	 26	 12
	 68		  7	 417.318	  0	 31	 15
	 68		  8	 382.118	  0	 31	 15
	 68		  9	 412.833	  0	 31	 15
	 68		 10	 399.352	  0	 36	 24
	 68		 11	 413.804	  0	 38	 24
	 68		 12	 394.844	  0	 36	 24
	 68		 13	 414.379	  0	 36	 24
	 68		 14	 414.066	  0	 30	 25
	 68		 15	 405.615	  0	 30	 25
	 68		 16	 404.840	  0	 30	 25
	 68		 17	 409.569	  0	 30	 25
	 68		 18	 417.209	  0	 30	 25
	 68		 19	 405.280	  0	 30	 25
	 68		 20	 415.693	  0	 30	 25
	 69		  1	 421.928	  0	 32	  2
	 69		  2	 424.238	  0	 32	  2
	 69		  3	 422.348	  0	 32	  2
	 69		  4	 415.489	  0	 26	 12
	 69		  5	 424.830	  0	 26	 12
	 69		  6	 418.713	  0	 26	 12
	 69		  7	 417.760	  0	 31	 15
	 69		  8	 417.947	  0	 31	 15
	 69		  9	 427.104	  0	 31	 15
	 69		 10	 414.183	  0	 36	 24
	 69		 11	 401.575	  1	 38	 24
	 69		 12	 422.297	  0	 36	 24
	 69		 13	 422.431	  0	 36	 24
	 69		 14	 425.863	  0	 30	 25
	 69		 15	 417.593	  0	 30	 25
	 69		 16	 424.370	  0	 30	 25
	 69		 17	 423.084	  0	 30	 25
	 69		 18	 426.379	  0	 30	 25
	 69		 19	 424.443	  0	 30	 25
	 69		 20	 419.095	  0	 30	 25
	 70		  1	 399.357	  0	 32	  2
	 70		  2	 398.446	  0	 32	  2
	 70		  3	 407.273	  0	 32	  2
	 70		  4	 419.681	  0	 26	 12
	 70		  5	 410.127	  0	 26	 12
	 70		  6	 413.729	  0	 26	 12
	 70		  7	 415.448	  0	 31	 15
	 70		  8	  15.933	  0	 33	 15
	 70		  9	 393.680	  0	 31	 15
	 70		 10	 385.424	  0	 36	 24
	 70		 11	 387.519	  0	 36	 24
	 70		 12	 404.832	  0	 36	 24
	 70		 13	 414.407	  0	 30	 25
	 70		 14	 412.821	  0	 30	 25
	 70		 15	 406.045	  0	 30	 25
	 70		 16	 414.938	  0	 30	 25
	 70		 17	 407.921	  0	 31	 25
	 70		 18	 411.173	  0	 30	 25
	 70		 19	 408.133	  0	 30	 25
	 70		 20	 417.431	  0	 30	 25
	 71		  1	 431.408	  0	 32	  2
	 71		  2	 293.807	  0	 32	  2
	 71		  3	 413.584	  0	 32	  2
	 71		  4	 432.930	  0	 32	  2
	 71		  5	 419.623	  0	 26	 12
	 71		  6	 422.229	  0	 26	 12
	 71		  7	 416.106	  0	 26	 12
	 71		  8	 418.227	  0	 26	 12
	 71		  9	 414.177	  0	 31	 15
	 71		 10	 414.177	  0	 31	 15
	 71		 11	 416.424	  0	 36	 24
	 71		 12	 416.344	  0	 36	 24
	 71		 13	 391.988	  0	 37	 24
	 71		 14	 411.413	  0	 30	 25
	 71		 15	 409.800	  0	 30	 25
	 71		 16	 418.150	  0	 30	 25
	 71		 17	 309.688	  0	 30	 25
	 71		 18	 263.246	  0	 32	 25
	 71		 19	 390.367	  0	 30	 25
	 71		 20	 419.730	  0	 30	 25
	 72		  1	 425.943	  0	 32	  2
	 72		  2	 227.738	  0	 32	  2
	 72		  3	 408.421	  0	 32	  2
	 72		  4	 424.414	  0	 26	 12
	 72		  5	 425.394	  0	 26	 12
	 72		  6	 409.450	  0	 26	 12
	 72		  7	 424.844	  0	 31	 15
	 72		  8	 419.140	  0	 31	 15
	 72		  9	 428.392	  0	 31	 15
	 72		 10	 422.090	  0	 36	 24
	 72		 11	 420.317	  0	 36	 24
	 72		 12	 408.377	  0	 36	 24
	 72		 13	 417.875	  0	 30	 25
	 72		 14	 414.129	  0	 30	 25
	 72		 15	 419.544	  0	 30	 25
	 72		 16	 377.250	  0	 30	 25
	 72		 17	 410.437	  0	 30	 25
	 72		 18	 406.017	  0	 30	 25
	 72		 19	 408.577	  0	 30	 25
	 72		 20	 404.731	  0	 30	 25
	 73		  1	 425.520	  0	 32	  2
	 73		  2	 431.901	  0	 32	  2
	 73		  3	 424.017	  0	 32	  2
	 73		  4	 421.910	  0	 26	 12
	 73		  5	 260.086	  0	 27	 12
	 73		  6	 416.222	  0	 26	 12
	 73		  7	 431.384	  0	 31	 15
	 73		  8	 426.816	  0	 31	 15
	 73		  9	 427.385	  0	 31	 15
	 73		 10	 428.016	  0	 31	 15
	 73		 11	 419.545	  0	 36	 24
	 73		 12	 425.721	  0	 36	 24
	 73		 13	 423.524	  0	 36	 24
	 73		 14	 403.453	  0	 30	 25
	 73		 15	 416.070	  0	 30	 25
	 73		 16	 412.317	  0	 30	 25
	 73		 17	 423.937	  0	 30	 25
	 73		 18	 364.796	  0	 30	 25
	 73		 19	 416.656	  0	 30	 25
	 73		 20	 421.757	  0	 30	 25
	 74		  1	 424.234	  0	 32	  2
	 74		  2	 397.832	  0	 32	  2
	 74		  3	 423.787	  0	 32	  2
	 74		  4	 406.994	  0	 26	 12
	 74		  5	 374.701	  0	 26	 12
	 74		  6	 417.046	  0	 26	 12
	 74		  7	 418.906	  0	 31	 15
	 74		  8	 412.319	  0	 31	 15
	 74		  9	 414.537	  0	 31	 15
	 74		 10	 424.818	  0	 31	 15
	 74		 11	 409.855	  0	 36	 24
	 74		 12	 418.488	  0	 36	 24
	 74		 13	 402.853	  0	 36	 24
	 74		 14	 425.152	  0	 30	 25
	 74		 15	 397.244	  0	 30	 25
	 74		 16	 416.855	  0	 30	 25
	 74		 17	 426.079	  0	 30	 25
	 74		 18	 425.503	  0	 30	 25
	 74		 19	 406.585	  0	 30	 25
	 74		 20	 428.560	  0	 30	 25
	 75		  1	 417.562	  0	 32	  2
	 75		  2	 396.293	  0	 32	  2
	 75		  3	 413.121	  0	 32	  2
	 75		  4	 413.715	  0	 26	 12
	 75		  5	 406.077	  0	 26	 12
	 75		  6	 415.081	  0	 26	 12
	 75		  7	 416.045	  0	 31	 15
	 75		  8	 407.909	  0	 31	 15
	 75		  9	 396.863	  0	 31	 15
	 75		 10	 402.826	  0	 36	 24
	 75		 11	 399.963	  0	 36	 24
	 75		 12	 411.622	  0	 36	 24
	 75		 13	 412.352	  0	 30	 25
	 75		 14	 413.013	  0	 32	 25
	 75		 15	 375.796	  0	 30	 25
	 75		 16	 412.095	  0	 30	 25
	 75		 17	 407.848	  0	 30	 25
	 75		 18	 393.520	  0	 31	 25
	 75		 19	 406.029	  0	 30	 25
	 75		 20	 398.217	  0	 30	 25
	 76		  1	 428.988	  0	 32	  2
	 76		  2	 406.173	  0	 32	  2
	 76		  3	 424.535	  0	 32	  2
	 76		  4	 403.307	  0	 26	 12
	 76		  5	 422.305	  0	 26	 12
	 76		  6	 395.054	  0	 26	 12
	 76		  7	 414.823	  0	 31	 15
	 76		  8	 421.279	  0	 31	 15
	 76		  9	 404.134	  0	 31	 15
	 76		 10	 412.828	  0	 36	 24
	 76		 11	 416.445	  0	 36	 24
	 76		 12	 411.479	  0	 36	 24
	 76		 13	 424.423	  0	 32	 25
	 76		 14	 394.662	  0	 32	 25
	 76		 15	 423.743	  0	 32	 25
	 76		 16	 408.259	  0	 32	 25
	 76		 17	 421.285	  0	 32	 25
	 76		 18	 420.568	  0	 32	 25
	 76		 19	 419.075	  0	 32	 25
	 76		 20	 425.258	  0	 32	 25
	 77		  1	 423.238	  0	 32	  2
	 77		  2	 405.210	  0	 32	  2
	 77		  3	 390.485	  0	 32	  2
	 77		  4	 419.694	  0	 32	  2
	 77		  5	 424.282	  0	 26	 12
	 77		  6	 414.026	  0	 26	 12
	 77		  7	 414.401	  0	 26	 12
	 77		  8	 404.806	  0	 26	 12
	 77		  9	 434.369	  0	 31	 15
	 77		 10	 432.535	  0	 31	 15
	 77		 11	 419.668	  0	 31	 15
	 77		 12	 433.155	  0	 31	 15
	 77		 13	 420.345	  0	 32	 25
	 77		 14	 407.648	  0	 32	 25
	 77		 15	 419.130	  0	 32	 25
	 77		 16	 240.571	  0	 32	 25
	 77		 17	 420.391	  0	 32	 25
	 77		 18	 414.539	  0	 32	 25
	 77		 19	 420.880	  0	 32	 25
	 77		 20	 423.550	  0	 32	 25
	 78		  1	 428.689	  0	 32	  2
	 78		  2	 360.441	  0	 32	  2
	 78		  3	 429.913	  0	 34	  2
	 78		  4	 398.676	  0	 32	  2
	 78		  5	 424.321	  0	 26	 12
	 78		  6	 390.131	  0	 26	 12
	 78		  7	 396.631	  0	 26	 12
	 78		  8	 422.156	  0	 26	 12
	 78		  9	 424.850	  0	 31	 15
	 78		 10	 436.019	  0	 31	 15
	 78		 11	 371.946	  0	 31	 15
	 78		 12	 391.329	  0	 31	 15
	 78		 13	 334.627	  0	 31	 15
	 78		 14	 414.027	  0	 32	 25
	 78		 15	 423.266	  0	 32	 25
	 78		 16	 412.590	  0	 32	 25
	 78		 17	 394.766	  0	 32	 25
	 78		 18	 366.098	  0	 32	 25
	 78		 19	 416.826	  0	 32	 25
	 78		 20	 339.983	  0	 32	 25
	 79		  1	 430.185	  0	 32	  2
	 79		  2	 406.441	  0	 32	  2
	 79		  3	 431.369	  0	 32	  2
	 79		  4	 428.502	  0	 26	 12
	 79		  5	 422.910	  0	 26	 12
	 79		  6	 426.360	  0	 26	 12
	 79		  7	 434.313	  0	 31	 15
	 79		  8	 433.366	  0	 31	 15
	 79		  9	 382.518	  0	 31	 15
	 79		 10	 426.499	  0	 30	 25
	 79		 11	 410.968	  0	 30	 25
	 79		 12	 425.952	  0	 30	 25
	 79		 13	 425.903	  0	 34	 26
	 79		 14	 371.912	  0	 34	 26
	 79		 15	 382.293	  0	 35	 26
	 79		 16	 420.374	  0	 34	 26
	 79		 17	 297.713	  0	 34	 26
	 79		 18	 422.090	  0	 34	 26
	 79		 19	 424.348	  0	 34	 26
	 79		 20	 408.101	  0	 34	 26
	 80		  1	 431.235	  0	 32	  2
	 80		  2	 400.835	  0	 32	  2
	 80		  3	 408.426	  0	 32	  2
	 80		  4	 423.898	  0	 26	 12
	 80		  5	 364.014	  0	 26	 12
	 80		  6	 399.498	  0	 26	 12
	 80		  7	 434.834	  0	 31	 15
	 80		  8	 416.614	  0	 31	 15
	 80		  9	 387.129	  0	 31	 15
	 80		 10	 426.126	  0	 30	 25
	 80		 11	 409.223	  0	 32	 25
	 80		 12	 413.347	  0	 30	 25
	 80		 13	 435.001	  0	 34	 26
	 80		 14	 386.394	  0	 34	 26
	 80		 15	 420.265	  0	 34	 26
	 80		 16	 411.183	  0	 34	 26
	 80		 17	 390.483	  0	 34	 26
	 80		 18	 353.678	  0	 34	 26
	 80		 19	 433.953	  0	 34	 26
	 80		 20	 416.855	  0	 34	 26
	 81		  1	 430.170	  0	 32	  2
	 81		  2	 417.333	  0	 32	  2
	 81		  3	 418.236	  0	 32	  2
	 81		  4	 418.005	  0	 26	 12
	 81		  5	 425.180	  0	 26	 12
	 81		  6	 429.576	  0	 31	 15
	 81		  7	 408.874	  0	 31	 15
	 81		  8	 414.508	  0	 31	 15
	 81		  9	 425.915	  0	 30	 25
	 81		 10	 409.570	  0	 30	 25
	 81		 11	 422.176	  0	 30	 25
	 81		 12	 427.516	  0	 34	 26
	 81		 13	 429.636	  0	 34	 26
	 81		 14	 413.999	  0	 34	 26
	 81		 15	 424.168	  0	 32	 27
	 81		 16	 421.344	  0	 32	 27
	 81		 17	 426.006	  0	 32	 27
	 81		 18	 418.509	  0	 32	 27
	 81		 19	 414.056	  0	 32	 27
	 81		 20	 424.222	  0	 32	 27
	 82		  1	 429.088	  0	 32	  2
	 82		  2	 418.559	  0	 32	  2
	 82		  3	 427.940	  0	 32	  2
	 82		  4	 424.898	  0	 26	 12
	 82		  5	 421.024	  0	 26	 12
	 82		  6	 418.282	  0	 26	 12
	 82		  7	 424.964	  0	 31	 15
	 82		  8	 427.875	  0	 31	 15
	 82		  9	 359.314	  0	 31	 15
	 82		 10	 427.555	  0	 30	 25
	 82		 11	 427.249	  0	 30	 25
	 82		 12	 416.574	  0	 30	 25
	 82		 13	 412.572	  0	 32	 27
	 82		 14	 400.040	  0	 32	 27
	 82		 15	 391.479	  0	 32	 27
	 82		 16	 411.211	  0	 32	 27
	 82		 17	 414.137	  0	 32	 27
	 82		 18	 404.174	  0	 32	 27
	 82		 19	 359.086	  0	 32	 27
	 82		 20	 410.922	  0	 32	 27
	 83		  1	 422.573	  0	 32	  2
	 83		  2	 269.462	  0	 33	  2
	 83		  3	 421.236	  0	 32	  2
	 83		  4	 410.240	  0	 32	  2
	 83		  5	 421.274	  0	 31	 15
	 83		  6	 412.428	  0	 31	 15
	 83		  7	 402.561	  0	 31	 15
	 83		  8	 425.711	  0	 31	 15
	 83		  9	 415.386	  0	 30	 25
	 83		 10	 418.179	  0	 30	 25
	 83		 11	 418.251	  0	 30	 25
	 83		 12	 407.147	  0	 30	 25
	 83		 13	 406.249	  0	 32	 27
	 83		 14	 357.894	  0	 32	 27
	 83		 15	 407.922	  0	 32	 27
	 83		 16	 406.034	  0	 32	 27
	 83		 17	 411.132	  0	 32	 27
	 83		 18	 415.711	  0	 32	 27
	 83		 19	 402.994	  0	 32	 27
	 83		 20	 414.515	  0	 32	 27
	 84		  1	 417.466	  0	 32	  2
	 84		  2	 421.134	  0	 33	  2
	 84		  3	 398.790	  0	 32	  2
	 84		  4	 412.516	  0	 32	  2
	 84		  5	 418.802	  0	 31	 15
	 84		  6	 419.795	  0	 31	 15
	 84		  7	 410.383	  0	 31	 15
	 84		  8	 413.168	  0	 31	 15
	 84		  9	 421.290	  0	 30	 25
	 84		 10	 417.218	  0	 30	 25
	 84		 11	 426.196	  0	 30	 25
	 84		 12	 410.330	  0	 30	 25
	 84		 13	 408.777	  0	 32	 27
	 84		 14	 406.020	  0	 32	 27
	 84		 15	 386.749	  0	 32	 27
	 84		 16	 421.570	  0	 32	 27
	 84		 17	 424.258	  0	 32	 27
	 84		 18	 405.418	  0	 32	 27
	 84		 19	 412.177	  0	 32	 27
	 84		 20	 408.105	  0	 32	 27
	 85		  1	 425.572	  0	 33	  2
	 85		  2	 424.545	  0	 33	  2
	 85		  3	 412.855	  0	 31	 15
	 85		  4	 408.873	  0	 31	 15
	 85		  5	 421.717	  0	 31	 15
	 85		  6	 423.443	  0	 31	 15
	 85		  7	 433.558	  0	 30	 25
	 85		  8	 411.504	  0	 30	 25
	 85		  9	 407.637	  0	 30	 25
	 85		 10	 392.321	  0	 30	 25
	 85		 11	 411.525	  0	 32	 27
	 85		 12	 369.023	  0	 32	 27
	 85		 13	 409.923	  0	 32	 27
	 85		 14	 356.553	  0	 32	 27
	 85		 15	 421.938	  0	 26	 28
	 85		 16	 418.816	  0	 26	 28
	 85		 17	 416.322	  0	 26	 28
	 85		 18	 417.338	  0	 26	 28
	 85		 19	 423.112	  0	 28	 28
	 85		 20	 423.519	  0	 26	 28
	 86		  1	 423.677	  0	 33	  2
	 86		  2	 424.605	  0	 33	  2
	 86		  3	 437.179	  0	 31	 15
	 86		  4	 437.758	  0	 32	 15
	 86		  5	 439.522	  0	 31	 15
	 86		  6	 425.535	  0	 32	 15
	 86		  7	 426.321	  0	 30	 25
	 86		  8	 417.313	  0	 30	 25
	 86		  9	 420.854	  0	 30	 25
	 86		 10	 422.982	  0	 32	 27
	 86		 11	 426.831	  0	 32	 27
	 86		 12	 402.212	  0	 32	 27
	 86		 13	 326.120	  0	 32	 27
	 86		 14	 423.169	  0	 28	 28
	 86		 15	 187.255	  0	 28	 28
	 86		 16	 403.169	  0	 28	 28
	 86		 17	 422.966	  0	 28	 28
	 86		 18	 420.928	  0	 28	 28
	 86		 19	 423.027	  0	 28	 28
	 86		 20	 425.767	  0	 30	 28
	 87		  1	 416.417	  0	 33	  2
	 87		  2	 408.431	  0	 33	  2
	 87		  3	 431.480	  0	 31	 15
	 87		  4	 415.518	  0	 31	 15
	 87		  5	 435.435	  0	 31	 15
	 87		  6	 421.432	  0	 31	 15
	 87		  7	 430.370	  0	 30	 25
	 87		  8	 413.316	  0	 30	 25
	 87		  9	 429.145	  0	 30	 25
	 87		 10	 419.830	  0	 30	 25
	 87		 11	 412.906	  0	 32	 27
	 87		 12	 370.998	  0	 32	 27
	 87		 13	 408.921	  0	 32	 27
	 87		 14	 365.072	  0	 32	 27
	 87		 15	 424.428	  0	 28	 28
	 87		 16	 405.328	  0	 28	 28
	 87		 17	 419.323	  0	 30	 28
	 87		 18	 416.151	  0	 28	 28
	 87		 19	 427.104	  0	 28	 28
	 87		 20	 424.459	  0	 28	 28
	 88		  1	 419.993	  0	 33	  2
	 88		  2	 410.723	  0	 33	  2
	 88		  3	 429.719	  0	 31	 15
	 88		  4	 411.597	  0	 31	 15
	 88		  5	 426.367	  0	 31	 15
	 88		  6	 416.371	  0	 32	 27
	 88		  7	 334.468	  0	 32	 27
	 88		  8	 423.328	  0	 32	 27
	 88		  9	 416.737	  0	 28	 28
	 88		 10	 418.617	  0	 28	 28
	 88		 11	 420.464	  0	 28	 28
	 88		 12	 423.976	  0	 30	 29
	 88		 13	 431.482	  0	 30	 29
	 88		 14	 423.275	  0	 30	 29
	 88		 15	 422.685	  0	 32	 30
	 88		 16	 404.931	  0	 32	 30
	 88		 17	 380.558	  0	 32	 30
	 88		 18	 415.794	  0	 32	 30
	 88		 19	 388.673	  0	 32	 30
	 88		 20	 393.798	  0	 32	 30
	 89		  1	 414.696	  0	 33	  2
	 89		  2	 417.647	  0	 31	 15
	 89		  3	 421.940	  0	 31	 15
	 89		  4	 401.397	  0	 31	 15
	 89		  5	 421.691	  0	 32	 27
	 89		  6	 286.229	  0	 34	 27
	 89		  7	 419.573	  0	 32	 27
	 89		  8	 408.432	  0	 28	 28
	 89		  9	 405.562	  0	 28	 28
	 89		 10	 345.535	  0	 28	 28
	 89		 11	 423.294	  0	 30	 29
	 89		 12	 416.436	  0	 30	 29
	 89		 13	 393.207	  0	 30	 29
	 89		 14	 423.570	  0	 32	 30
	 89		 15	 427.132	  0	 32	 30
	 89		 16	 425.366	  0	 32	 30
	 89		 17	 295.785	  0	 32	 30
	 89		 18	 417.714	  0	 32	 30
	 89		 19	 420.789	  0	 32	 30
	 89		 20	 396.109	  0	 32	 30
	 90		  1	 422.483	  0	 31	 15
	 90		  2	 207.244	  0	 31	 15
	 90		  3	 427.595	  0	 31	 15
	 90		  4	 412.786	  0	 32	 27
	 90		  5	 401.929	  0	 32	 27
	 90		  6	 405.128	  0	 32	 27
	 90		  7	 413.605	  0	 28	 28
	 90		  8	 361.711	  0	 28	 28
	 90		  9	 368.769	  0	 28	 28
	 90		 10	 427.261	  0	 30	 29
	 90		 11	 420.702	  0	 30	 29
	 90		 12	 411.599	  0	 30	 29
	 90		 13	 419.549	  0	 32	 30
	 90		 14	 424.090	  0	 32	 30
	 90		 15	 415.027	  0	 34	 30
	 90		 16	 310.176	  0	 34	 31
	 90		 17	 299.582	  0	 34	 31
	 90		 18	 133.619	  0	 35	 31
	 90		 19	 295.755	  0	 34	 31
	 90		 20	 319.019	  0	 34	 31
	 91		  1	 417.128	  0	 31	 15
	 91		  2	 427.509	  0	 31	 15
	 91		  3	 376.395	  0	 32	 27
	 91		  4	 381.348	  0	 32	 27
	 91		  5	 363.569	  0	 32	 27
	 91		  6	 418.073	  0	 28	 28
	 91		  7	 405.425	  0	 28	 28
	 91		  8	 362.331	  0	 28	 28
	 91		  9	 427.668	  0	 30	 29
	 91		 10	 430.154	  0	 30	 29
	 91		 11	 431.802	  0	 30	 29
	 91		 12	 418.671	  0	 32	 30
	 91		 13	 420.211	  0	 32	 30
	 91		 14	 397.796	  0	 32	 30
	 91		 15	 345.877	  0	 34	 31
	 91		 16	 312.724	  0	 34	 31
	 91		 17	 353.390	  0	 34	 31
	 91		 18	 127.451	  0	 34	 31
	 91		 19	 361.297	  0	 34	 31
	 91		 20	 250.167	  0	 34	 31
	 92		  1	 406.364	  0	 31	 15
	 92		  2	 407.809	  0	 31	 15
	 92		  3	 403.999	  0	 31	 15
	 92		  4	 376.587	  0	 32	 27
	 92		  5	 320.983	  0	 32	 27
	 92		  6	 415.964	  0	 28	 28
	 92		  7	 303.346	  0	 28	 28
	 92		  8	 377.467	  0	 28	 28
	 92		  9	 421.904	  0	 30	 29
	 92		 10	 419.348	  0	 30	 29
	 92		 11	 409.560	  0	 30	 29
	 92		 12	 388.696	  0	 32	 30
	 92		 13	 383.778	  0	 32	 30
	 92		 14	 359.778	  0	 32	 30
	 92		 15	 327.121	  0	 34	 31
	 92		 16	 308.386	  0	 34	 31
	 92		 17	 349.247	  0	 34	 31
	 92		 18	 178.635	  0	 34	 31
	 92		 19	 115.053	  0	 34	 31
	 92		 20	 187.731	  0	 34	 31
	 93		  1	 420.120	  0	 31	 15
	 93		  2	 413.887	  0	 31	 15
	 93		  3	 365.752	  0	 32	 27
	 93		  4	 400.617	  0	 32	 27
	 93		  5	 411.522	  0	 28	 28
	 93		  6	 301.640	  0	 28	 28
	 93		  7	 422.433	  0	 30	 29
	 93		  8	 423.299	  0	 30	 29
	 93		  9	 379.479	  0	 32	 29
	 93		 10	 406.826	  0	 32	 30
	 93		 11	 392.618	  0	 32	 30
	 93		 12	 327.008	  0	 34	 31
	 93		 13	 130.120	  0	 34	 31
	 93		 14	 412.538	  0	 33	 32
	 93		 15	 416.752	  0	 33	 32
	 93		 16	 412.415	  0	 33	 32
	 93		 17	 374.760	  0	 33	 32
	 93		 18	 411.354	  0	 33	 32
	 93		 19	 417.253	  0	 33	 32
	 93		 20	 415.949	  0	 33	 32
	 94		  1	 426.733	  0	 31	 15
	 94		  2	 423.850	  0	 31	 15
	 94		  3	 318.845	  0	 32	 27
	 94		  4	 399.002	  0	 32	 27
	 94		  5	 417.480	  0	 30	 28
	 94		  6	 419.521	  0	 30	 28
	 94		  7	 419.366	  0	 30	 28
	 94		  8	 368.042	  0	 32	 29
	 94		  9	 428.282	  0	 34	 29
	 94		 10	 324.450	  0	 32	 29
	 94		 11	 417.478	  0	 32	 30
	 94		 12	 409.296	  0	 32	 30
	 94		 13	 375.949	  0	 32	 30
	 94		 14	 383.647	  0	 34	 31
	 94		 15	 425.839	  0	 33	 32
	 94		 16	 406.548	  0	 33	 32
	 94		 17	 374.082	  0	 33	 32
	 94		 18	 417.842	  0	 33	 32
	 94		 19	 383.440	  0	 33	 32
	 94		 20	 408.159	  0	 33	 32
	 95		  1	 420.490	  0	 31	 15
	 95		  2	 351.102	  0	 31	 15
	 95		  3	 421.065	  0	 31	 15
	 95		  4	 410.430	  0	 32	 27
	 95		  5	 415.603	  0	 32	 27
	 95		  6	 422.022	  0	 34	 29
	 95		  7	 415.902	  0	 34	 29
	 95		  8	 395.576	  0	 34	 29
	 95		  9	 416.176	  0	 32	 30
	 95		 10	 412.415	  0	 32	 30
	 95		 11	 390.949	  0	 32	 30
	 95		 12	 416.892	  0	 33	 31
	 95		 13	 379.307	  0	 33	 31
	 95		 14	 412.682	  0	 33	 31
	 95		 15	 427.734	  0	 33	 33
	 95		 16	 419.671	  0	 33	 33
	 95		 17	 392.061	  0	 33	 33
	 95		 18	 427.959	  0	 33	 33
	 95		 19	 408.723	  0	 33	 33
	 95		 20	 429.794	  0	 33	 33
