# Evoluation started on 2016/11/24 11:13:45
# Generation	   Individual 	   Fitness 	 SecondFitness 	  Size		SpecieID
	  0		  1	 129.434	 30	 26	 -1
	  0		  2	 318.242	  0	 26	 -1
	  0		  3	 206.677	 72	 26	 -1
	  0		  4	 130.512	  0	 26	 -1
	  0		  5	 153.442	 45	 26	 -1
	  0		  6	 121.424	  0	 26	 -1
	  0		  7	  96.449	189	 26	 -1
	  0		  8	  65.457	  0	 26	 -1
	  0		  9	  21.413	  0	 26	 -1
	  0		 10	 162.298	153	 26	 -1
	  0		 11	 121.229	  0	 26	 -1
	  0		 12	 127.948	 62	 26	 -1
	  0		 13	  13.606	369	 26	 -1
	  0		 14	 142.730	  0	 26	 -1
	  0		 15	 193.537	  0	 26	 -1
	  0		 16	  69.526	 16	 26	 -1
	  0		 17	  94.648	  0	 26	 -1
	  0		 18	 148.163	  0	 26	 -1
	  0		 19	 137.970	 35	 26	 -1
	  0		 20	 251.694	  0	 26	 -1
	  1		  1	 217.876	  0	 26	  1
	  1		  2	 213.416	  0	 26	  1
	  1		  3	 214.539	  0	 26	  1
	  1		  4	  76.259	 56	 26	  1
	  1		  5	 218.688	  0	 26	  1
	  1		  6	  87.295	 65	 26	  1
	  1		  7	 231.632	  0	 26	  1
	  1		  8	 163.793	123	 26	  1
	  1		  9	 198.088	178	 26	  1
	  1		 10	 191.551	 26	 26	  1
	  1		 11	 263.027	  0	 26	  1
	  1		 12	 210.542	  0	 26	  1
	  1		 13	 197.470	172	 26	  1
	  1		 14	 247.058	  0	 26	  1
	  1		 15	 266.817	  0	 26	  1
	  1		 16	 124.710	 96	 26	  1
	  1		 17	 146.042	 49	 26	  1
	  1		 18	 184.417	  0	 26	  1
	  1		 19	 121.512	128	 26	  1
	  1		 20	 231.361	  0	 26	  1
	  2		  1	 260.038	  0	 26	  1
	  2		  2	  99.831	  0	 26	  1
	  2		  3	 272.317	  0	 26	  1
	  2		  4	 157.797	232	 27	  1
	  2		  5	 140.270	199	 26	  1
	  2		  6	 272.980	  0	 26	  1
	  2		  7	 126.052	  0	 26	  1
	  2		  8	 246.709	  0	 26	  1
	  2		  9	 213.012	  0	 26	  1
	  2		 10	 255.378	  0	 26	  1
	  2		 11	 128.878	  0	 26	  1
	  2		 12	 242.342	  0	 26	  1
	  2		 13	 151.324	240	 26	  1
	  2		 14	 209.401	  0	 26	  1
	  2		 15	 210.686	  0	 26	  1
	  2		 16	 291.939	  0	 26	  1
	  2		 17	 256.593	  0	 28	  1
	  2		 18	 252.294	  0	 26	  1
	  2		 19	 104.407	  0	 26	  1
	  2		 20	 158.788	  0	 26	  1
	  3		  1	 209.719	  0	 26	  1
	  3		  2	 178.847	 94	 26	  1
	  3		  3	 190.023	  0	 26	  1
	  3		  4	 242.186	 10	 26	  1
	  3		  5	 217.299	 98	 26	  1
	  3		  6	 138.859	235	 26	  1
	  3		  7	 177.565	152	 28	  1
	  3		  8	 186.589	172	 26	  1
	  3		  9	 210.073	  8	 26	  1
	  3		 10	 178.417	 48	 26	  1
	  3		 11	 207.770	 12	 26	  1
	  3		 12	 189.752	 16	 26	  1
	  3		 13	 292.180	  1	 26	  1
	  3		 14	 197.173	 96	 26	  1
	  3		 15	 206.782	  0	 26	  1
	  3		 16	 167.264	  0	 26	  1
	  3		 17	 219.231	 95	 26	  1
	  3		 18	  67.329	  0	 26	  1
	  3		 19	 206.143	 12	 26	  1
	  3		 20	 220.562	  1	 26	  1
	  4		  1	 308.272	  2	 26	  1
	  4		  2	 295.383	  0	 26	  1
	  4		  3	 270.181	  0	 26	  1
	  4		  4	 274.427	  0	 26	  1
	  4		  5	 255.368	  0	 26	  1
	  4		  6	 260.606	  0	 26	  1
	  4		  7	 286.148	  4	 26	  1
	  4		  8	 301.252	  0	 26	  1
	  4		  9	  74.899	321	 26	  1
	  4		 10	 273.210	  1	 26	  1
	  4		 11	 241.403	  0	 28	  2
	  4		 12	 243.726	  3	 28	  2
	  4		 13	  93.625	139	 28	  2
	  4		 14	 232.098	  0	 28	  2
	  4		 15	 227.074	112	 28	  2
	  4		 16	 241.263	  7	 29	  2
	  4		 17	 204.291	113	 28	  2
	  4		 18	 207.189	  3	 28	  2
	  4		 19	 224.649	  0	 28	  2
	  4		 20	 241.029	  0	 28	  2
	  5		  1	 290.098	  6	 26	  1
	  5		  2	 226.400	 17	 26	  1
	  5		  3	 248.743	 75	 26	  1
	  5		  4	 303.691	  0	 26	  1
	  5		  5	 309.266	  0	 26	  1
	  5		  6	 270.478	  7	 27	  1
	  5		  7	 304.082	  0	 26	  1
	  5		  8	 216.551	 95	 26	  1
	  5		  9	 184.010	159	 26	  1
	  5		 10	 266.347	 15	 26	  1
	  5		 11	 280.991	  8	 26	  1
	  5		 12	 132.775	 80	 28	  2
	  5		 13	 228.329	  7	 28	  2
	  5		 14	 161.088	 48	 28	  2
	  5		 15	 108.758	 82	 28	  2
	  5		 16	 199.795	 61	 30	  2
	  5		 17	 160.243	133	 28	  2
	  5		 18	 131.382	180	 28	  2
	  5		 19	 122.861	151	 28	  2
	  5		 20	 169.315	 12	 28	  2
	  6		  1	 261.648	  0	 26	  1
	  6		  2	 275.451	  0	 26	  1
	  6		  3	 311.772	  1	 26	  1
	  6		  4	 321.916	  0	 26	  1
	  6		  5	 330.639	  0	 26	  1
	  6		  6	 291.384	  0	 26	  1
	  6		  7	 249.387	  0	 26	  1
	  6		  8	 328.048	  3	 26	  1
	  6		  9	 245.711	 12	 28	  2
	  6		 10	 293.865	 38	 28	  2
	  6		 11	 281.650	  0	 30	  2
	  6		 12	 258.617	 14	 28	  2
	  6		 13	 288.446	  1	 30	  3
	  6		 14	 295.027	  0	 30	  3
	  6		 15	 177.434	 17	 30	  3
	  6		 16	 306.494	  0	 30	  3
	  6		 17	 287.577	  0	 30	  3
	  6		 18	 205.161	  0	 30	  3
	  6		 19	 266.088	  5	 30	  3
	  6		 20	 262.677	  6	 30	  3
	  7		  1	 285.157	  8	 26	  1
	  7		  2	 322.891	  0	 26	  1
	  7		  3	 207.478	 89	 26	  1
	  7		  4	 300.117	  0	 26	  1
	  7		  5	 270.513	 91	 26	  1
	  7		  6	 298.405	 16	 28	  2
	  7		  7	 284.183	  0	 29	  2
	  7		  8	 325.515	  0	 28	  2
	  7		  9	 298.991	  0	 28	  2
	  7		 10	 302.597	  4	 30	  3
	  7		 11	 289.801	  3	 32	  3
	  7		 12	 166.339	 88	 30	  3
	  7		 13	 252.373	 77	 30	  3
	  7		 14	 305.685	  0	 30	  4
	  7		 15	 268.309	 76	 30	  4
	  7		 16	 296.162	  0	 30	  4
	  7		 17	 302.476	  0	 30	  4
	  7		 18	 319.842	  0	 30	  4
	  7		 19	 180.091	  0	 30	  4
	  7		 20	 262.041	 78	 30	  4
	  8		  1	 325.318	  0	 26	  1
	  8		  2	 319.646	  0	 26	  1
	  8		  3	 268.021	  0	 28	  2
	  8		  4	 269.112	  0	 28	  2
	  8		  5	 276.811	  0	 28	  2
	  8		  6	 315.388	  0	 30	  3
	  8		  7	 304.932	  0	 30	  3
	  8		  8	 236.896	  4	 30	  4
	  8		  9	 224.792	  1	 30	  4
	  8		 10	 240.031	  7	 32	  5
	  8		 11	 231.740	  0	 32	  5
	  8		 12	 310.621	 37	 34	  5
	  8		 13	 340.222	  0	 28	  6
	  8		 14	 304.504	  0	 29	  6
	  8		 15	 328.065	 10	 28	  6
	  8		 16	 331.201	  1	 28	  6
	  8		 17	 334.655	  8	 28	  6
	  8		 18	 281.034	  0	 28	  6
	  8		 19	 328.750	  7	 28	  6
	  8		 20	 328.258	  0	 28	  6
	  9		  1	 349.553	  0	 26	  1
	  9		  2	 352.082	  0	 26	  1
	  9		  3	 318.999	  0	 26	  1
	  9		  4	 294.035	  0	 28	  2
	  9		  5	 299.162	  2	 28	  2
	  9		  6	 300.624	  0	 28	  2
	  9		  7	 291.208	 17	 30	  3
	  9		  8	 307.983	  0	 32	  3
	  9		  9	 312.149	  0	 31	  3
	  9		 10	 222.217	 94	 30	  4
	  9		 11	 220.013	 92	 30	  4
	  9		 12	 313.445	  3	 34	  5
	  9		 13	 291.573	  2	 34	  5
	  9		 14	 330.580	  8	 28	  6
	  9		 15	 327.321	 28	 28	  6
	  9		 16	 277.565	  0	 28	  6
	  9		 17	 339.375	 10	 28	  6
	  9		 18	 331.646	 22	 28	  6
	  9		 19	 314.579	 35	 28	  6
	  9		 20	 276.464	 15	 28	  6
	 10		  1	 323.739	  3	 26	  1
	 10		  2	 384.514	  4	 26	  1
	 10		  3	 322.999	  0	 26	  1
	 10		  4	 312.065	  0	 28	  2
	 10		  5	 335.419	  0	 28	  2
	 10		  6	 314.276	  0	 31	  3
	 10		  7	 309.919	  0	 31	  3
	 10		  8	 295.207	  2	 30	  4
	 10		  9	 337.169	 14	 30	  4
	 10		 10	 335.059	  0	 34	  5
	 10		 11	 289.644	  0	 34	  5
	 10		 12	 356.475	  8	 28	  6
	 10		 13	 346.194	  6	 28	  6
	 10		 14	 307.851	  0	 32	  7
	 10		 15	 335.072	  0	 32	  7
	 10		 16	 314.122	  1	 32	  7
	 10		 17	 294.840	  0	 32	  7
	 10		 18	 309.234	  0	 33	  7
	 10		 19	 304.343	  0	 32	  7
	 10		 20	 318.639	  0	 32	  7
	 11		  1	 375.021	  1	 26	  1
	 11		  2	 353.921	  0	 28	  1
	 11		  3	 309.575	  0	 28	  2
	 11		  4	 245.648	 92	 28	  2
	 11		  5	 316.293	  0	 31	  3
	 11		  6	 303.951	  4	 31	  3
	 11		  7	 293.703	 17	 30	  4
	 11		  8	 300.823	 20	 30	  4
	 11		  9	 291.842	  1	 34	  5
	 11		 10	 301.687	  0	 34	  5
	 11		 11	 327.411	 19	 28	  6
	 11		 12	 310.946	  0	 28	  6
	 11		 13	 327.712	 27	 28	  6
	 11		 14	 316.945	  0	 32	  7
	 11		 15	 253.024	  0	 32	  7
	 11		 16	 310.538	  0	 32	  7
	 11		 17	 188.632	  2	 32	  7
	 11		 18	 293.093	  0	 32	  7
	 11		 19	 322.614	  0	 32	  7
	 11		 20	 209.391	  0	 32	  7
	 12		  1	 379.732	  0	 26	  1
	 12		  2	 383.987	  1	 26	  1
	 12		  3	 287.426	  0	 31	  2
	 12		  4	 257.149	  0	 33	  2
	 12		  5	 281.738	  1	 31	  3
	 12		  6	 246.906	  0	 31	  3
	 12		  7	 250.005	 88	 30	  4
	 12		  8	 289.056	 10	 30	  4
	 12		  9	 280.969	  0	 34	  5
	 12		 10	 280.683	  1	 34	  5
	 12		 11	 314.931	 21	 28	  6
	 12		 12	 318.620	 12	 28	  6
	 12		 13	 272.228	 50	 28	  6
	 12		 14	 309.013	  0	 32	  7
	 12		 15	 292.946	  4	 32	  7
	 12		 16	 295.331	  2	 34	  7
	 12		 17	 316.059	  0	 33	  7
	 12		 18	 286.838	  4	 32	  7
	 12		 19	 301.516	  0	 32	  7
	 12		 20	 303.221	  0	 32	  7
	 13		  1	 368.239	  3	 26	  1
	 13		  2	 369.228	  1	 26	  1
	 13		  3	 324.867	  0	 31	  2
	 13		  4	 261.847	  0	 31	  2
	 13		  5	 337.288	  4	 30	  4
	 13		  6	 311.531	  0	 30	  4
	 13		  7	 308.497	  0	 34	  5
	 13		  8	 302.978	  0	 34	  5
	 13		  9	 365.661	 16	 28	  6
	 13		 10	 312.916	 36	 28	  6
	 13		 11	 344.787	  0	 33	  7
	 13		 12	 360.354	  0	 33	  7
	 13		 13	 291.647	  0	 33	  8
	 13		 14	 266.190	  0	 33	  8
	 13		 15	 308.711	  0	 34	  9
	 13		 16	 240.555	  4	 34	  9
	 13		 17	 325.314	  0	 34	  9
	 13		 18	 321.858	  0	 34	  9
	 13		 19	 320.380	  0	 34	  9
	 13		 20	 306.303	  0	 34	  9
	 14		  1	 356.794	  3	 26	  1
	 14		  2	 366.523	  0	 26	  1
	 14		  3	 324.553	  0	 31	  2
	 14		  4	 334.963	  4	 30	  4
	 14		  5	 330.696	  7	 30	  4
	 14		  6	 315.920	  0	 34	  5
	 14		  7	 307.346	  0	 34	  5
	 14		  8	 328.511	 31	 28	  6
	 14		  9	 345.486	 21	 28	  6
	 14		 10	 355.973	  0	 33	  7
	 14		 11	 332.779	  0	 33	  7
	 14		 12	 274.951	  0	 33	  8
	 14		 13	 172.776	215	 33	  8
	 14		 14	 332.385	  0	 34	  9
	 14		 15	 343.319	  0	 34	  9
	 14		 16	 261.929	  1	 34	  9
	 14		 17	 320.007	  0	 34	  9
	 14		 18	 335.934	  0	 34	  9
	 14		 19	 336.280	  2	 34	  9
	 14		 20	 329.119	  0	 34	  9
	 15		  1	 367.399	  1	 26	  1
	 15		  2	 370.765	  3	 26	  1
	 15		  3	 306.752	  3	 31	  2
	 15		  4	 242.533	  0	 31	  2
	 15		  5	 320.798	  4	 30	  4
	 15		  6	 320.289	  0	 31	  4
	 15		  7	 304.866	  0	 34	  5
	 15		  8	 301.921	  0	 34	  5
	 15		  9	 326.031	 37	 28	  6
	 15		 10	 337.885	 16	 28	  6
	 15		 11	 333.739	  0	 33	  7
	 15		 12	 338.234	  0	 33	  7
	 15		 13	 303.045	  0	 34	  9
	 15		 14	 293.207	  0	 34	  9
	 15		 15	 352.089	 13	 28	 10
	 15		 16	 368.752	  2	 28	 10
	 15		 17	 339.293	  2	 28	 10
	 15		 18	 353.498	  6	 31	 10
	 15		 19	 374.937	  4	 28	 10
	 15		 20	 359.494	 11	 30	 10
	 16		  1	 358.631	  1	 26	  1
	 16		  2	 345.448	  0	 26	  1
	 16		  3	 374.655	  3	 28	  2
	 16		  4	 391.748	  1	 28	  2
	 16		  5	 329.153	 11	 30	  4
	 16		  6	 202.963	126	 30	  4
	 16		  7	 309.180	  0	 34	  5
	 16		  8	 310.032	  0	 34	  5
	 16		  9	 347.363	 40	 28	  6
	 16		 10	 330.713	 17	 28	  6
	 16		 11	 354.297	  0	 33	  7
	 16		 12	 352.436	  0	 33	  7
	 16		 13	 339.516	  0	 34	  9
	 16		 14	 340.273	  0	 34	  9
	 16		 15	 365.386	  0	 28	 11
	 16		 16	 352.036	  4	 28	 11
	 16		 17	 371.173	  2	 28	 11
	 16		 18	 357.385	  0	 28	 11
	 16		 19	 386.813	  0	 28	 11
	 16		 20	 352.662	  7	 28	 11
	 17		  1	 357.032	  0	 26	  1
	 17		  2	 354.375	  6	 26	  1
	 17		  3	 380.548	  0	 28	  2
	 17		  4	 351.477	 11	 28	  2
	 17		  5	 300.291	 14	 30	  4
	 17		  6	 282.415	  0	 34	  5
	 17		  7	 209.877	 71	 34	  5
	 17		  8	 346.721	 25	 28	  6
	 17		  9	 340.563	 20	 28	  6
	 17		 10	 333.376	  0	 33	  7
	 17		 11	 314.415	  1	 33	  7
	 17		 12	 323.675	  0	 34	  9
	 17		 13	 269.762	  0	 34	  9
	 17		 14	 354.189	  4	 28	 11
	 17		 15	 356.611	  3	 28	 11
	 17		 16	 364.337	  3	 28	 11
	 17		 17	 354.393	  9	 28	 11
	 17		 18	 366.531	  0	 28	 11
	 17		 19	 344.155	  4	 28	 11
	 17		 20	 357.611	  2	 28	 11
	 18		  1	 366.859	  0	 28	  1
	 18		  2	 279.948	  0	 28	  1
	 18		  3	 315.898	  2	 28	  1
	 18		  4	 372.388	  0	 28	  2
	 18		  5	 393.097	  0	 29	  2
	 18		  6	 279.090	  0	 28	  2
	 18		  7	 346.973	  1	 30	  4
	 18		  8	 293.982	 36	 30	  4
	 18		  9	 319.594	  0	 34	  5
	 18		 10	 297.802	  0	 34	  5
	 18		 11	 343.461	 18	 28	  6
	 18		 12	 341.483	 31	 28	  6
	 18		 13	 367.011	  0	 33	  7
	 18		 14	 338.311	  4	 34	  7
	 18		 15	 346.633	  0	 33	  7
	 18		 16	 346.422	  0	 34	  9
	 18		 17	 338.693	  0	 34	  9
	 18		 18	 345.327	  0	 34	  9
	 18		 19	 357.468	  0	 34	  9
	 18		 20	 250.255	  0	 34	  9
	 19		  1	 397.646	  0	 28	  1
	 19		  2	 380.401	  0	 28	  1
	 19		  3	 351.854	  0	 28	  1
	 19		  4	 380.605	  0	 28	  2
	 19		  5	 305.039	  0	 28	  2
	 19		  6	 272.031	  9	 28	  2
	 19		  7	 376.567	  0	 28	  2
	 19		  8	 284.558	 34	 30	  4
	 19		  9	 261.450	  3	 30	  4
	 19		 10	 265.098	 77	 30	  4
	 19		 11	 246.445	 62	 34	  5
	 19		 12	 254.006	 81	 34	  5
	 19		 13	 221.750	 47	 34	  5
	 19		 14	 338.454	  0	 33	  6
	 19		 15	 365.333	  0	 33	  6
	 19		 16	 347.433	  0	 33	  6
	 19		 17	 354.343	  0	 33	  6
	 19		 18	 331.958	  0	 33	  6
	 19		 19	 292.484	  0	 33	  6
	 19		 20	 322.362	  0	 33	  6
	 20		  1	 354.728	  4	 28	  1
	 20		  2	 375.443	  0	 28	  1
	 20		  3	 336.861	 45	 28	  1
	 20		  4	 367.734	  3	 28	  1
	 20		  5	 368.319	  0	 28	  2
	 20		  6	 316.180	  2	 28	  2
	 20		  7	 355.284	  0	 28	  2
	 20		  8	 328.070	  2	 30	  4
	 20		  9	 282.717	 74	 30	  4
	 20		 10	 313.966	  0	 34	  5
	 20		 11	 254.629	  0	 34	  5
	 20		 12	 368.842	  0	 33	  6
	 20		 13	 345.049	  0	 33	  6
	 20		 14	 369.362	  0	 33	  6
	 20		 15	 349.730	  0	 33	 12
	 20		 16	 254.423	  0	 33	 12
	 20		 17	 352.139	  0	 33	 12
	 20		 18	 301.088	  0	 33	 12
	 20		 19	 289.994	  0	 34	 12
	 20		 20	 354.619	  0	 33	 12
	 21		  1	 381.213	  2	 28	  1
	 21		  2	 367.055	  1	 28	  1
	 21		  3	 373.223	  2	 28	  1
	 21		  4	 379.580	  0	 28	  2
	 21		  5	 364.909	  0	 28	  2
	 21		  6	 379.899	  0	 28	  2
	 21		  7	 278.751	 18	 30	  4
	 21		  8	 185.135	  2	 30	  4
	 21		  9	 206.175	163	 32	  4
	 21		 10	 210.033	 99	 34	  5
	 21		 11	 208.991	  3	 34	  5
	 21		 12	 332.577	  0	 33	  6
	 21		 13	 351.046	  0	 35	  6
	 21		 14	 299.708	  0	 33	  6
	 21		 15	 242.194	  0	 33	 12
	 21		 16	 242.591	  0	 33	 12
	 21		 17	 244.162	  0	 33	 12
	 21		 18	 272.527	  0	 33	 12
	 21		 19	 252.756	  0	 33	 12
	 21		 20	 191.843	  0	 33	 12
	 22		  1	 389.205	  0	 28	  1
	 22		  2	 371.990	  0	 28	  1
	 22		  3	 404.817	  0	 28	  1
	 22		  4	 376.912	  2	 28	  1
	 22		  5	 367.227	  0	 30	  2
	 22		  6	 375.389	  0	 30	  2
	 22		  7	 348.198	  0	 31	  2
	 22		  8	 401.148	  3	 30	  2
	 22		  9	 330.603	  0	 30	  4
	 22		 10	 308.804	 15	 30	  4
	 22		 11	 310.603	  0	 34	  5
	 22		 12	 306.776	  3	 34	  5
	 22		 13	 363.714	  0	 35	  6
	 22		 14	 344.707	  0	 35	  6
	 22		 15	 320.047	  1	 35	  6
	 22		 16	 289.841	 47	 32	 13
	 22		 17	 336.772	  0	 32	 13
	 22		 18	 240.419	128	 32	 13
	 22		 19	 326.803	  2	 32	 13
	 22		 20	 210.478	 51	 32	 13
	 23		  1	 389.280	  0	 28	  1
	 23		  2	 398.742	  0	 28	  1
	 23		  3	 402.937	  0	 28	  1
	 23		  4	 398.485	  0	 30	  1
	 23		  5	 281.999	  0	 30	  2
	 23		  6	 385.295	  1	 30	  2
	 23		  7	 381.494	  0	 30	  2
	 23		  8	 281.754	  1	 30	  2
	 23		  9	 301.002	  0	 34	  5
	 23		 10	 275.602	 12	 34	  5
	 23		 11	 285.190	  4	 34	  5
	 23		 12	 329.046	  1	 35	  6
	 23		 13	 334.600	  0	 35	  6
	 23		 14	 366.289	  1	 35	  6
	 23		 15	 299.983	  2	 32	 13
	 23		 16	 258.420	 76	 32	 13
	 23		 17	 280.152	  2	 32	 13
	 23		 18	 290.833	  7	 32	 13
	 23		 19	 295.526	  5	 32	 13
	 23		 20	 271.981	 74	 33	 13
	 24		  1	 349.823	  1	 28	  1
	 24		  2	 360.310	  0	 28	  1
	 24		  3	 363.703	  0	 28	  1
	 24		  4	 300.909	  0	 28	  1
	 24		  5	 368.536	  0	 30	  2
	 24		  6	 377.752	  0	 30	  2
	 24		  7	 325.381	  0	 30	  2
	 24		  8	 333.647	  0	 30	  2
	 24		  9	 275.514	  3	 34	  5
	 24		 10	 248.289	  0	 34	  5
	 24		 11	 159.947	 18	 34	  5
	 24		 12	 336.574	  0	 35	  6
	 24		 13	 304.430	  3	 35	  6
	 24		 14	 350.373	  1	 35	  6
	 24		 15	 256.433	  2	 32	 13
	 24		 16	 254.263	 14	 34	 13
	 24		 17	 261.373	 47	 32	 13
	 24		 18	 259.415	  0	 32	 13
	 24		 19	 258.923	  3	 32	 13
	 24		 20	 256.572	  3	 32	 13
	 25		  1	 392.399	  0	 28	  1
	 25		  2	 394.598	  1	 28	  1
	 25		  3	 380.096	  0	 28	  1
	 25		  4	 397.743	  0	 29	  1
	 25		  5	 351.761	  0	 28	  1
	 25		  6	 389.660	  1	 28	  2
	 25		  7	 391.532	  0	 29	  2
	 25		  8	 373.656	  0	 28	  2
	 25		  9	 397.928	  0	 28	  2
	 25		 10	 388.761	  0	 29	  2
	 25		 11	 311.753	  1	 34	  5
	 25		 12	 305.898	  0	 34	  5
	 25		 13	 303.530	 12	 34	  5
	 25		 14	 277.092	  2	 32	 13
	 25		 15	 265.158	 13	 32	 13
	 25		 16	  77.552	387	 32	 13
	 25		 17	 282.775	 38	 32	 13
	 25		 18	 287.314	  0	 32	 13
	 25		 19	 308.588	  0	 32	 13
	 25		 20	 272.166	 24	 32	 13
	 26		  1	 374.502	  2	 29	  1
	 26		  2	 344.029	  1	 29	  1
	 26		  3	 379.841	  2	 29	  1
	 26		  4	 369.252	  1	 29	  1
	 26		  5	 385.856	  0	 30	  2
	 26		  6	 385.975	  0	 30	  2
	 26		  7	 375.968	  1	 31	  2
	 26		  8	 385.226	  0	 30	  2
	 26		  9	 279.534	  5	 34	  5
	 26		 10	 255.097	  0	 34	  5
	 26		 11	 249.005	 94	 34	  5
	 26		 12	 292.550	  0	 32	 13
	 26		 13	 252.181	 94	 32	 13
	 26		 14	 291.000	  0	 32	 13
	 26		 15	 364.726	  0	 29	 14
	 26		 16	 371.108	  0	 29	 14
	 26		 17	 375.719	  0	 29	 14
	 26		 18	 327.688	  0	 29	 14
	 26		 19	 367.234	  0	 29	 14
	 26		 20	 359.359	  0	 29	 14
	 27		  1	 358.292	  0	 30	  2
	 27		  2	 367.681	  2	 30	  2
	 27		  3	 376.958	  2	 30	  2
	 27		  4	 348.500	  0	 30	  2
	 27		  5	 385.791	  0	 30	  2
	 27		  6	 288.845	  0	 34	  5
	 27		  7	 279.513	 20	 34	  5
	 27		  8	 239.802	 18	 34	  5
	 27		  9	 288.714	  7	 32	 13
	 27		 10	 270.658	  1	 32	 13
	 27		 11	 272.408	  5	 32	 13
	 27		 12	 289.100	  6	 32	 13
	 27		 13	 385.339	  0	 28	 14
	 27		 14	 345.429	  0	 28	 14
	 27		 15	 391.876	  0	 28	 14
	 27		 16	 349.243	  0	 28	 14
	 27		 17	 379.924	  0	 28	 14
	 27		 18	 381.501	  0	 28	 14
	 27		 19	 370.604	  0	 28	 14
	 27		 20	 350.072	  0	 28	 14
	 28		  1	 395.853	  0	 30	  2
	 28		  2	 384.754	  0	 30	  2
	 28		  3	 386.966	  0	 30	  2
	 28		  4	 396.346	  0	 30	  2
	 28		  5	 403.182	  0	 30	  2
	 28		  6	 403.440	  0	 30	  2
	 28		  7	 394.514	  0	 26	 13
	 28		  8	 394.099	  0	 26	 13
	 28		  9	 393.718	  0	 26	 13
	 28		 10	 396.618	  0	 26	 13
	 28		 11	 367.472	  0	 26	 13
	 28		 12	 373.733	  3	 26	 13
	 28		 13	 389.654	  0	 28	 14
	 28		 14	 365.076	  0	 28	 14
	 28		 15	 377.903	  0	 28	 14
	 28		 16	 380.053	  0	 28	 14
	 28		 17	 373.159	  0	 28	 14
	 28		 18	 362.508	  1	 28	 14
	 28		 19	 399.253	  0	 28	 14
	 28		 20	 350.532	  0	 28	 14
	 29		  1	 351.503	  0	 30	  2
	 29		  2	 341.364	  0	 30	  2
	 29		  3	 362.957	  0	 30	  2
	 29		  4	 361.311	  0	 30	  2
	 29		  5	 358.402	  0	 30	  2
	 29		  6	 360.363	  0	 32	  2
	 29		  7	 392.126	  0	 26	 13
	 29		  8	 400.623	  0	 26	 13
	 29		  9	 396.785	  0	 26	 13
	 29		 10	 396.240	  3	 26	 13
	 29		 11	 393.890	  0	 26	 13
	 29		 12	 380.397	  1	 26	 13
	 29		 13	 389.402	  0	 26	 13
	 29		 14	 343.223	  2	 28	 14
	 29		 15	 337.956	  0	 28	 14
	 29		 16	 330.337	  0	 29	 14
	 29		 17	 326.456	  2	 28	 14
	 29		 18	 320.123	  0	 28	 14
	 29		 19	 328.382	  0	 28	 14
	 29		 20	 330.293	  0	 28	 14
	 30		  1	 367.170	  0	 30	  2
	 30		  2	 362.601	  0	 30	  2
	 30		  3	 369.647	  0	 30	  2
	 30		  4	 404.613	  0	 26	 13
	 30		  5	 401.060	  0	 26	 13
	 30		  6	 401.805	  0	 26	 13
	 30		  7	 398.296	  1	 27	 13
	 30		  8	 363.892	  0	 28	 14
	 30		  9	 326.162	  0	 28	 14
	 30		 10	 378.443	  0	 28	 14
	 30		 11	 371.708	  0	 32	 15
	 30		 12	 373.951	  1	 32	 15
	 30		 13	 381.065	  0	 32	 15
	 30		 14	 399.501	  0	 28	 16
	 30		 15	 340.097	  0	 28	 16
	 30		 16	 401.066	  0	 28	 16
	 30		 17	 402.414	  0	 29	 16
	 30		 18	 404.349	  0	 28	 16
	 30		 19	 410.472	  0	 28	 16
	 30		 20	 410.098	  0	 28	 16
	 31		  1	 372.326	  0	 30	  2
	 31		  2	 353.434	  1	 30	  2
	 31		  3	 355.058	  0	 30	  2
	 31		  4	 395.906	  0	 26	 13
	 31		  5	 398.476	  1	 28	 13
	 31		  6	 391.944	  1	 26	 13
	 31		  7	 392.270	  0	 26	 13
	 31		  8	 405.501	  0	 28	 14
	 31		  9	 377.104	 10	 28	 14
	 31		 10	 370.901	  0	 28	 14
	 31		 11	 393.040	  0	 32	 15
	 31		 12	 395.795	  0	 33	 15
	 31		 13	 405.391	  0	 32	 15
	 31		 14	 363.360	  0	 34	 15
	 31		 15	 401.336	  0	 28	 16
	 31		 16	 391.170	  0	 28	 16
	 31		 17	 373.746	  0	 28	 16
	 31		 18	 403.612	  0	 28	 16
	 31		 19	 402.482	  0	 28	 16
	 31		 20	 400.279	  0	 28	 16
	 32		  1	 356.724	  0	 30	  2
	 32		  2	 351.945	  0	 30	  2
	 32		  3	 367.817	  0	 30	  2
	 32		  4	 403.185	  0	 28	 13
	 32		  5	 413.075	  0	 28	 13
	 32		  6	 403.124	  0	 28	 13
	 32		  7	 359.734	  1	 28	 14
	 32		  8	 374.859	  0	 28	 14
	 32		  9	 355.098	  0	 28	 14
	 32		 10	 357.409	  0	 28	 14
	 32		 11	 370.057	  0	 32	 15
	 32		 12	 366.660	  0	 34	 15
	 32		 13	 351.343	  0	 32	 15
	 32		 14	 354.210	  0	 32	 15
	 32		 15	 409.850	  0	 28	 16
	 32		 16	 403.311	  0	 28	 16
	 32		 17	 414.970	  0	 28	 16
	 32		 18	 408.152	  0	 28	 16
	 32		 19	 398.171	  0	 28	 16
	 32		 20	 387.569	  0	 28	 16
	 33		  1	 368.478	  0	 30	  2
	 33		  2	 369.864	  0	 30	  2
	 33		  3	 403.893	  0	 28	 13
	 33		  4	 363.838	  0	 28	 13
	 33		  5	 359.366	  0	 28	 14
	 33		  6	 355.049	  0	 28	 14
	 33		  7	 347.270	  1	 29	 14
	 33		  8	 368.183	  0	 32	 15
	 33		  9	 304.769	  0	 32	 15
	 33		 10	 353.388	  0	 32	 15
	 33		 11	 412.798	  0	 28	 16
	 33		 12	 404.674	  0	 28	 16
	 33		 13	 410.523	  0	 28	 16
	 33		 14	 398.990	  0	 30	 17
	 33		 15	 403.077	  0	 30	 17
	 33		 16	 381.351	  0	 30	 17
	 33		 17	 403.538	  0	 30	 17
	 33		 18	 389.973	  0	 30	 17
	 33		 19	 378.873	  0	 30	 17
	 33		 20	 400.701	  0	 31	 17
	 34		  1	 422.731	  0	 30	  2
	 34		  2	 401.916	  0	 30	  2
	 34		  3	 409.789	  0	 30	  2
	 34		  4	 368.814	  0	 31	  2
	 34		  5	 411.320	  0	 28	 13
	 34		  6	 412.215	  0	 28	 13
	 34		  7	 411.592	  0	 28	 13
	 34		  8	 408.898	  0	 28	 13
	 34		  9	 398.009	  0	 28	 14
	 34		 10	 385.865	  0	 28	 14
	 34		 11	 388.876	  0	 28	 14
	 34		 12	 363.625	  0	 28	 14
	 34		 13	 393.534	  0	 28	 14
	 34		 14	 388.452	  9	 32	 15
	 34		 15	 374.986	  0	 32	 15
	 34		 16	 362.032	  0	 32	 15
	 34		 17	 369.803	  0	 32	 15
	 34		 18	 376.358	  0	 33	 15
	 34		 19	 376.863	  0	 32	 15
	 34		 20	 354.989	  0	 32	 15
	 35		  1	 399.855	  0	 28	 13
	 35		  2	 375.950	  0	 28	 13
	 35		  3	 375.101	  0	 28	 13
	 35		  4	 382.626	  0	 28	 13
	 35		  5	 371.867	  1	 28	 14
	 35		  6	 357.119	  0	 28	 14
	 35		  7	 340.257	  0	 28	 14
	 35		  8	 368.679	  0	 28	 14
	 35		  9	 364.324	  0	 28	 14
	 35		 10	 371.172	  6	 32	 15
	 35		 11	 337.536	  9	 32	 15
	 35		 12	 378.837	  0	 32	 15
	 35		 13	 355.985	  1	 32	 15
	 35		 14	 402.272	  0	 30	 18
	 35		 15	 402.635	  0	 30	 18
	 35		 16	 396.045	  0	 30	 18
	 35		 17	 394.454	  1	 30	 18
	 35		 18	 391.306	  0	 30	 18
	 35		 19	 352.130	  0	 30	 18
	 35		 20	 399.405	  0	 30	 18
	 36		  1	 389.219	  0	 28	 13
	 36		  2	 402.493	  0	 28	 13
	 36		  3	 347.825	  0	 28	 13
	 36		  4	 398.717	  0	 28	 13
	 36		  5	 386.211	  0	 28	 14
	 36		  6	 389.764	  1	 28	 14
	 36		  7	 373.464	  0	 28	 14
	 36		  8	 372.688	  0	 28	 14
	 36		  9	 392.712	  0	 32	 15
	 36		 10	 368.384	  1	 32	 15
	 36		 11	 398.394	  0	 32	 15
	 36		 12	 384.554	  1	 32	 15
	 36		 13	 374.172	  0	 32	 15
	 36		 14	 397.249	  0	 30	 18
	 36		 15	 393.204	  0	 30	 18
	 36		 16	 365.836	  0	 30	 18
	 36		 17	 388.933	  0	 30	 18
	 36		 18	 404.543	  0	 30	 18
	 36		 19	 388.176	  0	 30	 18
	 36		 20	 402.729	  0	 30	 18
	 37		  1	 410.644	  0	 28	 13
	 37		  2	 404.125	  0	 28	 13
	 37		  3	 403.412	  0	 28	 13
	 37		  4	 328.921	  0	 28	 13
	 37		  5	 392.647	  0	 28	 14
	 37		  6	 401.068	  0	 28	 14
	 37		  7	 383.339	  1	 28	 14
	 37		  8	 377.137	  0	 28	 14
	 37		  9	 404.442	  0	 32	 15
	 37		 10	 379.732	  2	 32	 15
	 37		 11	 377.484	  0	 32	 15
	 37		 12	 307.329	  0	 32	 15
	 37		 13	 390.635	  1	 32	 15
	 37		 14	 402.350	  0	 30	 18
	 37		 15	 408.222	  0	 30	 18
	 37		 16	 386.964	  0	 30	 18
	 37		 17	 409.814	  0	 30	 18
	 37		 18	 386.491	  0	 30	 18
	 37		 19	 402.376	  0	 30	 18
	 37		 20	 396.580	  0	 30	 18
	 38		  1	 386.685	  0	 26	 13
	 38		  2	 407.232	  0	 26	 13
	 38		  3	 407.411	  0	 26	 13
	 38		  4	 384.884	  0	 26	 13
	 38		  5	 385.941	  0	 28	 14
	 38		  6	 389.482	  0	 28	 14
	 38		  7	 393.494	  0	 28	 14
	 38		  8	 387.586	  0	 28	 14
	 38		  9	 389.125	  3	 32	 15
	 38		 10	 389.036	  0	 34	 15
	 38		 11	 384.219	  0	 32	 15
	 38		 12	 387.552	  0	 32	 15
	 38		 13	 366.130	  0	 32	 15
	 38		 14	 401.420	  0	 30	 18
	 38		 15	  71.312	  0	 32	 18
	 38		 16	 396.820	  0	 30	 18
	 38		 17	 405.750	  0	 30	 18
	 38		 18	 412.397	  0	 30	 18
	 38		 19	 400.980	  0	 30	 18
	 38		 20	 402.782	  0	 30	 18
	 39		  1	 411.377	  0	 26	 13
	 39		  2	 395.911	  0	 26	 13
	 39		  3	 380.341	  0	 26	 13
	 39		  4	 366.887	  0	 28	 14
	 39		  5	 313.060	  0	 28	 14
	 39		  6	 367.265	  0	 28	 14
	 39		  7	 386.233	  0	 32	 15
	 39		  8	 382.950	  0	 32	 15
	 39		  9	 353.702	  2	 32	 15
	 39		 10	 359.792	  0	 32	 15
	 39		 11	 395.270	  0	 30	 18
	 39		 12	 390.805	  0	 30	 18
	 39		 13	 397.262	  0	 30	 18
	 39		 14	 404.298	  0	 30	 18
	 39		 15	 374.491	  0	 34	 19
	 39		 16	 366.332	  0	 34	 19
	 39		 17	 341.510	  1	 34	 19
	 39		 18	 371.829	  0	 34	 19
	 39		 19	 340.934	  1	 34	 19
	 39		 20	 361.756	  0	 34	 19
	 40		  1	 405.274	  0	 26	 13
	 40		  2	 401.430	  0	 26	 13
	 40		  3	 391.654	  0	 26	 13
	 40		  4	 357.045	  0	 28	 14
	 40		  5	 360.984	  0	 28	 14
	 40		  6	 364.964	  0	 28	 14
	 40		  7	 383.485	  0	 32	 15
	 40		  8	 361.113	  0	 32	 15
	 40		  9	 348.315	  0	 32	 15
	 40		 10	 409.155	  0	 30	 18
	 40		 11	 403.975	  0	 31	 18
	 40		 12	 401.899	  0	 30	 18
	 40		 13	 401.325	  0	 30	 18
	 40		 14	 371.075	  0	 34	 19
	 40		 15	 378.644	  0	 34	 19
	 40		 16	 362.748	  0	 34	 19
	 40		 17	 342.437	  0	 34	 19
	 40		 18	 379.312	  0	 35	 19
	 40		 19	 354.572	  0	 35	 19
	 40		 20	 363.370	  0	 34	 19
	 41		  1	 419.605	  0	 26	 13
	 41		  2	 401.218	  0	 26	 13
	 41		  3	 409.260	  0	 26	 13
	 41		  4	 381.352	  0	 28	 14
	 41		  5	 395.680	  0	 28	 14
	 41		  6	 384.233	  0	 28	 14
	 41		  7	 380.650	  6	 32	 15
	 41		  8	 372.248	  6	 32	 15
	 41		  9	 388.440	  0	 32	 15
	 41		 10	 411.179	  0	 30	 18
	 41		 11	 409.974	  0	 30	 18
	 41		 12	 380.796	  0	 30	 18
	 41		 13	 411.513	  0	 30	 18
	 41		 14	 382.917	  3	 35	 19
	 41		 15	 396.754	  0	 35	 19
	 41		 16	 384.182	  1	 35	 19
	 41		 17	 387.377	  0	 35	 19
	 41		 18	 383.582	  0	 35	 19
	 41		 19	 382.252	  0	 35	 19
	 41		 20	 385.581	  0	 35	 19
	 42		  1	 409.199	  0	 26	 13
	 42		  2	 391.150	  0	 26	 13
	 42		  3	 409.582	  0	 26	 13
	 42		  4	 402.689	  0	 28	 14
	 42		  5	 373.491	  0	 28	 14
	 42		  6	 400.655	  0	 28	 14
	 42		  7	 387.044	  0	 32	 15
	 42		  8	 369.946	  0	 32	 15
	 42		  9	 387.044	  0	 32	 15
	 42		 10	 406.184	  0	 30	 18
	 42		 11	 414.565	  0	 30	 18
	 42		 12	 409.092	  0	 30	 18
	 42		 13	 395.784	  0	 31	 18
	 42		 14	 378.139	  0	 35	 19
	 42		 15	 380.973	  0	 35	 19
	 42		 16	 388.583	  0	 35	 19
	 42		 17	 368.106	  0	 35	 19
	 42		 18	  96.894	  0	 35	 19
	 42		 19	 391.740	  0	 35	 19
	 42		 20	 368.315	  0	 35	 19
	 43		  1	 402.692	  0	 26	 13
	 43		  2	 407.749	  0	 26	 13
	 43		  3	 402.531	  0	 26	 13
	 43		  4	 360.509	  0	 28	 14
	 43		  5	 355.861	  0	 28	 14
	 43		  6	 361.581	  0	 28	 14
	 43		  7	 366.088	  0	 32	 15
	 43		  8	 376.318	  0	 32	 15
	 43		  9	 408.571	  0	 30	 18
	 43		 10	 390.525	  0	 30	 18
	 43		 11	 399.404	  0	 30	 18
	 43		 12	 365.881	  0	 35	 19
	 43		 13	 363.393	  0	 35	 19
	 43		 14	 366.589	  0	 35	 19
	 43		 15	 389.761	  0	 28	 20
	 43		 16	 398.761	  0	 28	 20
	 43		 17	 396.840	  0	 28	 20
	 43		 18	 398.230	  0	 28	 20
	 43		 19	 383.141	  0	 28	 20
	 43		 20	 400.137	  0	 28	 20
	 44		  1	 418.528	  0	 26	 13
	 44		  2	 416.472	  0	 26	 13
	 44		  3	 406.835	  0	 26	 13
	 44		  4	 322.967	 28	 28	 14
	 44		  5	 379.482	  0	 30	 14
	 44		  6	 371.586	  2	 32	 15
	 44		  7	 248.764	  4	 32	 15
	 44		  8	 401.605	  0	 30	 18
	 44		  9	 406.886	  0	 30	 18
	 44		 10	 401.198	  0	 30	 18
	 44		 11	 363.355	  2	 35	 19
	 44		 12	 362.577	  3	 35	 19
	 44		 13	 359.268	  4	 36	 19
	 44		 14	 403.524	  0	 28	 20
	 44		 15	 372.893	  0	 29	 20
	 44		 16	 361.208	  0	 28	 20
	 44		 17	 386.090	  0	 28	 20
	 44		 18	 402.896	  0	 28	 20
	 44		 19	 404.669	  0	 28	 20
	 44		 20	 378.477	  0	 28	 20
	 45		  1	 414.627	  0	 26	 13
	 45		  2	 400.548	  0	 26	 13
	 45		  3	 364.304	  0	 26	 13
	 45		  4	 314.312	  0	 30	 14
	 45		  5	 359.428	  0	 30	 14
	 45		  6	 369.365	  0	 32	 15
	 45		  7	 370.730	  0	 32	 15
	 45		  8	 405.131	  0	 30	 18
	 45		  9	 417.152	  0	 30	 18
	 45		 10	 393.892	  0	 30	 18
	 45		 11	 365.126	  0	 35	 19
	 45		 12	 375.394	  0	 35	 19
	 45		 13	 253.193	  0	 35	 19
	 45		 14	 401.139	  0	 28	 20
	 45		 15	 390.891	  0	 29	 20
	 45		 16	 394.593	  0	 28	 20
	 45		 17	 392.450	  0	 28	 20
	 45		 18	 399.044	  0	 28	 20
	 45		 19	 410.248	  0	 28	 20
	 45		 20	 398.998	  0	 30	 20
	 46		  1	 416.514	  0	 26	 13
	 46		  2	 366.325	  0	 26	 13
	 46		  3	 408.726	  0	 26	 13
	 46		  4	 366.220	  0	 30	 14
	 46		  5	 350.465	  0	 32	 14
	 46		  6	 354.222	  0	 32	 15
	 46		  7	 258.516	  0	 33	 15
	 46		  8	 361.267	  0	 32	 15
	 46		  9	 404.080	  0	 30	 18
	 46		 10	 328.032	  0	 30	 18
	 46		 11	 404.080	  0	 30	 18
	 46		 12	 379.882	  0	 35	 19
	 46		 13	 367.416	  0	 35	 19
	 46		 14	 369.581	  0	 35	 19
	 46		 15	 412.197	  0	 28	 20
	 46		 16	 414.032	  0	 28	 20
	 46		 17	 383.916	  0	 28	 20
	 46		 18	 410.133	  0	 28	 20
	 46		 19	 409.234	  0	 28	 20
	 46		 20	 322.228	  0	 28	 20
	 47		  1	 404.127	  0	 26	 13
	 47		  2	 342.857	  0	 26	 13
	 47		  3	 409.640	  0	 26	 13
	 47		  4	 365.960	  1	 30	 14
	 47		  5	 364.385	  0	 30	 14
	 47		  6	 371.250	  2	 30	 14
	 47		  7	 378.469	  0	 32	 15
	 47		  8	 366.431	  0	 32	 15
	 47		  9	 393.329	  0	 30	 18
	 47		 10	 370.400	  0	 30	 18
	 47		 11	 402.371	  0	 30	 18
	 47		 12	 375.708	  0	 35	 19
	 47		 13	 373.809	  0	 35	 19
	 47		 14	 375.360	  0	 35	 19
	 47		 15	 399.084	  0	 28	 20
	 47		 16	 393.072	  0	 28	 20
	 47		 17	 393.046	  0	 28	 20
	 47		 18	 407.901	  0	 28	 20
	 47		 19	 400.647	  0	 28	 20
	 47		 20	 404.576	  0	 28	 20
	 48		  1	 411.003	  0	 26	 13
	 48		  2	 405.400	  0	 26	 13
	 48		  3	 413.952	  0	 26	 13
	 48		  4	 414.046	  0	 26	 13
	 48		  5	 410.408	  0	 26	 13
	 48		  6	 417.146	  0	 28	 14
	 48		  7	 423.993	  0	 28	 14
	 48		  8	 415.948	  0	 28	 14
	 48		  9	 381.904	  0	 28	 14
	 48		 10	 417.813	  0	 28	 14
	 48		 11	 382.249	  2	 32	 15
	 48		 12	 392.848	  0	 32	 15
	 48		 13	 376.421	  1	 32	 15
	 48		 14	 297.345	  0	 32	 15
	 48		 15	 418.131	  0	 30	 18
	 48		 16	 420.306	  0	 30	 18
	 48		 17	 417.752	  0	 30	 18
	 48		 18	 424.052	  0	 30	 18
	 48		 19	 420.199	  0	 30	 18
	 48		 20	 407.224	  0	 30	 18
	 49		  1	 404.880	  0	 26	 13
	 49		  2	 400.034	  0	 26	 13
	 49		  3	 407.187	  0	 26	 13
	 49		  4	 400.999	  0	 26	 13
	 49		  5	 407.533	  0	 26	 13
	 49		  6	 395.306	  0	 26	 13
	 49		  7	 409.668	  0	 28	 14
	 49		  8	 409.881	  0	 28	 14
	 49		  9	 403.859	  0	 28	 14
	 49		 10	 404.434	  0	 28	 14
	 49		 11	 413.608	  0	 28	 14
	 49		 12	 392.042	  0	 28	 14
	 49		 13	 413.745	  0	 30	 18
	 49		 14	 405.846	  0	 30	 18
	 49		 15	 412.738	  0	 30	 18
	 49		 16	 397.545	  0	 30	 18
	 49		 17	 409.109	  0	 30	 18
	 49		 18	 414.644	  0	 30	 18
	 49		 19	 382.714	  0	 30	 18
	 49		 20	 414.891	  0	 30	 18
	 50		  1	 421.843	  0	 26	 13
	 50		  2	 414.200	  0	 26	 13
	 50		  3	 407.397	  0	 26	 13
	 50		  4	 414.414	  0	 26	 13
	 50		  5	 412.597	  0	 26	 13
	 50		  6	 384.487	  0	 26	 13
	 50		  7	 402.341	  0	 28	 14
	 50		  8	 411.678	  0	 28	 14
	 50		  9	 405.376	  0	 28	 14
	 50		 10	 408.726	  0	 28	 14
	 50		 11	 404.286	  0	 28	 14
	 50		 12	 409.039	  0	 28	 14
	 50		 13	 411.944	  0	 30	 18
	 50		 14	 408.514	  0	 30	 18
	 50		 15	 421.881	  0	 30	 18
	 50		 16	 411.087	  0	 30	 18
	 50		 17	 406.496	  0	 30	 18
	 50		 18	 393.525	  0	 30	 18
	 50		 19	 408.539	  0	 30	 18
	 50		 20	 387.276	  0	 30	 18
	 51		  1	 411.407	  0	 26	 13
	 51		  2	 416.366	  0	 26	 13
	 51		  3	 387.584	  0	 26	 13
	 51		  4	 413.275	  0	 26	 13
	 51		  5	 427.264	  0	 26	 13
	 51		  6	 420.918	  0	 26	 13
	 51		  7	 402.151	  0	 28	 14
	 51		  8	 369.997	  0	 28	 14
	 51		  9	 419.850	  0	 28	 14
	 51		 10	 406.086	  0	 28	 14
	 51		 11	 416.696	  0	 28	 14
	 51		 12	 418.275	  0	 28	 14
	 51		 13	 402.200	  0	 30	 18
	 51		 14	 391.235	  0	 30	 18
	 51		 15	 408.293	  0	 30	 18
	 51		 16	 399.031	  0	 30	 18
	 51		 17	 415.637	  0	 30	 18
	 51		 18	 377.630	  0	 30	 18
	 51		 19	 393.916	  0	 30	 18
	 51		 20	 379.345	  0	 30	 18
	 52		  1	 415.184	  0	 26	 13
	 52		  2	 423.737	  0	 26	 13
	 52		  3	 399.542	  0	 26	 13
	 52		  4	 358.830	  0	 26	 13
	 52		  5	 407.256	  0	 26	 13
	 52		  6	 401.730	  0	 26	 13
	 52		  7	 417.302	  0	 28	 14
	 52		  8	 425.559	  0	 28	 14
	 52		  9	 396.715	  0	 28	 14
	 52		 10	 396.452	  0	 28	 14
	 52		 11	 415.092	  0	 28	 14
	 52		 12	 425.858	  0	 28	 14
	 52		 13	 423.972	  0	 30	 18
	 52		 14	 420.733	  0	 30	 18
	 52		 15	 411.460	  0	 30	 18
	 52		 16	 424.893	  0	 30	 18
	 52		 17	 419.859	  0	 30	 18
	 52		 18	 408.535	  0	 30	 18
	 52		 19	 395.640	  0	 30	 18
	 52		 20	 408.518	  0	 30	 18
	 53		  1	 406.239	  0	 26	 13
	 53		  2	 399.173	  0	 26	 13
	 53		  3	 403.070	  0	 28	 13
	 53		  4	 403.176	  0	 26	 13
	 53		  5	 406.071	  0	 26	 13
	 53		  6	 413.990	  0	 26	 13
	 53		  7	 398.150	  0	 28	 14
	 53		  8	 407.995	  1	 29	 14
	 53		  9	 378.407	  0	 28	 14
	 53		 10	 410.180	  0	 28	 14
	 53		 11	 401.638	  0	 28	 14
	 53		 12	 413.833	  0	 28	 14
	 53		 13	 399.956	  0	 30	 18
	 53		 14	 414.738	  0	 30	 18
	 53		 15	 406.403	  0	 30	 18
	 53		 16	 401.035	  0	 30	 18
	 53		 17	 401.062	  0	 30	 18
	 53		 18	 410.934	  0	 30	 18
	 53		 19	 399.987	  0	 30	 18
	 53		 20	 399.184	  0	 30	 18
	 54		  1	 421.386	  0	 26	 13
	 54		  2	 420.255	  0	 26	 13
	 54		  3	 424.935	  0	 26	 13
	 54		  4	 412.435	  0	 28	 14
	 54		  5	 417.886	  0	 28	 14
	 54		  6	 414.533	  0	 28	 14
	 54		  7	 425.173	  0	 30	 18
	 54		  8	 398.263	  0	 30	 18
	 54		  9	 426.602	  0	 30	 18
	 54		 10	 417.894	  0	 28	 21
	 54		 11	 411.264	  0	 28	 21
	 54		 12	 412.264	  0	 28	 21
	 54		 13	 432.113	  0	 29	 21
	 54		 14	 419.262	  0	 31	 22
	 54		 15	 402.914	  0	 31	 22
	 54		 16	 371.159	  0	 31	 22
	 54		 17	  81.243	  0	 31	 22
	 54		 18	 412.381	  0	 33	 22
	 54		 19	 400.595	  0	 31	 22
	 54		 20	 415.240	  0	 31	 22
	 55		  1	 402.928	  0	 26	 13
	 55		  2	 401.137	  0	 26	 13
	 55		  3	 377.216	  0	 26	 13
	 55		  4	 395.617	  0	 28	 14
	 55		  5	 413.114	  0	 28	 14
	 55		  6	 399.856	  0	 28	 14
	 55		  7	 417.456	  0	 30	 18
	 55		  8	 379.378	  0	 30	 18
	 55		  9	 394.450	  0	 30	 18
	 55		 10	 409.515	  0	 29	 21
	 55		 11	 399.691	  0	 29	 21
	 55		 12	 419.175	  0	 29	 21
	 55		 13	 405.165	  0	 29	 21
	 55		 14	 401.815	  0	 31	 22
	 55		 15	 395.180	  0	 31	 22
	 55		 16	 392.492	  0	 31	 22
	 55		 17	  96.783	  0	 33	 22
	 55		 18	 339.427	  0	 31	 22
	 55		 19	 401.555	  0	 31	 22
	 55		 20	 399.854	  0	 31	 22
	 56		  1	 416.222	  0	 26	 13
	 56		  2	 407.679	  0	 26	 13
	 56		  3	 418.397	  0	 26	 13
	 56		  4	 413.577	  0	 28	 14
	 56		  5	 407.686	  0	 30	 14
	 56		  6	 414.104	  0	 28	 14
	 56		  7	 410.341	  0	 32	 18
	 56		  8	 415.774	  0	 32	 18
	 56		  9	 413.312	  0	 32	 18
	 56		 10	 414.043	  0	 32	 18
	 56		 11	 419.708	  0	 29	 21
	 56		 12	 415.572	  0	 29	 21
	 56		 13	 413.076	  0	 29	 21
	 56		 14	 423.919	  0	 29	 21
	 56		 15	 401.051	  0	 31	 22
	 56		 16	 412.765	  0	 31	 22
	 56		 17	 408.690	  0	 31	 22
	 56		 18	 402.816	  0	 31	 22
	 56		 19	 385.645	  0	 32	 22
	 56		 20	 412.178	  0	 32	 22
	 57		  1	 406.262	  0	 26	 13
	 57		  2	 418.912	  0	 26	 13
	 57		  3	 416.519	  0	 26	 13
	 57		  4	 413.146	  0	 28	 14
	 57		  5	 411.896	  0	 28	 14
	 57		  6	 402.288	  0	 28	 14
	 57		  7	 424.682	  0	 32	 18
	 57		  8	 363.839	  0	 32	 18
	 57		  9	 371.691	  0	 32	 18
	 57		 10	 413.937	  0	 29	 21
	 57		 11	 412.233	  0	 29	 21
	 57		 12	 412.679	  0	 30	 21
	 57		 13	 416.586	  0	 29	 21
	 57		 14	 407.289	  0	 31	 22
	 57		 15	 412.180	  0	 31	 22
	 57		 16	 394.911	  0	 31	 22
	 57		 17	 406.906	  0	 31	 22
	 57		 18	 409.860	  0	 31	 22
	 57		 19	 411.150	  0	 31	 22
	 57		 20	 388.046	  0	 31	 22
	 58		  1	 417.638	  0	 26	 13
	 58		  2	 422.814	  0	 26	 13
	 58		  3	 396.867	  0	 26	 13
	 58		  4	 420.611	  0	 28	 14
	 58		  5	 390.404	  0	 28	 14
	 58		  6	 404.937	  0	 28	 14
	 58		  7	 408.832	  0	 32	 18
	 58		  8	 425.550	  0	 32	 18
	 58		  9	 416.957	  0	 32	 18
	 58		 10	 408.638	  0	 29	 21
	 58		 11	 426.383	  0	 29	 21
	 58		 12	 415.222	  0	 29	 21
	 58		 13	 393.993	  0	 30	 21
	 58		 14	 400.406	  0	 31	 22
	 58		 15	 388.210	  1	 31	 22
	 58		 16	 397.412	  0	 32	 22
	 58		 17	 408.357	  0	 31	 22
	 58		 18	 398.063	  0	 31	 22
	 58		 19	 397.820	  0	 31	 22
	 58		 20	 399.627	  0	 31	 22
	 59		  1	 423.014	  0	 26	 13
	 59		  2	 373.882	  0	 26	 13
	 59		  3	 421.300	  0	 26	 13
	 59		  4	 417.455	  0	 28	 14
	 59		  5	 415.285	  0	 28	 14
	 59		  6	 417.551	  0	 28	 14
	 59		  7	 433.759	  0	 32	 18
	 59		  8	 315.723	  0	 32	 18
	 59		  9	 368.123	  0	 32	 18
	 59		 10	 418.900	  0	 29	 21
	 59		 11	 414.260	  0	 29	 21
	 59		 12	 421.336	  0	 29	 21
	 59		 13	 414.366	  0	 29	 21
	 59		 14	 414.373	  0	 31	 22
	 59		 15	 401.107	  0	 31	 22
	 59		 16	 400.434	  0	 31	 22
	 59		 17	 407.014	  0	 31	 22
	 59		 18	 404.108	  0	 31	 22
	 59		 19	 399.056	  0	 31	 22
	 59		 20	 406.507	  0	 32	 22
	 60		  1	 417.978	  0	 26	 13
	 60		  2	 423.063	  0	 26	 13
	 60		  3	 404.682	  0	 28	 14
	 60		  4	 420.974	  0	 28	 14
	 60		  5	 416.045	  0	 32	 18
	 60		  6	 418.371	  0	 32	 18
	 60		  7	 405.855	  0	 29	 21
	 60		  8	 411.455	  0	 29	 21
	 60		  9	 417.374	  0	 29	 21
	 60		 10	 401.426	  0	 31	 22
	 60		 11	 400.214	  0	 31	 22
	 60		 12	 403.116	  0	 31	 22
	 60		 13	 415.045	  0	 35	 23
	 60		 14	 397.615	  0	 35	 23
	 60		 15	 412.202	  0	 35	 23
	 60		 16	 386.670	  0	 35	 23
	 60		 17	 418.346	  0	 35	 23
	 60		 18	 410.521	  0	 36	 23
	 60		 19	 389.822	  0	 35	 23
	 60		 20	 409.023	  0	 35	 23
	 61		  1	 423.462	  0	 26	 13
	 61		  2	 412.548	  0	 26	 13
	 61		  3	 409.990	  0	 26	 13
	 61		  4	 406.629	  0	 28	 14
	 61		  5	 406.898	  0	 28	 14
	 61		  6	 409.722	  0	 28	 14
	 61		  7	 428.460	  0	 32	 18
	 61		  8	 393.944	  0	 32	 18
	 61		  9	 424.209	  0	 32	 18
	 61		 10	 410.863	  0	 29	 21
	 61		 11	 404.687	  0	 29	 21
	 61		 12	 401.207	  0	 29	 21
	 61		 13	 400.842	  0	 31	 22
	 61		 14	 377.174	  0	 31	 22
	 61		 15	 416.583	  0	 31	 22
	 61		 16	 417.445	  0	 35	 23
	 61		 17	  59.083	  0	 36	 23
	 61		 18	 418.916	  0	 36	 23
	 61		 19	 421.634	  0	 35	 23
	 61		 20	 418.963	  0	 35	 23
	 62		  1	 413.424	  0	 26	 13
	 62		  2	 410.836	  0	 26	 13
	 62		  3	 401.759	  0	 26	 13
	 62		  4	 409.263	  0	 28	 14
	 62		  5	 375.498	  3	 28	 14
	 62		  6	 408.773	  0	 28	 14
	 62		  7	 416.618	  0	 32	 18
	 62		  8	 369.641	  0	 32	 18
	 62		  9	 425.794	  0	 32	 18
	 62		 10	 404.827	  0	 29	 21
	 62		 11	 394.010	  0	 29	 21
	 62		 12	 406.259	  0	 29	 21
	 62		 13	 409.130	  0	 31	 22
	 62		 14	 343.652	  0	 31	 22
	 62		 15	 396.860	  0	 31	 22
	 62		 16	 424.102	  0	 35	 23
	 62		 17	 389.801	  0	 35	 23
	 62		 18	 420.123	  0	 35	 23
	 62		 19	 297.833	  0	 35	 23
	 62		 20	 418.522	  0	 35	 23
	 63		  1	 408.072	  0	 28	 14
	 63		  2	 391.933	  0	 28	 14
	 63		  3	 378.989	  0	 28	 14
	 63		  4	 421.769	  0	 32	 18
	 63		  5	 417.186	  0	 32	 18
	 63		  6	 415.403	  0	 32	 18
	 63		  7	 409.161	  0	 29	 21
	 63		  8	 411.964	  0	 29	 21
	 63		  9	 417.317	  0	 29	 21
	 63		 10	 418.237	  0	 29	 21
	 63		 11	 404.111	  0	 31	 22
	 63		 12	 353.620	  0	 31	 22
	 63		 13	 413.730	  0	 31	 22
	 63		 14	 400.316	  0	 31	 22
	 63		 15	 419.994	  0	 35	 23
	 63		 16	 365.613	  0	 35	 23
	 63		 17	 413.116	  0	 35	 23
	 63		 18	 366.881	  0	 35	 23
	 63		 19	 415.622	  0	 35	 23
	 63		 20	 411.225	  0	 35	 23
	 64		  1	 402.452	  0	 28	 14
	 64		  2	 408.227	  0	 28	 14
	 64		  3	 414.602	  0	 28	 14
	 64		  4	 420.397	  0	 32	 18
	 64		  5	 430.409	  0	 32	 18
	 64		  6	 377.451	  0	 32	 18
	 64		  7	 409.642	  0	 29	 21
	 64		  8	 414.411	  0	 29	 21
	 64		  9	 416.451	  0	 29	 21
	 64		 10	 422.928	  0	 31	 22
	 64		 11	 415.364	  0	 31	 22
	 64		 12	 410.523	  0	 31	 22
	 64		 13	 414.478	  0	 35	 23
	 64		 14	 414.794	  0	 35	 23
	 64		 15	 420.758	  0	 35	 23
	 64		 16	 428.078	  0	 35	 23
	 64		 17	 420.943	  0	 37	 23
	 64		 18	 423.049	  0	 35	 23
	 64		 19	 422.983	  0	 35	 23
	 64		 20	 416.702	  0	 35	 23
	 65		  1	 410.431	  0	 28	 14
	 65		  2	 413.133	  0	 28	 14
	 65		  3	 365.874	  1	 28	 14
	 65		  4	 426.649	  0	 32	 18
	 65		  5	 419.370	  0	 32	 18
	 65		  6	 407.908	  0	 32	 18
	 65		  7	 406.661	  0	 29	 21
	 65		  8	 402.921	  0	 29	 21
	 65		  9	 385.411	  0	 29	 21
	 65		 10	 405.002	  0	 31	 22
	 65		 11	 419.133	  0	 31	 22
	 65		 12	 373.675	  0	 31	 22
	 65		 13	 428.813	  0	 35	 23
	 65		 14	 372.185	  0	 35	 23
	 65		 15	 426.886	  0	 35	 23
	 65		 16	 409.724	  0	 35	 23
	 65		 17	 417.562	  0	 35	 23
	 65		 18	 416.228	  0	 35	 23
	 65		 19	 405.032	  0	 35	 23
	 65		 20	 427.158	  0	 35	 23
	 66		  1	 411.918	  0	 28	 14
	 66		  2	 405.077	  0	 28	 14
	 66		  3	 402.701	  0	 28	 14
	 66		  4	 427.299	  0	 32	 18
	 66		  5	 425.906	  0	 32	 18
	 66		  6	 437.769	  0	 32	 18
	 66		  7	 399.282	  0	 32	 18
	 66		  8	 419.536	  0	 29	 21
	 66		  9	 424.809	  0	 29	 21
	 66		 10	 424.982	  0	 29	 21
	 66		 11	 416.052	  0	 31	 22
	 66		 12	 408.449	  0	 31	 22
	 66		 13	 409.583	  0	 31	 22
	 66		 14	 438.451	  0	 35	 23
	 66		 15	 439.320	  0	 35	 23
	 66		 16	 419.171	  0	 35	 23
	 66		 17	 419.692	  0	 35	 23
	 66		 18	 418.702	  0	 35	 23
	 66		 19	 440.045	  0	 35	 23
	 66		 20	 437.095	  0	 35	 23
	 67		  1	 417.268	  0	 28	 14
	 67		  2	 410.381	  0	 28	 14
	 67		  3	 412.495	  0	 28	 14
	 67		  4	 407.880	  0	 32	 18
	 67		  5	 371.236	  0	 32	 18
	 67		  6	 103.924	  0	 32	 18
	 67		  7	 411.852	  0	 29	 21
	 67		  8	 408.113	  0	 29	 21
	 67		  9	 403.712	  0	 29	 21
	 67		 10	 412.078	  0	 31	 22
	 67		 11	 401.525	  0	 31	 22
	 67		 12	 414.197	  0	 31	 22
	 67		 13	 410.129	  0	 35	 23
	 67		 14	 413.961	  0	 35	 23
	 67		 15	 408.837	  0	 35	 23
	 67		 16	 415.417	  0	 35	 23
	 67		 17	 414.445	  0	 35	 23
	 67		 18	 419.629	  0	 35	 23
	 67		 19	 407.985	  0	 35	 23
	 67		 20	 377.038	  0	 35	 23
	 68		  1	 398.130	  0	 28	 14
	 68		  2	 350.787	  0	 28	 14
	 68		  3	 385.198	  0	 28	 14
	 68		  4	 397.874	  0	 29	 21
	 68		  5	 404.361	  0	 29	 21
	 68		  6	 396.556	  0	 29	 21
	 68		  7	 413.490	  0	 31	 22
	 68		  8	 399.103	  0	 31	 22
	 68		  9	 402.637	  0	 31	 22
	 68		 10	 408.303	  0	 35	 23
	 68		 11	 414.440	  0	 36	 23
	 68		 12	 421.645	  0	 35	 23
	 68		 13	 386.303	  0	 35	 23
	 68		 14	 414.066	  0	 30	 24
	 68		 15	 420.814	  0	 30	 24
	 68		 16	 392.004	  0	 31	 24
	 68		 17	 415.290	  0	 30	 24
	 68		 18	 416.633	  0	 32	 24
	 68		 19	 414.050	  0	 30	 24
	 68		 20	 388.806	  0	 30	 24
	 69		  1	 401.378	  0	 29	 21
	 69		  2	 418.563	  0	 29	 21
	 69		  3	 385.806	  0	 29	 21
	 69		  4	 405.251	  0	 31	 22
	 69		  5	 405.623	  0	 31	 22
	 69		  6	 416.506	  0	 31	 22
	 69		  7	 426.672	  0	 35	 23
	 69		  8	 419.377	  0	 35	 23
	 69		  9	 401.795	  0	 35	 23
	 69		 10	 398.390	  0	 35	 23
	 69		 11	 425.863	  0	 30	 24
	 69		 12	 418.713	  0	 30	 24
	 69		 13	 418.398	  0	 30	 24
	 69		 14	 408.047	  0	 30	 24
	 69		 15	 423.532	  0	 32	 25
	 69		 16	 424.066	  0	 32	 25
	 69		 17	 422.549	  0	 32	 25
	 69		 18	 382.395	  0	 33	 25
	 69		 19	 370.189	  0	 32	 25
	 69		 20	 425.314	  0	 32	 25
	 70		  1	 384.812	  0	 29	 21
	 70		  2	 395.028	  0	 29	 21
	 70		  3	 394.038	  0	 31	 22
	 70		  4	 380.123	  0	 31	 22
	 70		  5	 376.660	  0	 31	 22
	 70		  6	 401.166	  0	 35	 23
	 70		  7	 399.657	  0	 35	 23
	 70		  8	 378.406	  0	 35	 23
	 70		  9	 415.071	  0	 30	 24
	 70		 10	 410.401	  0	 30	 24
	 70		 11	 351.876	  0	 30	 24
	 70		 12	 395.784	  0	 32	 25
	 70		 13	 361.829	  0	 32	 25
	 70		 14	 418.505	  0	 32	 25
	 70		 15	 419.681	  0	 26	 26
	 70		 16	 421.707	  0	 26	 26
	 70		 17	 411.598	  0	 26	 26
	 70		 18	 409.485	  0	 26	 26
	 70		 19	 408.771	  0	 26	 26
	 70		 20	 413.955	  0	 26	 26
	 71		  1	 414.386	  0	 29	 21
	 71		  2	 413.910	  0	 29	 21
	 71		  3	 417.946	  0	 35	 23
	 71		  4	 411.490	  0	 35	 23
	 71		  5	 428.214	  0	 30	 24
	 71		  6	 411.953	  0	 30	 24
	 71		  7	 428.775	  0	 30	 24
	 71		  8	 417.620	  0	 32	 25
	 71		  9	 415.607	  0	 32	 25
	 71		 10	 421.650	  0	 32	 25
	 71		 11	 409.671	  0	 26	 26
	 71		 12	 419.319	  0	 26	 26
	 71		 13	 414.308	  0	 26	 26
	 71		 14	 431.408	  0	 32	 27
	 71		 15	 387.365	  0	 32	 27
	 71		 16	 426.537	  0	 32	 27
	 71		 17	 429.448	  0	 32	 27
	 71		 18	 400.328	  0	 32	 27
	 71		 19	 414.198	  0	 32	 27
	 71		 20	 421.815	  0	 32	 27
	 72		  1	 420.354	  0	 35	 23
	 72		  2	 406.518	  0	 37	 23
	 72		  3	 310.906	  0	 35	 23
	 72		  4	 417.875	  0	 30	 24
	 72		  5	 420.867	  0	 30	 24
	 72		  6	 418.356	  0	 30	 24
	 72		  7	 421.016	  0	 30	 24
	 72		  8	 424.092	  0	 32	 25
	 72		  9	 399.204	  0	 32	 25
	 72		 10	 376.812	  0	 32	 25
	 72		 11	 304.041	  0	 32	 25
	 72		 12	 417.855	  0	 26	 26
	 72		 13	 413.105	  0	 26	 26
	 72		 14	 429.951	  0	 26	 26
	 72		 15	 417.543	  0	 26	 26
	 72		 16	 434.039	  0	 32	 27
	 72		 17	 411.473	  0	 32	 27
	 72		 18	 423.004	  0	 32	 27
	 72		 19	 376.698	  0	 32	 27
	 72		 20	 329.620	  0	 32	 27
	 73		  1	 420.438	  0	 35	 23
	 73		  2	 421.223	  0	 35	 23
	 73		  3	 423.498	  0	 30	 24
	 73		  4	 339.703	  0	 30	 24
	 73		  5	 420.116	  0	 32	 25
	 73		  6	 419.284	  0	 32	 25
	 73		  7	 418.234	  0	 26	 26
	 73		  8	 397.329	  0	 26	 26
	 73		  9	 424.600	  0	 32	 27
	 73		 10	 413.090	  0	 32	 27
	 73		 11	 423.600	  0	 37	 28
	 73		 12	 414.452	  0	 37	 28
	 73		 13	 431.384	  0	 31	 29
	 73		 14	 427.317	  0	 31	 29
	 73		 15	 416.010	  0	 31	 29
	 73		 16	 428.495	  0	 31	 29
	 73		 17	 430.687	  0	 31	 29
	 73		 18	 363.959	  0	 31	 29
	 73		 19	 433.811	  0	 31	 29
	 73		 20	 429.390	  0	 31	 29
	 74		  1	 413.465	  0	 35	 23
	 74		  2	 407.553	  0	 35	 23
	 74		  3	 415.427	  0	 30	 24
	 74		  4	 415.147	  0	 30	 24
	 74		  5	 413.959	  0	 32	 25
	 74		  6	 402.681	  0	 32	 25
	 74		  7	 408.278	  0	 26	 26
	 74		  8	 412.801	  0	 26	 26
	 74		  9	 424.632	  0	 32	 27
	 74		 10	 370.210	  0	 32	 27
	 74		 11	 418.418	  0	 37	 28
	 74		 12	 417.417	  0	 37	 28
	 74		 13	 418.906	  0	 31	 29
	 74		 14	 365.386	  0	 31	 29
	 74		 15	 423.613	  0	 31	 29
	 74		 16	 420.585	  0	 31	 29
	 74		 17	 424.202	  0	 31	 29
	 74		 18	 418.167	  0	 31	 29
	 74		 19	 426.925	  0	 31	 29
	 74		 20	 382.219	  0	 31	 29
	 75		  1	 411.042	  0	 35	 23
	 75		  2	 395.231	  0	 35	 23
	 75		  3	 405.456	  0	 30	 24
	 75		  4	 419.916	  0	 30	 24
	 75		  5	 415.599	  0	 30	 24
	 75		  6	 403.206	  0	 26	 26
	 75		  7	 403.278	  0	 26	 26
	 75		  8	 401.305	  0	 28	 26
	 75		  9	 417.562	  0	 32	 27
	 75		 10	 408.922	  0	 32	 27
	 75		 11	 410.225	  0	 32	 27
	 75		 12	 400.104	  0	 37	 28
	 75		 13	 363.483	  0	 37	 28
	 75		 14	 402.196	  0	 37	 28
	 75		 15	 415.282	  0	 31	 29
	 75		 16	 397.541	  0	 31	 29
	 75		 17	 404.089	  0	 31	 29
	 75		 18	 417.185	  0	 31	 29
	 75		 19	 418.314	  0	 31	 29
	 75		 20	 418.423	  0	 31	 29
	 76		  1	 426.042	  0	 35	 23
	 76		  2	 424.296	  0	 35	 23
	 76		  3	 423.240	  0	 30	 24
	 76		  4	 417.570	  0	 30	 24
	 76		  5	 403.307	  0	 26	 26
	 76		  6	 391.015	  0	 28	 26
	 76		  7	 428.988	  0	 32	 27
	 76		  8	 422.378	  0	 32	 27
	 76		  9	 422.621	  0	 37	 28
	 76		 10	 415.960	  0	 37	 28
	 76		 11	 421.351	  0	 31	 29
	 76		 12	 405.988	  0	 31	 29
	 76		 13	 412.325	  0	 28	 30
	 76		 14	 417.096	  0	 28	 30
	 76		 15	 413.294	  0	 28	 30
	 76		 16	 409.590	  0	 28	 30
	 76		 17	 404.151	  0	 28	 30
	 76		 18	 406.125	  0	 28	 30
	 76		 19	 418.429	  0	 28	 30
	 76		 20	 419.891	  0	 28	 30
	 77		  1	 422.848	  0	 30	 24
	 77		  2	 421.268	  0	 30	 24
	 77		  3	 403.251	  0	 30	 24
	 77		  4	 421.282	  0	 26	 26
	 77		  5	 423.540	  0	 26	 26
	 77		  6	 388.234	  0	 27	 26
	 77		  7	 423.238	  0	 32	 27
	 77		  8	 408.378	  0	 32	 27
	 77		  9	 391.045	  0	 32	 27
	 77		 10	 405.477	  0	 37	 28
	 77		 11	 405.126	  0	 37	 28
	 77		 12	 383.485	  0	 37	 28
	 77		 13	 434.369	  0	 31	 29
	 77		 14	 385.077	  0	 31	 29
	 77		 15	 424.524	  0	 31	 29
	 77		 16	 419.577	  0	 28	 30
	 77		 17	 288.240	  0	 28	 30
	 77		 18	 402.527	  0	 28	 30
	 77		 19	 421.249	  0	 28	 30
	 77		 20	 396.335	  0	 28	 30
	 78		  1	 423.255	  0	 30	 24
	 78		  2	 401.774	  0	 32	 24
	 78		  3	 419.517	  0	 26	 26
	 78		  4	 369.481	  0	 26	 26
	 78		  5	 432.295	  0	 26	 26
	 78		  6	 428.689	  0	 32	 27
	 78		  7	 399.536	  0	 32	 27
	 78		  8	 416.608	  0	 32	 27
	 78		  9	 412.531	  0	 37	 28
	 78		 10	 422.674	  0	 37	 28
	 78		 11	 399.403	  0	 37	 28
	 78		 12	 424.850	  0	 31	 29
	 78		 13	 427.701	  0	 31	 29
	 78		 14	 428.196	  0	 31	 29
	 78		 15	 409.844	  0	 28	 30
	 78		 16	 414.599	  0	 28	 30
	 78		 17	 405.904	  0	 29	 30
	 78		 18	 370.847	  0	 28	 30
	 78		 19	 416.640	  0	 28	 30
	 78		 20	 419.502	  0	 28	 30
	 79		  1	 426.499	  0	 30	 24
	 79		  2	 398.353	  0	 30	 24
	 79		  3	 404.164	  0	 30	 24
	 79		  4	 428.981	  0	 26	 26
	 79		  5	 407.000	  0	 26	 26
	 79		  6	 422.027	  0	 26	 26
	 79		  7	 430.185	  0	 32	 27
	 79		  8	 413.963	  0	 32	 27
	 79		  9	 413.035	  0	 32	 27
	 79		 10	 407.587	  0	 32	 27
	 79		 11	 417.831	  0	 37	 28
	 79		 12	 435.683	  0	 37	 28
	 79		 13	 384.933	  0	 37	 28
	 79		 14	 418.197	  0	 37	 28
	 79		 15	 425.362	  0	 31	 29
	 79		 16	 419.958	  0	 31	 29
	 79		 17	 419.051	  0	 31	 29
	 79		 18	 237.634	  0	 31	 29
	 79		 19	 421.304	  0	 31	 29
	 79		 20	 293.580	  0	 31	 29
	 80		  1	 426.126	  0	 30	 24
	 80		  2	 420.821	  0	 30	 24
	 80		  3	 400.509	  0	 30	 24
	 80		  4	 421.922	  0	 26	 26
	 80		  5	 420.276	  0	 26	 26
	 80		  6	 408.100	  0	 26	 26
	 80		  7	 431.003	  0	 32	 27
	 80		  8	 408.313	  0	 32	 27
	 80		  9	 432.067	  0	 32	 27
	 80		 10	 426.119	  0	 32	 27
	 80		 11	 420.994	  0	 37	 28
	 80		 12	 407.227	  0	 37	 28
	 80		 13	 424.707	  0	 37	 28
	 80		 14	 423.267	  0	 37	 28
	 80		 15	 424.965	  0	 31	 29
	 80		 16	 406.672	  0	 31	 29
	 80		 17	 413.199	  0	 31	 29
	 80		 18	 346.712	  0	 31	 29
	 80		 19	 438.911	  0	 31	 29
	 80		 20	 404.771	  0	 31	 29
	 81		  1	 425.915	  0	 30	 24
	 81		  2	 425.198	  0	 30	 24
	 81		  3	 427.617	  0	 30	 24
	 81		  4	 425.008	  0	 26	 26
	 81		  5	 422.683	  0	 26	 26
	 81		  6	 415.912	  0	 26	 26
	 81		  7	 430.979	  0	 32	 27
	 81		  8	 396.615	  0	 32	 27
	 81		  9	 432.133	  0	 32	 27
	 81		 10	 428.294	  0	 37	 28
	 81		 11	 416.425	  0	 37	 28
	 81		 12	 409.883	  0	 37	 28
	 81		 13	 406.861	  0	 38	 28
	 81		 14	 429.576	  0	 31	 29
	 81		 15	 430.770	  0	 32	 29
	 81		 16	 430.163	  0	 31	 29
	 81		 17	 378.848	  0	 31	 29
	 81		 18	 431.574	  0	 31	 29
	 81		 19	 430.869	  0	 31	 29
	 81		 20	 430.390	  0	 31	 29
	 82		  1	 422.322	  0	 30	 24
	 82		  2	 420.404	  0	 30	 24
	 82		  3	 336.988	  4	 30	 24
	 82		  4	 429.783	  0	 26	 26
	 82		  5	 411.431	  0	 26	 26
	 82		  6	 429.324	  0	 26	 26
	 82		  7	 429.537	  0	 32	 27
	 82		  8	 409.180	  0	 32	 27
	 82		  9	 385.487	  0	 32	 27
	 82		 10	 426.288	  0	 37	 28
	 82		 11	 416.461	  0	 37	 28
	 82		 12	 394.290	  0	 37	 28
	 82		 13	 424.534	  0	 37	 28
	 82		 14	 429.515	  0	 31	 29
	 82		 15	 415.444	  0	 31	 29
	 82		 16	 411.466	  0	 31	 29
	 82		 17	 424.841	  0	 31	 29
	 82		 18	 417.293	  0	 31	 29
	 82		 19	 187.280	  0	 31	 29
	 82		 20	 376.013	  0	 31	 29
	 83		  1	 421.108	  0	 30	 24
	 83		  2	 388.824	  0	 30	 24
	 83		  3	 371.830	  0	 30	 24
	 83		  4	 422.482	  0	 26	 26
	 83		  5	 414.355	  0	 26	 26
	 83		  6	 420.892	  0	 26	 26
	 83		  7	 416.217	  0	 26	 26
	 83		  8	 424.434	  0	 32	 27
	 83		  9	 382.124	  0	 32	 27
	 83		 10	 421.588	  0	 32	 27
	 83		 11	 385.633	  0	 32	 27
	 83		 12	 400.042	  0	 37	 28
	 83		 13	 419.145	  0	 37	 28
	 83		 14	 396.889	  0	 37	 28
	 83		 15	 407.047	  0	 38	 28
	 83		 16	 421.274	  0	 31	 29
	 83		 17	 408.552	  0	 31	 29
	 83		 18	 425.859	  0	 31	 29
	 83		 19	 420.302	  0	 31	 29
	 83		 20	 401.355	  0	 31	 29
	 84		  1	 424.709	  0	 30	 24
	 84		  2	 419.627	  0	 30	 24
	 84		  3	 422.309	  0	 30	 24
	 84		  4	 417.457	  0	 26	 26
	 84		  5	 424.169	  0	 26	 26
	 84		  6	 422.338	  0	 26	 26
	 84		  7	 415.422	  0	 26	 26
	 84		  8	 430.754	  0	 32	 27
	 84		  9	 399.978	  0	 32	 27
	 84		 10	 420.407	  0	 32	 27
	 84		 11	 410.816	  0	 37	 28
	 84		 12	 412.643	  0	 37	 28
	 84		 13	 421.711	  0	 39	 28
	 84		 14	 418.802	  0	 31	 29
	 84		 15	 410.698	  0	 31	 29
	 84		 16	 382.158	  0	 31	 29
	 84		 17	 418.262	  0	 31	 29
	 84		 18	 421.968	  0	 31	 29
	 84		 19	 418.719	  0	 31	 29
	 84		 20	 394.680	  0	 31	 29
	 85		  1	 417.264	  0	 30	 24
	 85		  2	 406.832	  0	 30	 24
	 85		  3	 413.685	  0	 30	 24
	 85		  4	 415.595	  0	 30	 24
	 85		  5	 413.909	  0	 26	 26
	 85		  6	 422.113	  0	 26	 26
	 85		  7	 416.370	  0	 26	 26
	 85		  8	 433.571	  0	 32	 27
	 85		  9	 408.984	  0	 32	 27
	 85		 10	 314.875	  0	 32	 27
	 85		 11	 368.455	  0	 32	 27
	 85		 12	 413.088	  0	 37	 28
	 85		 13	 415.548	  0	 37	 28
	 85		 14	 399.246	  0	 37	 28
	 85		 15	 413.900	  0	 31	 29
	 85		 16	 409.886	  0	 31	 29
	 85		 17	 401.115	  0	 33	 29
	 85		 18	 415.481	  0	 31	 29
	 85		 19	 412.916	  0	 31	 29
	 85		 20	 417.938	  0	 31	 29
	 86		  1	 425.177	  0	 30	 24
	 86		  2	 418.298	  0	 30	 24
	 86		  3	 420.713	  0	 30	 24
	 86		  4	 427.108	  0	 30	 24
	 86		  5	 423.665	  0	 26	 26
	 86		  6	 428.671	  0	 26	 26
	 86		  7	 426.676	  0	 26	 26
	 86		  8	 413.446	  0	 26	 26
	 86		  9	 437.911	  0	 32	 27
	 86		 10	 398.088	  0	 32	 27
	 86		 11	 418.679	  0	 32	 27
	 86		 12	 403.822	  0	 37	 28
	 86		 13	 396.162	  0	 37	 28
	 86		 14	 414.508	  0	 38	 28
	 86		 15	 325.368	  0	 37	 28
	 86		 16	 433.121	  0	 31	 29
	 86		 17	 435.137	  0	 31	 29
	 86		 18	 429.563	  0	 31	 29
	 86		 19	 415.850	  0	 31	 29
	 86		 20	 427.363	  0	 31	 29
	 87		  1	 419.518	  0	 30	 24
	 87		  2	 336.913	  0	 30	 24
	 87		  3	 418.371	  0	 30	 24
	 87		  4	 391.494	  0	 30	 24
	 87		  5	 429.017	  0	 26	 26
	 87		  6	 429.299	  0	 26	 26
	 87		  7	 413.596	  0	 26	 26
	 87		  8	 426.718	  0	 26	 26
	 87		  9	 432.205	  0	 32	 27
	 87		 10	 401.283	  0	 33	 27
	 87		 11	 323.188	  0	 32	 27
	 87		 12	 431.564	  0	 32	 27
	 87		 13	 405.059	  0	 38	 28
	 87		 14	 420.677	  0	 38	 28
	 87		 15	 407.942	  0	 38	 28
	 87		 16	 427.340	  0	 31	 29
	 87		 17	 406.534	  0	 31	 29
	 87		 18	 423.307	  0	 31	 29
	 87		 19	 433.269	  0	 31	 29
	 87		 20	 423.596	  0	 32	 29
	 88		  1	 422.685	  0	 32	 24
	 88		  2	 407.400	  0	 33	 24
	 88		  3	 333.664	  0	 32	 24
	 88		  4	 416.748	  0	 32	 24
	 88		  5	 417.855	  0	 26	 26
	 88		  6	 244.810	  0	 26	 26
	 88		  7	 207.294	  0	 26	 26
	 88		  8	 382.591	  0	 26	 26
	 88		  9	 415.207	  0	 32	 27
	 88		 10	 404.858	  0	 32	 27
	 88		 11	 419.806	  0	 32	 27
	 88		 12	 423.259	  0	 38	 28
	 88		 13	 398.312	  0	 38	 28
	 88		 14	 414.743	  0	 38	 28
	 88		 15	 425.939	  0	 31	 29
	 88		 16	 413.397	  0	 31	 29
	 88		 17	 417.034	  0	 31	 29
	 88		 18	 425.840	  0	 31	 29
	 88		 19	 422.330	  0	 31	 29
	 88		 20	 414.594	  0	 31	 29
	 89		  1	 423.570	  0	 32	 24
	 89		  2	 388.698	  0	 32	 24
	 89		  3	 404.897	  0	 32	 24
	 89		  4	 395.973	  0	 32	 24
	 89		  5	 412.746	  0	 26	 26
	 89		  6	 427.517	  0	 26	 26
	 89		  7	 356.378	  0	 26	 26
	 89		  8	 404.151	  0	 32	 27
	 89		  9	 374.209	  0	 33	 27
	 89		 10	 372.590	  0	 32	 27
	 89		 11	 419.805	  1	 38	 28
	 89		 12	 414.532	  0	 38	 28
	 89		 13	 423.694	  0	 38	 28
	 89		 14	 406.631	  0	 38	 28
	 89		 15	 428.003	  0	 31	 29
	 89		 16	 419.983	  0	 31	 29
	 89		 17	 426.957	  0	 31	 29
	 89		 18	 424.910	  0	 31	 29
	 89		 19	 428.224	  0	 31	 29
	 89		 20	 420.844	  0	 31	 29
	 90		  1	 417.555	  0	 32	 24
	 90		  2	 336.368	  0	 34	 24
	 90		  3	 398.686	  0	 32	 24
	 90		  4	 395.446	  0	 32	 24
	 90		  5	 422.133	  0	 26	 26
	 90		  6	 427.295	  0	 26	 26
	 90		  7	 422.689	  0	 26	 26
	 90		  8	 423.598	  0	 32	 27
	 90		  9	 414.197	  0	 32	 27
	 90		 10	 395.384	  0	 32	 27
	 90		 11	 424.546	  0	 38	 28
	 90		 12	 425.791	  0	 38	 28
	 90		 13	 407.233	  0	 38	 28
	 90		 14	 422.073	  0	 38	 28
	 90		 15	 425.438	  0	 31	 29
	 90		 16	 427.550	  0	 31	 29
	 90		 17	 426.796	  0	 31	 29
	 90		 18	 420.845	  0	 31	 29
	 90		 19	 420.825	  0	 31	 29
	 90		 20	 429.140	  0	 31	 29
	 91		  1	 417.892	  0	 32	 24
	 91		  2	 408.802	  0	 32	 24
	 91		  3	 422.684	  0	 32	 24
	 91		  4	 424.136	  0	 26	 26
	 91		  5	 433.620	  0	 26	 26
	 91		  6	 437.783	  0	 26	 26
	 91		  7	 429.197	  0	 26	 26
	 91		  8	 425.014	  0	 32	 27
	 91		  9	 266.099	  0	 32	 27
	 91		 10	 427.734	  0	 32	 27
	 91		 11	 425.280	  0	 38	 28
	 91		 12	 409.288	  0	 38	 28
	 91		 13	 429.324	  0	 38	 28
	 91		 14	 421.937	  0	 38	 28
	 91		 15	 417.128	  0	 31	 29
	 91		 16	 419.712	  0	 31	 29
	 91		 17	 409.468	  0	 31	 29
	 91		 18	 430.497	  0	 31	 29
	 91		 19	 418.914	  0	 31	 29
	 91		 20	 426.249	  0	 31	 29
	 92		  1	 403.351	  0	 32	 24
	 92		  2	 350.908	  0	 32	 24
	 92		  3	 407.190	  0	 32	 24
	 92		  4	 397.241	  0	 32	 24
	 92		  5	 423.052	  0	 26	 26
	 92		  6	 421.202	  0	 26	 26
	 92		  7	 428.820	  0	 26	 26
	 92		  8	 418.773	  0	 26	 26
	 92		  9	 422.788	  0	 32	 27
	 92		 10	 417.375	  0	 32	 27
	 92		 11	 412.638	  0	 32	 27
	 92		 12	 411.942	  0	 38	 28
	 92		 13	 368.336	  0	 38	 28
	 92		 14	 372.971	  0	 38	 28
	 92		 15	 192.502	  0	 38	 28
	 92		 16	 411.433	  0	 31	 29
	 92		 17	 414.937	  0	 31	 29
	 92		 18	 409.908	  0	 31	 29
	 92		 19	 416.993	  0	 31	 29
	 92		 20	 352.199	  0	 32	 29
	 93		  1	 421.377	  0	 32	 24
	 93		  2	 374.663	  0	 34	 24
	 93		  3	 411.943	  0	 26	 26
	 93		  4	 417.026	  0	 26	 26
	 93		  5	 409.139	  0	 26	 26
	 93		  6	 418.970	  0	 32	 27
	 93		  7	 417.492	  0	 32	 27
	 93		  8	 376.167	  0	 32	 27
	 93		  9	 410.221	  0	 38	 28
	 93		 10	 415.865	  0	 38	 28
	 93		 11	 420.711	  0	 31	 29
	 93		 12	 408.457	  0	 31	 29
	 93		 13	 422.047	  0	 31	 29
	 93		 14	 412.538	  0	 33	 31
	 93		 15	 418.793	  0	 33	 31
	 93		 16	 357.024	  0	 33	 31
	 93		 17	 421.837	  0	 33	 31
	 93		 18	 396.668	  0	 33	 31
	 93		 19	 416.876	  0	 34	 31
	 93		 20	 418.043	  0	 33	 31
	 94		  1	 419.149	  0	 32	 24
	 94		  2	 417.666	  0	 32	 24
	 94		  3	 418.135	  0	 32	 24
	 94		  4	 409.406	  0	 26	 26
	 94		  5	 422.048	  0	 26	 26
	 94		  6	  87.937	  0	 26	 26
	 94		  7	 419.355	  0	 38	 28
	 94		  8	 416.346	  0	 38	 28
	 94		  9	 421.873	  0	 38	 28
	 94		 10	 426.733	  0	 31	 29
	 94		 11	 424.942	  0	 31	 29
	 94		 12	 422.347	  0	 31	 29
	 94		 13	 414.727	  0	 33	 31
	 94		 14	 414.146	  0	 33	 31
	 94		 15	 421.676	  0	 33	 31
	 94		 16	 410.012	  0	 33	 31
	 94		 17	 381.160	  0	 33	 31
	 94		 18	 421.411	  0	 33	 31
	 94		 19	 415.457	  0	 33	 31
	 94		 20	 414.791	  0	 33	 31
	 95		  1	 423.129	  0	 32	 24
	 95		  2	 419.820	  0	 32	 24
	 95		  3	 423.344	  0	 32	 24
	 95		  4	 418.238	  0	 26	 26
	 95		  5	 415.811	  0	 26	 26
	 95		  6	 422.109	  0	 38	 28
	 95		  7	 384.015	  0	 38	 28
	 95		  8	 415.435	  0	 38	 28
	 95		  9	 427.734	  0	 33	 29
	 95		 10	 416.175	  0	 33	 29
	 95		 11	 431.179	  0	 33	 29
	 95		 12	 419.797	  0	 33	 29
	 95		 13	 418.282	  0	 33	 31
	 95		 14	 401.100	  0	 33	 31
	 95		 15	 409.604	  0	 33	 31
	 95		 16	 410.848	  0	 33	 31
	 95		 17	 420.668	  0	 33	 31
	 95		 18	 424.775	  0	 33	 31
	 95		 19	 411.168	  0	 33	 31
	 95		 20	 412.286	  0	 33	 31
