# Evoluation started on 2016/11/24 11:13:41
# Generation	   Individual 	   Fitness 	 SecondFitness 	  Size		SpecieID
	  0		  1	 127.123	  0	 26	 -1
	  0		  2	 218.560	 60	 26	 -1
	  0		  3	 208.428	  0	 26	 -1
	  0		  4	 218.792	  0	 26	 -1
	  0		  5	 162.407	  0	 26	 -1
	  0		  6	  18.820	318	 26	 -1
	  0		  7	 236.506	  0	 26	 -1
	  0		  8	  61.575	  0	 26	 -1
	  0		  9	 203.443	  0	 26	 -1
	  0		 10	 135.422	  0	 26	 -1
	  0		 11	 160.306	189	 26	 -1
	  0		 12	 169.974	114	 26	 -1
	  0		 13	  85.041	259	 26	 -1
	  0		 14	 197.069	  0	 26	 -1
	  0		 15	 215.265	  0	 26	 -1
	  0		 16	 222.550	  0	 26	 -1
	  0		 17	 106.082	  0	 26	 -1
	  0		 18	 147.641	 55	 26	 -1
	  0		 19	 232.029	  0	 26	 -1
	  0		 20	  94.228	336	 26	 -1
	  1		  1	 273.961	  0	 26	  1
	  1		  2	 169.910	164	 26	  1
	  1		  3	 101.527	  0	 26	  1
	  1		  4	 252.613	  0	 26	  1
	  1		  5	 226.929	 36	 26	  1
	  1		  6	 184.027	  0	 26	  1
	  1		  7	 236.615	  0	 26	  1
	  1		  8	 180.645	  4	 26	  1
	  1		  9	 249.055	  0	 26	  1
	  1		 10	 257.314	  3	 26	  1
	  1		 11	 213.901	 87	 26	  1
	  1		 12	 242.270	  0	 26	  1
	  1		 13	 263.304	  8	 26	  1
	  1		 14	 263.363	  0	 26	  1
	  1		 15	 207.980	  0	 26	  1
	  1		 16	 130.002	131	 26	  1
	  1		 17	 197.023	  0	 26	  1
	  1		 18	 204.327	 76	 26	  1
	  1		 19	 104.453	300	 26	  1
	  1		 20	 267.499	  0	 26	  1
	  2		  1	 263.459	  0	 26	  1
	  2		  2	 227.930	  0	 28	  1
	  2		  3	 241.017	  0	 26	  1
	  2		  4	 200.753	  0	 26	  1
	  2		  5	 209.233	  0	 26	  1
	  2		  6	 160.030	  0	 26	  1
	  2		  7	 233.650	  0	 26	  1
	  2		  8	 286.491	  6	 26	  1
	  2		  9	 140.780	  0	 26	  1
	  2		 10	 223.278	 25	 26	  1
	  2		 11	 230.297	  0	 26	  1
	  2		 12	 250.037	  0	 26	  1
	  2		 13	 244.766	  0	 26	  1
	  2		 14	 236.230	  0	 26	  1
	  2		 15	 190.248	  0	 26	  1
	  2		 16	 167.262	  0	 26	  1
	  2		 17	 166.044	  0	 26	  1
	  2		 18	 263.865	  0	 26	  1
	  2		 19	 153.815	  0	 26	  1
	  2		 20	 224.107	  0	 26	  1
	  3		  1	 205.314	 94	 26	  1
	  3		  2	 232.225	105	 26	  1
	  3		  3	 229.945	 51	 26	  1
	  3		  4	 135.407	129	 26	  1
	  3		  5	 171.887	133	 26	  1
	  3		  6	 201.230	  0	 26	  1
	  3		  7	 196.592	 34	 26	  1
	  3		  8	 148.298	 91	 26	  1
	  3		  9	 194.811	 96	 26	  1
	  3		 10	 199.123	  0	 28	  2
	  3		 11	 199.543	  0	 28	  2
	  3		 12	 166.381	  1	 29	  2
	  3		 13	 188.018	  0	 30	  2
	  3		 14	 216.211	  0	 28	  2
	  3		 15	 222.638	  0	 28	  2
	  3		 16	 195.408	  0	 28	  2
	  3		 17	 211.936	  0	 28	  2
	  3		 18	 195.392	  0	 28	  2
	  3		 19	 221.229	  0	 28	  2
	  3		 20	 173.571	  0	 28	  2
	  4		  1	 294.787	  0	 26	  1
	  4		  2	 235.386	 15	 26	  1
	  4		  3	 280.836	  0	 26	  1
	  4		  4	 269.920	 11	 26	  1
	  4		  5	 249.167	  4	 26	  1
	  4		  6	 299.257	  6	 26	  1
	  4		  7	 281.465	  0	 28	  2
	  4		  8	 185.342	  0	 28	  2
	  4		  9	 224.113	  2	 28	  2
	  4		 10	 285.214	  3	 28	  2
	  4		 11	 292.679	  0	 28	  2
	  4		 12	 276.781	  0	 28	  2
	  4		 13	 194.082	  0	 30	  3
	  4		 14	  93.541	  0	 30	  3
	  4		 15	 141.177	  0	 30	  3
	  4		 16	 163.124	  0	 30	  3
	  4		 17	 141.040	  0	 30	  3
	  4		 18	 190.311	  0	 30	  3
	  4		 19	 213.472	  0	 30	  3
	  4		 20	 153.091	  0	 30	  3
	  5		  1	 297.585	  4	 26	  1
	  5		  2	 271.967	  1	 26	  1
	  5		  3	 275.080	 16	 26	  1
	  5		  4	 268.953	  5	 26	  1
	  5		  5	 221.971	  0	 26	  1
	  5		  6	 301.474	  0	 26	  1
	  5		  7	 268.823	  4	 26	  1
	  5		  8	 224.244	  0	 26	  1
	  5		  9	 270.308	  0	 28	  2
	  5		 10	 205.343	 66	 28	  2
	  5		 11	 256.034	  0	 28	  2
	  5		 12	 255.156	  0	 28	  2
	  5		 13	 206.814	  0	 28	  2
	  5		 14	 243.596	  0	 28	  2
	  5		 15	 256.737	  0	 28	  2
	  5		 16	 205.047	  0	 30	  3
	  5		 17	 147.147	  0	 30	  3
	  5		 18	 163.371	  0	 30	  3
	  5		 19	 195.426	  0	 30	  3
	  5		 20	 262.947	  0	 30	  3
	  6		  1	 277.938	  0	 26	  1
	  6		  2	 259.738	 64	 26	  1
	  6		  3	 291.959	 11	 26	  1
	  6		  4	 312.423	  1	 26	  1
	  6		  5	 278.179	  0	 26	  1
	  6		  6	 307.637	  2	 26	  1
	  6		  7	 262.154	  2	 26	  1
	  6		  8	 252.696	  3	 26	  1
	  6		  9	 285.384	  1	 28	  2
	  6		 10	 331.514	  0	 28	  2
	  6		 11	 300.921	  0	 28	  2
	  6		 12	 295.918	  0	 28	  2
	  6		 13	 299.459	  0	 28	  2
	  6		 14	 298.404	  0	 28	  2
	  6		 15	 206.883	  0	 30	  3
	  6		 16	 163.336	  0	 30	  3
	  6		 17	 153.082	  4	 30	  3
	  6		 18	 143.699	  7	 30	  3
	  6		 19	 150.795	  6	 30	  3
	  6		 20	 245.778	  6	 30	  3
	  7		  1	 347.966	  1	 26	  1
	  7		  2	 337.787	  0	 26	  1
	  7		  3	 257.944	 80	 26	  1
	  7		  4	 317.407	  0	 27	  1
	  7		  5	 269.460	  0	 26	  1
	  7		  6	 356.426	  0	 26	  1
	  7		  7	 346.348	  0	 26	  1
	  7		  8	 324.297	  0	 28	  2
	  7		  9	 334.435	  0	 28	  2
	  7		 10	 306.081	  5	 28	  2
	  7		 11	 295.118	  0	 28	  2
	  7		 12	 268.379	  0	 28	  2
	  7		 13	 238.829	  3	 28	  2
	  7		 14	 314.826	  0	 28	  2
	  7		 15	 295.818	  0	 28	  2
	  7		 16	 212.692	  0	 30	  3
	  7		 17	 136.429	  0	 30	  3
	  7		 18	 287.813	  0	 31	  3
	  7		 19	 153.163	 12	 30	  3
	  7		 20	 162.617	  0	 32	  3
	  8		  1	 353.042	  0	 26	  1
	  8		  2	 338.529	  0	 26	  1
	  8		  3	 331.848	  0	 28	  1
	  8		  4	 372.379	  0	 26	  1
	  8		  5	 354.304	  0	 26	  1
	  8		  6	 267.035	  2	 28	  2
	  8		  7	 275.826	  0	 28	  2
	  8		  8	 267.927	  0	 28	  2
	  8		  9	 261.121	  0	 28	  2
	  8		 10	 281.960	  4	 31	  3
	  8		 11	 273.762	  0	 31	  3
	  8		 12	 256.100	 75	 31	  3
	  8		 13	 320.650	  4	 28	  4
	  8		 14	 309.137	 30	 28	  4
	  8		 15	 312.708	  7	 28	  4
	  8		 16	 337.743	  4	 28	  4
	  8		 17	 278.839	  7	 28	  4
	  8		 18	 306.854	  7	 28	  4
	  8		 19	 317.160	  0	 28	  4
	  8		 20	 303.087	  6	 28	  4
	  9		  1	 358.276	  2	 26	  1
	  9		  2	 364.246	  1	 26	  1
	  9		  3	 318.148	  1	 26	  1
	  9		  4	 350.797	  0	 26	  1
	  9		  5	 291.041	  0	 28	  2
	  9		  6	 332.591	  5	 28	  2
	  9		  7	 284.622	  4	 28	  2
	  9		  8	 283.973	  0	 31	  3
	  9		  9	 309.806	  0	 31	  3
	  9		 10	 315.909	  0	 31	  3
	  9		 11	 349.404	  0	 28	  4
	  9		 12	 349.837	  0	 28	  4
	  9		 13	 351.785	  0	 28	  4
	  9		 14	 350.108	  0	 28	  4
	  9		 15	 347.135	  0	 28	  5
	  9		 16	 345.042	  0	 28	  5
	  9		 17	 109.074	269	 28	  5
	  9		 18	 356.775	  0	 28	  5
	  9		 19	 178.077	  0	 28	  5
	  9		 20	 353.569	  0	 28	  5
	 10		  1	 377.770	  1	 26	  1
	 10		  2	 355.234	  0	 26	  1
	 10		  3	 383.298	  4	 26	  1
	 10		  4	 384.713	  1	 26	  1
	 10		  5	 351.501	  5	 28	  2
	 10		  6	 359.143	 11	 28	  2
	 10		  7	 325.835	  0	 28	  2
	 10		  8	 330.406	  0	 31	  3
	 10		  9	 326.323	  0	 31	  3
	 10		 10	 267.479	  0	 31	  3
	 10		 11	 368.019	  0	 28	  4
	 10		 12	 361.990	  0	 29	  4
	 10		 13	 367.022	  0	 28	  4
	 10		 14	 360.698	  0	 28	  4
	 10		 15	 376.174	  0	 28	  5
	 10		 16	 124.358	299	 28	  5
	 10		 17	 371.575	  0	 28	  5
	 10		 18	 373.673	  0	 28	  5
	 10		 19	 378.332	  0	 28	  5
	 10		 20	 376.365	  0	 28	  5
	 11		  1	 358.509	  1	 26	  1
	 11		  2	 366.260	  1	 26	  1
	 11		  3	 374.623	  0	 26	  1
	 11		  4	 347.833	  3	 28	  2
	 11		  5	 293.009	  0	 28	  2
	 11		  6	 340.596	  4	 28	  2
	 11		  7	 333.480	  2	 28	  2
	 11		  8	 324.255	  0	 31	  3
	 11		  9	 318.264	  0	 31	  3
	 11		 10	 291.483	  0	 31	  3
	 11		 11	 308.051	 16	 28	  4
	 11		 12	 285.228	 66	 28	  4
	 11		 13	 251.635	 68	 28	  4
	 11		 14	 310.344	  0	 28	  4
	 11		 15	 353.968	  0	 28	  5
	 11		 16	 360.181	  0	 28	  5
	 11		 17	 284.696	  0	 28	  5
	 11		 18	 332.763	  0	 28	  5
	 11		 19	 353.782	  0	 28	  5
	 11		 20	 328.017	  0	 28	  5
	 12		  1	 369.308	  2	 26	  1
	 12		  2	 104.466	 24	 26	  1
	 12		  3	 318.363	  0	 26	  1
	 12		  4	 338.894	  5	 28	  2
	 12		  5	 319.582	  2	 28	  2
	 12		  6	 338.309	  2	 28	  2
	 12		  7	 301.647	  0	 28	  2
	 12		  8	 290.306	  0	 31	  3
	 12		  9	 274.290	  0	 31	  3
	 12		 10	 307.609	  4	 31	  3
	 12		 11	 315.668	  0	 28	  4
	 12		 12	 301.978	  0	 28	  4
	 12		 13	 304.652	  0	 28	  4
	 12		 14	 323.499	  0	 28	  5
	 12		 15	 305.256	  0	 28	  5
	 12		 16	 323.416	  0	 28	  5
	 12		 17	 289.871	  0	 28	  5
	 12		 18	 299.714	  0	 29	  5
	 12		 19	 322.374	  0	 28	  5
	 12		 20	 292.281	  0	 28	  5
	 13		  1	 367.790	  0	 26	  1
	 13		  2	 381.008	  1	 26	  1
	 13		  3	 375.531	  3	 26	  1
	 13		  4	 368.729	  5	 28	  2
	 13		  5	 347.246	  8	 28	  2
	 13		  6	 385.375	  1	 28	  2
	 13		  7	 353.413	 16	 31	  3
	 13		  8	 316.608	  0	 31	  3
	 13		  9	 364.553	  5	 31	  3
	 13		 10	 349.195	  2	 31	  3
	 13		 11	 361.763	  0	 28	  4
	 13		 12	 314.151	  0	 28	  4
	 13		 13	 316.728	  0	 28	  4
	 13		 14	 365.664	  0	 28	  4
	 13		 15	 378.630	  0	 28	  5
	 13		 16	 265.834	  0	 28	  5
	 13		 17	 257.445	 85	 30	  5
	 13		 18	 375.805	  0	 28	  5
	 13		 19	 368.061	  0	 28	  5
	 13		 20	 376.067	  0	 28	  5
	 14		  1	 374.626	  2	 26	  1
	 14		  2	 374.925	  2	 26	  1
	 14		  3	 339.904	 10	 28	  2
	 14		  4	 339.134	 12	 30	  2
	 14		  5	 341.035	 13	 31	  3
	 14		  6	 341.864	 15	 31	  3
	 14		  7	 365.633	  0	 28	  4
	 14		  8	 365.486	  0	 28	  4
	 14		  9	 375.011	  0	 28	  5
	 14		 10	 343.683	  0	 28	  5
	 14		 11	 358.290	  0	 28	  5
	 14		 12	 174.489	231	 30	  6
	 14		 13	 179.748	230	 31	  6
	 14		 14	 348.401	 28	 28	  7
	 14		 15	 365.094	  6	 28	  7
	 14		 16	 386.837	  4	 28	  7
	 14		 17	 360.886	 32	 28	  7
	 14		 18	 371.769	  0	 28	  7
	 14		 19	 392.660	  5	 28	  7
	 14		 20	 373.218	  1	 28	  7
	 15		  1	 353.456	  1	 26	  1
	 15		  2	 357.247	  1	 26	  1
	 15		  3	 359.103	  0	 28	  2
	 15		  4	 357.200	  4	 28	  2
	 15		  5	 326.483	  3	 31	  3
	 15		  6	 270.016	 14	 31	  3
	 15		  7	 339.740	  0	 28	  4
	 15		  8	 261.754	 40	 28	  4
	 15		  9	 356.624	  0	 28	  5
	 15		 10	 348.636	  0	 28	  5
	 15		 11	 216.133	159	 31	  6
	 15		 12	 365.022	  3	 28	  7
	 15		 13	 377.230	  0	 28	  7
	 15		 14	 376.200	  0	 28	  7
	 15		 15	 343.721	  3	 30	  8
	 15		 16	 330.908	  6	 30	  8
	 15		 17	 350.726	  1	 30	  8
	 15		 18	 357.942	  9	 32	  8
	 15		 19	 353.441	  0	 30	  8
	 15		 20	 298.525	 24	 32	  8
	 16		  1	 366.984	  0	 26	  1
	 16		  2	 383.233	  0	 26	  1
	 16		  3	 376.035	  0	 28	  2
	 16		  4	 366.274	  5	 28	  2
	 16		  5	 355.256	  5	 31	  3
	 16		  6	 351.680	  0	 28	  4
	 16		  7	 241.432	  0	 28	  4
	 16		  8	 355.071	  0	 28	  5
	 16		  9	 327.066	  0	 28	  5
	 16		 10	 240.505	110	 31	  6
	 16		 11	 380.153	  0	 28	  7
	 16		 12	 363.845	  2	 28	  7
	 16		 13	 337.207	  1	 30	  8
	 16		 14	 368.139	  1	 31	  8
	 16		 15	 370.282	 13	 32	  9
	 16		 16	 369.329	  3	 32	  9
	 16		 17	 385.400	  4	 32	  9
	 16		 18	 389.672	 11	 32	  9
	 16		 19	 355.124	 21	 32	  9
	 16		 20	 360.420	 12	 32	  9
	 17		  1	 371.064	  3	 26	  1
	 17		  2	 370.881	  1	 28	  2
	 17		  3	 306.801	 11	 31	  3
	 17		  4	 290.495	  8	 28	  4
	 17		  5	 346.669	  0	 28	  5
	 17		  6	 258.270	 95	 28	  5
	 17		  7	 227.611	121	 31	  6
	 17		  8	 368.344	  6	 28	  7
	 17		  9	 377.186	  0	 28	  7
	 17		 10	 354.370	  3	 31	  8
	 17		 11	 345.257	  0	 31	  8
	 17		 12	 345.692	 32	 32	  9
	 17		 13	 371.819	  7	 32	  9
	 17		 14	 371.038	  6	 28	 10
	 17		 15	 369.063	  4	 28	 10
	 17		 16	 378.106	  4	 28	 10
	 17		 17	 369.598	 10	 28	 10
	 17		 18	 354.409	 20	 28	 10
	 17		 19	 348.432	  8	 28	 10
	 17		 20	 382.040	  3	 28	 10
	 18		  1	 362.027	  1	 26	  1
	 18		  2	 360.548	  7	 28	  2
	 18		  3	 356.486	 10	 31	  3
	 18		  4	 373.533	  0	 28	  4
	 18		  5	 382.058	  0	 28	  5
	 18		  6	 177.066	153	 31	  6
	 18		  7	 390.083	  0	 28	  7
	 18		  8	 382.514	  0	 28	  7
	 18		  9	 355.977	  0	 31	  8
	 18		 10	 325.930	  4	 31	  8
	 18		 11	 346.477	 13	 32	  9
	 18		 12	 343.489	  7	 32	  9
	 18		 13	 349.274	 18	 28	 10
	 18		 14	 361.253	  6	 28	 10
	 18		 15	 361.543	  8	 28	 10
	 18		 16	 346.729	 13	 28	 10
	 18		 17	 325.365	 52	 28	 10
	 18		 18	 360.963	  2	 28	 10
	 18		 19	 377.578	  2	 28	 10
	 18		 20	 358.757	  0	 28	 10
	 19		  1	 395.673	  2	 26	  1
	 19		  2	 372.581	  2	 28	  2
	 19		  3	 339.942	  9	 31	  3
	 19		  4	 298.116	  0	 28	  4
	 19		  5	 359.047	  0	 28	  5
	 19		  6	 378.570	  0	 28	  7
	 19		  7	 375.923	  0	 28	  7
	 19		  8	 368.153	  1	 31	  8
	 19		  9	 349.895	 20	 32	  9
	 19		 10	 369.715	  7	 28	 10
	 19		 11	 225.955	174	 30	 11
	 19		 12	 229.713	173	 30	 11
	 19		 13	 230.985	171	 32	 11
	 19		 14	 233.316	172	 30	 11
	 19		 15	 218.073	180	 30	 11
	 19		 16	 227.132	174	 30	 11
	 19		 17	 232.620	170	 30	 11
	 19		 18	 226.242	175	 30	 11
	 19		 19	 295.545	 91	 30	 11
	 19		 20	 175.817	260	 30	 11
	 20		  1	 363.362	  2	 26	  1
	 20		  2	 387.543	  0	 26	  1
	 20		  3	 358.525	  5	 28	  2
	 20		  4	 357.048	  9	 31	  3
	 20		  5	 325.822	  1	 28	  4
	 20		  6	 359.785	  0	 28	  5
	 20		  7	 398.073	  1	 28	  7
	 20		  8	 241.404	  0	 28	  7
	 20		  9	 360.835	  0	 31	  8
	 20		 10	 360.578	  6	 31	  8
	 20		 11	 347.405	  4	 32	  9
	 20		 12	 339.771	  4	 32	  9
	 20		 13	 359.711	 11	 28	 10
	 20		 14	 359.999	  9	 28	 10
	 20		 15	 311.845	 50	 30	 11
	 20		 16	 310.505	 81	 30	 11
	 20		 17	 289.362	 94	 30	 11
	 20		 18	 334.832	  0	 30	 11
	 20		 19	 332.238	  0	 30	 11
	 20		 20	 306.272	 88	 30	 11
	 21		  1	 338.105	  0	 26	  1
	 21		  2	 351.842	  5	 28	  2
	 21		  3	 323.396	  9	 31	  3
	 21		  4	 314.821	  8	 28	  4
	 21		  5	 341.453	  0	 28	  5
	 21		  6	 360.520	  0	 28	  7
	 21		  7	 377.223	  0	 28	  7
	 21		  8	 364.120	  0	 31	  8
	 21		  9	 338.532	  0	 31	  8
	 21		 10	 343.943	 13	 32	  9
	 21		 11	 341.286	 12	 32	  9
	 21		 12	 359.724	  7	 28	 10
	 21		 13	 367.376	  6	 30	 10
	 21		 14	 172.592	219	 30	 11
	 21		 15	  77.723	355	 30	 11
	 21		 16	 226.682	 89	 30	 11
	 21		 17	  98.204	329	 30	 11
	 21		 18	 191.833	186	 30	 11
	 21		 19	 171.593	212	 31	 11
	 21		 20	  93.767	354	 30	 11
	 22		  1	 378.095	  1	 26	  1
	 22		  2	 361.404	  3	 28	  2
	 22		  3	 345.670	  2	 31	  3
	 22		  4	 352.166	  0	 28	  4
	 22		  5	 350.060	 16	 28	  5
	 22		  6	 364.532	  0	 28	  7
	 22		  7	 365.675	  0	 28	  7
	 22		  8	 369.720	  1	 31	  8
	 22		  9	 343.907	  3	 31	  8
	 22		 10	 378.309	  7	 32	  9
	 22		 11	 347.929	 15	 32	  9
	 22		 12	 368.897	  3	 30	 10
	 22		 13	 290.655	  4	 30	 10
	 22		 14	 327.224	  0	 30	 11
	 22		 15	 297.171	  0	 30	 11
	 22		 16	 287.073	  0	 30	 11
	 22		 17	 327.422	  0	 30	 11
	 22		 18	 321.504	  0	 30	 11
	 22		 19	 321.550	  0	 30	 11
	 22		 20	 330.749	  0	 30	 11
	 23		  1	 389.712	  0	 26	  1
	 23		  2	 390.704	  0	 26	  1
	 23		  3	 376.009	  1	 28	  2
	 23		  4	 352.309	  2	 28	  2
	 23		  5	 343.056	  7	 31	  3
	 23		  6	 360.728	  5	 31	  3
	 23		  7	 329.222	  0	 28	  4
	 23		  8	 331.982	  1	 28	  4
	 23		  9	 329.248	  6	 28	  5
	 23		 10	 328.445	  3	 28	  5
	 23		 11	 380.021	  0	 28	  7
	 23		 12	 317.339	  0	 28	  7
	 23		 13	 368.823	  8	 32	  8
	 23		 14	 325.167	 38	 32	  8
	 23		 15	 312.780	  0	 30	 11
	 23		 16	 315.577	  0	 30	 11
	 23		 17	 323.034	  2	 30	 11
	 23		 18	 321.871	  1	 30	 11
	 23		 19	 314.509	  0	 30	 11
	 23		 20	 279.397	 80	 30	 11
	 24		  1	 376.320	  0	 26	  1
	 24		  2	 382.975	  1	 26	  1
	 24		  3	 383.211	  1	 26	  1
	 24		  4	 344.423	  3	 28	  2
	 24		  5	 366.608	  1	 28	  2
	 24		  6	 260.340	 98	 28	  2
	 24		  7	 255.419	 92	 28	  4
	 24		  8	 253.759	 97	 28	  4
	 24		  9	 374.850	  0	 28	  7
	 24		 10	 329.747	  0	 28	  7
	 24		 11	 376.808	  0	 28	  7
	 24		 12	 347.148	 11	 32	  8
	 24		 13	 330.853	  3	 32	  8
	 24		 14	 350.885	 17	 32	  8
	 24		 15	 250.621	 95	 30	 11
	 24		 16	 248.178	 55	 30	 11
	 24		 17	 197.517	207	 30	 11
	 24		 18	 234.058	 93	 30	 11
	 24		 19	 222.321	185	 31	 11
	 24		 20	 247.125	 95	 32	 11
	 25		  1	 400.840	  6	 26	  1
	 25		  2	 394.039	  4	 26	  1
	 25		  3	 401.625	  5	 26	  1
	 25		  4	 382.020	 13	 26	  1
	 25		  5	 377.336	  5	 26	  1
	 25		  6	 402.025	  3	 26	  1
	 25		  7	 416.855	  0	 26	  1
	 25		  8	 397.511	  0	 28	  2
	 25		  9	 389.214	  0	 28	  2
	 25		 10	 397.516	  0	 28	  2
	 25		 11	 395.117	  0	 28	  2
	 25		 12	 371.525	  0	 28	  2
	 25		 13	 386.231	  1	 30	  2
	 25		 14	 339.344	  0	 30	 11
	 25		 15	 344.484	  1	 30	 11
	 25		 16	 132.760	331	 30	 11
	 25		 17	 340.999	  2	 30	 11
	 25		 18	 340.718	  0	 30	 11
	 25		 19	 324.559	  0	 30	 11
	 25		 20	 341.035	  0	 30	 11
	 26		  1	 393.840	  1	 26	  1
	 26		  2	 405.704	  2	 26	  1
	 26		  3	 402.219	  1	 28	  1
	 26		  4	 403.633	  0	 26	  1
	 26		  5	 319.156	  8	 30	 11
	 26		  6	 199.914	  0	 30	 11
	 26		  7	 311.031	  0	 30	 11
	 26		  8	 319.042	  7	 30	 11
	 26		  9	 380.388	  0	 28	 12
	 26		 10	 399.361	  0	 28	 12
	 26		 11	 404.323	  0	 28	 12
	 26		 12	 393.793	  0	 28	 12
	 26		 13	 354.530	  0	 28	 12
	 26		 14	 391.758	  1	 30	 13
	 26		 15	 387.112	  0	 30	 13
	 26		 16	 387.039	  0	 30	 13
	 26		 17	 364.621	  0	 30	 13
	 26		 18	 379.248	  1	 30	 13
	 26		 19	 388.075	  0	 30	 13
	 26		 20	 379.433	  0	 30	 13
	 27		  1	 361.750	  0	 26	  1
	 27		  2	 378.543	  1	 26	  1
	 27		  3	 379.562	  2	 27	  1
	 27		  4	 139.950	283	 30	 11
	 27		  5	 139.938	284	 30	 11
	 27		  6	 140.522	285	 30	 11
	 27		  7	 371.120	  0	 28	 12
	 27		  8	 362.385	  2	 30	 12
	 27		  9	 349.846	  0	 28	 12
	 27		 10	 376.595	  0	 28	 12
	 27		 11	 392.114	  0	 30	 13
	 27		 12	 390.923	  0	 30	 13
	 27		 13	 355.167	  0	 31	 13
	 27		 14	 386.449	  0	 30	 13
	 27		 15	 378.351	  1	 28	 14
	 27		 16	 401.683	  0	 28	 14
	 27		 17	 380.406	  1	 28	 14
	 27		 18	 391.718	  1	 28	 14
	 27		 19	 381.007	  1	 28	 14
	 27		 20	 380.555	  5	 28	 14
	 28		  1	 388.404	  3	 27	  1
	 28		  2	 371.413	  3	 27	  1
	 28		  3	 398.891	  0	 28	  1
	 28		  4	 362.704	  0	 30	 11
	 28		  5	 395.710	  0	 28	 12
	 28		  6	 383.295	  0	 28	 12
	 28		  7	 367.244	  0	 28	 12
	 28		  8	 357.282	  2	 28	 12
	 28		  9	 385.210	  0	 30	 13
	 28		 10	 395.241	  0	 30	 13
	 28		 11	 383.875	  5	 30	 13
	 28		 12	 383.555	  3	 30	 13
	 28		 13	 392.805	  0	 28	 14
	 28		 14	 297.523	  0	 28	 14
	 28		 15	 392.136	  0	 28	 14
	 28		 16	 359.588	  0	 28	 14
	 28		 17	 393.119	  0	 28	 14
	 28		 18	 397.568	  0	 28	 14
	 28		 19	 391.189	  0	 28	 14
	 28		 20	 383.017	  0	 28	 14
	 29		  1	 397.651	  0	 26	  1
	 29		  2	 395.229	  0	 26	  1
	 29		  3	 382.567	  3	 26	  1
	 29		  4	 293.238	  0	 30	 11
	 29		  5	 301.107	  0	 30	 11
	 29		  6	 296.377	  0	 30	 11
	 29		  7	 314.043	 33	 28	 12
	 29		  8	 326.165	  0	 28	 12
	 29		  9	 359.420	  0	 30	 12
	 29		 10	 265.913	  0	 28	 12
	 29		 11	 370.566	  2	 30	 13
	 29		 12	 392.020	  0	 30	 13
	 29		 13	 368.430	  1	 30	 13
	 29		 14	 383.527	  0	 30	 13
	 29		 15	 394.335	  0	 28	 14
	 29		 16	 405.322	  0	 28	 14
	 29		 17	 381.004	  1	 28	 14
	 29		 18	 392.546	  0	 28	 14
	 29		 19	 384.583	  3	 29	 14
	 29		 20	 385.091	  0	 28	 14
	 30		  1	 402.315	  1	 26	  1
	 30		  2	 396.319	  0	 26	  1
	 30		  3	 399.660	  0	 26	  1
	 30		  4	 400.901	  0	 26	  1
	 30		  5	 271.199	 98	 30	 11
	 30		  6	 268.066	 98	 30	 11
	 30		  7	 360.991	  1	 28	 12
	 30		  8	 362.950	  1	 28	 12
	 30		  9	 373.544	  0	 28	 12
	 30		 10	 395.217	  0	 30	 13
	 30		 11	 382.544	  0	 30	 13
	 30		 12	 397.437	  0	 30	 13
	 30		 13	 403.069	  0	 30	 13
	 30		 14	 399.090	  0	 28	 14
	 30		 15	 398.741	  0	 28	 14
	 30		 16	 416.698	  0	 30	 14
	 30		 17	 409.358	  0	 28	 14
	 30		 18	 394.075	  0	 28	 14
	 30		 19	 403.236	  0	 28	 14
	 30		 20	 403.662	  0	 28	 14
	 31		  1	 395.004	  4	 26	  1
	 31		  2	 413.492	  0	 26	  1
	 31		  3	 293.772	 90	 30	 11
	 31		  4	 291.787	 83	 30	 11
	 31		  5	 392.550	  0	 28	 12
	 31		  6	 396.172	  1	 28	 12
	 31		  7	 382.032	  0	 28	 12
	 31		  8	 385.540	  0	 30	 13
	 31		  9	 381.389	  0	 30	 13
	 31		 10	 377.440	  1	 30	 13
	 31		 11	 390.805	  0	 28	 14
	 31		 12	 400.427	  0	 30	 14
	 31		 13	 394.878	  0	 28	 14
	 31		 14	 405.059	  0	 30	 15
	 31		 15	 406.075	  0	 30	 15
	 31		 16	 405.017	  0	 30	 15
	 31		 17	 416.444	  0	 30	 15
	 31		 18	 404.342	  0	 30	 15
	 31		 19	 398.297	  0	 30	 15
	 31		 20	 396.942	  0	 30	 15
	 32		  1	 408.675	  0	 26	  1
	 32		  2	 409.203	  0	 26	  1
	 32		  3	 403.238	  1	 26	  1
	 32		  4	 146.682	277	 30	 11
	 32		  5	 149.278	270	 30	 11
	 32		  6	 345.181	  0	 28	 12
	 32		  7	 334.929	  0	 28	 12
	 32		  8	 351.725	  2	 28	 12
	 32		  9	 387.565	  1	 30	 13
	 32		 10	 399.596	  0	 30	 13
	 32		 11	 343.012	  0	 30	 13
	 32		 12	 393.754	  0	 28	 14
	 32		 13	 398.157	  0	 28	 14
	 32		 14	 399.810	  0	 28	 14
	 32		 15	 403.942	  0	 30	 15
	 32		 16	 401.086	  0	 30	 15
	 32		 17	 402.993	  0	 30	 15
	 32		 18	 400.000	  0	 30	 15
	 32		 19	 406.286	  0	 30	 15
	 32		 20	 407.576	  0	 30	 15
	 33		  1	 401.329	  0	 26	  1
	 33		  2	 397.888	  0	 26	  1
	 33		  3	 408.315	  0	 26	  1
	 33		  4	 392.053	  0	 27	  1
	 33		  5	 328.878	  5	 26	  1
	 33		  6	 394.802	  0	 28	 11
	 33		  7	 398.896	  0	 28	 11
	 33		  8	 396.551	  0	 28	 11
	 33		  9	 401.299	  0	 28	 11
	 33		 10	 371.546	  1	 28	 12
	 33		 11	 349.448	  0	 28	 12
	 33		 12	 306.200	  1	 28	 12
	 33		 13	 350.025	  0	 31	 12
	 33		 14	 339.588	  0	 28	 12
	 33		 15	 381.751	  5	 30	 13
	 33		 16	 382.747	  1	 30	 13
	 33		 17	 366.322	  4	 30	 13
	 33		 18	 376.946	  3	 30	 13
	 33		 19	 374.632	  3	 30	 13
	 33		 20	 383.040	  2	 30	 13
	 34		  1	 409.981	  0	 26	  1
	 34		  2	 406.362	  0	 26	  1
	 34		  3	 402.240	  0	 26	  1
	 34		  4	 357.780	  2	 28	 12
	 34		  5	 369.995	  2	 28	 12
	 34		  6	 369.688	  1	 28	 12
	 34		  7	 372.792	  7	 30	 13
	 34		  8	 381.354	  1	 30	 13
	 34		  9	 367.829	  5	 30	 13
	 34		 10	 381.595	  1	 30	 13
	 34		 11	 392.653	  0	 28	 16
	 34		 12	 385.713	  0	 28	 16
	 34		 13	 393.855	  0	 28	 16
	 34		 14	 406.061	  0	 28	 16
	 34		 15	 399.152	  0	 30	 17
	 34		 16	 395.591	  0	 30	 17
	 34		 17	 381.824	  0	 30	 17
	 34		 18	 404.031	  0	 30	 17
	 34		 19	 407.350	  0	 30	 17
	 34		 20	 403.252	  0	 30	 17
	 35		  1	 398.388	  0	 26	  1
	 35		  2	 381.384	  1	 26	  1
	 35		  3	 380.696	  0	 26	  1
	 35		  4	 386.315	  2	 28	 12
	 35		  5	 327.190	  0	 28	 12
	 35		  6	 368.642	  0	 28	 12
	 35		  7	 382.206	  0	 30	 13
	 35		  8	 354.759	  2	 30	 13
	 35		  9	 328.336	  0	 30	 13
	 35		 10	 375.983	  2	 30	 13
	 35		 11	 399.838	  0	 28	 16
	 35		 12	 407.398	  0	 28	 16
	 35		 13	 394.045	  0	 28	 16
	 35		 14	 395.835	  0	 28	 16
	 35		 15	 402.272	  0	 30	 17
	 35		 16	 394.335	  0	 30	 17
	 35		 17	 391.790	  0	 30	 17
	 35		 18	 392.348	  0	 30	 17
	 35		 19	 395.942	  0	 30	 17
	 35		 20	 395.143	  0	 30	 17
	 36		  1	 402.186	  0	 26	  1
	 36		  2	 378.342	  0	 26	  1
	 36		  3	 378.673	  0	 26	  1
	 36		  4	 367.330	  0	 28	 12
	 36		  5	 348.658	  8	 28	 12
	 36		  6	 355.990	  1	 28	 12
	 36		  7	 384.730	  0	 30	 13
	 36		  8	 364.249	  2	 32	 13
	 36		  9	 376.464	  7	 30	 13
	 36		 10	 398.933	  0	 28	 16
	 36		 11	 365.026	  0	 28	 16
	 36		 12	 397.600	  0	 28	 16
	 36		 13	 403.178	  0	 28	 16
	 36		 14	 400.943	  0	 30	 17
	 36		 15	 397.126	  0	 30	 17
	 36		 16	 381.201	  0	 30	 17
	 36		 17	 397.298	  0	 30	 17
	 36		 18	 143.580	  0	 30	 17
	 36		 19	 385.591	  0	 31	 17
	 36		 20	 400.166	  0	 30	 17
	 37		  1	 407.830	  0	 26	  1
	 37		  2	 402.135	  0	 26	  1
	 37		  3	 400.386	  0	 26	  1
	 37		  4	 390.462	  0	 26	  1
	 37		  5	 377.074	  1	 28	 12
	 37		  6	 363.319	  7	 28	 12
	 37		  7	 355.147	  0	 31	 12
	 37		  8	 372.067	  2	 30	 13
	 37		  9	 372.722	  0	 30	 13
	 37		 10	 380.340	  2	 30	 13
	 37		 11	 397.612	  0	 28	 16
	 37		 12	 385.310	  1	 28	 16
	 37		 13	 381.874	  0	 28	 16
	 37		 14	 397.851	  0	 28	 16
	 37		 15	 392.828	  0	 30	 17
	 37		 16	 408.153	  0	 30	 17
	 37		 17	 394.475	  0	 30	 17
	 37		 18	 391.860	  0	 30	 17
	 37		 19	 391.398	  0	 30	 17
	 37		 20	 401.851	  0	 30	 17
	 38		  1	 406.662	  0	 26	  1
	 38		  2	 400.577	  0	 26	  1
	 38		  3	 414.946	  0	 26	  1
	 38		  4	 368.241	  1	 28	 12
	 38		  5	 359.386	  0	 28	 12
	 38		  6	 373.544	  2	 30	 13
	 38		  7	 363.510	  1	 30	 13
	 38		  8	 402.623	  0	 28	 16
	 38		  9	 412.602	  0	 28	 16
	 38		 10	 411.724	  0	 28	 16
	 38		 11	 404.105	  0	 30	 17
	 38		 12	 406.547	  0	 30	 17
	 38		 13	 408.513	  0	 30	 17
	 38		 14	 296.207	  0	 31	 18
	 38		 15	 307.146	  0	 31	 18
	 38		 16	 308.165	  4	 31	 18
	 38		 17	 293.488	  0	 31	 18
	 38		 18	 289.677	  2	 31	 18
	 38		 19	 306.403	  0	 31	 18
	 38		 20	 282.153	 27	 31	 18
	 39		  1	 410.982	  0	 26	  1
	 39		  2	 408.940	  0	 26	  1
	 39		  3	 369.613	  0	 26	  1
	 39		  4	 359.340	  3	 28	 12
	 39		  5	 372.293	  0	 28	 12
	 39		  6	 336.206	  4	 28	 12
	 39		  7	 379.758	  0	 30	 13
	 39		  8	 377.186	  2	 30	 13
	 39		  9	 368.792	  2	 30	 13
	 39		 10	 401.819	  0	 28	 16
	 39		 11	 402.977	  0	 28	 16
	 39		 12	 398.180	  0	 28	 16
	 39		 13	 396.266	  0	 28	 16
	 39		 14	 397.368	  0	 30	 17
	 39		 15	 401.989	  0	 30	 17
	 39		 16	 396.759	  1	 30	 17
	 39		 17	 410.624	  0	 30	 17
	 39		 18	 405.497	  0	 30	 17
	 39		 19	 327.320	  0	 30	 17
	 39		 20	 400.555	  0	 30	 17
	 40		  1	 420.701	  0	 26	  1
	 40		  2	 414.705	  0	 26	  1
	 40		  3	 411.740	  0	 26	  1
	 40		  4	 365.214	  0	 28	 12
	 40		  5	 377.671	  0	 28	 12
	 40		  6	 334.904	  0	 28	 12
	 40		  7	 374.824	  9	 30	 13
	 40		  8	 373.624	  5	 30	 13
	 40		  9	 379.251	  3	 30	 13
	 40		 10	 412.807	  0	 28	 16
	 40		 11	 401.373	  0	 28	 16
	 40		 12	 418.298	  0	 28	 16
	 40		 13	 356.498	  0	 28	 16
	 40		 14	 400.176	  0	 30	 17
	 40		 15	 311.620	  0	 30	 17
	 40		 16	 372.320	  1	 30	 17
	 40		 17	 401.597	  0	 30	 17
	 40		 18	 398.891	  0	 30	 17
	 40		 19	 399.502	  0	 30	 17
	 40		 20	 404.000	  0	 30	 17
	 41		  1	 413.099	  0	 26	  1
	 41		  2	 421.907	  0	 26	  1
	 41		  3	 406.604	  0	 26	  1
	 41		  4	 377.465	  0	 28	 12
	 41		  5	 378.025	  0	 28	 12
	 41		  6	 385.053	  0	 28	 12
	 41		  7	 398.017	  1	 30	 13
	 41		  8	 405.636	  0	 30	 13
	 41		  9	 388.023	  0	 32	 13
	 41		 10	 405.717	  0	 28	 16
	 41		 11	 414.355	  0	 28	 16
	 41		 12	 399.150	  0	 28	 16
	 41		 13	 417.985	  0	 28	 16
	 41		 14	 403.831	  0	 30	 17
	 41		 15	 403.618	  0	 30	 17
	 41		 16	 359.189	  0	 31	 17
	 41		 17	 419.040	  0	 30	 17
	 41		 18	 403.691	  0	 30	 17
	 41		 19	 396.978	  0	 30	 17
	 41		 20	 417.990	  0	 30	 17
	 42		  1	 406.912	  0	 26	  1
	 42		  2	 418.304	  0	 26	  1
	 42		  3	 390.513	  0	 26	  1
	 42		  4	 374.596	  0	 28	 12
	 42		  5	 375.753	  0	 28	 12
	 42		  6	 370.524	  0	 30	 12
	 42		  7	 387.483	  1	 30	 13
	 42		  8	 376.880	  0	 30	 13
	 42		  9	 391.605	  4	 30	 13
	 42		 10	 408.472	  0	 28	 16
	 42		 11	 399.686	  0	 28	 16
	 42		 12	 407.355	  0	 28	 16
	 42		 13	 380.891	  0	 28	 16
	 42		 14	 407.105	  0	 30	 17
	 42		 15	 406.931	  0	 30	 17
	 42		 16	 408.342	  0	 30	 17
	 42		 17	 379.322	  0	 30	 17
	 42		 18	 372.149	  0	 30	 17
	 42		 19	 408.020	  0	 30	 17
	 42		 20	 403.612	  0	 30	 17
	 43		  1	 410.364	  0	 26	  1
	 43		  2	 412.034	  0	 26	  1
	 43		  3	 412.264	  0	 26	  1
	 43		  4	 348.913	  0	 28	 12
	 43		  5	 337.366	  0	 28	 12
	 43		  6	 336.424	  0	 30	 12
	 43		  7	 378.768	  1	 30	 13
	 43		  8	 387.965	  0	 30	 13
	 43		  9	 387.130	  0	 30	 13
	 43		 10	 417.094	  0	 28	 16
	 43		 11	 347.515	  0	 30	 16
	 43		 12	 413.008	  0	 28	 16
	 43		 13	 403.735	  0	 28	 16
	 43		 14	 400.923	  0	 30	 17
	 43		 15	 398.271	  0	 30	 17
	 43		 16	 388.385	  0	 31	 17
	 43		 17	 404.267	  0	 30	 17
	 43		 18	 406.631	  0	 30	 17
	 43		 19	 398.729	  0	 30	 17
	 43		 20	 379.796	  0	 30	 17
	 44		  1	 412.721	  0	 26	  1
	 44		  2	 391.903	  0	 26	  1
	 44		  3	 420.803	  0	 26	  1
	 44		  4	 410.366	  0	 26	  1
	 44		  5	 393.394	  0	 26	  1
	 44		  6	 353.628	  1	 28	 12
	 44		  7	 361.707	  1	 28	 12
	 44		  8	 319.607	 17	 28	 12
	 44		  9	 279.358	  3	 28	 12
	 44		 10	 399.918	  0	 28	 16
	 44		 11	 387.444	  0	 28	 16
	 44		 12	 403.367	  0	 28	 16
	 44		 13	 397.244	  0	 28	 16
	 44		 14	 364.151	  0	 28	 16
	 44		 15	 402.816	  0	 30	 17
	 44		 16	 398.523	  0	 30	 17
	 44		 17	 393.994	  0	 30	 17
	 44		 18	 406.833	  0	 30	 17
	 44		 19	 388.898	  0	 30	 17
	 44		 20	 400.203	  0	 31	 17
	 45		  1	 415.215	  0	 26	  1
	 45		  2	 403.049	  0	 26	  1
	 45		  3	 403.634	  0	 26	  1
	 45		  4	 409.273	  0	 26	  1
	 45		  5	 407.156	  0	 26	  1
	 45		  6	 373.875	  0	 28	 12
	 45		  7	 345.266	  0	 28	 12
	 45		  8	 353.675	  0	 28	 12
	 45		  9	 383.221	  0	 28	 12
	 45		 10	 423.565	  0	 28	 16
	 45		 11	 426.552	  0	 28	 16
	 45		 12	 403.292	  0	 28	 16
	 45		 13	 419.191	  0	 28	 16
	 45		 14	 424.255	  0	 28	 16
	 45		 15	 397.679	  0	 30	 17
	 45		 16	 396.236	  0	 30	 17
	 45		 17	 391.769	  1	 30	 17
	 45		 18	 418.263	  0	 31	 17
	 45		 19	 403.574	  0	 31	 17
	 45		 20	 406.253	  0	 30	 17
	 46		  1	 425.057	  0	 26	  1
	 46		  2	 405.945	  0	 26	  1
	 46		  3	 367.024	  0	 26	  1
	 46		  4	 417.105	  0	 26	  1
	 46		  5	 411.804	  0	 26	  1
	 46		  6	 368.565	  0	 28	 12
	 46		  7	 372.670	  0	 28	 12
	 46		  8	 362.782	  0	 28	 12
	 46		  9	 385.017	  0	 28	 12
	 46		 10	 408.008	  0	 28	 16
	 46		 11	 397.024	  0	 28	 16
	 46		 12	 411.626	  0	 28	 16
	 46		 13	 403.927	  0	 28	 16
	 46		 14	 407.044	  0	 28	 16
	 46		 15	 403.953	  0	 31	 17
	 46		 16	 405.556	  0	 31	 17
	 46		 17	 389.625	  0	 31	 17
	 46		 18	 398.741	  0	 31	 17
	 46		 19	 407.595	  0	 31	 17
	 46		 20	 397.990	  0	 31	 17
	 47		  1	 404.127	  0	 26	  1
	 47		  2	 408.457	  0	 26	  1
	 47		  3	 401.375	  0	 26	  1
	 47		  4	 409.240	  0	 26	  1
	 47		  5	 413.135	  0	 26	  1
	 47		  6	 383.458	  1	 28	 12
	 47		  7	 355.378	  0	 28	 12
	 47		  8	 380.544	  0	 28	 12
	 47		  9	 377.229	  0	 28	 12
	 47		 10	 411.259	  0	 28	 16
	 47		 11	 401.169	  0	 28	 16
	 47		 12	 388.189	  0	 28	 16
	 47		 13	 394.367	  0	 28	 16
	 47		 14	 408.302	  0	 28	 16
	 47		 15	 412.748	  0	 31	 17
	 47		 16	 406.079	  0	 31	 17
	 47		 17	 414.634	  0	 31	 17
	 47		 18	 412.642	  0	 31	 17
	 47		 19	 366.394	  0	 31	 17
	 47		 20	 401.883	  0	 33	 17
	 48		  1	 415.816	  0	 26	  1
	 48		  2	 420.614	  0	 26	  1
	 48		  3	 424.500	  0	 26	  1
	 48		  4	 398.826	  0	 26	  1
	 48		  5	 406.302	  0	 28	  1
	 48		  6	 421.971	  0	 26	  1
	 48		  7	 416.821	  0	 28	 16
	 48		  8	 416.230	  0	 28	 16
	 48		  9	 418.348	  0	 30	 16
	 48		 10	 408.403	  0	 28	 16
	 48		 11	 418.016	  0	 28	 16
	 48		 12	 411.450	  0	 28	 16
	 48		 13	 413.490	  0	 31	 17
	 48		 14	 408.225	  0	 31	 17
	 48		 15	 382.955	  0	 31	 17
	 48		 16	 413.226	  0	 31	 17
	 48		 17	 407.464	  0	 31	 17
	 48		 18	 398.772	  0	 31	 17
	 48		 19	 406.001	  0	 31	 17
	 48		 20	 413.794	  0	 31	 17
	 49		  1	 404.406	  0	 26	  1
	 49		  2	 396.714	  0	 26	  1
	 49		  3	 391.688	  0	 26	  1
	 49		  4	 386.284	  0	 26	  1
	 49		  5	 407.424	  0	 28	 16
	 49		  6	 405.438	  0	 28	 16
	 49		  7	 405.705	  0	 28	 16
	 49		  8	 409.814	  0	 28	 16
	 49		  9	 407.817	  0	 31	 17
	 49		 10	 408.350	  0	 31	 17
	 49		 11	 399.741	  0	 31	 17
	 49		 12	 398.719	  0	 32	 17
	 49		 13	 412.614	  0	 30	 19
	 49		 14	 414.288	  0	 30	 19
	 49		 15	 413.633	  0	 30	 19
	 49		 16	 403.070	  0	 30	 19
	 49		 17	 412.062	  0	 30	 19
	 49		 18	 414.436	  0	 30	 19
	 49		 19	 406.450	  0	 30	 19
	 49		 20	 401.684	  0	 30	 19
	 50		  1	 412.684	  0	 26	  1
	 50		  2	 387.933	  0	 26	  1
	 50		  3	 412.885	  0	 26	  1
	 50		  4	 372.210	  0	 26	  1
	 50		  5	 402.341	  0	 28	 16
	 50		  6	 412.028	  0	 28	 16
	 50		  7	 395.682	  0	 28	 16
	 50		  8	 405.175	  0	 28	 16
	 50		  9	 414.619	  0	 31	 17
	 50		 10	 411.245	  0	 31	 17
	 50		 11	 391.528	  0	 31	 17
	 50		 12	 396.364	  0	 31	 17
	 50		 13	 413.683	  0	 30	 19
	 50		 14	 395.162	  0	 30	 19
	 50		 15	 409.288	  0	 30	 19
	 50		 16	 401.332	  0	 30	 19
	 50		 17	 420.813	  0	 30	 19
	 50		 18	 387.772	  0	 30	 19
	 50		 19	 413.683	  0	 30	 19
	 50		 20	 404.799	  0	 30	 19
	 51		  1	 417.755	  0	 26	  1
	 51		  2	 418.559	  0	 26	  1
	 51		  3	 413.453	  0	 26	  1
	 51		  4	 404.301	  0	 26	  1
	 51		  5	 419.760	  0	 28	 16
	 51		  6	 422.431	  0	 28	 16
	 51		  7	 412.331	  0	 28	 16
	 51		  8	 419.839	  0	 28	 16
	 51		  9	 427.602	  0	 31	 17
	 51		 10	 430.871	  0	 31	 17
	 51		 11	 412.713	  0	 31	 17
	 51		 12	 428.914	  0	 31	 17
	 51		 13	 426.268	  0	 30	 19
	 51		 14	 414.097	  0	 30	 19
	 51		 15	 417.714	  0	 30	 19
	 51		 16	 419.140	  0	 30	 19
	 51		 17	 408.714	  0	 30	 19
	 51		 18	 427.693	  0	 30	 19
	 51		 19	 427.193	  0	 30	 19
	 51		 20	 412.686	  0	 30	 19
	 52		  1	 423.939	  0	 26	  1
	 52		  2	 414.935	  0	 26	  1
	 52		  3	 404.820	  0	 26	  1
	 52		  4	 287.648	  0	 26	  1
	 52		  5	 418.273	  0	 28	 16
	 52		  6	 326.956	  0	 28	 16
	 52		  7	 417.569	  0	 28	 16
	 52		  8	 418.369	  0	 28	 16
	 52		  9	 417.721	  0	 31	 17
	 52		 10	 397.823	  0	 31	 17
	 52		 11	 411.688	  0	 31	 17
	 52		 12	 367.486	  0	 31	 17
	 52		 13	 408.840	  0	 31	 17
	 52		 14	 423.114	  0	 30	 19
	 52		 15	 429.463	  0	 32	 19
	 52		 16	 221.330	  0	 30	 19
	 52		 17	 427.208	  0	 30	 19
	 52		 18	 416.135	  0	 30	 19
	 52		 19	 406.740	  0	 30	 19
	 52		 20	 421.598	  0	 30	 19
	 53		  1	 400.853	  0	 28	 16
	 53		  2	 394.957	  0	 28	 16
	 53		  3	 399.206	  0	 28	 16
	 53		  4	 404.754	  0	 28	 16
	 53		  5	 405.938	  0	 28	 16
	 53		  6	 405.646	  0	 28	 16
	 53		  7	 407.031	  0	 31	 17
	 53		  8	 395.238	  0	 33	 17
	 53		  9	 408.048	  0	 31	 17
	 53		 10	 397.918	  0	 31	 17
	 53		 11	 402.834	  0	 31	 17
	 53		 12	 390.736	  0	 31	 17
	 53		 13	 398.474	  0	 30	 19
	 53		 14	 406.312	  0	 30	 19
	 53		 15	 411.450	  0	 30	 19
	 53		 16	 404.975	  0	 30	 19
	 53		 17	 400.274	  0	 30	 19
	 53		 18	 410.460	  0	 30	 19
	 53		 19	 394.425	  0	 30	 19
	 53		 20	 390.963	  0	 30	 19
	 54		  1	 409.482	  0	 28	 16
	 54		  2	 410.051	  0	 28	 16
	 54		  3	 361.090	  0	 28	 16
	 54		  4	 412.451	  0	 31	 17
	 54		  5	 359.337	  0	 31	 17
	 54		  6	 358.266	  0	 32	 17
	 54		  7	 410.249	  0	 30	 19
	 54		  8	 399.020	  0	 30	 19
	 54		  9	 415.036	  0	 30	 19
	 54		 10	 420.208	  0	 30	 19
	 54		 11	 426.490	  0	 33	 20
	 54		 12	 426.605	  0	 33	 20
	 54		 13	 373.771	  0	 33	 20
	 54		 14	 424.612	  0	 34	 20
	 54		 15	 412.483	  0	 26	 21
	 54		 16	 420.820	  0	 26	 21
	 54		 17	 429.786	  0	 26	 21
	 54		 18	 408.563	  0	 26	 21
	 54		 19	 413.746	  0	 26	 21
	 54		 20	 422.073	  0	 26	 21
	 55		  1	 407.424	  0	 28	 16
	 55		  2	 401.477	  0	 28	 16
	 55		  3	 347.619	  0	 28	 16
	 55		  4	 403.211	  0	 31	 17
	 55		  5	 376.099	  0	 31	 17
	 55		  6	 408.228	  0	 33	 17
	 55		  7	 414.386	  0	 30	 19
	 55		  8	 404.440	  0	 30	 19
	 55		  9	 363.011	  0	 30	 19
	 55		 10	 395.431	  0	 30	 19
	 55		 11	 404.341	  0	 33	 20
	 55		 12	 414.210	  0	 33	 20
	 55		 13	 377.687	  0	 33	 20
	 55		 14	 388.559	  0	 33	 20
	 55		 15	 415.806	  0	 26	 21
	 55		 16	 412.593	  0	 26	 21
	 55		 17	 411.971	  0	 26	 21
	 55		 18	 415.571	  0	 26	 21
	 55		 19	 415.778	  0	 28	 21
	 55		 20	 413.931	  0	 26	 21
	 56		  1	 411.948	  0	 28	 16
	 56		  2	 377.066	  0	 28	 16
	 56		  3	 412.208	  0	 33	 17
	 56		  4	 409.235	  0	 33	 17
	 56		  5	 424.064	  0	 30	 19
	 56		  6	 432.433	  0	 30	 19
	 56		  7	 424.393	  0	 30	 19
	 56		  8	 401.672	  0	 33	 20
	 56		  9	 410.783	  0	 33	 20
	 56		 10	 402.917	  0	 33	 20
	 56		 11	 410.647	  0	 26	 21
	 56		 12	 411.386	  0	 26	 21
	 56		 13	 412.207	  0	 26	 21
	 56		 14	 419.995	  0	 28	 22
	 56		 15	 419.696	  0	 28	 22
	 56		 16	 399.185	  0	 28	 22
	 56		 17	 415.625	  0	 28	 22
	 56		 18	 406.802	  0	 28	 22
	 56		 19	 419.403	  0	 28	 22
	 56		 20	 406.789	  0	 28	 22
	 57		  1	 417.100	  0	 28	 16
	 57		  2	 410.081	  0	 29	 16
	 57		  3	 408.886	  0	 30	 16
	 57		  4	 415.656	  0	 33	 17
	 57		  5	 406.181	  0	 33	 17
	 57		  6	 391.550	  0	 33	 17
	 57		  7	 412.311	  0	 30	 19
	 57		  8	 401.715	  0	 30	 19
	 57		  9	 400.878	  0	 30	 19
	 57		 10	 420.700	  0	 30	 19
	 57		 11	 423.718	  0	 33	 20
	 57		 12	 379.734	  0	 35	 20
	 57		 13	 397.799	  0	 33	 20
	 57		 14	 378.699	  0	 33	 20
	 57		 15	 403.963	  0	 26	 21
	 57		 16	 400.781	  0	 26	 21
	 57		 17	 410.275	  0	 26	 21
	 57		 18	 416.167	  0	 26	 21
	 57		 19	 405.198	  0	 26	 21
	 57		 20	 425.882	  0	 26	 21
	 58		  1	 422.307	  0	 28	 16
	 58		  2	 416.418	  0	 28	 16
	 58		  3	 401.308	  0	 33	 17
	 58		  4	 361.617	  0	 33	 17
	 58		  5	 408.832	  0	 32	 19
	 58		  6	 421.014	  0	 32	 19
	 58		  7	 418.529	  0	 33	 20
	 58		  8	 415.180	  0	 33	 20
	 58		  9	 404.778	  0	 26	 21
	 58		 10	 414.296	  0	 26	 21
	 58		 11	 405.155	  0	 29	 23
	 58		 12	 410.118	  0	 29	 23
	 58		 13	 392.146	  0	 30	 24
	 58		 14	 412.090	  0	 30	 24
	 58		 15	 380.119	  0	 35	 25
	 58		 16	 404.166	  0	 35	 25
	 58		 17	 379.435	  0	 35	 25
	 58		 18	 423.929	  0	 35	 25
	 58		 19	 412.658	  0	 35	 25
	 58		 20	 314.295	  0	 35	 25
	 59		  1	 419.611	  0	 28	 16
	 59		  2	 407.112	  0	 28	 16
	 59		  3	 412.609	  0	 33	 17
	 59		  4	 415.726	  0	 33	 17
	 59		  5	 431.741	  0	 32	 19
	 59		  6	 422.195	  0	 32	 19
	 59		  7	 418.344	  0	 33	 20
	 59		  8	 401.779	  0	 33	 20
	 59		  9	 420.853	  0	 35	 20
	 59		 10	 421.759	  0	 26	 21
	 59		 11	 421.495	  0	 26	 21
	 59		 12	 415.234	  0	 26	 21
	 59		 13	 422.586	  0	 30	 24
	 59		 14	 411.438	  0	 30	 24
	 59		 15	 398.684	  0	 32	 24
	 59		 16	 427.064	  0	 35	 25
	 59		 17	 418.387	  0	 35	 25
	 59		 18	 425.957	  0	 35	 25
	 59		 19	 422.111	  0	 36	 25
	 59		 20	 426.594	  0	 35	 25
	 60		  1	 410.359	  0	 28	 16
	 60		  2	 406.021	  0	 33	 17
	 60		  3	 410.004	  0	 32	 19
	 60		  4	 417.696	  0	 32	 19
	 60		  5	 409.697	  0	 33	 20
	 60		  6	 392.233	  0	 33	 20
	 60		  7	 409.982	  0	 26	 21
	 60		  8	 392.056	  0	 26	 21
	 60		  9	 400.096	  0	 30	 24
	 60		 10	 408.231	  0	 30	 24
	 60		 11	 410.225	  0	 35	 25
	 60		 12	 412.433	  0	 35	 25
	 60		 13	 408.401	  0	 35	 26
	 60		 14	 400.472	  0	 35	 26
	 60		 15	 401.287	  0	 32	 27
	 60		 16	 389.006	  0	 32	 27
	 60		 17	 390.835	  0	 32	 27
	 60		 18	 390.643	  0	 32	 27
	 60		 19	 386.784	  0	 32	 27
	 60		 20	 387.788	  0	 32	 27
	 61		  1	 423.294	  0	 28	 16
	 61		  2	 419.247	  0	 33	 17
	 61		  3	 424.202	  0	 32	 19
	 61		  4	 422.593	  0	 33	 20
	 61		  5	 378.961	  0	 33	 20
	 61		  6	 422.437	  0	 26	 21
	 61		  7	 418.752	  0	 26	 21
	 61		  8	 425.406	  0	 30	 24
	 61		  9	 422.064	  0	 30	 24
	 61		 10	 422.703	  0	 35	 25
	 61		 11	 414.013	  0	 35	 25
	 61		 12	 404.119	  0	 32	 27
	 61		 13	 406.337	  0	 32	 27
	 61		 14	 418.710	  0	 33	 28
	 61		 15	 410.411	  0	 33	 28
	 61		 16	 408.120	  0	 33	 28
	 61		 17	 358.501	  0	 35	 28
	 61		 18	 393.658	  0	 33	 28
	 61		 19	 413.509	  0	 33	 28
	 61		 20	 412.859	  0	 33	 28
	 62		  1	 407.198	  0	 33	 17
	 62		  2	 417.116	  0	 32	 19
	 62		  3	 406.400	  0	 33	 20
	 62		  4	 402.652	  0	 33	 20
	 62		  5	 406.104	  0	 26	 21
	 62		  6	 417.248	  0	 26	 21
	 62		  7	 399.937	  0	 30	 24
	 62		  8	 408.802	  0	 30	 24
	 62		  9	 422.541	  0	 35	 25
	 62		 10	 405.854	  0	 35	 25
	 62		 11	 388.955	  0	 32	 27
	 62		 12	 246.043	  0	 32	 27
	 62		 13	 408.125	  0	 33	 28
	 62		 14	 411.726	  0	 33	 28
	 62		 15	 360.435	  0	 35	 29
	 62		 16	 404.996	  0	 35	 29
	 62		 17	 376.483	  0	 37	 29
	 62		 18	 371.525	  0	 35	 29
	 62		 19	 335.820	  0	 35	 29
	 62		 20	 362.819	  0	 35	 29
	 63		  1	 404.206	  0	 33	 17
	 63		  2	 421.675	  0	 32	 19
	 63		  3	 402.476	  0	 33	 20
	 63		  4	 404.543	  0	 33	 20
	 63		  5	 414.871	  0	 26	 21
	 63		  6	 416.071	  0	 26	 21
	 63		  7	 410.870	  0	 30	 24
	 63		  8	 413.436	  0	 30	 24
	 63		  9	 419.099	  0	 35	 25
	 63		 10	 420.504	  0	 35	 25
	 63		 11	 401.042	  0	 32	 27
	 63		 12	 400.855	  0	 33	 28
	 63		 13	 410.722	  0	 34	 28
	 63		 14	 413.357	  0	 35	 29
	 63		 15	 407.015	  0	 35	 29
	 63		 16	 407.542	  0	 35	 29
	 63		 17	 355.827	  0	 35	 29
	 63		 18	 278.205	  0	 35	 29
	 63		 19	 396.293	  0	 35	 29
	 63		 20	 401.297	  0	 35	 29
	 64		  1	 411.974	  0	 33	 17
	 64		  2	 418.778	  0	 33	 17
	 64		  3	 434.181	  0	 32	 19
	 64		  4	 429.614	  0	 32	 19
	 64		  5	 404.472	  0	 33	 20
	 64		  6	 408.739	  0	 33	 20
	 64		  7	 415.732	  0	 26	 21
	 64		  8	 419.244	  0	 26	 21
	 64		  9	 419.319	  0	 30	 24
	 64		 10	 402.145	  0	 30	 24
	 64		 11	 418.938	  0	 35	 25
	 64		 12	 354.618	  0	 35	 25
	 64		 13	 409.194	  0	 34	 28
	 64		 14	 413.016	  0	 34	 28
	 64		 15	 414.246	  0	 35	 29
	 64		 16	 370.625	  0	 35	 29
	 64		 17	 408.882	  0	 35	 29
	 64		 18	 411.336	  0	 35	 29
	 64		 19	 420.460	  0	 35	 29
	 64		 20	 398.829	  0	 35	 29
	 65		  1	 406.228	  0	 33	 17
	 65		  2	 404.572	  0	 33	 17
	 65		  3	 426.579	  0	 32	 19
	 65		  4	 412.775	  0	 32	 19
	 65		  5	 412.555	  0	 33	 20
	 65		  6	 406.689	  0	 33	 20
	 65		  7	 434.614	  0	 26	 21
	 65		  8	 407.935	  0	 26	 21
	 65		  9	 422.006	  0	 30	 24
	 65		 10	 411.509	  0	 30	 24
	 65		 11	 407.473	  0	 35	 25
	 65		 12	  64.221	  0	 37	 25
	 65		 13	 391.442	  0	 34	 28
	 65		 14	 421.439	  0	 34	 28
	 65		 15	 410.716	  0	 35	 29
	 65		 16	 404.752	  0	 35	 29
	 65		 17	 349.909	  0	 35	 29
	 65		 18	 407.141	  0	 35	 29
	 65		 19	 411.800	  0	 35	 29
	 65		 20	 386.799	  4	 35	 29
	 66		  1	 413.723	  0	 33	 17
	 66		  2	 417.903	  0	 33	 17
	 66		  3	 423.813	  0	 32	 19
	 66		  4	 435.998	  0	 32	 19
	 66		  5	 400.138	  0	 33	 20
	 66		  6	 416.648	  0	 33	 20
	 66		  7	 420.082	  0	 26	 21
	 66		  8	 421.368	  0	 26	 21
	 66		  9	 411.155	  0	 30	 24
	 66		 10	 423.588	  0	 30	 24
	 66		 11	 431.949	  0	 36	 25
	 66		 12	 417.153	  0	 37	 25
	 66		 13	 413.350	  0	 34	 28
	 66		 14	 408.324	  0	 34	 28
	 66		 15	 418.738	  0	 35	 29
	 66		 16	 410.964	  0	 35	 29
	 66		 17	 342.205	  0	 35	 29
	 66		 18	 421.071	  0	 35	 29
	 66		 19	 406.678	  0	 35	 29
	 66		 20	 386.909	  0	 35	 29
	 67		  1	 408.417	  0	 33	 17
	 67		  2	 400.773	  0	 33	 17
	 67		  3	 412.884	  0	 32	 19
	 67		  4	 423.731	  0	 32	 19
	 67		  5	 407.451	  0	 33	 20
	 67		  6	 406.304	  1	 33	 20
	 67		  7	 410.441	  0	 26	 21
	 67		  8	 348.364	  0	 26	 21
	 67		  9	 421.823	  0	 30	 24
	 67		 10	 410.608	  0	 30	 24
	 67		 11	 405.080	  0	 36	 25
	 67		 12	 415.603	  0	 37	 25
	 67		 13	 411.655	  0	 34	 28
	 67		 14	 397.751	  0	 34	 28
	 67		 15	 398.609	  0	 35	 29
	 67		 16	 392.370	  0	 35	 29
	 67		 17	 352.001	  0	 35	 29
	 67		 18	 398.896	  0	 35	 29
	 67		 19	 397.918	  0	 35	 29
	 67		 20	 395.222	  0	 36	 29
	 68		  1	 404.037	  0	 32	 19
	 68		  2	 419.744	  0	 32	 19
	 68		  3	 404.275	  0	 32	 19
	 68		  4	 404.586	  0	 33	 20
	 68		  5	 233.709	  0	 33	 20
	 68		  6	 404.871	  0	 33	 20
	 68		  7	 411.594	  0	 26	 21
	 68		  8	 400.851	  0	 26	 21
	 68		  9	 402.731	  0	 26	 21
	 68		 10	 403.534	  0	 30	 24
	 68		 11	 400.100	  0	 30	 24
	 68		 12	 392.854	  0	 30	 24
	 68		 13	 406.094	  0	 37	 25
	 68		 14	 405.310	  0	 37	 25
	 68		 15	 400.834	  0	 37	 25
	 68		 16	 401.955	  0	 34	 28
	 68		 17	 405.354	  0	 34	 28
	 68		 18	 403.659	  0	 34	 28
	 68		 19	 384.176	  0	 34	 28
	 68		 20	 405.948	  0	 34	 28
	 69		  1	 434.829	  0	 32	 19
	 69		  2	 413.267	  0	 32	 19
	 69		  3	 407.149	  0	 32	 19
	 69		  4	 396.331	  0	 33	 20
	 69		  5	 406.093	  0	 33	 20
	 69		  6	 400.865	  0	 26	 21
	 69		  7	 416.108	  0	 26	 21
	 69		  8	 418.927	  0	 26	 21
	 69		  9	 410.400	  0	 30	 24
	 69		 10	 390.512	  0	 30	 24
	 69		 11	 409.384	  0	 30	 24
	 69		 12	 429.313	  0	 37	 25
	 69		 13	 415.206	  0	 37	 25
	 69		 14	 410.616	  0	 37	 25
	 69		 15	 417.760	  0	 31	 28
	 69		 16	 419.088	  0	 31	 28
	 69		 17	 419.407	  0	 31	 28
	 69		 18	 412.612	  0	 31	 28
	 69		 19	 419.434	  0	 31	 28
	 69		 20	 411.835	  0	 31	 28
	 70		  1	 427.451	  0	 32	 19
	 70		  2	 424.503	  0	 32	 19
	 70		  3	 427.788	  0	 32	 19
	 70		  4	 403.758	  0	 33	 20
	 70		  5	 397.546	  0	 33	 20
	 70		  6	 278.066	  0	 33	 20
	 70		  7	 396.501	  0	 26	 21
	 70		  8	 413.794	  0	 26	 21
	 70		  9	 415.779	  0	 26	 21
	 70		 10	 421.002	  0	 30	 24
	 70		 11	 421.775	  0	 30	 24
	 70		 12	 421.691	  0	 30	 24
	 70		 13	 415.316	  0	 37	 25
	 70		 14	 397.264	  0	 37	 25
	 70		 15	 403.783	  0	 37	 25
	 70		 16	 415.448	  0	 31	 28
	 70		 17	 358.869	  0	 31	 28
	 70		 18	 364.307	  0	 31	 28
	 70		 19	 332.741	  0	 31	 28
	 70		 20	 363.498	  0	 31	 28
	 71		  1	 420.755	  0	 32	 19
	 71		  2	 377.241	  0	 32	 19
	 71		  3	 421.493	  0	 32	 19
	 71		  4	 407.650	  0	 33	 20
	 71		  5	 406.407	  0	 33	 20
	 71		  6	 403.905	  0	 33	 20
	 71		  7	 419.623	  0	 26	 21
	 71		  8	 412.801	  0	 26	 21
	 71		  9	 390.241	  0	 26	 21
	 71		 10	 412.329	  0	 30	 24
	 71		 11	 415.527	  0	 30	 24
	 71		 12	 412.565	  0	 30	 24
	 71		 13	 413.802	  0	 37	 25
	 71		 14	 413.558	  0	 37	 25
	 71		 15	 414.984	  0	 37	 25
	 71		 16	 414.177	  0	 31	 28
	 71		 17	 387.527	  0	 31	 28
	 71		 18	 303.640	  0	 31	 28
	 71		 19	 416.947	  0	 31	 28
	 71		 20	 424.197	  0	 31	 28
	 72		  1	 425.943	  0	 32	 19
	 72		  2	 433.425	  0	 32	 19
	 72		  3	 419.055	  0	 32	 19
	 72		  4	 415.787	  0	 33	 20
	 72		  5	 322.884	  0	 34	 20
	 72		  6	 405.540	  0	 33	 20
	 72		  7	 423.856	  0	 26	 21
	 72		  8	 411.799	  0	 26	 21
	 72		  9	 419.290	  0	 26	 21
	 72		 10	 398.882	  0	 30	 24
	 72		 11	 399.816	  0	 30	 24
	 72		 12	 401.323	  0	 30	 24
	 72		 13	 419.402	  0	 37	 25
	 72		 14	 406.240	  0	 37	 25
	 72		 15	 413.088	  0	 37	 25
	 72		 16	 417.749	  0	 31	 28
	 72		 17	 408.714	  0	 31	 28
	 72		 18	 405.720	  0	 31	 28
	 72		 19	 416.748	  0	 31	 28
	 72		 20	 186.710	  0	 31	 28
	 73		  1	 430.035	  0	 32	 19
	 73		  2	 414.108	  0	 32	 19
	 73		  3	 411.775	  0	 32	 19
	 73		  4	 415.828	  0	 32	 19
	 73		  5	 427.483	  0	 32	 19
	 73		  6	 433.108	  0	 31	 20
	 73		  7	 408.842	  0	 31	 20
	 73		  8	 433.568	  0	 31	 20
	 73		  9	 427.544	  0	 31	 20
	 73		 10	 423.256	  0	 26	 21
	 73		 11	 419.838	  0	 26	 21
	 73		 12	 420.053	  0	 26	 21
	 73		 13	 422.800	  0	 26	 21
	 73		 14	 417.242	  0	 26	 21
	 73		 15	 417.792	  0	 37	 25
	 73		 16	 412.662	  0	 37	 25
	 73		 17	 254.144	  0	 37	 25
	 73		 18	 414.553	  0	 37	 25
	 73		 19	 421.476	  0	 37	 25
	 73		 20	 424.908	  0	 37	 25
	 74		  1	 424.234	  0	 32	 19
	 74		  2	 423.945	  0	 32	 19
	 74		  3	 426.605	  0	 32	 19
	 74		  4	 409.134	  0	 32	 19
	 74		  5	 428.417	  0	 32	 19
	 74		  6	 427.400	  0	 31	 20
	 74		  7	 422.092	  0	 31	 20
	 74		  8	 412.188	  0	 31	 20
	 74		  9	 401.874	  0	 31	 20
	 74		 10	 425.059	  0	 31	 20
	 74		 11	 420.052	  0	 26	 21
	 74		 12	 419.028	  0	 26	 21
	 74		 13	 410.816	  0	 26	 21
	 74		 14	 412.996	  0	 26	 21
	 74		 15	 407.253	  0	 26	 21
	 74		 16	 417.167	  0	 37	 25
	 74		 17	 389.565	  0	 37	 25
	 74		 18	 399.912	  0	 37	 25
	 74		 19	 428.899	  0	 37	 25
	 74		 20	 396.837	  0	 37	 25
	 75		  1	 425.438	  0	 32	 19
	 75		  2	 412.909	  0	 32	 19
	 75		  3	 417.921	  0	 32	 19
	 75		  4	 404.540	  0	 31	 20
	 75		  5	 398.184	  0	 32	 20
	 75		  6	 413.030	  0	 31	 20
	 75		  7	 413.016	  0	 26	 21
	 75		  8	 404.018	  0	 26	 21
	 75		  9	 409.784	  0	 26	 21
	 75		 10	 420.091	  0	 37	 25
	 75		 11	 384.769	  0	 37	 25
	 75		 12	 412.816	  0	 37	 25
	 75		 13	 416.044	  0	 30	 30
	 75		 14	 353.335	  0	 30	 30
	 75		 15	 321.936	  0	 30	 30
	 75		 16	 413.518	  0	 30	 30
	 75		 17	 411.275	  0	 30	 30
	 75		 18	 420.336	  0	 30	 30
	 75		 19	 378.490	  0	 30	 30
	 75		 20	 408.605	  0	 30	 30
	 76		  1	 427.402	  0	 32	 19
	 76		  2	 422.322	  0	 32	 19
	 76		  3	 419.855	  0	 32	 19
	 76		  4	 425.957	  0	 31	 20
	 76		  5	 425.359	  0	 31	 20
	 76		  6	 432.721	  0	 31	 20
	 76		  7	 424.366	  0	 26	 21
	 76		  8	 423.495	  0	 26	 21
	 76		  9	 417.245	  0	 26	 21
	 76		 10	 426.331	  0	 37	 25
	 76		 11	 420.005	  0	 37	 25
	 76		 12	 414.848	  0	 37	 25
	 76		 13	 419.394	  0	 30	 30
	 76		 14	 361.804	  0	 30	 30
	 76		 15	 416.000	  0	 30	 30
	 76		 16	 415.168	  0	 30	 30
	 76		 17	 414.037	  0	 30	 30
	 76		 18	 385.207	  0	 30	 30
	 76		 19	 423.503	  0	 30	 30
	 76		 20	 421.485	  0	 30	 30
	 77		  1	 423.238	  0	 32	 19
	 77		  2	 389.796	  0	 32	 19
	 77		  3	 422.811	  0	 32	 19
	 77		  4	 411.020	  0	 31	 20
	 77		  5	 416.291	  0	 31	 20
	 77		  6	 426.315	  0	 31	 20
	 77		  7	 420.306	  0	 31	 20
	 77		  8	 422.990	  0	 26	 21
	 77		  9	 413.100	  0	 26	 21
	 77		 10	 402.811	  0	 26	 21
	 77		 11	 417.252	  0	 37	 25
	 77		 12	 405.140	  0	 37	 25
	 77		 13	 339.641	  0	 37	 25
	 77		 14	 426.513	  0	 30	 30
	 77		 15	 417.733	  0	 30	 30
	 77		 16	 413.598	  0	 30	 30
	 77		 17	 426.915	  0	 30	 30
	 77		 18	 426.167	  0	 30	 30
	 77		 19	 422.941	  0	 30	 30
	 77		 20	 406.476	  0	 30	 30
	 78		  1	 428.689	  0	 32	 19
	 78		  2	 221.566	  0	 32	 19
	 78		  3	 426.923	  0	 32	 19
	 78		  4	 424.850	  0	 31	 20
	 78		  5	 420.145	  0	 31	 20
	 78		  6	 410.648	  0	 32	 20
	 78		  7	 412.408	  0	 26	 21
	 78		  8	 404.127	  0	 26	 21
	 78		  9	 411.356	  0	 26	 21
	 78		 10	 416.161	  0	 37	 25
	 78		 11	 407.028	  0	 37	 25
	 78		 12	 415.750	  0	 37	 25
	 78		 13	 421.482	  0	 30	 30
	 78		 14	 416.161	  0	 30	 30
	 78		 15	 420.482	  0	 30	 30
	 78		 16	 420.387	  0	 30	 30
	 78		 17	 418.481	  0	 31	 30
	 78		 18	 398.790	  0	 30	 30
	 78		 19	 392.593	  0	 30	 30
	 78		 20	 423.676	  0	 30	 30
	 79		  1	 430.185	  0	 32	 19
	 79		  2	 433.155	  0	 32	 19
	 79		  3	 325.224	  0	 32	 19
	 79		  4	 434.313	  0	 31	 20
	 79		  5	 433.369	  0	 31	 20
	 79		  6	 425.706	  0	 31	 20
	 79		  7	 431.578	  0	 31	 20
	 79		  8	 428.564	  0	 26	 21
	 79		  9	 415.119	  0	 26	 21
	 79		 10	 420.648	  0	 26	 21
	 79		 11	 429.484	  0	 37	 25
	 79		 12	 419.593	  0	 37	 25
	 79		 13	 406.959	  0	 37	 25
	 79		 14	 427.926	  0	 30	 30
	 79		 15	 404.388	  0	 30	 30
	 79		 16	 425.678	  0	 30	 30
	 79		 17	 421.884	  0	 30	 30
	 79		 18	 417.233	  0	 30	 30
	 79		 19	 426.134	  0	 30	 30
	 79		 20	 414.974	  0	 30	 30
	 80		  1	 431.121	  0	 32	 19
	 80		  2	 407.752	  0	 32	 19
	 80		  3	 423.048	  0	 32	 19
	 80		  4	 434.834	  0	 31	 20
	 80		  5	 437.123	  0	 31	 20
	 80		  6	 386.935	  0	 31	 20
	 80		  7	 438.513	  0	 31	 20
	 80		  8	 416.542	  0	 26	 21
	 80		  9	 404.504	  0	 26	 21
	 80		 10	 412.014	  0	 26	 21
	 80		 11	 408.357	  0	 37	 25
	 80		 12	 364.894	  0	 37	 25
	 80		 13	 396.412	  0	 37	 25
	 80		 14	 424.724	  0	 30	 30
	 80		 15	 392.302	  0	 30	 30
	 80		 16	 399.814	  0	 30	 30
	 80		 17	 421.874	  0	 30	 30
	 80		 18	 414.739	  0	 30	 30
	 80		 19	 409.385	  0	 33	 30
	 80		 20	 394.540	  0	 30	 30
	 81		  1	 427.516	  0	 34	 19
	 81		  2	 417.334	  0	 34	 19
	 81		  3	 428.170	  0	 34	 19
	 81		  4	 428.800	  0	 34	 19
	 81		  5	 429.672	  0	 31	 20
	 81		  6	 426.038	  0	 31	 20
	 81		  7	 426.681	  0	 31	 20
	 81		  8	 419.206	  0	 32	 20
	 81		  9	 423.981	  0	 26	 21
	 81		 10	 409.133	  0	 26	 21
	 81		 11	 425.698	  0	 26	 21
	 81		 12	 426.709	  0	 33	 25
	 81		 13	 360.542	  0	 33	 25
	 81		 14	 425.021	  0	 33	 25
	 81		 15	 427.153	  0	 30	 30
	 81		 16	 348.549	  0	 30	 30
	 81		 17	 406.421	  0	 30	 30
	 81		 18	 428.258	  0	 30	 30
	 81		 19	 404.214	  0	 30	 30
	 81		 20	 425.040	  0	 30	 30
	 82		  1	 429.088	  0	 32	 19
	 82		  2	 388.502	  0	 32	 19
	 82		  3	 423.936	  0	 32	 19
	 82		  4	 329.383	  0	 33	 19
	 82		  5	 423.628	  0	 32	 19
	 82		  6	 420.910	  0	 32	 19
	 82		  7	 432.784	  0	 31	 20
	 82		  8	 421.472	  0	 31	 20
	 82		  9	 416.761	  0	 31	 20
	 82		 10	 432.822	  0	 31	 20
	 82		 11	 421.117	  0	 31	 20
	 82		 12	 431.107	  0	 31	 20
	 82		 13	 425.243	  0	 30	 30
	 82		 14	 408.599	  0	 30	 30
	 82		 15	 426.220	  0	 30	 30
	 82		 16	 424.939	  0	 30	 30
	 82		 17	 413.291	  0	 30	 30
	 82		 18	 411.070	  0	 30	 30
	 82		 19	 414.308	  0	 31	 30
	 82		 20	 427.531	  0	 30	 30
	 83		  1	 422.573	  0	 32	 19
	 83		  2	 415.808	  0	 32	 19
	 83		  3	 420.446	  0	 32	 19
	 83		  4	 424.668	  0	 32	 19
	 83		  5	 410.627	  0	 32	 19
	 83		  6	 415.418	  0	 32	 19
	 83		  7	 423.789	  0	 31	 20
	 83		  8	 399.320	  0	 31	 20
	 83		  9	 412.589	  0	 31	 20
	 83		 10	 423.900	  0	 31	 20
	 83		 11	 362.639	  0	 31	 20
	 83		 12	 407.169	  0	 31	 20
	 83		 13	 412.704	  0	 30	 30
	 83		 14	 409.420	  0	 30	 30
	 83		 15	 413.761	  0	 30	 30
	 83		 16	 396.189	  0	 30	 30
	 83		 17	 422.314	  0	 30	 30
	 83		 18	 404.904	  0	 30	 30
	 83		 19	 411.974	  0	 30	 30
	 83		 20	 288.476	  0	 30	 30
	 84		  1	 417.466	  0	 32	 19
	 84		  2	 417.221	  0	 32	 19
	 84		  3	 413.596	  0	 32	 19
	 84		  4	 424.048	  0	 32	 19
	 84		  5	 408.057	  0	 32	 19
	 84		  6	 421.377	  0	 32	 19
	 84		  7	 417.185	  0	 31	 20
	 84		  8	 417.215	  0	 31	 20
	 84		  9	 411.741	  0	 31	 20
	 84		 10	 419.644	  0	 31	 20
	 84		 11	 416.059	  0	 31	 20
	 84		 12	 418.970	  0	 31	 20
	 84		 13	 427.285	  0	 30	 30
	 84		 14	 423.421	  0	 30	 30
	 84		 15	 425.972	  0	 30	 30
	 84		 16	 412.983	  0	 31	 30
	 84		 17	 417.474	  0	 32	 30
	 84		 18	 394.866	  0	 30	 30
	 84		 19	 367.238	  0	 30	 30
	 84		 20	 381.493	  0	 30	 30
	 85		  1	 421.070	  0	 32	 19
	 85		  2	 420.985	  0	 32	 19
	 85		  3	 403.370	  0	 32	 19
	 85		  4	 426.153	  0	 32	 19
	 85		  5	 332.021	  0	 32	 19
	 85		  6	 426.639	  0	 32	 19
	 85		  7	 418.521	  0	 31	 20
	 85		  8	 415.846	  0	 31	 20
	 85		  9	 416.264	  0	 31	 20
	 85		 10	 417.184	  0	 33	 20
	 85		 11	 412.876	  0	 31	 20
	 85		 12	 418.219	  0	 31	 20
	 85		 13	 420.841	  0	 30	 30
	 85		 14	 361.981	  0	 30	 30
	 85		 15	 420.515	  0	 30	 30
	 85		 16	 421.929	  0	 30	 30
	 85		 17	 411.331	  0	 30	 30
	 85		 18	 390.238	  0	 30	 30
	 85		 19	 286.570	  0	 30	 30
	 85		 20	 344.672	  0	 30	 30
	 86		  1	 420.265	  0	 32	 19
	 86		  2	 392.966	  0	 32	 19
	 86		  3	 391.230	  0	 32	 19
	 86		  4	 410.627	  0	 32	 19
	 86		  5	 436.043	  0	 31	 20
	 86		  6	 416.906	  0	 31	 20
	 86		  7	 432.472	  0	 31	 20
	 86		  8	 413.316	  0	 31	 20
	 86		  9	 426.321	  0	 30	 30
	 86		 10	 329.103	  0	 30	 30
	 86		 11	 372.676	  0	 30	 30
	 86		 12	 420.064	  0	 31	 30
	 86		 13	 433.821	  0	 33	 31
	 86		 14	 406.862	  0	 33	 31
	 86		 15	 386.972	  0	 33	 31
	 86		 16	 435.649	  0	 33	 31
	 86		 17	 434.395	  0	 33	 31
	 86		 18	 433.801	  0	 33	 31
	 86		 19	 369.641	  0	 33	 31
	 86		 20	 434.427	  0	 33	 31
	 87		  1	 416.485	  0	 32	 19
	 87		  2	 420.938	  0	 32	 19
	 87		  3	 389.522	  0	 32	 19
	 87		  4	 411.090	  0	 32	 19
	 87		  5	 431.480	  0	 31	 20
	 87		  6	 432.446	  0	 31	 20
	 87		  7	 428.531	  0	 31	 20
	 87		  8	 420.093	  0	 31	 20
	 87		  9	 430.370	  0	 30	 30
	 87		 10	 384.160	  0	 30	 30
	 87		 11	 421.974	  0	 30	 30
	 87		 12	 430.787	  0	 30	 30
	 87		 13	 421.400	  0	 33	 31
	 87		 14	 411.260	  0	 33	 31
	 87		 15	 424.799	  0	 33	 31
	 87		 16	 418.714	  0	 33	 31
	 87		 17	 417.020	  0	 33	 31
	 87		 18	 423.565	  0	 33	 31
	 87		 19	 411.112	  0	 33	 31
	 87		 20	 426.535	  0	 33	 31
	 88		  1	 429.176	  0	 32	 19
	 88		  2	 401.005	  0	 32	 19
	 88		  3	 341.347	  0	 32	 19
	 88		  4	  90.410	  0	 32	 19
	 88		  5	 429.719	  0	 31	 20
	 88		  6	 431.000	  0	 31	 20
	 88		  7	 418.453	  0	 31	 20
	 88		  8	 430.958	  0	 31	 20
	 88		  9	 422.687	  0	 30	 30
	 88		 10	 416.712	  0	 30	 30
	 88		 11	 418.583	  0	 30	 30
	 88		 12	 416.611	  0	 30	 30
	 88		 13	 426.018	  0	 33	 31
	 88		 14	 403.944	  0	 33	 31
	 88		 15	 415.075	  0	 33	 31
	 88		 16	 420.130	  0	 34	 31
	 88		 17	 418.131	  0	 33	 31
	 88		 18	 424.899	  0	 33	 31
	 88		 19	 411.002	  0	 33	 31
	 88		 20	 423.268	  0	 33	 31
	 89		  1	 422.304	  0	 32	 19
	 89		  2	 412.693	  0	 32	 19
	 89		  3	 421.143	  0	 31	 20
	 89		  4	 422.639	  0	 31	 20
	 89		  5	 425.971	  0	 31	 20
	 89		  6	 417.872	  0	 30	 30
	 89		  7	 390.765	  0	 30	 30
	 89		  8	 343.637	  0	 30	 30
	 89		  9	 416.898	  0	 33	 31
	 89		 10	 411.835	  0	 33	 31
	 89		 11	 413.987	  0	 33	 31
	 89		 12	 424.211	  0	 33	 31
	 89		 13	 423.294	  0	 30	 32
	 89		 14	 422.774	  0	 30	 32
	 89		 15	 398.662	  0	 30	 32
	 89		 16	 407.572	  0	 30	 32
	 89		 17	 404.665	  0	 30	 32
	 89		 18	 411.247	  0	 30	 32
	 89		 19	 401.408	  0	 30	 32
	 89		 20	 425.368	  0	 30	 32
	 90		  1	 431.340	  0	 32	 19
	 90		  2	 432.727	  0	 32	 19
	 90		  3	 422.448	  0	 31	 20
	 90		  4	 416.898	  0	 31	 20
	 90		  5	 424.754	  0	 30	 30
	 90		  6	 418.329	  0	 30	 30
	 90		  7	 424.867	  0	 33	 31
	 90		  8	 397.520	  0	 33	 31
	 90		  9	  91.836	  0	 33	 31
	 90		 10	 427.261	  0	 30	 32
	 90		 11	 430.069	  0	 30	 32
	 90		 12	 427.207	  0	 30	 32
	 90		 13	 419.549	  0	 32	 33
	 90		 14	 395.970	  0	 32	 33
	 90		 15	 418.689	  0	 32	 33
	 90		 16	 413.225	  0	 32	 33
	 90		 17	 387.960	  0	 32	 33
	 90		 18	 294.963	  0	 32	 33
	 90		 19	 385.546	  0	 32	 33
	 90		 20	 422.848	  0	 32	 33
	 91		  1	 423.089	  0	 32	 19
	 91		  2	 428.344	  0	 33	 19
	 91		  3	 438.701	  0	 31	 20
	 91		  4	 432.992	  0	 31	 20
	 91		  5	 432.772	  0	 31	 20
	 91		  6	 423.415	  0	 30	 30
	 91		  7	 338.237	  0	 30	 30
	 91		  8	 404.916	  0	 30	 30
	 91		  9	 430.782	  0	 33	 31
	 91		 10	 415.490	  0	 33	 31
	 91		 11	 427.144	  0	 30	 32
	 91		 12	 343.235	  0	 30	 32
	 91		 13	 427.196	  0	 31	 32
	 91		 14	 367.434	  0	 31	 32
	 91		 15	 421.629	  0	 32	 33
	 91		 16	 415.282	  0	 32	 33
	 91		 17	 382.152	  0	 32	 33
	 91		 18	 416.104	  0	 32	 33
	 91		 19	 413.946	  0	 32	 33
	 91		 20	 417.136	  0	 32	 33
	 92		  1	 419.185	  0	 33	 19
	 92		  2	 404.366	  0	 33	 19
	 92		  3	 408.654	  0	 33	 19
	 92		  4	 421.368	  0	 31	 20
	 92		  5	 228.799	  0	 31	 20
	 92		  6	 425.724	  0	 31	 20
	 92		  7	 403.540	  0	 30	 30
	 92		  8	 407.012	  0	 30	 30
	 92		  9	 395.283	  0	 33	 31
	 92		 10	 207.918	  0	 33	 31
	 92		 11	 374.189	  0	 33	 31
	 92		 12	 421.904	  0	 30	 32
	 92		 13	 420.099	  0	 30	 32
	 92		 14	 414.822	  0	 30	 32
	 92		 15	 386.089	  0	 32	 33
	 92		 16	 393.901	  0	 32	 33
	 92		 17	 364.341	  0	 32	 33
	 92		 18	 384.081	  0	 33	 33
	 92		 19	 393.552	  0	 32	 33
	 92		 20	  13.481	  0	 32	 33
	 93		  1	 412.734	  0	 33	 19
	 93		  2	 177.409	  0	 33	 19
	 93		  3	 386.844	  0	 33	 19
	 93		  4	 421.237	  0	 31	 20
	 93		  5	 387.443	  0	 32	 20
	 93		  6	 378.408	  0	 31	 20
	 93		  7	 413.312	  0	 30	 30
	 93		  8	 411.841	  0	 30	 30
	 93		  9	 399.963	  0	 30	 30
	 93		 10	 408.688	  0	 33	 31
	 93		 11	 395.871	  0	 33	 31
	 93		 12	 427.032	  0	 33	 31
	 93		 13	 422.433	  0	 30	 32
	 93		 14	 394.244	  0	 30	 32
	 93		 15	 423.863	  0	 30	 32
	 93		 16	 415.580	  0	 30	 32
	 93		 17	 418.765	  0	 30	 32
	 93		 18	 419.513	  0	 30	 32
	 93		 19	 423.243	  0	 30	 32
	 93		 20	 407.963	  0	 30	 32
	 94		  1	 416.040	  0	 33	 19
	 94		  2	 394.106	  0	 33	 19
	 94		  3	 364.996	  0	 33	 19
	 94		  4	 424.609	  0	 31	 20
	 94		  5	 397.891	  0	 31	 20
	 94		  6	 426.346	  0	 31	 20
	 94		  7	 422.541	  0	 30	 30
	 94		  8	 417.049	  0	 30	 30
	 94		  9	 406.541	  0	 30	 30
	 94		 10	 430.328	  0	 33	 31
	 94		 11	 430.036	  0	 33	 31
	 94		 12	 426.409	  0	 33	 31
	 94		 13	 421.958	  0	 33	 31
	 94		 14	 417.480	  0	 30	 32
	 94		 15	 414.567	  0	 30	 32
	 94		 16	 419.770	  0	 30	 32
	 94		 17	 420.624	  0	 30	 32
	 94		 18	 406.301	  0	 30	 32
	 94		 19	 420.550	  0	 32	 32
	 94		 20	 422.183	  0	 31	 32
	 95		  1	 436.033	  0	 33	 19
	 95		  2	 430.061	  0	 33	 19
	 95		  3	 411.945	  0	 33	 19
	 95		  4	 420.889	  0	 31	 20
	 95		  5	 374.428	  0	 31	 20
	 95		  6	 378.632	  0	 31	 20
	 95		  7	 427.734	  0	 33	 31
	 95		  8	 426.152	  0	 33	 31
	 95		  9	 426.693	  0	 33	 31
	 95		 10	 404.011	  0	 33	 31
	 95		 11	 413.335	  0	 30	 32
	 95		 12	 360.478	  0	 30	 32
	 95		 13	 404.915	  0	 30	 32
	 95		 14	 415.653	  0	 30	 32
	 95		 15	 422.022	  0	 34	 34
	 95		 16	 419.667	  0	 34	 34
	 95		 17	 404.353	  0	 34	 34
	 95		 18	 365.241	  0	 34	 34
	 95		 19	 380.137	  0	 36	 34
	 95		 20	 424.168	  0	 34	 34
