# Evoluation started on 2016/11/24 11:13:36
# Generation	   Individual 	   Fitness 	 SecondFitness 	  Size		SpecieID
	  0		  1	 123.504	  0	 26	 -1
	  0		  2	 168.790	  5	 26	 -1
	  0		  3	 210.787	  0	 26	 -1
	  0		  4	  98.310	  0	 26	 -1
	  0		  5	 223.377	  0	 26	 -1
	  0		  6	  71.324	  0	 26	 -1
	  0		  7	 141.944	  0	 26	 -1
	  0		  8	 132.486	 50	 26	 -1
	  0		  9	 155.271	  0	 26	 -1
	  0		 10	 156.493	  0	 26	 -1
	  0		 11	  77.339	 35	 26	 -1
	  0		 12	  86.407	171	 26	 -1
	  0		 13	  99.782	 12	 26	 -1
	  0		 14	 227.678	  0	 26	 -1
	  0		 15	 171.655	 56	 26	 -1
	  0		 16	 184.171	 72	 26	 -1
	  0		 17	 178.770	  0	 26	 -1
	  0		 18	 137.054	 85	 26	 -1
	  0		 19	  93.308	113	 26	 -1
	  0		 20	  72.001	  0	 26	 -1
	  1		  1	 233.862	  0	 26	  1
	  1		  2	 179.125	163	 26	  1
	  1		  3	 234.206	  0	 26	  1
	  1		  4	 200.937	  0	 26	  1
	  1		  5	 230.455	  2	 26	  1
	  1		  6	 210.676	  6	 26	  1
	  1		  7	 183.583	 98	 26	  1
	  1		  8	 174.305	  0	 26	  1
	  1		  9	 200.604	 86	 26	  1
	  1		 10	 155.754	 75	 26	  1
	  1		 11	 191.933	  0	 26	  1
	  1		 12	 180.953	  0	 26	  1
	  1		 13	  84.976	252	 26	  1
	  1		 14	 217.134	  0	 26	  1
	  1		 15	 245.025	  0	 26	  1
	  1		 16	 152.854	  4	 26	  1
	  1		 17	 162.433	  0	 26	  1
	  1		 18	 207.880	 82	 26	  1
	  1		 19	  93.819	  0	 26	  1
	  1		 20	 199.292	  0	 26	  1
	  2		  1	 263.459	  0	 26	  1
	  2		  2	 243.538	  0	 28	  1
	  2		  3	 239.199	  0	 26	  1
	  2		  4	 246.117	  0	 26	  1
	  2		  5	 248.766	  0	 26	  1
	  2		  6	 259.451	  0	 26	  1
	  2		  7	  68.454	397	 26	  1
	  2		  8	 248.046	  5	 26	  1
	  2		  9	 293.053	  0	 26	  1
	  2		 10	 254.883	  0	 26	  1
	  2		 11	 161.997	  0	 26	  1
	  2		 12	 241.983	  0	 26	  1
	  2		 13	 240.947	  0	 26	  1
	  2		 14	 207.599	  0	 26	  1
	  2		 15	 227.117	  0	 26	  1
	  2		 16	 287.105	  2	 26	  1
	  2		 17	 259.656	  0	 26	  1
	  2		 18	 251.452	  0	 26	  1
	  2		 19	 252.389	  0	 26	  1
	  2		 20	 253.578	  0	 26	  1
	  3		  1	 209.719	  0	 26	  1
	  3		  2	 218.596	  3	 26	  1
	  3		  3	 237.204	  3	 26	  1
	  3		  4	 198.881	  0	 26	  1
	  3		  5	 199.870	 14	 26	  1
	  3		  6	 194.819	 88	 26	  1
	  3		  7	 223.264	 98	 26	  1
	  3		  8	 198.252	  0	 26	  1
	  3		  9	 296.088	  3	 26	  1
	  3		 10	 186.080	  0	 28	  2
	  3		 11	 178.165	  0	 28	  2
	  3		 12	 183.336	 66	 28	  2
	  3		 13	 185.415	 17	 28	  2
	  3		 14	  28.954	387	 28	  2
	  3		 15	 178.054	 52	 28	  2
	  3		 16	 166.715	  0	 28	  2
	  3		 17	 195.522	 20	 28	  2
	  3		 18	 192.923	  0	 29	  2
	  3		 19	 184.658	 58	 28	  2
	  3		 20	 176.681	  3	 29	  2
	  4		  1	 308.272	  2	 26	  1
	  4		  2	 219.656	 65	 26	  1
	  4		  3	 277.633	 10	 26	  1
	  4		  4	 299.749	  0	 26	  1
	  4		  5	 316.285	  2	 26	  1
	  4		  6	 319.599	  2	 26	  1
	  4		  7	 286.806	 12	 26	  1
	  4		  8	  91.093	270	 26	  1
	  4		  9	 289.928	 13	 26	  1
	  4		 10	 327.094	  0	 26	  1
	  4		 11	 292.803	  2	 26	  1
	  4		 12	 176.023	 86	 28	  2
	  4		 13	 223.946	  0	 28	  2
	  4		 14	 161.120	111	 28	  2
	  4		 15	 188.015	 65	 28	  2
	  4		 16	 156.852	 83	 28	  2
	  4		 17	 246.611	  0	 28	  2
	  4		 18	 164.199	 73	 28	  2
	  4		 19	 166.985	101	 28	  2
	  4		 20	 151.695	101	 28	  2
	  5		  1	 290.098	  6	 26	  1
	  5		  2	 172.354	 28	 26	  1
	  5		  3	 265.852	  5	 26	  1
	  5		  4	 309.454	  0	 26	  1
	  5		  5	 275.967	  2	 26	  1
	  5		  6	 246.307	  0	 26	  1
	  5		  7	 195.379	  0	 26	  1
	  5		  8	 268.847	  4	 26	  1
	  5		  9	 259.869	  7	 26	  1
	  5		 10	 268.328	  0	 26	  1
	  5		 11	 296.057	  0	 26	  1
	  5		 12	 172.698	 56	 28	  2
	  5		 13	 188.283	  0	 28	  2
	  5		 14	 175.208	 42	 28	  2
	  5		 15	 188.958	 27	 28	  2
	  5		 16	 178.610	 22	 28	  2
	  5		 17	 203.904	  6	 28	  2
	  5		 18	 236.222	  0	 28	  2
	  5		 19	 164.360	 51	 30	  2
	  5		 20	 179.153	 36	 28	  2
	  6		  1	 261.648	  0	 26	  1
	  6		  2	 254.256	 11	 26	  1
	  6		  3	 252.454	  0	 26	  1
	  6		  4	 252.225	  1	 26	  1
	  6		  5	 302.297	  1	 26	  1
	  6		  6	 269.865	  3	 26	  1
	  6		  7	 295.751	  6	 26	  1
	  6		  8	 256.471	  1	 26	  1
	  6		  9	 221.096	 59	 28	  2
	  6		 10	 238.435	  9	 28	  2
	  6		 11	 238.224	 57	 28	  2
	  6		 12	 208.950	  0	 28	  2
	  6		 13	 253.851	  0	 28	  2
	  6		 14	 231.135	  0	 28	  2
	  6		 15	 208.100	 70	 30	  3
	  6		 16	 264.399	  0	 30	  3
	  6		 17	 246.028	  7	 30	  3
	  6		 18	 113.168	188	 30	  3
	  6		 19	 195.942	  0	 30	  3
	  6		 20	 214.270	  9	 31	  3
	  7		  1	 285.157	  8	 26	  1
	  7		  2	 248.395	 92	 26	  1
	  7		  3	 305.474	  3	 26	  1
	  7		  4	 278.106	 97	 26	  1
	  7		  5	 301.003	 63	 26	  1
	  7		  6	 227.428	 43	 28	  2
	  7		  7	 277.281	  0	 28	  2
	  7		  8	 202.622	  0	 28	  2
	  7		  9	 218.706	  0	 28	  2
	  7		 10	 254.650	  0	 30	  3
	  7		 11	 244.469	 51	 30	  3
	  7		 12	 235.439	  0	 30	  3
	  7		 13	 324.297	  0	 28	  4
	  7		 14	 309.749	  2	 28	  4
	  7		 15	 285.903	  0	 28	  4
	  7		 16	 336.411	  3	 28	  4
	  7		 17	 221.720	  0	 28	  4
	  7		 18	 315.816	  3	 28	  4
	  7		 19	 331.625	  0	 28	  4
	  7		 20	 291.944	  0	 28	  4
	  8		  1	 353.042	  0	 26	  1
	  8		  2	 353.508	  0	 26	  1
	  8		  3	 334.541	  0	 26	  1
	  8		  4	 350.909	  0	 26	  1
	  8		  5	 328.836	  0	 26	  1
	  8		  6	 271.684	  0	 28	  2
	  8		  7	 259.150	  0	 28	  2
	  8		  8	 275.727	  0	 28	  2
	  8		  9	 200.249	  0	 28	  2
	  8		 10	 262.186	  0	 30	  3
	  8		 11	 265.538	  0	 30	  3
	  8		 12	 246.300	  0	 30	  3
	  8		 13	 255.473	  0	 30	  3
	  8		 14	 340.222	  0	 28	  4
	  8		 15	 321.362	  2	 28	  4
	  8		 16	 357.040	 14	 28	  4
	  8		 17	 318.217	  0	 28	  4
	  8		 18	 249.253	  2	 28	  4
	  8		 19	 304.495	  2	 28	  4
	  8		 20	 344.060	  7	 28	  4
	  9		  1	 358.276	  2	 26	  1
	  9		  2	 313.863	  3	 26	  1
	  9		  3	 342.339	  3	 26	  1
	  9		  4	 355.643	  1	 28	  1
	  9		  5	 357.732	  0	 26	  1
	  9		  6	 264.548	  0	 28	  2
	  9		  7	 240.006	 57	 28	  2
	  9		  8	 217.519	  0	 28	  2
	  9		  9	 263.266	  0	 28	  2
	  9		 10	 265.748	  0	 30	  3
	  9		 11	 141.885	  0	 30	  3
	  9		 12	 253.080	  0	 30	  3
	  9		 13	 262.423	  0	 30	  3
	  9		 14	 330.580	  8	 28	  4
	  9		 15	 295.101	 18	 28	  4
	  9		 16	 324.441	 34	 28	  4
	  9		 17	 325.647	 12	 28	  4
	  9		 18	 311.934	 33	 28	  4
	  9		 19	 329.090	 15	 28	  4
	  9		 20	 337.113	  4	 28	  4
	 10		  1	 377.770	  1	 26	  1
	 10		  2	 330.614	  1	 26	  1
	 10		  3	 377.957	  1	 26	  1
	 10		  4	 388.814	  0	 26	  1
	 10		  5	 278.951	  0	 28	  2
	 10		  6	 244.402	  0	 28	  2
	 10		  7	 214.033	  0	 28	  2
	 10		  8	 283.050	  0	 30	  3
	 10		  9	 249.262	  2	 30	  3
	 10		 10	 280.523	  0	 30	  3
	 10		 11	 366.470	 13	 28	  4
	 10		 12	 356.097	 20	 28	  4
	 10		 13	 313.983	 10	 28	  4
	 10		 14	 348.327	  0	 28	  4
	 10		 15	 315.103	 62	 28	  5
	 10		 16	 372.858	  1	 28	  5
	 10		 17	 361.776	  1	 28	  5
	 10		 18	 353.295	  0	 28	  5
	 10		 19	 357.412	  8	 28	  5
	 10		 20	 346.866	  1	 28	  5
	 11		  1	 375.021	  1	 26	  1
	 11		  2	 373.526	  0	 26	  1
	 11		  3	 378.513	  0	 26	  1
	 11		  4	 364.946	  2	 26	  1
	 11		  5	 260.555	  0	 28	  2
	 11		  6	 259.984	  3	 28	  2
	 11		  7	 252.862	  0	 28	  2
	 11		  8	 262.917	  0	 30	  3
	 11		  9	 249.723	  0	 30	  3
	 11		 10	 163.110	 62	 30	  3
	 11		 11	 337.100	 10	 28	  4
	 11		 12	 307.456	 17	 28	  4
	 11		 13	 316.823	 22	 28	  4
	 11		 14	 331.116	 11	 28	  4
	 11		 15	 339.889	  1	 28	  5
	 11		 16	 349.962	  5	 28	  5
	 11		 17	 356.337	  0	 28	  5
	 11		 18	 338.281	  2	 28	  5
	 11		 19	 356.749	  0	 28	  5
	 11		 20	 361.023	  0	 28	  5
	 12		  1	 379.732	  0	 26	  1
	 12		  2	 367.346	  0	 26	  1
	 12		  3	 366.667	  0	 26	  1
	 12		  4	 311.779	  0	 28	  1
	 12		  5	 234.398	 21	 28	  2
	 12		  6	 222.889	 97	 28	  2
	 12		  7	 198.101	  0	 28	  2
	 12		  8	 254.268	  0	 30	  3
	 12		  9	 203.552	 81	 30	  3
	 12		 10	 196.893	  0	 30	  3
	 12		 11	 320.175	 17	 28	  4
	 12		 12	 268.665	  0	 28	  4
	 12		 13	 301.534	  4	 28	  4
	 12		 14	 334.326	 14	 28	  4
	 12		 15	 332.012	  5	 28	  5
	 12		 16	 363.273	  3	 28	  5
	 12		 17	 324.041	  7	 28	  5
	 12		 18	 306.424	  4	 28	  5
	 12		 19	 311.368	 12	 28	  5
	 12		 20	 340.190	  0	 28	  5
	 13		  1	 367.790	  0	 26	  1
	 13		  2	 374.305	  0	 26	  1
	 13		  3	 364.884	  0	 26	  1
	 13		  4	 267.152	  0	 28	  2
	 13		  5	 133.446	 85	 28	  2
	 13		  6	 266.725	  0	 30	  3
	 13		  7	 271.788	  0	 30	  3
	 13		  8	 346.588	 11	 28	  4
	 13		  9	 307.415	  0	 28	  4
	 13		 10	 270.606	  0	 28	  4
	 13		 11	 368.602	  1	 28	  5
	 13		 12	 372.900	  1	 28	  5
	 13		 13	 368.476	  3	 28	  5
	 13		 14	 341.401	  0	 28	  6
	 13		 15	 356.142	  3	 28	  6
	 13		 16	 343.310	  0	 28	  6
	 13		 17	 355.460	  1	 28	  6
	 13		 18	 339.996	  0	 28	  6
	 13		 19	 361.782	  0	 28	  6
	 13		 20	 345.945	  3	 28	  6
	 14		  1	 356.794	  3	 26	  1
	 14		  2	 345.209	  2	 26	  1
	 14		  3	 351.930	  1	 26	  1
	 14		  4	 265.688	  0	 28	  2
	 14		  5	 255.415	  0	 30	  3
	 14		  6	 239.374	  0	 30	  3
	 14		  7	 275.300	  6	 30	  3
	 14		  8	 339.904	 10	 28	  4
	 14		  9	 321.422	  1	 28	  4
	 14		 10	 339.111	  6	 28	  4
	 14		 11	 365.898	  3	 28	  5
	 14		 12	 336.656	  2	 28	  5
	 14		 13	 362.025	  7	 28	  5
	 14		 14	 364.630	  5	 28	  5
	 14		 15	 358.621	  2	 28	  6
	 14		 16	 352.505	  2	 28	  6
	 14		 17	 324.180	  6	 28	  6
	 14		 18	 332.496	  9	 28	  6
	 14		 19	 356.656	  3	 28	  6
	 14		 20	 354.863	  3	 28	  6
	 15		  1	 363.563	  7	 26	  1
	 15		  2	 327.931	  8	 26	  1
	 15		  3	 269.974	  0	 28	  2
	 15		  4	 268.310	 11	 28	  2
	 15		  5	 264.043	  0	 30	  3
	 15		  6	 304.089	  0	 30	  3
	 15		  7	 359.103	  0	 28	  4
	 15		  8	 355.103	  0	 28	  4
	 15		  9	 354.938	  2	 28	  4
	 15		 10	 352.089	 13	 28	  5
	 15		 11	 328.612	  8	 28	  5
	 15		 12	 356.267	 13	 28	  5
	 15		 13	 350.662	  6	 28	  6
	 15		 14	 332.429	 33	 28	  6
	 15		 15	 289.571	110	 28	  6
	 15		 16	 385.199	  3	 28	  7
	 15		 17	 372.780	  5	 28	  7
	 15		 18	 380.847	  5	 28	  7
	 15		 19	 334.605	  6	 28	  7
	 15		 20	 317.671	  1	 30	  7
	 16		  1	 362.408	  3	 26	  1
	 16		  2	 358.126	  5	 26	  1
	 16		  3	 297.837	 70	 26	  1
	 16		  4	 364.428	  5	 28	  2
	 16		  5	 368.819	  0	 28	  2
	 16		  6	 319.926	  4	 30	  3
	 16		  7	 233.484	  0	 30	  3
	 16		  8	 376.035	  0	 28	  4
	 16		  9	 360.872	  0	 28	  4
	 16		 10	 338.923	  4	 28	  4
	 16		 11	 334.085	  8	 28	  6
	 16		 12	 321.992	  0	 28	  6
	 16		 13	 352.248	  1	 28	  6
	 16		 14	 365.386	  0	 28	  7
	 16		 15	 382.365	  0	 28	  7
	 16		 16	 360.701	  3	 30	  7
	 16		 17	 388.457	  0	 28	  7
	 16		 18	 378.368	  2	 28	  7
	 16		 19	 324.614	  1	 28	  7
	 16		 20	 369.913	  0	 28	  7
	 17		  1	 333.955	  3	 26	  1
	 17		  2	 218.709	  1	 26	  1
	 17		  3	 354.649	  8	 28	  2
	 17		  4	 362.467	  2	 28	  2
	 17		  5	 311.919	  2	 30	  3
	 17		  6	 370.881	  1	 28	  4
	 17		  7	 352.030	  7	 28	  4
	 17		  8	 356.692	  1	 28	  6
	 17		  9	 351.912	  1	 28	  6
	 17		 10	 354.189	  4	 28	  7
	 17		 11	 373.187	  1	 28	  7
	 17		 12	 337.988	  9	 30	  8
	 17		 13	 351.445	  4	 30	  8
	 17		 14	 345.692	 32	 32	  9
	 17		 15	 337.824	 26	 32	  9
	 17		 16	 361.454	  8	 32	  9
	 17		 17	 368.692	 21	 32	  9
	 17		 18	 348.962	 21	 32	  9
	 17		 19	 359.790	 17	 32	  9
	 17		 20	 368.458	 16	 32	  9
	 18		  1	 347.769	  1	 26	  1
	 18		  2	 361.441	 13	 28	  2
	 18		  3	 333.118	 17	 28	  2
	 18		  4	 317.113	 12	 30	  3
	 18		  5	 214.759	  0	 30	  3
	 18		  6	 360.548	  7	 28	  4
	 18		  7	 337.012	  0	 28	  4
	 18		  8	 364.664	  0	 28	  6
	 18		  9	 369.843	  2	 28	  6
	 18		 10	 372.388	  0	 28	  7
	 18		 11	 353.076	  2	 28	  7
	 18		 12	 360.809	  2	 30	  8
	 18		 13	 353.926	  6	 30	  8
	 18		 14	 341.845	 21	 32	  9
	 18		 15	 346.730	 29	 32	  9
	 18		 16	 353.609	 18	 32	  9
	 18		 17	 354.605	 33	 32	  9
	 18		 18	 330.144	 26	 32	  9
	 18		 19	 339.071	 18	 32	  9
	 18		 20	 366.243	 17	 32	  9
	 19		  1	 376.903	  0	 26	  1
	 19		  2	 292.936	  4	 27	  1
	 19		  3	 402.301	  1	 28	  2
	 19		  4	 377.436	  3	 28	  2
	 19		  5	 314.743	  5	 30	  3
	 19		  6	 372.581	  2	 28	  4
	 19		  7	 355.691	  0	 28	  4
	 19		  8	 383.010	  0	 28	  6
	 19		  9	 383.357	  2	 28	  6
	 19		 10	 378.570	  0	 28	  7
	 19		 11	 381.441	  0	 28	  7
	 19		 12	 383.378	  0	 30	  8
	 19		 13	 385.780	  0	 30	  8
	 19		 14	 371.314	 24	 32	  9
	 19		 15	 387.324	  9	 34	  9
	 19		 16	 381.894	 24	 32	  9
	 19		 17	 367.949	 29	 32	  9
	 19		 18	 375.379	 22	 32	  9
	 19		 19	 364.879	 43	 32	  9
	 19		 20	 345.248	 56	 32	  9
	 20		  1	 363.362	  2	 26	  1
	 20		  2	 354.728	  4	 28	  2
	 20		  3	 367.898	  1	 28	  2
	 20		  4	 314.606	  7	 30	  3
	 20		  5	 358.525	  5	 28	  4
	 20		  6	 351.735	  4	 28	  6
	 20		  7	 305.006	 88	 28	  6
	 20		  8	 379.920	  1	 28	  7
	 20		  9	 381.515	  0	 28	  7
	 20		 10	 371.627	  4	 30	  8
	 20		 11	 336.697	 20	 30	  8
	 20		 12	 354.325	 17	 32	  9
	 20		 13	 273.890	 41	 32	  9
	 20		 14	 354.336	 11	 34	 10
	 20		 15	 343.528	 21	 36	 10
	 20		 16	 353.489	 16	 34	 10
	 20		 17	 372.864	 13	 34	 10
	 20		 18	 353.615	 29	 34	 10
	 20		 19	 353.665	  7	 34	 10
	 20		 20	 328.743	 14	 34	 10
	 21		  1	 371.566	  3	 26	  1
	 21		  2	 380.558	  0	 26	  1
	 21		  3	 353.892	  4	 28	  2
	 21		  4	 357.243	  3	 28	  2
	 21		  5	 308.325	  4	 30	  3
	 21		  6	 287.366	 16	 30	  3
	 21		  7	 351.842	  5	 28	  4
	 21		  8	 310.888	  4	 28	  4
	 21		  9	 360.520	  0	 28	  7
	 21		 10	 384.739	  0	 30	  7
	 21		 11	 327.396	 29	 32	  9
	 21		 12	 342.177	 21	 32	  9
	 21		 13	 344.257	 22	 34	 10
	 21		 14	 344.539	  6	 34	 10
	 21		 15	 309.566	 32	 36	 11
	 21		 16	 307.294	 62	 36	 11
	 21		 17	 306.293	 45	 36	 11
	 21		 18	 328.801	  3	 36	 11
	 21		 19	 315.717	 41	 36	 11
	 21		 20	 318.902	 36	 36	 11
	 22		  1	 381.277	  2	 26	  1
	 22		  2	 388.456	  3	 26	  1
	 22		  3	 372.068	  1	 28	  2
	 22		  4	 339.541	  1	 28	  2
	 22		  5	 328.030	  2	 30	  3
	 22		  6	 361.404	  3	 28	  4
	 22		  7	 366.366	  0	 28	  7
	 22		  8	 360.966	  0	 28	  7
	 22		  9	 313.933	 52	 32	  9
	 22		 10	 321.360	 45	 32	  9
	 22		 11	 363.717	 14	 34	 10
	 22		 12	 362.159	  3	 34	 10
	 22		 13	 332.575	  1	 36	 11
	 22		 14	 344.807	  0	 36	 11
	 22		 15	 367.227	  0	 30	 12
	 22		 16	 372.049	  1	 30	 12
	 22		 17	 361.473	  0	 30	 12
	 22		 18	 356.753	  0	 30	 12
	 22		 19	 383.506	  0	 30	 12
	 22		 20	 350.470	  0	 30	 12
	 23		  1	 384.513	  1	 26	  1
	 23		  2	 378.101	  0	 26	  1
	 23		  3	 390.186	  2	 28	  2
	 23		  4	 360.375	  1	 28	  2
	 23		  5	 335.823	  2	 30	  3
	 23		  6	 376.009	  1	 28	  4
	 23		  7	 367.868	  4	 28	  4
	 23		  8	 382.975	  0	 28	  7
	 23		  9	 385.405	  0	 28	  7
	 23		 10	 368.823	  8	 32	  9
	 23		 11	 371.840	  1	 32	  9
	 23		 12	 363.411	 12	 34	 10
	 23		 13	 340.311	 38	 34	 10
	 23		 14	 321.683	  0	 36	 11
	 23		 15	 346.662	  9	 36	 11
	 23		 16	 393.515	  0	 30	 12
	 23		 17	 370.756	  0	 30	 12
	 23		 18	 376.429	  0	 30	 12
	 23		 19	 355.040	  0	 30	 12
	 23		 20	 389.646	  0	 30	 12
	 24		  1	 376.320	  0	 26	  1
	 24		  2	 377.479	  1	 26	  1
	 24		  3	 366.572	  1	 28	  2
	 24		  4	 334.834	  3	 28	  2
	 24		  5	 326.917	  2	 30	  3
	 24		  6	 344.423	  3	 28	  4
	 24		  7	 378.523	  9	 28	  4
	 24		  8	 379.303	  0	 28	  7
	 24		  9	 348.858	  0	 28	  7
	 24		 10	 369.061	  6	 32	  9
	 24		 11	 305.772	 97	 32	  9
	 24		 12	 344.549	 24	 34	 10
	 24		 13	 334.138	 12	 34	 10
	 24		 14	 322.507	  9	 36	 11
	 24		 15	 342.820	  9	 36	 11
	 24		 16	 368.536	  0	 30	 12
	 24		 17	 328.547	  0	 30	 12
	 24		 18	 328.818	  0	 30	 12
	 24		 19	 334.609	  0	 30	 12
	 24		 20	 378.784	  1	 30	 12
	 25		  1	 397.433	  0	 26	  1
	 25		  2	 405.080	  3	 26	  1
	 25		  3	 389.660	  1	 28	  2
	 25		  4	 365.785	  0	 28	  2
	 25		  5	 354.522	  6	 28	  4
	 25		  6	 364.624	  3	 28	  4
	 25		  7	 376.972	  3	 32	  9
	 25		  8	 389.443	  1	 32	  9
	 25		  9	 366.310	 10	 34	 10
	 25		 10	 390.378	 14	 35	 10
	 25		 11	 361.082	  8	 34	 10
	 25		 12	 329.781	 28	 36	 11
	 25		 13	 306.268	 19	 38	 11
	 25		 14	 369.111	  0	 30	 12
	 25		 15	 373.426	  0	 30	 12
	 25		 16	 370.709	  0	 30	 12
	 25		 17	 385.952	  0	 30	 12
	 25		 18	 401.710	  0	 30	 12
	 25		 19	 411.562	  0	 30	 12
	 25		 20	 391.491	  0	 30	 12
	 26		  1	 393.840	  1	 26	  1
	 26		  2	 395.901	  0	 26	  1
	 26		  3	 392.160	  1	 26	  1
	 26		  4	 400.082	  0	 28	  2
	 26		  5	 390.909	  0	 28	  2
	 26		  6	 357.344	  7	 32	  9
	 26		  7	 355.566	  0	 32	  9
	 26		  8	 367.548	  3	 32	  9
	 26		  9	 373.343	  4	 35	 10
	 26		 10	 351.616	 12	 35	 10
	 26		 11	 364.981	 12	 35	 10
	 26		 12	 340.080	 18	 36	 11
	 26		 13	 338.457	 38	 36	 11
	 26		 14	 358.802	  5	 36	 11
	 26		 15	 385.856	  0	 30	 12
	 26		 16	 373.566	  0	 30	 12
	 26		 17	 385.892	  0	 30	 12
	 26		 18	 387.068	  0	 30	 12
	 26		 19	 390.009	  0	 30	 12
	 26		 20	 377.439	  1	 30	 12
	 27		  1	 361.750	  0	 26	  1
	 27		  2	 399.083	  0	 26	  1
	 27		  3	 378.685	  1	 26	  1
	 27		  4	 385.339	  0	 28	  2
	 27		  5	 352.297	  0	 28	  2
	 27		  6	 391.741	  0	 28	  2
	 27		  7	 374.312	  0	 32	  9
	 27		  8	 231.324	  0	 32	  9
	 27		  9	 313.234	 44	 35	 10
	 27		 10	 333.438	 29	 35	 10
	 27		 11	 328.067	 19	 35	 10
	 27		 12	 339.823	 15	 36	 11
	 27		 13	 368.993	  3	 36	 11
	 27		 14	 334.407	 13	 36	 11
	 27		 15	 377.050	  0	 30	 12
	 27		 16	 373.895	  0	 30	 12
	 27		 17	 389.485	  0	 30	 12
	 27		 18	 377.707	  0	 30	 12
	 27		 19	 384.657	  3	 31	 12
	 27		 20	 330.875	  0	 30	 12
	 28		  1	 394.514	  0	 26	  1
	 28		  2	 392.485	  1	 26	  1
	 28		  3	 394.314	  0	 28	  1
	 28		  4	 398.384	  0	 26	  1
	 28		  5	 392.805	  0	 28	  2
	 28		  6	 387.167	  0	 28	  2
	 28		  7	 382.495	  0	 28	  2
	 28		  8	 362.110	  0	 28	  2
	 28		  9	 361.329	 33	 35	 10
	 28		 10	 363.434	 32	 35	 10
	 28		 11	 363.853	 12	 35	 10
	 28		 12	 360.652	 20	 35	 10
	 28		 13	 389.191	  0	 30	 12
	 28		 14	 396.824	  1	 30	 12
	 28		 15	 360.377	 45	 30	 12
	 28		 16	 383.277	  0	 30	 12
	 28		 17	 403.479	  0	 30	 12
	 28		 18	 378.553	  0	 30	 12
	 28		 19	 370.477	  0	 30	 12
	 28		 20	 386.853	  0	 32	 12
	 29		  1	 397.049	  1	 28	  1
	 29		  2	 391.568	  0	 28	  1
	 29		  3	 393.547	  0	 28	  1
	 29		  4	 388.771	  0	 28	  1
	 29		  5	 395.840	  0	 28	  2
	 29		  6	 397.757	  0	 28	  2
	 29		  7	 401.066	  0	 28	  2
	 29		  8	 403.138	  0	 28	  2
	 29		  9	 337.995	 17	 35	 10
	 29		 10	 344.302	 34	 35	 10
	 29		 11	 355.803	 15	 35	 10
	 29		 12	 338.099	 22	 35	 10
	 29		 13	 342.895	 25	 35	 10
	 29		 14	 351.503	  0	 30	 12
	 29		 15	 337.280	  1	 30	 12
	 29		 16	 360.949	  0	 30	 12
	 29		 17	 342.506	  0	 33	 12
	 29		 18	 359.177	  0	 30	 12
	 29		 19	 344.528	  0	 30	 12
	 29		 20	 363.967	  0	 30	 12
	 30		  1	 405.417	  0	 28	  1
	 30		  2	 399.205	  0	 28	  1
	 30		  3	 401.340	  0	 28	  1
	 30		  4	 398.286	  1	 28	  1
	 30		  5	 406.328	  0	 28	  1
	 30		  6	 399.090	  0	 28	  2
	 30		  7	 404.460	  0	 28	  2
	 30		  8	 408.381	  0	 28	  2
	 30		  9	 379.252	  0	 28	  2
	 30		 10	 364.505	 28	 35	 10
	 30		 11	 321.542	 31	 35	 10
	 30		 12	 373.602	 12	 35	 10
	 30		 13	 339.930	 52	 35	 10
	 30		 14	 366.060	  0	 33	 12
	 30		 15	 324.119	  0	 33	 12
	 30		 16	 337.004	  0	 33	 12
	 30		 17	 374.799	  0	 34	 12
	 30		 18	 350.713	  4	 33	 12
	 30		 19	 378.613	  2	 33	 12
	 30		 20	 370.121	  0	 33	 12
	 31		  1	 394.082	  0	 28	  1
	 31		  2	 394.192	  0	 30	  1
	 31		  3	 389.915	  0	 28	  1
	 31		  4	 409.243	  0	 28	  2
	 31		  5	 395.562	  0	 28	  2
	 31		  6	 399.917	  0	 28	  2
	 31		  7	 359.833	 22	 35	 10
	 31		  8	 339.678	 11	 35	 10
	 31		  9	 370.262	 21	 35	 10
	 31		 10	 392.386	  2	 33	 12
	 31		 11	 381.298	  0	 33	 12
	 31		 12	 393.605	  2	 33	 12
	 31		 13	 374.390	  2	 33	 12
	 31		 14	 405.059	  0	 30	 13
	 31		 15	 398.451	  0	 30	 13
	 31		 16	 406.964	  0	 30	 13
	 31		 17	 391.327	  0	 30	 13
	 31		 18	 402.784	  0	 30	 13
	 31		 19	 408.015	  0	 31	 13
	 31		 20	 405.730	  0	 30	 13
	 32		  1	 402.979	  0	 30	  1
	 32		  2	 400.672	  0	 31	  1
	 32		  3	 405.962	  0	 30	  1
	 32		  4	 409.850	  0	 28	  2
	 32		  5	 411.826	  0	 28	  2
	 32		  6	 406.813	  0	 28	  2
	 32		  7	 309.961	 54	 35	 10
	 32		  8	 350.692	 33	 35	 10
	 32		  9	 373.319	 16	 35	 10
	 32		 10	 374.593	  2	 33	 12
	 32		 11	 368.236	  0	 33	 12
	 32		 12	 331.612	 36	 33	 12
	 32		 13	 403.942	  0	 30	 13
	 32		 14	 398.289	  0	 30	 13
	 32		 15	 408.926	  0	 30	 13
	 32		 16	 410.328	  0	 30	 13
	 32		 17	 412.991	  0	 30	 13
	 32		 18	 392.262	  0	 31	 13
	 32		 19	 408.011	  0	 30	 13
	 32		 20	 325.607	  0	 30	 13
	 33		  1	 401.329	  0	 26	  1
	 33		  2	 393.855	  0	 26	  1
	 33		  3	 400.893	  0	 26	  1
	 33		  4	 392.606	  0	 28	  1
	 33		  5	 396.836	  0	 28	  2
	 33		  6	 410.598	  0	 28	  2
	 33		  7	 403.729	  0	 28	  2
	 33		  8	 413.963	  0	 28	  2
	 33		  9	 346.663	 31	 35	 10
	 33		 10	 317.218	 23	 35	 10
	 33		 11	 370.834	 31	 35	 10
	 33		 12	 382.670	  0	 33	 12
	 33		 13	 395.444	  1	 33	 12
	 33		 14	 375.486	  0	 33	 12
	 33		 15	 398.990	  0	 30	 13
	 33		 16	 397.364	  0	 30	 13
	 33		 17	 402.986	  0	 30	 13
	 33		 18	 415.357	  0	 30	 13
	 33		 19	 397.128	  0	 30	 13
	 33		 20	 364.329	  0	 30	 13
	 34		  1	 409.981	  0	 26	  1
	 34		  2	 405.160	  0	 26	  1
	 34		  3	 406.315	  0	 26	  1
	 34		  4	 403.918	  0	 28	  2
	 34		  5	 410.294	  0	 28	  2
	 34		  6	 414.084	  0	 28	  2
	 34		  7	 404.808	  0	 28	  2
	 34		  8	 323.429	 68	 35	 10
	 34		  9	 343.331	 38	 36	 10
	 34		 10	 351.952	 40	 35	 10
	 34		 11	 387.771	  0	 33	 12
	 34		 12	 382.011	  1	 33	 12
	 34		 13	 370.193	  1	 33	 12
	 34		 14	 422.731	  0	 30	 13
	 34		 15	 399.452	  0	 30	 13
	 34		 16	 406.341	  0	 30	 13
	 34		 17	 412.473	  0	 30	 13
	 34		 18	 419.557	  0	 30	 13
	 34		 19	 405.002	  0	 30	 13
	 34		 20	 411.353	  0	 30	 13
	 35		  1	 398.388	  0	 26	  1
	 35		  2	 402.272	  0	 26	  1
	 35		  3	 407.369	  0	 26	  1
	 35		  4	 379.494	  0	 26	  1
	 35		  5	 406.841	  0	 28	  2
	 35		  6	 397.823	  0	 28	  2
	 35		  7	 365.129	  0	 28	  2
	 35		  8	 400.406	  0	 28	  2
	 35		  9	 347.034	 30	 35	 10
	 35		 10	 341.775	 37	 35	 10
	 35		 11	 343.691	 36	 35	 10
	 35		 12	 383.647	  5	 33	 12
	 35		 13	 361.299	  2	 33	 12
	 35		 14	 393.123	  0	 33	 12
	 35		 15	 402.272	  0	 30	 13
	 35		 16	 387.579	  0	 30	 13
	 35		 17	 407.851	  0	 30	 13
	 35		 18	 402.958	  0	 30	 13
	 35		 19	 390.460	  0	 30	 13
	 35		 20	 389.570	  0	 30	 13
	 36		  1	 396.917	  1	 26	  1
	 36		  2	 390.043	  0	 26	  1
	 36		  3	 403.589	  0	 26	  1
	 36		  4	 398.933	  0	 28	  2
	 36		  5	 390.091	  0	 28	  2
	 36		  6	 321.457	  0	 28	  2
	 36		  7	 327.811	 48	 35	 10
	 36		  8	 322.215	 51	 35	 10
	 36		  9	 334.116	 50	 35	 10
	 36		 10	 383.974	  1	 33	 12
	 36		 11	 353.179	 17	 33	 12
	 36		 12	 384.596	  2	 33	 12
	 36		 13	 397.249	  0	 30	 13
	 36		 14	 400.683	  0	 30	 13
	 36		 15	 407.415	  0	 30	 13
	 36		 16	 393.217	  0	 30	 13
	 36		 17	 391.034	  0	 30	 13
	 36		 18	 406.224	  0	 30	 13
	 36		 19	 397.478	  0	 30	 13
	 36		 20	 404.035	  0	 30	 13
	 37		  1	 402.672	  0	 26	  1
	 37		  2	 415.303	  0	 26	  1
	 37		  3	 399.571	  1	 26	  1
	 37		  4	 404.540	  0	 26	  1
	 37		  5	 397.612	  0	 28	  2
	 37		  6	 398.036	  0	 28	  2
	 37		  7	 402.564	  0	 28	  2
	 37		  8	 380.578	 20	 35	 10
	 37		  9	 383.715	 11	 35	 10
	 37		 10	 398.114	  4	 35	 10
	 37		 11	 390.305	  1	 33	 12
	 37		 12	 385.723	  3	 33	 12
	 37		 13	 379.120	  0	 34	 12
	 37		 14	 402.350	  0	 30	 13
	 37		 15	 408.989	  0	 30	 13
	 37		 16	 407.205	  0	 30	 13
	 37		 17	 405.512	  0	 30	 13
	 37		 18	 399.612	  0	 30	 13
	 37		 19	 397.525	  0	 30	 13
	 37		 20	 392.643	  0	 30	 13
	 38		  1	 386.685	  0	 26	  1
	 38		  2	 378.704	  0	 26	  1
	 38		  3	 398.403	  0	 26	  1
	 38		  4	 399.304	  0	 28	  2
	 38		  5	 405.516	  0	 28	  2
	 38		  6	 403.378	  0	 28	  2
	 38		  7	 369.925	 11	 35	 10
	 38		  8	 352.196	  8	 35	 10
	 38		  9	 358.698	  8	 35	 10
	 38		 10	 399.037	  0	 33	 12
	 38		 11	 392.801	  0	 33	 12
	 38		 12	 383.303	  0	 33	 12
	 38		 13	 416.831	  0	 30	 13
	 38		 14	 412.629	  0	 30	 13
	 38		 15	 411.750	  0	 30	 13
	 38		 16	 395.709	  0	 30	 13
	 38		 17	 382.665	  0	 30	 13
	 38		 18	 407.501	  0	 30	 13
	 38		 19	 406.617	  0	 30	 13
	 38		 20	 393.525	  0	 30	 13
	 39		  1	 410.982	  0	 26	  1
	 39		  2	 406.393	  0	 26	  1
	 39		  3	 414.559	  0	 26	  1
	 39		  4	 401.701	  0	 28	  2
	 39		  5	 384.655	  0	 28	  2
	 39		  6	 404.879	  0	 28	  2
	 39		  7	 331.714	 16	 35	 10
	 39		  8	 313.982	 53	 35	 10
	 39		  9	 352.405	  7	 35	 10
	 39		 10	 376.328	  0	 33	 12
	 39		 11	 361.508	  0	 33	 12
	 39		 12	 372.795	  3	 33	 12
	 39		 13	 395.270	  0	 30	 13
	 39		 14	 403.915	  0	 30	 13
	 39		 15	 383.618	  0	 30	 13
	 39		 16	 408.486	  0	 30	 13
	 39		 17	 404.069	  0	 31	 13
	 39		 18	 394.069	  0	 30	 13
	 39		 19	 403.255	  0	 30	 13
	 39		 20	 379.643	  0	 30	 13
	 40		  1	 405.274	  0	 26	  1
	 40		  2	 413.396	  0	 26	  1
	 40		  3	 396.893	  0	 26	  1
	 40		  4	 420.204	  0	 26	  1
	 40		  5	 392.967	  0	 28	  2
	 40		  6	 390.500	  0	 28	  2
	 40		  7	 392.903	  0	 28	  2
	 40		  8	 345.144	  4	 35	 10
	 40		  9	 362.107	  9	 35	 10
	 40		 10	 338.146	  9	 35	 10
	 40		 11	 403.181	  0	 33	 12
	 40		 12	 384.271	  4	 33	 12
	 40		 13	 378.185	  4	 34	 12
	 40		 14	 404.694	  0	 30	 13
	 40		 15	 415.213	  0	 30	 13
	 40		 16	 407.611	  0	 30	 13
	 40		 17	 405.303	  0	 30	 13
	 40		 18	 403.466	  0	 30	 13
	 40		 19	 403.882	  0	 30	 13
	 40		 20	 331.181	  0	 30	 13
	 41		  1	 413.099	  0	 26	  1
	 41		  2	 357.337	  0	 26	  1
	 41		  3	 412.498	  0	 26	  1
	 41		  4	 410.398	  0	 26	  1
	 41		  5	 405.542	  0	 28	  2
	 41		  6	 406.501	  0	 28	  2
	 41		  7	 397.514	  0	 28	  2
	 41		  8	 399.549	  0	 28	  2
	 41		  9	 375.687	 10	 35	 10
	 41		 10	 369.940	  8	 35	 10
	 41		 11	 386.999	  3	 35	 10
	 41		 12	 388.280	  2	 33	 12
	 41		 13	 378.679	  0	 33	 12
	 41		 14	 384.827	  2	 33	 12
	 41		 15	 404.435	  0	 30	 13
	 41		 16	 408.654	  0	 30	 13
	 41		 17	 399.701	  0	 30	 13
	 41		 18	 371.924	  0	 30	 13
	 41		 19	 380.964	  0	 30	 13
	 41		 20	 377.514	  1	 30	 13
	 42		  1	 406.912	  0	 26	  1
	 42		  2	 410.797	  0	 26	  1
	 42		  3	 411.121	  0	 26	  1
	 42		  4	 407.893	  0	 26	  1
	 42		  5	 413.989	  0	 28	  2
	 42		  6	 415.233	  0	 28	  2
	 42		  7	 399.724	  0	 28	  2
	 42		  8	 411.925	  0	 28	  2
	 42		  9	 371.646	  2	 35	 10
	 42		 10	 378.810	  7	 35	 10
	 42		 11	 379.318	  1	 35	 10
	 42		 12	 377.036	  2	 33	 12
	 42		 13	 391.188	  0	 33	 12
	 42		 14	 384.267	  2	 33	 12
	 42		 15	 390.030	  0	 30	 13
	 42		 16	 348.378	  0	 30	 13
	 42		 17	 414.077	  0	 30	 13
	 42		 18	 400.500	  0	 30	 13
	 42		 19	 413.181	  0	 30	 13
	 42		 20	 392.821	  0	 30	 13
	 43		  1	 410.364	  0	 26	  1
	 43		  2	 417.209	  0	 26	  1
	 43		  3	 403.058	  0	 26	  1
	 43		  4	 411.981	  0	 26	  1
	 43		  5	 391.689	  0	 26	  1
	 43		  6	 389.761	  0	 28	  2
	 43		  7	 405.028	  0	 28	  2
	 43		  8	 396.020	  0	 28	  2
	 43		  9	 313.550	  0	 28	  2
	 43		 10	 396.196	  0	 28	  2
	 43		 11	 353.413	  4	 35	 10
	 43		 12	 329.063	  4	 37	 10
	 43		 13	 344.488	  3	 35	 10
	 43		 14	 363.700	  6	 35	 10
	 43		 15	 404.606	  0	 30	 13
	 43		 16	 404.588	  0	 30	 13
	 43		 17	 411.391	  0	 30	 13
	 43		 18	 401.065	  0	 30	 13
	 43		 19	 407.451	  0	 30	 13
	 43		 20	 412.231	  0	 30	 13
	 44		  1	 418.528	  0	 26	  1
	 44		  2	 396.373	  0	 26	  1
	 44		  3	 361.791	  0	 26	  1
	 44		  4	 386.888	  0	 26	  1
	 44		  5	 399.918	  0	 28	  2
	 44		  6	 400.442	  0	 28	  2
	 44		  7	 401.830	  0	 28	  2
	 44		  8	 352.932	  5	 35	 10
	 44		  9	 344.341	  2	 35	 10
	 44		 10	 342.514	  7	 35	 10
	 44		 11	 407.374	  0	 30	 13
	 44		 12	 411.437	  0	 30	 13
	 44		 13	 398.423	  0	 30	 13
	 44		 14	 408.962	  0	 32	 13
	 44		 15	 338.319	  1	 37	 14
	 44		 16	 314.187	  0	 37	 14
	 44		 17	 309.553	  1	 37	 14
	 44		 18	 324.129	  0	 37	 14
	 44		 19	 353.198	  5	 37	 14
	 44		 20	 346.905	  9	 37	 14
	 45		  1	 415.215	  0	 26	  1
	 45		  2	 394.617	  0	 28	  1
	 45		  3	 403.632	  0	 26	  1
	 45		  4	 414.955	  0	 26	  1
	 45		  5	 422.717	  0	 28	  2
	 45		  6	 413.819	  0	 28	  2
	 45		  7	 337.419	  0	 28	  2
	 45		  8	 407.166	  0	 28	  2
	 45		  9	 354.858	 16	 35	 10
	 45		 10	 371.114	  3	 35	 10
	 45		 11	 362.558	  8	 35	 10
	 45		 12	 404.007	  0	 30	 13
	 45		 13	 383.725	  0	 30	 13
	 45		 14	 385.485	  1	 30	 13
	 45		 15	 401.401	  0	 30	 13
	 45		 16	 360.663	  9	 37	 14
	 45		 17	 377.752	  4	 37	 14
	 45		 18	 369.639	  0	 37	 14
	 45		 19	 375.280	  0	 37	 14
	 45		 20	 370.399	  3	 37	 14
	 46		  1	 425.057	  0	 26	  1
	 46		  2	 410.567	  0	 26	  1
	 46		  3	 405.533	  0	 26	  1
	 46		  4	 408.008	  0	 28	  2
	 46		  5	 408.008	  0	 28	  2
	 46		  6	 407.012	  0	 28	  2
	 46		  7	 367.472	  0	 35	 10
	 46		  8	 353.994	 10	 35	 10
	 46		  9	 406.947	  1	 30	 13
	 46		 10	 399.554	  0	 30	 13
	 46		 11	 370.522	  0	 30	 13
	 46		 12	 356.603	  3	 37	 14
	 46		 13	 357.716	  1	 37	 14
	 46		 14	 376.159	  1	 37	 14
	 46		 15	 382.480	  0	 28	 15
	 46		 16	 362.357	  0	 28	 15
	 46		 17	 372.962	  0	 28	 15
	 46		 18	 402.365	  0	 28	 15
	 46		 19	 390.587	  0	 28	 15
	 46		 20	 389.741	  0	 28	 15
	 47		  1	 404.127	  0	 26	  1
	 47		  2	 413.408	  0	 26	  1
	 47		  3	 411.512	  0	 26	  1
	 47		  4	 410.017	  0	 26	  1
	 47		  5	 399.871	  0	 28	  2
	 47		  6	 402.046	  0	 28	  2
	 47		  7	 401.805	  0	 28	  2
	 47		  8	 350.451	  8	 35	 10
	 47		  9	 355.769	  2	 35	 10
	 47		 10	 361.885	  4	 35	 10
	 47		 11	 399.162	  0	 30	 13
	 47		 12	 391.951	  0	 30	 13
	 47		 13	 388.321	  0	 30	 13
	 47		 14	 360.391	  4	 37	 14
	 47		 15	 289.775	 94	 37	 14
	 47		 16	 333.758	  2	 37	 14
	 47		 17	 375.691	  4	 37	 14
	 47		 18	 370.145	  1	 37	 14
	 47		 19	 362.897	  6	 37	 14
	 47		 20	 371.023	  1	 37	 14
	 48		  1	 411.003	  0	 26	  1
	 48		  2	 413.645	  0	 26	  1
	 48		  3	 415.378	  0	 26	  1
	 48		  4	 417.382	  0	 26	  1
	 48		  5	 423.364	  0	 28	  2
	 48		  6	 413.019	  0	 28	  2
	 48		  7	 408.959	  0	 28	  2
	 48		  8	 406.832	  0	 28	  2
	 48		  9	 380.895	  4	 35	 10
	 48		 10	 384.054	  5	 35	 10
	 48		 11	 385.870	  4	 35	 10
	 48		 12	 413.490	  0	 31	 13
	 48		 13	 378.359	  0	 31	 13
	 48		 14	 408.324	  0	 31	 13
	 48		 15	 401.847	  0	 31	 13
	 48		 16	 388.719	  1	 37	 14
	 48		 17	 364.224	  0	 37	 14
	 48		 18	 372.813	  2	 37	 14
	 48		 19	 371.972	  1	 37	 14
	 48		 20	 358.463	  1	 37	 14
	 49		  1	 404.406	  0	 26	  1
	 49		  2	 406.513	  0	 26	  1
	 49		  3	 402.733	  0	 26	  1
	 49		  4	 405.480	  0	 26	  1
	 49		  5	 414.292	  0	 28	  2
	 49		  6	 411.431	  0	 28	  2
	 49		  7	 411.025	  0	 28	  2
	 49		  8	 407.732	  0	 28	  2
	 49		  9	 391.426	  5	 35	 10
	 49		 10	 374.721	 15	 35	 10
	 49		 11	 363.060	  2	 35	 10
	 49		 12	 407.817	  0	 31	 13
	 49		 13	 386.021	  0	 31	 13
	 49		 14	 397.699	  0	 31	 13
	 49		 15	 367.461	  2	 37	 14
	 49		 16	 366.191	  0	 37	 14
	 49		 17	 356.666	  1	 37	 14
	 49		 18	 369.258	  9	 37	 14
	 49		 19	 368.397	  1	 37	 14
	 49		 20	 371.476	  1	 39	 14
	 50		  1	 403.137	  0	 26	  1
	 50		  2	 399.116	  0	 26	  1
	 50		  3	 403.247	  0	 26	  1
	 50		  4	 413.683	  0	 30	  2
	 50		  5	 416.710	  0	 30	  2
	 50		  6	 417.798	  0	 30	  2
	 50		  7	 411.283	  0	 30	  2
	 50		  8	 378.471	  5	 35	 10
	 50		  9	 387.265	  5	 35	 10
	 50		 10	 381.632	  2	 35	 10
	 50		 11	 412.607	  0	 31	 13
	 50		 12	 395.504	  0	 31	 13
	 50		 13	 346.361	  0	 31	 13
	 50		 14	 383.737	  6	 37	 14
	 50		 15	 360.903	  9	 37	 14
	 50		 16	 380.840	 10	 37	 14
	 50		 17	 363.513	 16	 37	 14
	 50		 18	 377.560	 10	 37	 14
	 50		 19	 366.050	 12	 37	 14
	 50		 20	 381.608	  5	 37	 14
	 51		  1	 406.168	  0	 26	  1
	 51		  2	 377.904	  0	 26	  1
	 51		  3	 279.245	  0	 26	  1
	 51		  4	 400.591	  0	 26	  1
	 51		  5	 426.268	  0	 30	  2
	 51		  6	 418.515	  0	 30	  2
	 51		  7	 424.738	  0	 30	  2
	 51		  8	 429.277	  0	 30	  2
	 51		  9	 414.231	  0	 30	  2
	 51		 10	 394.270	  1	 35	 10
	 51		 11	 391.264	  1	 35	 10
	 51		 12	 393.363	  0	 35	 10
	 51		 13	 385.709	  0	 35	 10
	 51		 14	 388.602	  1	 37	 14
	 51		 15	 364.705	  7	 37	 14
	 51		 16	 368.622	 24	 37	 14
	 51		 17	 383.104	  7	 37	 14
	 51		 18	 387.515	  1	 37	 14
	 51		 19	 403.698	  5	 38	 14
	 51		 20	 395.310	  2	 37	 14
	 52		  1	 361.864	  5	 26	  1
	 52		  2	 414.548	  0	 26	  1
	 52		  3	 397.972	  0	 26	  1
	 52		  4	 423.972	  0	 30	  2
	 52		  5	 408.201	  0	 30	  2
	 52		  6	 407.159	  0	 30	  2
	 52		  7	 360.665	  3	 35	 10
	 52		  8	 377.488	  5	 35	 10
	 52		  9	 373.750	  2	 35	 10
	 52		 10	 381.660	  8	 38	 14
	 52		 11	 371.832	  6	 38	 14
	 52		 12	 397.549	  0	 38	 14
	 52		 13	 403.029	  4	 38	 14
	 52		 14	 417.721	  0	 31	 16
	 52		 15	 399.759	  0	 31	 16
	 52		 16	 400.684	  0	 31	 16
	 52		 17	 402.346	  0	 31	 16
	 52		 18	 391.825	  0	 31	 16
	 52		 19	 415.019	  0	 31	 16
	 52		 20	 366.633	  0	 31	 16
	 53		  1	 336.626	 14	 26	  1
	 53		  2	 344.223	 53	 26	  1
	 53		  3	 349.289	 19	 26	  1
	 53		  4	 410.721	  0	 32	  2
	 53		  5	 412.027	  0	 32	  2
	 53		  6	 372.105	  0	 32	  2
	 53		  7	 369.301	  1	 35	 10
	 53		  8	 371.679	  1	 35	 10
	 53		  9	 353.470	  4	 35	 10
	 53		 10	 375.642	  7	 38	 14
	 53		 11	 288.243	 87	 38	 14
	 53		 12	 356.048	 12	 38	 14
	 53		 13	 293.962	 89	 38	 14
	 53		 14	 407.031	  0	 31	 16
	 53		 15	 150.967	  0	 32	 16
	 53		 16	 406.320	  0	 31	 16
	 53		 17	 395.527	  0	 31	 16
	 53		 18	 414.986	  0	 31	 16
	 53		 19	 370.649	  0	 31	 16
	 53		 20	 412.295	  0	 31	 16
	 54		  1	 387.233	  0	 26	  1
	 54		  2	 395.515	  1	 26	  1
	 54		  3	 395.313	  0	 26	  1
	 54		  4	 405.295	  0	 26	  1
	 54		  5	 422.879	  0	 32	  2
	 54		  6	 396.538	  0	 32	  2
	 54		  7	 412.975	  0	 32	  2
	 54		  8	 419.068	  0	 32	  2
	 54		  9	 367.113	  0	 32	  2
	 54		 10	 360.299	  8	 38	 14
	 54		 11	 370.332	 11	 38	 14
	 54		 12	 352.188	 16	 39	 14
	 54		 13	 371.145	  4	 38	 14
	 54		 14	 419.262	  0	 31	 16
	 54		 15	 419.060	  0	 31	 16
	 54		 16	 429.340	  0	 31	 16
	 54		 17	 371.272	  0	 31	 16
	 54		 18	 406.527	  0	 31	 16
	 54		 19	 432.004	  0	 31	 16
	 54		 20	 398.405	  0	 31	 16
	 55		  1	 415.806	  0	 26	  1
	 55		  2	 410.570	  0	 26	  1
	 55		  3	 412.745	  0	 26	  1
	 55		  4	 380.574	  0	 26	  1
	 55		  5	 413.221	  0	 32	  2
	 55		  6	 404.039	  0	 32	  2
	 55		  7	 419.017	  0	 32	  2
	 55		  8	 410.662	  0	 32	  2
	 55		  9	 371.190	 12	 38	 14
	 55		 10	 371.551	 19	 38	 14
	 55		 11	 360.812	 14	 40	 14
	 55		 12	 338.916	 25	 38	 14
	 55		 13	 401.815	  0	 31	 16
	 55		 14	 405.519	  0	 31	 16
	 55		 15	 403.947	  0	 31	 16
	 55		 16	 390.049	  0	 31	 16
	 55		 17	 398.581	  0	 31	 16
	 55		 18	 407.004	  0	 31	 16
	 55		 19	 394.898	  0	 31	 16
	 55		 20	 401.564	  0	 31	 16
	 56		  1	 410.647	  0	 26	  1
	 56		  2	 417.406	  0	 26	  1
	 56		  3	 408.847	  0	 26	  1
	 56		  4	 410.341	  0	 32	  2
	 56		  5	 423.810	  0	 32	  2
	 56		  6	 415.092	  0	 32	  2
	 56		  7	 356.320	 21	 38	 14
	 56		  8	 365.316	  7	 38	 14
	 56		  9	 380.467	 15	 39	 14
	 56		 10	 409.285	  0	 31	 16
	 56		 11	 174.980	  0	 31	 16
	 56		 12	 395.233	  0	 33	 16
	 56		 13	 394.570	  0	 31	 16
	 56		 14	 362.946	  3	 40	 17
	 56		 15	 366.334	  6	 41	 17
	 56		 16	 366.950	  8	 40	 17
	 56		 17	 383.847	  3	 40	 17
	 56		 18	 370.755	  5	 40	 17
	 56		 19	 365.091	  6	 40	 17
	 56		 20	 376.245	  3	 40	 17
	 57		  1	 425.912	  0	 26	  1
	 57		  2	 420.084	  0	 26	  1
	 57		  3	 420.982	  0	 26	  1
	 57		  4	 416.242	  0	 26	  1
	 57		  5	 412.311	  0	 30	  2
	 57		  6	 403.914	  0	 30	  2
	 57		  7	 412.717	  0	 30	  2
	 57		  8	 417.937	  0	 30	  2
	 57		  9	 362.928	 21	 39	 14
	 57		 10	 363.692	 31	 39	 14
	 57		 11	 363.211	 19	 39	 14
	 57		 12	 398.436	  0	 31	 16
	 57		 13	 415.835	  0	 31	 16
	 57		 14	 422.979	  0	 31	 16
	 57		 15	 399.710	  0	 31	 16
	 57		 16	 377.385	  9	 40	 17
	 57		 17	 373.558	  4	 40	 17
	 57		 18	 382.463	  5	 40	 17
	 57		 19	 362.101	 14	 40	 17
	 57		 20	 363.753	  4	 40	 17
	 58		  1	 417.638	  0	 26	  1
	 58		  2	 371.804	  0	 26	  1
	 58		  3	 421.495	  0	 26	  1
	 58		  4	 405.540	  0	 30	  2
	 58		  5	 419.957	  0	 30	  2
	 58		  6	 420.943	  0	 30	  2
	 58		  7	 345.781	 29	 39	 14
	 58		  8	 351.069	 19	 39	 14
	 58		  9	 364.253	 18	 39	 14
	 58		 10	 415.377	  0	 31	 16
	 58		 11	 407.656	  0	 31	 16
	 58		 12	 354.108	  0	 31	 16
	 58		 13	 401.006	  0	 31	 16
	 58		 14	 387.676	  2	 40	 17
	 58		 15	 363.672	  3	 40	 17
	 58		 16	 371.342	  4	 41	 17
	 58		 17	 373.076	  3	 41	 17
	 58		 18	 376.214	  4	 40	 17
	 58		 19	 351.562	  0	 40	 17
	 58		 20	 395.114	  0	 40	 17
	 59		  1	 424.797	  0	 26	  1
	 59		  2	 421.304	  0	 26	  1
	 59		  3	 414.307	  0	 26	  1
	 59		  4	 412.722	  0	 30	  2
	 59		  5	 420.011	  0	 30	  2
	 59		  6	 415.321	  0	 30	  2
	 59		  7	 373.777	 23	 39	 14
	 59		  8	 378.912	 16	 39	 14
	 59		  9	 421.837	  0	 31	 16
	 59		 10	 388.637	  0	 31	 16
	 59		 11	 422.284	  0	 31	 16
	 59		 12	 380.213	  3	 40	 17
	 59		 13	 378.022	  6	 40	 17
	 59		 14	 368.353	  3	 40	 17
	 59		 15	 427.064	  0	 35	 18
	 59		 16	 431.314	  0	 35	 18
	 59		 17	 429.394	  0	 35	 18
	 59		 18	 402.619	  0	 35	 18
	 59		 19	 416.153	  0	 35	 18
	 59		 20	 412.261	  0	 35	 18
	 60		  1	 409.982	  0	 26	  1
	 60		  2	 418.239	  0	 26	  1
	 60		  3	 414.084	  0	 26	  1
	 60		  4	 410.004	  0	 32	  2
	 60		  5	 418.823	  0	 32	  2
	 60		  6	 342.696	  0	 32	  2
	 60		  7	 375.258	 20	 39	 14
	 60		  8	 366.021	 17	 40	 14
	 60		  9	 401.943	  0	 31	 16
	 60		 10	 403.188	  0	 31	 16
	 60		 11	 358.805	  0	 31	 16
	 60		 12	 374.200	  2	 40	 17
	 60		 13	 378.026	  2	 40	 17
	 60		 14	 381.541	  0	 42	 17
	 60		 15	 415.045	  0	 35	 18
	 60		 16	 404.890	  0	 35	 18
	 60		 17	 416.360	  0	 35	 18
	 60		 18	 373.859	  0	 35	 18
	 60		 19	 411.964	  0	 35	 18
	 60		 20	 410.338	  0	 35	 18
	 61		  1	 422.652	  0	 26	  1
	 61		  2	 403.284	  0	 26	  1
	 61		  3	 406.561	  0	 26	  1
	 61		  4	 428.460	  0	 32	  2
	 61		  5	 405.744	  0	 32	  2
	 61		  6	 428.941	  0	 32	  2
	 61		  7	 345.142	 34	 39	 14
	 61		  8	 342.409	 14	 39	 14
	 61		  9	 413.073	  0	 31	 16
	 61		 10	 383.522	  0	 33	 16
	 61		 11	 413.357	  0	 31	 16
	 61		 12	 378.177	  2	 42	 17
	 61		 13	 382.603	  1	 42	 17
	 61		 14	 387.370	  2	 42	 17
	 61		 15	 419.421	  0	 35	 18
	 61		 16	 424.996	  0	 35	 18
	 61		 17	 416.169	  0	 35	 18
	 61		 18	 424.515	  0	 36	 18
	 61		 19	 422.787	  0	 35	 18
	 61		 20	 423.367	  0	 36	 18
	 62		  1	 398.143	  0	 26	  1
	 62		  2	 415.821	  0	 26	  1
	 62		  3	 416.618	  0	 32	  2
	 62		  4	 414.686	  0	 32	  2
	 62		  5	 339.734	 24	 39	 14
	 62		  6	 368.455	 10	 39	 14
	 62		  7	 409.308	  0	 31	 16
	 62		  8	 419.170	  0	 31	 16
	 62		  9	 373.722	  4	 42	 17
	 62		 10	 363.333	  5	 42	 17
	 62		 11	 348.095	 22	 42	 17
	 62		 12	 417.655	  0	 35	 18
	 62		 13	 344.995	  0	 35	 18
	 62		 14	 371.247	  0	 35	 18
	 62		 15	 399.937	  0	 30	 19
	 62		 16	 410.265	  0	 30	 19
	 62		 17	 395.813	  0	 30	 19
	 62		 18	 401.329	  0	 30	 19
	 62		 19	 404.610	  0	 30	 19
	 62		 20	 383.610	  0	 30	 19
	 63		  1	 415.658	  0	 26	  1
	 63		  2	 393.906	  0	 26	  1
	 63		  3	 419.715	  0	 32	  2
	 63		  4	 417.495	  0	 32	  2
	 63		  5	 359.061	 10	 39	 14
	 63		  6	 357.940	  7	 39	 14
	 63		  7	 404.111	  0	 31	 16
	 63		  8	 404.741	  0	 31	 16
	 63		  9	 383.323	  6	 42	 17
	 63		 10	 380.453	  1	 42	 17
	 63		 11	 419.099	  0	 35	 18
	 63		 12	 418.229	  0	 35	 18
	 63		 13	 374.045	  0	 35	 18
	 63		 14	 417.684	  0	 30	 19
	 63		 15	 389.338	  0	 32	 19
	 63		 16	 406.826	  0	 31	 19
	 63		 17	 368.839	  0	 30	 19
	 63		 18	 365.236	  0	 30	 19
	 63		 19	 411.860	  0	 30	 19
	 63		 20	 415.992	  0	 30	 19
	 64		  1	 423.112	  0	 26	  1
	 64		  2	 392.556	  0	 26	  1
	 64		  3	 421.002	  0	 26	  1
	 64		  4	 426.261	  0	 32	  2
	 64		  5	 419.336	  0	 32	  2
	 64		  6	 416.346	  0	 32	  2
	 64		  7	 384.394	  4	 42	 14
	 64		  8	 348.960	  4	 42	 14
	 64		  9	 407.699	  0	 31	 16
	 64		 10	 388.405	  0	 31	 16
	 64		 11	 415.348	  0	 31	 16
	 64		 12	 423.045	  0	 35	 18
	 64		 13	 389.740	  0	 35	 18
	 64		 14	 409.228	  0	 35	 18
	 64		 15	 416.699	  0	 30	 19
	 64		 16	 421.734	  0	 30	 19
	 64		 17	 418.587	  0	 30	 19
	 64		 18	 417.117	  0	 30	 19
	 64		 19	 416.752	  0	 30	 19
	 64		 20	 424.741	  0	 30	 19
	 65		  1	 420.389	  0	 26	  1
	 65		  2	 419.356	  0	 26	  1
	 65		  3	 414.902	  0	 26	  1
	 65		  4	 426.579	  0	 32	  2
	 65		  5	 439.380	  0	 32	  2
	 65		  6	 398.136	  0	 32	  2
	 65		  7	 358.383	  6	 42	 14
	 65		  8	 375.432	  5	 42	 14
	 65		  9	 410.206	  0	 31	 16
	 65		 10	 404.237	  0	 31	 16
	 65		 11	 404.951	  0	 31	 16
	 65		 12	 421.731	  0	 35	 18
	 65		 13	 391.175	  0	 35	 18
	 65		 14	 419.660	  0	 35	 18
	 65		 15	 431.291	  0	 30	 19
	 65		 16	 376.172	  0	 30	 19
	 65		 17	 411.368	  0	 30	 19
	 65		 18	 420.050	  0	 30	 19
	 65		 19	 411.889	  0	 30	 19
	 65		 20	 411.340	  0	 30	 19
	 66		  1	 420.082	  0	 26	  1
	 66		  2	 432.724	  0	 26	  1
	 66		  3	 423.459	  0	 26	  1
	 66		  4	 427.299	  0	 32	  2
	 66		  5	 416.314	  0	 32	  2
	 66		  6	 436.018	  0	 32	  2
	 66		  7	 399.900	  2	 42	 14
	 66		  8	 388.487	 10	 42	 14
	 66		  9	 419.336	  0	 31	 16
	 66		 10	 385.874	  0	 31	 16
	 66		 11	 412.206	  0	 31	 16
	 66		 12	 421.511	  0	 35	 18
	 66		 13	 417.865	  0	 35	 18
	 66		 14	 331.760	  0	 36	 18
	 66		 15	 423.915	  0	 30	 19
	 66		 16	 414.929	  0	 30	 19
	 66		 17	 423.786	  0	 30	 19
	 66		 18	 431.992	  0	 30	 19
	 66		 19	 416.041	  0	 30	 19
	 66		 20	 428.565	  0	 30	 19
	 67		  1	 417.429	  0	 26	  1
	 67		  2	 401.466	  0	 26	  1
	 67		  3	 359.428	  0	 26	  1
	 67		  4	 413.042	  0	 32	  2
	 67		  5	 410.607	  0	 32	  2
	 67		  6	 249.142	  0	 34	  2
	 67		  7	 367.677	  6	 42	 14
	 67		  8	 392.916	  3	 42	 14
	 67		  9	 410.112	  0	 31	 16
	 67		 10	 409.553	  0	 31	 16
	 67		 11	 280.303	  0	 32	 16
	 67		 12	 417.742	  0	 35	 18
	 67		 13	 419.224	  0	 35	 18
	 67		 14	 396.645	  0	 35	 18
	 67		 15	 405.633	  0	 30	 19
	 67		 16	 398.531	  0	 30	 19
	 67		 17	 419.646	  0	 30	 19
	 67		 18	 408.637	  0	 30	 19
	 67		 19	 414.665	  0	 30	 19
	 67		 20	 410.784	  0	 30	 19
	 68		  1	 418.861	  0	 26	  1
	 68		  2	 412.306	  0	 26	  1
	 68		  3	 395.734	  0	 26	  1
	 68		  4	 412.095	  0	 32	  2
	 68		  5	 411.435	  0	 32	  2
	 68		  6	 298.267	  0	 32	  2
	 68		  7	 327.155	  7	 42	 14
	 68		  8	 389.151	  0	 43	 14
	 68		  9	 401.832	  0	 31	 16
	 68		 10	 415.117	  0	 31	 16
	 68		 11	 402.459	  0	 35	 18
	 68		 12	 299.513	  0	 35	 18
	 68		 13	 395.422	  0	 35	 18
	 68		 14	 414.066	  0	 30	 19
	 68		 15	 405.954	  0	 30	 19
	 68		 16	 376.310	  0	 30	 19
	 68		 17	 414.270	  0	 30	 19
	 68		 18	 390.202	  0	 30	 19
	 68		 19	 420.021	  0	 30	 19
	 68		 20	 420.096	  0	 30	 19
	 69		  1	 409.653	  0	 26	  1
	 69		  2	 428.430	  0	 26	  1
	 69		  3	 417.801	  0	 26	  1
	 69		  4	 423.078	  0	 26	  1
	 69		  5	 426.900	  0	 30	  2
	 69		  6	 426.894	  0	 30	  2
	 69		  7	 418.228	  0	 30	  2
	 69		  8	 425.820	  0	 30	  2
	 69		  9	 418.508	  0	 30	  2
	 69		 10	 400.045	  0	 31	 16
	 69		 11	 411.188	  0	 31	 16
	 69		 12	 414.107	  0	 31	 16
	 69		 13	 403.784	  0	 31	 16
	 69		 14	 394.346	  0	 31	 16
	 69		 15	 423.509	  0	 35	 18
	 69		 16	 419.845	  0	 35	 18
	 69		 17	 412.415	  0	 35	 18
	 69		 18	 416.859	  0	 35	 18
	 69		 19	 415.179	  0	 35	 18
	 69		 20	 415.953	  0	 35	 18
	 70		  1	 419.681	  0	 26	  1
	 70		  2	 415.481	  0	 26	  1
	 70		  3	 411.675	  0	 26	  1
	 70		  4	 427.451	  0	 32	  2
	 70		  5	 417.409	  0	 32	  2
	 70		  6	 424.270	  0	 32	  2
	 70		  7	 403.818	  0	 31	 16
	 70		  8	 377.194	  0	 31	 16
	 70		  9	 278.402	  0	 31	 16
	 70		 10	 411.785	  0	 35	 18
	 70		 11	 417.433	  0	 35	 18
	 70		 12	 402.827	  0	 35	 18
	 70		 13	 418.936	  0	 30	 20
	 70		 14	 412.698	  0	 30	 20
	 70		 15	 373.077	  0	 31	 20
	 70		 16	 402.632	  0	 30	 20
	 70		 17	 368.878	  0	 30	 20
	 70		 18	 368.655	  0	 30	 20
	 70		 19	 414.544	  0	 30	 20
	 70		 20	 424.858	  0	 30	 20
	 71		  1	 419.623	  0	 26	  1
	 71		  2	 417.421	  0	 26	  1
	 71		  3	 419.872	  0	 26	  1
	 71		  4	 423.641	  0	 26	  1
	 71		  5	 420.755	  0	 32	  2
	 71		  6	 411.922	  0	 32	  2
	 71		  7	 430.377	  0	 32	  2
	 71		  8	 408.183	  0	 32	  2
	 71		  9	 415.703	  0	 35	 18
	 71		 10	 305.726	  0	 35	 18
	 71		 11	 417.152	  0	 35	 18
	 71		 12	 420.154	  0	 35	 18
	 71		 13	 435.755	  0	 30	 20
	 71		 14	 418.522	  0	 30	 20
	 71		 15	 374.413	  0	 30	 20
	 71		 16	 420.991	  0	 30	 20
	 71		 17	 408.277	  0	 32	 20
	 71		 18	 407.709	  0	 32	 20
	 71		 19	 430.204	  0	 30	 20
	 71		 20	 408.792	  0	 30	 20
	 72		  1	 424.136	  0	 26	  1
	 72		  2	 417.705	  0	 26	  1
	 72		  3	 429.972	  0	 26	  1
	 72		  4	 422.155	  0	 32	  2
	 72		  5	 189.682	  0	 32	  2
	 72		  6	 411.149	  0	 33	  2
	 72		  7	 422.417	  0	 35	 18
	 72		  8	 418.575	  0	 35	 18
	 72		  9	 423.407	  0	 35	 18
	 72		 10	 417.875	  0	 30	 20
	 72		 11	 384.525	  0	 30	 20
	 72		 12	 407.377	  0	 30	 20
	 72		 13	 422.506	  0	 30	 20
	 72		 14	 424.892	  0	 31	 21
	 72		 15	 424.656	  0	 31	 21
	 72		 16	 428.553	  0	 31	 21
	 72		 17	 412.015	  0	 31	 21
	 72		 18	 422.505	  0	 31	 21
	 72		 19	 432.642	  0	 31	 21
	 72		 20	 395.792	  0	 31	 21
	 73		  1	 430.802	  0	 26	  1
	 73		  2	 428.332	  0	 26	  1
	 73		  3	 389.538	  0	 26	  1
	 73		  4	 430.035	  0	 32	  2
	 73		  5	 374.628	  0	 32	  2
	 73		  6	 421.254	  0	 32	  2
	 73		  7	 421.677	  0	 35	 18
	 73		  8	 424.632	  0	 35	 18
	 73		  9	 426.029	  0	 35	 18
	 73		 10	 418.570	  0	 30	 20
	 73		 11	 408.602	  0	 30	 20
	 73		 12	 392.332	  0	 30	 20
	 73		 13	 403.266	  0	 30	 20
	 73		 14	 431.384	  0	 31	 21
	 73		 15	 421.528	  0	 31	 21
	 73		 16	 426.880	  0	 31	 21
	 73		 17	 378.822	  0	 31	 21
	 73		 18	 292.451	  0	 31	 21
	 73		 19	 379.530	  0	 31	 21
	 73		 20	 412.875	  0	 31	 21
	 74		  1	 423.363	  0	 26	  1
	 74		  2	 393.057	  0	 26	  1
	 74		  3	 420.611	  0	 26	  1
	 74		  4	 429.914	  0	 32	  2
	 74		  5	 425.564	  0	 32	  2
	 74		  6	 374.782	  0	 32	  2
	 74		  7	 424.813	  0	 35	 18
	 74		  8	 417.142	  0	 35	 18
	 74		  9	 420.915	  0	 35	 18
	 74		 10	 405.041	  0	 30	 20
	 74		 11	 423.598	  0	 30	 20
	 74		 12	 376.907	  0	 30	 20
	 74		 13	 379.969	  0	 30	 20
	 74		 14	 427.400	  0	 31	 21
	 74		 15	 421.158	  0	 31	 21
	 74		 16	 388.966	  0	 33	 21
	 74		 17	 428.061	  0	 31	 21
	 74		 18	 417.058	  0	 31	 21
	 74		 19	 418.449	  0	 31	 21
	 74		 20	 422.014	  0	 31	 21
	 75		  1	 425.554	  0	 26	  1
	 75		  2	 423.904	  0	 26	  1
	 75		  3	 405.032	  0	 26	  1
	 75		  4	 417.562	  0	 32	  2
	 75		  5	 408.037	  0	 32	  2
	 75		  6	 350.933	  0	 32	  2
	 75		  7	 420.091	  0	 37	 18
	 75		  8	 405.564	  0	 37	 18
	 75		  9	 418.356	  0	 37	 18
	 75		 10	 403.915	  0	 30	 20
	 75		 11	 388.750	  0	 31	 20
	 75		 12	 365.811	  0	 32	 20
	 75		 13	 396.347	  0	 30	 20
	 75		 14	 418.766	  0	 31	 21
	 75		 15	 414.919	  0	 31	 21
	 75		 16	 416.340	  0	 31	 21
	 75		 17	 416.282	  0	 31	 21
	 75		 18	 405.242	  0	 31	 21
	 75		 19	 408.787	  0	 31	 21
	 75		 20	 419.438	  0	 31	 21
	 76		  1	 403.307	  0	 26	  1
	 76		  2	 417.590	  0	 26	  1
	 76		  3	 419.376	  0	 26	  1
	 76		  4	 410.007	  0	 26	  1
	 76		  5	 427.402	  0	 32	  2
	 76		  6	 415.530	  0	 32	  2
	 76		  7	 426.519	  0	 32	  2
	 76		  8	 286.678	  0	 32	  2
	 76		  9	 421.336	  0	 30	 20
	 76		 10	 392.165	  0	 30	 20
	 76		 11	 379.942	  0	 30	 20
	 76		 12	 387.661	  0	 30	 20
	 76		 13	 411.003	  0	 30	 20
	 76		 14	 425.947	  0	 31	 21
	 76		 15	 434.861	  0	 31	 21
	 76		 16	 389.169	  0	 31	 21
	 76		 17	 386.649	  0	 33	 21
	 76		 18	 427.714	  0	 31	 21
	 76		 19	 428.430	  0	 32	 21
	 76		 20	 420.809	  0	 31	 21
	 77		  1	 417.100	  0	 26	  1
	 77		  2	 421.023	  0	 26	  1
	 77		  3	 408.854	  0	 26	  1
	 77		  4	 424.598	  0	 26	  1
	 77		  5	 422.366	  0	 32	  2
	 77		  6	 397.173	  0	 34	  2
	 77		  7	 417.614	  0	 32	  2
	 77		  8	 390.468	  0	 32	  2
	 77		  9	 418.410	  0	 30	 20
	 77		 10	 413.655	  0	 30	 20
	 77		 11	 422.143	  0	 30	 20
	 77		 12	 411.742	  0	 30	 20
	 77		 13	 398.685	  0	 30	 20
	 77		 14	 434.369	  0	 31	 21
	 77		 15	 425.126	  0	 31	 21
	 77		 16	 370.440	  0	 31	 21
	 77		 17	 419.828	  0	 31	 21
	 77		 18	 375.563	  0	 32	 21
	 77		 19	 366.917	  0	 31	 21
	 77		 20	 358.118	  0	 31	 21
	 78		  1	 418.402	  0	 26	  1
	 78		  2	 404.525	  0	 26	  1
	 78		  3	 354.962	  0	 26	  1
	 78		  4	 407.867	  0	 26	  1
	 78		  5	 423.978	  0	 32	  2
	 78		  6	 417.337	  0	 32	  2
	 78		  7	 424.446	  0	 32	  2
	 78		  8	 422.375	  0	 32	  2
	 78		  9	 421.482	  0	 30	 20
	 78		 10	 428.128	  0	 30	 20
	 78		 11	 373.199	  0	 30	 20
	 78		 12	 417.811	  0	 30	 20
	 78		 13	 425.797	  0	 30	 20
	 78		 14	 424.850	  0	 31	 21
	 78		 15	 396.880	  0	 31	 21
	 78		 16	 408.497	  0	 31	 21
	 78		 17	 404.652	  0	 31	 21
	 78		 18	 247.758	  0	 31	 21
	 78		 19	 421.171	  0	 31	 21
	 78		 20	 419.562	  0	 31	 21
	 79		  1	 425.766	  0	 26	  1
	 79		  2	 425.858	  0	 26	  1
	 79		  3	 425.561	  0	 26	  1
	 79		  4	 430.028	  0	 26	  1
	 79		  5	 430.185	  0	 32	  2
	 79		  6	 425.136	  0	 32	  2
	 79		  7	 407.815	  0	 34	  2
	 79		  8	 411.758	  0	 32	  2
	 79		  9	 426.499	  0	 30	 20
	 79		 10	 381.628	  0	 30	 20
	 79		 11	 419.338	  0	 30	 20
	 79		 12	 425.842	  0	 30	 20
	 79		 13	 382.973	  0	 30	 20
	 79		 14	 426.917	  0	 31	 21
	 79		 15	 383.631	  0	 31	 21
	 79		 16	 418.752	  0	 31	 21
	 79		 17	 429.636	  0	 31	 21
	 79		 18	 413.509	  0	 31	 21
	 79		 19	 427.341	  0	 31	 21
	 79		 20	 425.711	  0	 31	 21
	 80		  1	 416.425	  0	 26	  1
	 80		  2	 413.366	  0	 26	  1
	 80		  3	 430.178	  0	 26	  1
	 80		  4	 419.405	  0	 26	  1
	 80		  5	 431.003	  0	 32	  2
	 80		  6	 426.930	  0	 32	  2
	 80		  7	 421.070	  0	 32	  2
	 80		  8	 428.190	  0	 32	  2
	 80		  9	 426.126	  0	 30	 20
	 80		 10	 427.000	  0	 30	 20
	 80		 11	 420.544	  0	 30	 20
	 80		 12	 412.255	  0	 30	 20
	 80		 13	 434.834	  0	 31	 21
	 80		 14	 409.158	  0	 31	 21
	 80		 15	 427.598	  0	 32	 21
	 80		 16	 399.893	  0	 31	 21
	 80		 17	 430.898	  0	 31	 21
	 80		 18	 429.430	  0	 31	 21
	 80		 19	 439.478	  0	 31	 21
	 80		 20	 277.927	  0	 31	 21
	 81		  1	 433.087	  0	 26	  1
	 81		  2	 432.652	  0	 26	  1
	 81		  3	 422.844	  0	 26	  1
	 81		  4	 414.192	  0	 26	  1
	 81		  5	 427.918	  0	 32	  2
	 81		  6	 378.618	  0	 32	  2
	 81		  7	 428.162	  0	 32	  2
	 81		  8	 342.813	  0	 32	  2
	 81		  9	 430.625	  0	 30	 20
	 81		 10	 418.288	  0	 30	 20
	 81		 11	 427.293	  0	 30	 20
	 81		 12	 400.910	  0	 30	 20
	 81		 13	 429.576	  0	 31	 21
	 81		 14	 428.836	  0	 31	 21
	 81		 15	 429.017	  0	 31	 21
	 81		 16	 423.514	  0	 31	 21
	 81		 17	 429.176	  0	 31	 21
	 81		 18	 425.803	  0	 31	 21
	 81		 19	 402.485	  0	 31	 21
	 81		 20	 433.028	  0	 31	 21
	 82		  1	 429.428	  0	 26	  1
	 82		  2	 423.924	  0	 26	  1
	 82		  3	 350.791	  0	 26	  1
	 82		  4	 415.061	  0	 32	  2
	 82		  5	 343.225	  0	 34	  2
	 82		  6	 417.273	  0	 32	  2
	 82		  7	 405.933	  0	 32	  2
	 82		  8	 395.643	  0	 32	  2
	 82		  9	 434.192	  0	 30	 20
	 82		 10	 427.155	  0	 30	 20
	 82		 11	 383.841	  0	 30	 20
	 82		 12	 419.220	  0	 30	 20
	 82		 13	 415.221	  0	 30	 20
	 82		 14	 432.784	  0	 31	 21
	 82		 15	 423.118	  0	 31	 21
	 82		 16	 384.292	  0	 31	 21
	 82		 17	 403.334	  0	 31	 21
	 82		 18	 427.281	  0	 31	 21
	 82		 19	 434.314	  0	 31	 21
	 82		 20	 385.815	  0	 31	 21
	 83		  1	 417.003	  0	 26	  1
	 83		  2	 417.003	  0	 26	  1
	 83		  3	 406.911	  0	 32	  2
	 83		  4	 419.172	  0	 32	  2
	 83		  5	 389.606	  0	 32	  2
	 83		  6	 416.217	  0	 32	  2
	 83		  7	 420.448	  0	 30	 20
	 83		  8	 414.492	  0	 30	 20
	 83		  9	 418.103	  0	 30	 20
	 83		 10	 386.483	  0	 30	 20
	 83		 11	 421.274	  0	 31	 21
	 83		 12	 427.911	  0	 31	 21
	 83		 13	 415.717	  0	 33	 21
	 83		 14	 424.044	  0	 31	 21
	 83		 15	 339.524	  0	 34	 22
	 83		 16	 309.033	  0	 34	 22
	 83		 17	  98.385	  0	 34	 22
	 83		 18	 126.712	  0	 34	 22
	 83		 19	 129.193	  0	 34	 22
	 83		 20	  39.879	  0	 34	 22
	 84		  1	 427.838	  0	 26	  1
	 84		  2	 391.966	  0	 26	  1
	 84		  3	 424.711	  0	 26	  1
	 84		  4	 414.547	  0	 32	  2
	 84		  5	 418.645	  0	 32	  2
	 84		  6	 427.412	  0	 32	  2
	 84		  7	 422.495	  0	 30	 20
	 84		  8	 417.336	  0	 30	 20
	 84		  9	 418.220	  0	 30	 20
	 84		 10	 424.694	  0	 30	 20
	 84		 11	 418.802	  0	 31	 21
	 84		 12	 416.714	  0	 31	 21
	 84		 13	 392.802	  0	 31	 21
	 84		 14	 424.158	  0	 31	 21
	 84		 15	 412.285	  0	 33	 22
	 84		 16	 382.222	  0	 33	 22
	 84		 17	 406.636	  0	 34	 22
	 84		 18	 401.029	  0	 33	 22
	 84		 19	 411.899	  0	 33	 22
	 84		 20	 401.715	  0	 34	 22
	 85		  1	 421.938	  0	 26	  1
	 85		  2	 427.388	  0	 26	  1
	 85		  3	 414.147	  0	 26	  1
	 85		  4	 421.550	  0	 32	  2
	 85		  5	 424.438	  0	 32	  2
	 85		  6	 428.952	  0	 32	  2
	 85		  7	 420.841	  0	 30	 20
	 85		  8	 422.572	  0	 30	 20
	 85		  9	 425.687	  0	 32	 20
	 85		 10	 416.543	  0	 30	 20
	 85		 11	 417.657	  0	 31	 21
	 85		 12	 423.104	  0	 31	 21
	 85		 13	 201.069	  0	 31	 21
	 85		 14	 406.947	  0	 31	 21
	 85		 15	 419.503	  0	 33	 22
	 85		 16	 403.185	  0	 33	 22
	 85		 17	 416.830	  0	 33	 22
	 85		 18	 407.792	  0	 33	 22
	 85		 19	 403.226	  0	 33	 22
	 85		 20	 408.757	  0	 33	 22
	 86		  1	 425.245	  0	 26	  1
	 86		  2	 412.171	  0	 26	  1
	 86		  3	 414.765	  0	 32	  2
	 86		  4	 416.685	  0	 33	  2
	 86		  5	 426.306	  0	 30	 20
	 86		  6	 426.971	  0	 30	 20
	 86		  7	 374.104	  0	 30	 20
	 86		  8	 429.109	  0	 31	 21
	 86		  9	 437.410	  0	 31	 21
	 86		 10	 424.611	  0	 31	 21
	 86		 11	 426.218	  0	 33	 22
	 86		 12	 420.101	  0	 33	 22
	 86		 13	 427.803	  0	 33	 22
	 86		 14	 410.304	  0	 33	 22
	 86		 15	 423.375	  0	 32	 23
	 86		 16	 414.997	  0	 32	 23
	 86		 17	 388.347	  0	 32	 23
	 86		 18	 410.708	  0	 32	 23
	 86		 19	 394.993	  0	 32	 23
	 86		 20	 418.276	  0	 33	 23
	 87		  1	 415.155	  0	 26	  1
	 87		  2	 369.222	  0	 26	  1
	 87		  3	 421.828	  0	 26	  1
	 87		  4	 414.682	  0	 33	  2
	 87		  5	 417.361	  0	 33	  2
	 87		  6	 403.913	  0	 34	  2
	 87		  7	 416.222	  0	 30	 20
	 87		  8	 416.752	  0	 30	 20
	 87		  9	 394.332	  0	 31	 20
	 87		 10	 408.573	  0	 30	 20
	 87		 11	 427.340	  0	 31	 21
	 87		 12	 434.610	  0	 31	 21
	 87		 13	 424.340	  0	 31	 21
	 87		 14	 391.181	  0	 31	 21
	 87		 15	 411.752	  0	 32	 23
	 87		 16	 412.276	  0	 32	 23
	 87		 17	 413.626	  0	 32	 23
	 87		 18	 408.416	  0	 32	 23
	 87		 19	 412.848	  0	 32	 23
	 87		 20	 436.850	  0	 32	 23
	 88		  1	 413.728	  0	 26	  1
	 88		  2	 404.444	  0	 26	  1
	 88		  3	 418.607	  0	 26	  1
	 88		  4	 424.243	  0	 33	  2
	 88		  5	 377.262	  0	 33	  2
	 88		  6	 419.984	  0	 33	  2
	 88		  7	 423.345	  0	 31	 21
	 88		  8	 422.049	  0	 31	 21
	 88		  9	 420.546	  0	 31	 21
	 88		 10	 391.963	  0	 31	 21
	 88		 11	 336.096	  0	 31	 21
	 88		 12	 408.537	  0	 32	 23
	 88		 13	 397.499	  0	 32	 23
	 88		 14	 412.004	  0	 32	 23
	 88		 15	 366.542	  0	 32	 23
	 88		 16	 375.580	  0	 34	 23
	 88		 17	 416.704	  0	 32	 23
	 88		 18	 401.748	  0	 32	 23
	 88		 19	 409.066	  0	 32	 23
	 88		 20	 392.604	  0	 32	 23
	 89		  1	 418.048	  0	 26	  1
	 89		  2	 416.091	  0	 26	  1
	 89		  3	 378.958	  0	 26	  1
	 89		  4	 432.494	  0	 33	  2
	 89		  5	 426.601	  0	 33	  2
	 89		  6	 378.052	  0	 33	  2
	 89		  7	 421.143	  0	 31	 21
	 89		  8	 431.419	  0	 31	 21
	 89		  9	 418.034	  0	 32	 21
	 89		 10	 403.573	  0	 33	 21
	 89		 11	 423.356	  0	 31	 21
	 89		 12	 424.217	  0	 32	 23
	 89		 13	 425.364	  0	 32	 23
	 89		 14	 425.156	  0	 32	 23
	 89		 15	 373.249	  0	 32	 23
	 89		 16	 400.470	  0	 32	 23
	 89		 17	 409.744	  0	 32	 23
	 89		 18	 394.355	  0	 32	 23
	 89		 19	 423.808	  0	 32	 23
	 89		 20	 366.868	  0	 32	 23
	 90		  1	 424.168	  0	 26	  1
	 90		  2	 424.674	  0	 26	  1
	 90		  3	 427.817	  0	 33	  2
	 90		  4	 289.431	  0	 33	  2
	 90		  5	 424.885	  0	 31	 21
	 90		  6	 429.514	  0	 31	 21
	 90		  7	 428.624	  0	 31	 21
	 90		  8	 413.571	  0	 32	 21
	 90		  9	 420.404	  0	 32	 23
	 90		 10	 412.589	  0	 33	 23
	 90		 11	 425.265	  0	 32	 23
	 90		 12	 283.196	  0	 32	 23
	 90		 13	 399.613	  0	 33	 24
	 90		 14	 387.262	  0	 33	 24
	 90		 15	  61.710	  0	 33	 24
	 90		 16	 392.730	  0	 33	 24
	 90		 17	 427.263	  0	 33	 24
	 90		 18	 393.967	  0	 33	 24
	 90		 19	 348.003	  0	 33	 24
	 90		 20	 421.327	  0	 33	 24
	 91		  1	 432.639	  0	 26	  1
	 91		  2	 402.185	  0	 26	  1
	 91		  3	 420.633	  0	 26	  1
	 91		  4	 423.949	  0	 32	  2
	 91		  5	 431.511	  0	 32	  2
	 91		  6	 417.128	  0	 31	 21
	 91		  7	 412.064	  0	 31	 21
	 91		  8	 415.106	  0	 31	 21
	 91		  9	 379.364	  0	 31	 21
	 91		 10	 423.432	  0	 32	 23
	 91		 11	 361.843	  0	 32	 23
	 91		 12	 427.014	  0	 32	 23
	 91		 13	 410.203	  0	 33	 23
	 91		 14	 420.894	  0	 33	 24
	 91		 15	 415.762	  0	 33	 24
	 91		 16	 410.991	  0	 33	 24
	 91		 17	 414.928	  0	 33	 24
	 91		 18	 421.691	  0	 33	 24
	 91		 19	 417.450	  0	 33	 24
	 91		 20	 416.214	  0	 33	 24
	 92		  1	 410.845	  0	 26	  1
	 92		  2	 417.615	  0	 26	  1
	 92		  3	 407.018	  0	 32	  2
	 92		  4	 423.095	  0	 32	  2
	 92		  5	 418.293	  0	 32	  2
	 92		  6	 421.368	  0	 31	 21
	 92		  7	 421.500	  0	 31	 21
	 92		  8	 364.270	  0	 31	 21
	 92		  9	 412.344	  0	 31	 21
	 92		 10	 408.157	  0	 32	 23
	 92		 11	 410.356	  0	 32	 23
	 92		 12	 419.518	  0	 33	 23
	 92		 13	 410.162	  0	 32	 23
	 92		 14	 409.192	  0	 33	 24
	 92		 15	 418.252	  0	 33	 24
	 92		 16	 308.124	  0	 33	 24
	 92		 17	 425.490	  0	 33	 24
	 92		 18	 379.060	  0	 33	 24
	 92		 19	 405.045	  0	 35	 24
	 92		 20	 397.505	  0	 33	 24
	 93		  1	 418.023	  0	 26	  1
	 93		  2	 418.023	  0	 26	  1
	 93		  3	 422.786	  0	 32	  2
	 93		  4	 341.337	  0	 32	  2
	 93		  5	 421.237	  0	 31	 21
	 93		  6	 427.879	  0	 31	 21
	 93		  7	 422.497	  0	 31	 21
	 93		  8	 417.907	  0	 33	 23
	 93		  9	 422.408	  0	 34	 23
	 93		 10	 417.860	  0	 33	 23
	 93		 11	 421.079	  0	 33	 23
	 93		 12	 412.538	  0	 33	 24
	 93		 13	 417.817	  0	 33	 24
	 93		 14	 425.806	  0	 33	 24
	 93		 15	 413.507	  0	 35	 25
	 93		 16	 407.809	  0	 35	 25
	 93		 17	 405.777	  0	 35	 25
	 93		 18	 392.699	  0	 35	 25
	 93		 19	 408.368	  0	 35	 25
	 93		 20	 404.521	  0	 35	 25
	 94		  1	 422.478	  0	 26	  1
	 94		  2	 416.521	  0	 32	  2
	 94		  3	 426.733	  0	 31	 21
	 94		  4	 411.801	  0	 31	 21
	 94		  5	 429.968	  0	 34	 23
	 94		  6	 418.192	  0	 34	 23
	 94		  7	 420.269	  0	 34	 23
	 94		  8	 419.703	  0	 33	 24
	 94		  9	 421.061	  0	 33	 24
	 94		 10	 407.318	  0	 33	 24
	 94		 11	 402.658	  0	 35	 25
	 94		 12	 399.672	  0	 35	 25
	 94		 13	 419.673	  0	 35	 25
	 94		 14	 430.328	  0	 33	 26
	 94		 15	 423.035	  0	 33	 26
	 94		 16	 411.276	  0	 33	 26
	 94		 17	 430.025	  0	 33	 26
	 94		 18	 418.977	  0	 33	 26
	 94		 19	 427.798	  0	 33	 26
	 94		 20	 422.848	  0	 33	 26
	 95		  1	 421.112	  0	 26	  1
	 95		  2	 413.725	  0	 32	  2
	 95		  3	 420.490	  0	 31	 21
	 95		  4	 417.125	  0	 31	 21
	 95		  5	 428.021	  0	 34	 23
	 95		  6	 413.620	  0	 34	 23
	 95		  7	 348.279	  0	 34	 23
	 95		  8	 425.477	  0	 33	 24
	 95		  9	 425.930	  0	 33	 24
	 95		 10	 415.090	  0	 33	 24
	 95		 11	 416.531	  0	 35	 25
	 95		 12	 409.090	  0	 35	 25
	 95		 13	 409.778	  0	 35	 25
	 95		 14	 427.734	  0	 33	 26
	 95		 15	 391.451	  0	 33	 26
	 95		 16	 428.658	  0	 33	 26
	 95		 17	 430.205	  0	 33	 26
	 95		 18	 378.304	  0	 33	 26
	 95		 19	 420.254	  0	 33	 26
	 95		 20	 292.163	  0	 33	 26
	 96		  1	 425.279	  0	 33	  2
	 96		  2	 430.642	  0	 33	  2
	 96		  3	 423.265	  0	 31	 21
	 96		  4	 409.121	  0	 31	 21
	 96		  5	 392.075	  0	 31	 21
	 96		  6	 427.847	  0	 34	 23
	 96		  7	 421.138	  0	 34	 23
	 96		  8	 412.011	  0	 34	 23
	 96		  9	 424.034	  0	 33	 24
	 96		 10	 411.289	  0	 34	 24
	 96		 11	 410.292	  0	 34	 24
	 96		 12	 418.148	  0	 35	 25
	 96		 13	 419.176	  0	 35	 25
	 96		 14	 401.944	  0	 35	 25
	 96		 15	 413.070	  0	 33	 26
	 96		 16	 424.139	  0	 33	 26
	 96		 17	 416.931	  0	 33	 26
	 96		 18	 426.610	  0	 33	 26
	 96		 19	 426.799	  0	 33	 26
	 96		 20	 417.634	  0	 33	 26
