# Evoluation started on 2016/11/24 11:13:43
# Generation	   Individual 	   Fitness 	 SecondFitness 	  Size		SpecieID
	  0		  1	 158.433	183	 26	 -1
	  0		  2	 185.159	  0	 26	 -1
	  0		  3	  98.011	  0	 26	 -1
	  0		  4	  65.902	  0	 26	 -1
	  0		  5	 111.826	  0	 26	 -1
	  0		  6	 170.474	  0	 26	 -1
	  0		  7	 172.573	  0	 26	 -1
	  0		  8	  71.163	  0	 26	 -1
	  0		  9	 192.231	  0	 26	 -1
	  0		 10	 145.187	  0	 26	 -1
	  0		 11	  76.718	  0	 26	 -1
	  0		 12	  36.687	148	 26	 -1
	  0		 13	  90.991	  0	 26	 -1
	  0		 14	 146.238	  0	 26	 -1
	  0		 15	 237.240	  0	 26	 -1
	  0		 16	  58.264	  0	 26	 -1
	  0		 17	 202.726	 13	 26	 -1
	  0		 18	  95.452	  0	 26	 -1
	  0		 19	  53.370	 47	 26	 -1
	  0		 20	 260.583	  0	 26	 -1
	  1		  1	 233.862	  0	 26	  1
	  1		  2	 229.520	  0	 26	  1
	  1		  3	 178.350	  0	 26	  1
	  1		  4	 225.930	  0	 26	  1
	  1		  5	 208.525	  0	 26	  1
	  1		  6	 194.581	  0	 26	  1
	  1		  7	 118.640	  0	 28	  1
	  1		  8	 192.635	  0	 26	  1
	  1		  9	 211.704	 86	 26	  1
	  1		 10	 125.230	  0	 26	  1
	  1		 11	 232.057	  0	 26	  1
	  1		 12	 163.475	 75	 26	  1
	  1		 13	 202.039	  0	 28	  1
	  1		 14	 233.345	 11	 26	  1
	  1		 15	 218.404	  0	 26	  1
	  1		 16	 287.319	  0	 26	  1
	  1		 17	 232.237	  0	 26	  1
	  1		 18	  75.603	201	 26	  1
	  1		 19	 178.877	172	 26	  1
	  1		 20	 153.919	 21	 26	  1
	  2		  1	 263.459	  0	 26	  1
	  2		  2	 253.902	  0	 26	  1
	  2		  3	 294.984	  4	 26	  1
	  2		  4	 215.279	  0	 26	  1
	  2		  5	 197.778	 34	 26	  1
	  2		  6	 212.497	 89	 28	  1
	  2		  7	 294.246	  0	 26	  1
	  2		  8	 123.432	  0	 28	  2
	  2		  9	 121.811	  0	 28	  2
	  2		 10	 134.533	  0	 28	  2
	  2		 11	 112.890	  0	 28	  2
	  2		 12	 211.562	  0	 28	  3
	  2		 13	 236.255	  0	 28	  3
	  2		 14	 217.449	  0	 28	  3
	  2		 15	 178.172	  4	 28	  3
	  2		 16	 213.085	  0	 28	  3
	  2		 17	 201.625	  0	 28	  3
	  2		 18	 200.921	  0	 28	  3
	  2		 19	 211.825	  0	 28	  3
	  2		 20	 248.798	  0	 28	  3
	  3		  1	 205.314	 94	 26	  1
	  3		  2	 215.774	 27	 26	  1
	  3		  3	 208.003	 11	 26	  1
	  3		  4	 221.097	 24	 26	  1
	  3		  5	 194.668	137	 26	  1
	  3		  6	 193.302	 86	 26	  1
	  3		  7	 128.003	  0	 28	  2
	  3		  8	 120.379	  0	 28	  2
	  3		  9	 150.970	  0	 28	  2
	  3		 10	 219.950	  3	 28	  3
	  3		 11	 226.274	  3	 28	  3
	  3		 12	 203.506	  7	 28	  3
	  3		 13	 178.946	  3	 28	  3
	  3		 14	 186.762	  3	 28	  3
	  3		 15	 178.754	153	 28	  4
	  3		 16	 173.702	188	 28	  4
	  3		 17	 132.443	254	 28	  4
	  3		 18	 178.905	152	 28	  4
	  3		 19	 199.558	 94	 28	  4
	  3		 20	 214.985	 32	 28	  4
	  4		  1	 294.787	  0	 26	  1
	  4		  2	 287.545	  0	 26	  1
	  4		  3	 304.473	  0	 26	  1
	  4		  4	 277.528	  0	 26	  1
	  4		  5	 297.410	  0	 26	  1
	  4		  6	 282.754	  0	 26	  1
	  4		  7	 155.045	  0	 28	  2
	  4		  8	 146.895	  0	 28	  2
	  4		  9	 156.139	  0	 28	  2
	  4		 10	 235.552	  0	 28	  3
	  4		 11	 243.624	  0	 28	  3
	  4		 12	 232.751	  0	 28	  3
	  4		 13	 248.489	  0	 28	  3
	  4		 14	 248.599	  0	 28	  3
	  4		 15	 239.671	  0	 28	  4
	  4		 16	 207.953	  0	 28	  4
	  4		 17	 236.509	  0	 28	  4
	  4		 18	 227.321	  0	 28	  4
	  4		 19	 201.706	 48	 28	  4
	  4		 20	 159.448	140	 30	  4
	  5		  1	 268.006	  5	 26	  1
	  5		  2	 228.386	 54	 26	  1
	  5		  3	 222.460	 13	 26	  1
	  5		  4	 254.186	  6	 26	  1
	  5		  5	 248.799	 13	 26	  1
	  5		  6	 274.720	  8	 26	  1
	  5		  7	 150.180	  0	 28	  2
	  5		  8	 170.059	  0	 28	  2
	  5		  9	 147.833	  0	 28	  2
	  5		 10	 237.662	  0	 28	  3
	  5		 11	 214.124	  0	 28	  3
	  5		 12	 184.922	  0	 28	  3
	  5		 13	 291.703	  0	 28	  3
	  5		 14	 261.417	  0	 28	  3
	  5		 15	 181.310	 56	 28	  4
	  5		 16	 204.441	  4	 28	  4
	  5		 17	  93.993	258	 28	  4
	  5		 18	 227.961	  0	 28	  4
	  5		 19	 103.299	152	 28	  4
	  5		 20	 189.633	 21	 28	  4
	  6		  1	 328.626	  0	 26	  1
	  6		  2	 328.251	  0	 26	  1
	  6		  3	 315.365	  0	 26	  1
	  6		  4	 328.895	  0	 26	  1
	  6		  5	 310.231	  8	 26	  1
	  6		  6	 324.305	  0	 26	  1
	  6		  7	 174.258	  0	 28	  2
	  6		  8	 171.830	  0	 28	  2
	  6		  9	 174.686	  0	 28	  2
	  6		 10	 298.315	  5	 28	  3
	  6		 11	 146.046	268	 28	  3
	  6		 12	 104.890	360	 28	  3
	  6		 13	 149.332	264	 28	  3
	  6		 14	 145.671	266	 28	  3
	  6		 15	 251.656	  0	 28	  4
	  6		 16	 254.968	  2	 28	  4
	  6		 17	 203.527	  0	 28	  4
	  6		 18	 233.791	  0	 28	  4
	  6		 19	 239.330	  9	 28	  4
	  6		 20	 248.193	  0	 28	  4
	  7		  1	 319.414	  0	 26	  1
	  7		  2	 347.019	  0	 26	  1
	  7		  3	 305.330	  0	 26	  1
	  7		  4	 302.934	  0	 26	  1
	  7		  5	 173.019	  0	 28	  2
	  7		  6	 162.336	  0	 28	  2
	  7		  7	 309.264	  4	 28	  3
	  7		  8	 196.682	192	 28	  3
	  7		  9	 244.243	  9	 28	  4
	  7		 10	 259.392	  0	 28	  4
	  7		 11	 254.272	  7	 28	  4
	  7		 12	 324.297	  0	 28	  5
	  7		 13	 317.248	  0	 28	  5
	  7		 14	 304.850	  2	 28	  5
	  7		 15	 302.336	  2	 28	  5
	  7		 16	 295.602	  1	 28	  5
	  7		 17	 210.727	  0	 28	  5
	  7		 18	 281.463	  0	 28	  5
	  7		 19	 308.940	  0	 28	  5
	  7		 20	 281.087	  0	 28	  5
	  8		  1	 353.042	  0	 26	  1
	  8		  2	 345.820	  0	 26	  1
	  8		  3	 339.375	  2	 26	  1
	  8		  4	 354.916	  0	 26	  1
	  8		  5	 211.320	 82	 26	  1
	  8		  6	 174.673	  0	 28	  2
	  8		  7	 187.323	  0	 28	  2
	  8		  8	 312.450	  1	 28	  3
	  8		  9	 283.048	  0	 28	  3
	  8		 10	 288.429	  0	 28	  3
	  8		 11	 219.645	  0	 28	  4
	  8		 12	 256.908	 51	 28	  4
	  8		 13	 203.004	  7	 28	  4
	  8		 14	 307.830	  2	 28	  5
	  8		 15	 294.144	  0	 28	  5
	  8		 16	 277.593	  1	 28	  5
	  8		 17	 318.355	  0	 28	  5
	  8		 18	 204.455	  0	 28	  5
	  8		 19	 279.989	  1	 28	  5
	  8		 20	 274.672	  0	 28	  5
	  9		  1	 358.276	  2	 26	  1
	  9		  2	 370.545	  0	 26	  1
	  9		  3	 341.024	  0	 26	  1
	  9		  4	 359.674	  0	 26	  1
	  9		  5	 337.249	  3	 26	  1
	  9		  6	 188.376	  0	 28	  2
	  9		  7	 187.165	  0	 28	  2
	  9		  8	 247.220	 98	 28	  3
	  9		  9	 283.576	  1	 28	  3
	  9		 10	 295.725	  1	 30	  3
	  9		 11	 270.711	  0	 28	  3
	  9		 12	 201.193	132	 28	  4
	  9		 13	 144.419	203	 28	  4
	  9		 14	 254.889	 39	 28	  4
	  9		 15	 312.229	  5	 28	  5
	  9		 16	 341.184	  2	 28	  5
	  9		 17	 267.588	  0	 28	  5
	  9		 18	 323.557	  3	 28	  5
	  9		 19	 302.930	  0	 28	  5
	  9		 20	 307.129	  0	 28	  5
	 10		  1	 377.770	  1	 26	  1
	 10		  2	 358.894	  1	 26	  1
	 10		  3	 351.811	  0	 26	  1
	 10		  4	 367.757	  2	 26	  1
	 10		  5	 195.205	  0	 28	  2
	 10		  6	 227.846	  0	 28	  2
	 10		  7	 293.039	  0	 28	  3
	 10		  8	 250.927	  0	 28	  3
	 10		  9	 308.331	  0	 30	  3
	 10		 10	 273.007	 77	 28	  4
	 10		 11	 247.458	 56	 28	  4
	 10		 12	 345.826	  4	 28	  5
	 10		 13	 327.416	  0	 28	  5
	 10		 14	 354.191	  0	 28	  5
	 10		 15	 308.914	  0	 30	  6
	 10		 16	 257.594	  0	 30	  6
	 10		 17	 322.602	  0	 30	  6
	 10		 18	 336.130	  0	 30	  6
	 10		 19	 337.082	  0	 30	  6
	 10		 20	 315.855	  0	 30	  6
	 11		  1	 358.509	  1	 26	  1
	 11		  2	 355.703	  1	 26	  1
	 11		  3	 353.461	  4	 26	  1
	 11		  4	 213.345	  0	 28	  2
	 11		  5	 238.953	  0	 29	  2
	 11		  6	 332.457	  0	 30	  3
	 11		  7	 327.822	  0	 30	  3
	 11		  8	 298.140	  0	 30	  3
	 11		  9	 260.662	 37	 28	  4
	 11		 10	 233.252	  0	 28	  4
	 11		 11	 250.346	 47	 28	  4
	 11		 12	 343.077	  0	 28	  5
	 11		 13	 314.053	  0	 28	  5
	 11		 14	 333.572	 12	 28	  5
	 11		 15	 304.164	  0	 30	  7
	 11		 16	 268.306	  0	 30	  7
	 11		 17	  45.769	432	 30	  7
	 11		 18	 121.813	  0	 30	  7
	 11		 19	 319.674	  0	 30	  7
	 11		 20	 250.743	  0	 30	  7
	 12		  1	 356.822	  0	 26	  1
	 12		  2	 363.807	  0	 26	  1
	 12		  3	 359.983	  1	 26	  1
	 12		  4	 221.897	  0	 29	  2
	 12		  5	 246.058	  2	 29	  2
	 12		  6	 302.300	  0	 30	  3
	 12		  7	 216.800	  0	 30	  3
	 12		  8	 304.754	  0	 30	  3
	 12		  9	 202.491	 53	 28	  4
	 12		 10	 245.146	  0	 28	  4
	 12		 11	 166.189	 58	 28	  4
	 12		 12	 303.679	  3	 28	  5
	 12		 13	 221.610	134	 28	  5
	 12		 14	 288.702	  1	 28	  5
	 12		 15	 269.498	  0	 28	  5
	 12		 16	 314.010	  0	 30	  7
	 12		 17	 289.009	  0	 30	  7
	 12		 18	 313.431	  0	 30	  7
	 12		 19	  50.317	430	 30	  7
	 12		 20	 269.077	  0	 30	  7
	 13		  1	 380.059	  1	 26	  1
	 13		  2	 387.900	  0	 26	  1
	 13		  3	 364.758	  2	 28	  1
	 13		  4	 357.429	  0	 26	  1
	 13		  5	 279.231	  0	 29	  2
	 13		  6	 279.906	  0	 29	  2
	 13		  7	 341.573	  0	 30	  3
	 13		  8	  64.793	403	 30	  3
	 13		  9	 357.861	  0	 30	  3
	 13		 10	 269.469	  0	 28	  4
	 13		 11	 223.479	  0	 28	  4
	 13		 12	 358.223	  3	 28	  5
	 13		 13	 316.593	  8	 28	  5
	 13		 14	 359.763	  0	 28	  5
	 13		 15	 324.785	  0	 30	  7
	 13		 16	 290.463	  0	 30	  7
	 13		 17	 354.061	  0	 30	  7
	 13		 18	 334.231	  0	 30	  7
	 13		 19	 122.596	329	 30	  7
	 13		 20	 168.556	246	 30	  7
	 14		  1	 383.402	  3	 26	  1
	 14		  2	 370.920	  2	 26	  1
	 14		  3	 370.179	  1	 26	  1
	 14		  4	 294.957	  0	 29	  2
	 14		  5	 236.425	  0	 29	  2
	 14		  6	 358.967	  0	 30	  3
	 14		  7	 327.373	 18	 30	  3
	 14		  8	 287.452	  2	 28	  4
	 14		  9	 268.286	 21	 28	  4
	 14		 10	 339.904	 10	 28	  5
	 14		 11	 352.292	  0	 28	  5
	 14		 12	 351.910	 16	 28	  5
	 14		 13	 357.445	  0	 30	  7
	 14		 14	 305.547	 59	 30	  7
	 14		 15	 337.750	  3	 28	  8
	 14		 16	 347.415	  4	 28	  8
	 14		 17	 352.205	  3	 28	  8
	 14		 18	 356.237	  5	 28	  8
	 14		 19	 336.625	  3	 28	  8
	 14		 20	 268.585	 18	 28	  8
	 15		  1	 378.642	  1	 26	  1
	 15		  2	 376.540	  0	 26	  1
	 15		  3	 330.981	  1	 28	  2
	 15		  4	 255.119	  0	 28	  2
	 15		  5	 335.810	  1	 30	  3
	 15		  6	 304.526	 25	 30	  3
	 15		  7	 264.594	  4	 28	  4
	 15		  8	 338.259	  0	 30	  7
	 15		  9	 272.490	 80	 30	  7
	 15		 10	 289.998	  0	 30	  7
	 15		 11	 334.714	  0	 28	  8
	 15		 12	 195.716	  6	 28	  8
	 15		 13	 385.199	  3	 28	  9
	 15		 14	 351.840	 11	 28	  9
	 15		 15	 325.243	 57	 28	  9
	 15		 16	 336.177	 13	 28	  9
	 15		 17	 374.265	  6	 28	  9
	 15		 18	 318.651	  5	 28	  9
	 15		 19	 331.248	 10	 28	  9
	 15		 20	 372.897	  2	 28	  9
	 16		  1	 351.243	  0	 26	  1
	 16		  2	 371.713	  3	 26	  1
	 16		  3	 379.892	  2	 26	  1
	 16		  4	 360.027	  0	 28	  2
	 16		  5	 365.648	  0	 28	  2
	 16		  6	 342.308	  0	 30	  3
	 16		  7	 275.291	  0	 30	  3
	 16		  8	 153.193	140	 30	  3
	 16		  9	 275.927	  1	 28	  4
	 16		 10	 252.516	  0	 28	  4
	 16		 11	 303.811	 60	 28	  8
	 16		 12	 316.585	 69	 28	  8
	 16		 13	 279.065	 10	 28	  8
	 16		 14	 340.693	  0	 28	  9
	 16		 15	 391.170	  3	 28	  9
	 16		 16	 382.958	  0	 28	  9
	 16		 17	 390.084	  0	 28	  9
	 16		 18	 340.524	  0	 28	  9
	 16		 19	 389.052	  0	 30	  9
	 16		 20	 373.495	  0	 28	  9
	 17		  1	 365.236	  1	 26	  1
	 17		  2	 360.248	  2	 26	  1
	 17		  3	 335.328	  3	 28	  2
	 17		  4	 325.332	  0	 28	  2
	 17		  5	 266.470	 94	 30	  3
	 17		  6	 259.692	  4	 28	  4
	 17		  7	 354.321	  6	 28	  8
	 17		  8	 365.266	  6	 28	  8
	 17		  9	 373.062	  1	 28	  9
	 17		 10	 389.863	  1	 28	  9
	 17		 11	 326.015	  2	 28	  9
	 17		 12	 345.692	 32	 32	 10
	 17		 13	 344.536	 29	 32	 10
	 17		 14	 334.889	  5	 32	 10
	 17		 15	 320.955	 32	 32	 10
	 17		 16	 333.922	 31	 32	 10
	 17		 17	 325.045	 19	 32	 10
	 17		 18	 310.851	 65	 32	 10
	 17		 19	 376.149	 10	 32	 10
	 17		 20	 305.505	105	 32	 10
	 18		  1	 366.953	  1	 26	  1
	 18		  2	 371.445	  0	 26	  1
	 18		  3	 361.053	  0	 28	  2
	 18		  4	 354.291	  0	 30	  2
	 18		  5	 360.966	  0	 30	  3
	 18		  6	 362.304	  0	 30	  3
	 18		  7	 361.441	 13	 28	  4
	 18		  8	 311.798	 13	 28	  4
	 18		  9	 374.251	  6	 28	  8
	 18		 10	 350.811	  3	 28	  8
	 18		 11	 348.659	  5	 28	  8
	 18		 12	 311.541	  0	 28	  9
	 18		 13	 381.499	  1	 28	  9
	 18		 14	 381.829	  3	 28	  9
	 18		 15	 364.651	  6	 32	 10
	 18		 16	 354.054	  0	 32	 10
	 18		 17	 342.656	 39	 32	 10
	 18		 18	 369.537	 10	 32	 10
	 18		 19	 365.373	 11	 32	 10
	 18		 20	 342.408	 26	 32	 10
	 19		  1	 387.369	  1	 26	  1
	 19		  2	 386.810	  0	 26	  1
	 19		  3	 381.952	  0	 26	  1
	 19		  4	 378.570	  0	 28	  2
	 19		  5	 375.744	  2	 28	  2
	 19		  6	 269.995	  0	 28	  2
	 19		  7	 368.289	  0	 28	  2
	 19		  8	 331.232	  0	 30	  3
	 19		  9	 277.829	  0	 30	  3
	 19		 10	 313.096	  0	 30	  3
	 19		 11	 384.893	  5	 28	  4
	 19		 12	 379.433	  1	 28	  4
	 19		 13	 369.683	  1	 28	  4
	 19		 14	 365.728	 24	 32	 10
	 19		 15	 387.021	 14	 32	 10
	 19		 16	 388.727	 13	 33	 10
	 19		 17	 370.721	 15	 33	 10
	 19		 18	 390.784	 10	 32	 10
	 19		 19	 403.523	  5	 32	 10
	 19		 20	 403.455	  9	 32	 10
	 20		  1	 363.362	  2	 26	  1
	 20		  2	 373.668	  1	 26	  1
	 20		  3	 383.554	  0	 26	  1
	 20		  4	 326.370	  1	 26	  1
	 20		  5	 398.073	  1	 28	  2
	 20		  6	 381.064	  0	 28	  2
	 20		  7	 375.029	  0	 28	  2
	 20		  8	 344.199	  0	 30	  3
	 20		  9	 155.141	144	 30	  3
	 20		 10	 196.215	 88	 30	  3
	 20		 11	 369.167	  1	 28	  4
	 20		 12	 372.619	  3	 28	  4
	 20		 13	 368.782	  1	 28	  4
	 20		 14	 229.455	  0	 28	  4
	 20		 15	 358.848	 11	 32	 10
	 20		 16	 366.896	  4	 32	 10
	 20		 17	 353.793	 22	 32	 10
	 20		 18	 363.338	  9	 32	 10
	 20		 19	 382.381	 15	 32	 10
	 20		 20	 363.050	  6	 32	 10
	 21		  1	 379.860	  1	 26	  1
	 21		  2	 384.046	  2	 26	  1
	 21		  3	 381.872	  1	 26	  1
	 21		  4	 382.880	  1	 26	  1
	 21		  5	 360.520	  0	 28	  2
	 21		  6	 365.198	  0	 28	  2
	 21		  7	 369.034	  0	 28	  2
	 21		  8	 369.772	  3	 28	  2
	 21		  9	 305.638	  0	 30	  3
	 21		 10	 204.379	  0	 30	  3
	 21		 11	 360.218	  2	 28	  4
	 21		 12	 354.008	  6	 28	  4
	 21		 13	 240.033	  2	 28	  4
	 21		 14	 341.353	 21	 32	 10
	 21		 15	 326.306	 38	 32	 10
	 21		 16	 338.605	 30	 32	 10
	 21		 17	 330.812	 35	 32	 10
	 21		 18	 321.030	 13	 32	 10
	 21		 19	 284.875	 19	 32	 10
	 21		 20	 326.635	 33	 32	 10
	 22		  1	 391.422	  1	 26	  1
	 22		  2	 386.582	  3	 26	  1
	 22		  3	 369.545	  4	 26	  1
	 22		  4	 329.577	  2	 26	  1
	 22		  5	 366.366	  0	 28	  2
	 22		  6	 318.471	  0	 28	  2
	 22		  7	 383.015	  2	 28	  2
	 22		  8	 359.737	  0	 28	  2
	 22		  9	 333.891	  3	 30	  3
	 22		 10	 266.954	  0	 30	  3
	 22		 11	 357.834	  7	 28	  4
	 22		 12	 354.726	  7	 28	  4
	 22		 13	 363.967	  5	 28	  4
	 22		 14	 364.739	 16	 32	 10
	 22		 15	 355.352	 22	 32	 10
	 22		 16	 362.955	 13	 32	 10
	 22		 17	 306.849	 83	 32	 10
	 22		 18	 356.727	 15	 32	 10
	 22		 19	 285.975	138	 32	 10
	 22		 20	 381.366	 27	 32	 10
	 23		  1	 368.823	  8	 32	  1
	 23		  2	 353.144	  0	 32	  1
	 23		  3	 338.917	  1	 32	  1
	 23		  4	 372.943	 12	 32	  1
	 23		  5	 370.631	  0	 28	  2
	 23		  6	 371.449	  0	 28	  2
	 23		  7	 387.425	  0	 28	  2
	 23		  8	 323.887	  1	 30	  3
	 23		  9	 124.829	  0	 30	  3
	 23		 10	 242.289	  0	 30	  3
	 23		 11	 368.771	  0	 28	  4
	 23		 12	 368.314	  2	 28	  4
	 23		 13	 375.557	  1	 28	  4
	 23		 14	 375.126	  8	 32	 10
	 23		 15	 375.686	  8	 32	 10
	 23		 16	 367.984	 13	 32	 10
	 23		 17	 382.613	  9	 32	 10
	 23		 18	 353.820	 11	 32	 10
	 23		 19	 358.975	 16	 32	 10
	 23		 20	 360.198	 16	 32	 10
	 24		  1	 361.045	 17	 32	  1
	 24		  2	 377.250	  6	 32	  1
	 24		  3	 356.197	  8	 32	  1
	 24		  4	 341.493	 23	 32	  1
	 24		  5	 389.548	  0	 28	  2
	 24		  6	 375.910	  0	 28	  2
	 24		  7	 383.748	  0	 28	  2
	 24		  8	 383.309	  0	 28	  2
	 24		  9	 285.721	  3	 30	  3
	 24		 10	 272.273	  0	 30	  3
	 24		 11	 361.999	  2	 28	  4
	 24		 12	 357.105	  0	 28	  4
	 24		 13	 367.067	  0	 28	  4
	 24		 14	 372.388	  1	 28	  4
	 24		 15	 376.320	  0	 26	 11
	 24		 16	 386.513	  1	 26	 11
	 24		 17	 280.746	  0	 26	 11
	 24		 18	 365.514	  0	 26	 11
	 24		 19	 369.129	  1	 26	 11
	 24		 20	 379.988	  0	 26	 11
	 25		  1	 403.998	  9	 32	  1
	 25		  2	 380.801	 13	 34	  1
	 25		  3	 380.887	  5	 32	  1
	 25		  4	 405.163	  0	 28	  2
	 25		  5	 403.679	  1	 30	  2
	 25		  6	 378.903	  0	 28	  2
	 25		  7	 397.846	  0	 28	  2
	 25		  8	 343.015	  1	 30	  3
	 25		  9	 258.706	 10	 30	  3
	 25		 10	 332.501	 11	 30	  3
	 25		 11	 396.358	  2	 28	  4
	 25		 12	 399.804	  0	 30	  4
	 25		 13	 386.308	  2	 28	  4
	 25		 14	 276.280	  0	 28	  4
	 25		 15	 387.201	  4	 26	 11
	 25		 16	 381.431	  1	 26	 11
	 25		 17	 367.872	  1	 26	 11
	 25		 18	 398.267	  0	 26	 11
	 25		 19	 368.693	  0	 26	 11
	 25		 20	 379.211	  0	 26	 11
	 26		  1	 370.818	 11	 32	  1
	 26		  2	 354.307	 27	 32	  1
	 26		  3	 361.391	 21	 32	  1
	 26		  4	 370.017	  9	 32	  1
	 26		  5	 388.165	  0	 28	  2
	 26		  6	 387.549	  0	 28	  2
	 26		  7	 389.944	  0	 28	  2
	 26		  8	 376.273	  1	 28	  2
	 26		  9	 315.823	  2	 30	  3
	 26		 10	 172.508	  2	 30	  3
	 26		 11	 311.355	  0	 30	  3
	 26		 12	 365.509	  2	 30	  4
	 26		 13	 389.236	  0	 32	  4
	 26		 14	 351.706	  7	 30	  4
	 26		 15	 393.840	  1	 26	 11
	 26		 16	 390.343	  1	 26	 11
	 26		 17	 403.662	  0	 26	 11
	 26		 18	 394.110	  1	 26	 11
	 26		 19	 386.122	  1	 26	 11
	 26		 20	 387.999	  2	 26	 11
	 27		  1	 322.922	 44	 32	  1
	 27		  2	 359.873	 15	 32	  1
	 27		  3	 343.303	 27	 33	  1
	 27		  4	 380.123	  0	 28	  2
	 27		  5	 388.669	  0	 28	  2
	 27		  6	 384.000	  0	 30	  2
	 27		  7	 383.384	  0	 28	  2
	 27		  8	 304.688	  4	 30	  3
	 27		  9	 115.270	157	 30	  3
	 27		 10	 396.610	  0	 32	  4
	 27		 11	 382.978	  0	 32	  4
	 27		 12	 336.720	  2	 32	  4
	 27		 13	 361.750	  0	 26	 11
	 27		 14	 396.976	  0	 26	 11
	 27		 15	 387.775	  1	 26	 11
	 27		 16	 387.135	  1	 26	 11
	 27		 17	 379.766	  0	 26	 11
	 27		 18	 398.237	  0	 26	 11
	 27		 19	 373.882	  3	 26	 11
	 27		 20	 393.791	  0	 26	 11
	 28		  1	 387.522	 16	 32	  1
	 28		  2	 362.691	 33	 32	  1
	 28		  3	 394.442	  0	 28	  2
	 28		  4	 380.828	  0	 29	  2
	 28		  5	 347.894	  0	 30	  3
	 28		  6	 404.674	  0	 32	  4
	 28		  7	 346.146	  2	 32	  4
	 28		  8	 408.584	  0	 26	 11
	 28		  9	 408.527	  0	 26	 11
	 28		 10	 399.837	  2	 26	 11
	 28		 11	 370.526	  0	 30	 12
	 28		 12	 391.120	  0	 31	 12
	 28		 13	 337.558	  0	 30	 12
	 28		 14	 392.805	  0	 28	 13
	 28		 15	 387.080	  0	 30	 13
	 28		 16	 392.285	  0	 28	 13
	 28		 17	 381.183	  0	 28	 13
	 28		 18	 378.717	  0	 28	 13
	 28		 19	 351.520	  1	 28	 13
	 28		 20	 377.955	  0	 28	 13
	 29		  1	 395.840	  0	 28	  1
	 29		  2	 406.135	  0	 28	  1
	 29		  3	 392.426	  0	 28	  1
	 29		  4	 350.310	  4	 28	  2
	 29		  5	 344.181	  0	 28	  2
	 29		  6	 356.430	  1	 28	  2
	 29		  7	 271.149	  5	 30	  3
	 29		  8	 270.150	  0	 30	  3
	 29		  9	 369.892	  0	 32	  4
	 29		 10	 365.697	  0	 34	  4
	 29		 11	 369.626	  0	 32	  4
	 29		 12	 380.969	  1	 26	 11
	 29		 13	 378.733	  0	 26	 11
	 29		 14	 385.868	  1	 26	 11
	 29		 15	 400.519	  0	 26	 11
	 29		 16	 358.879	  0	 31	 12
	 29		 17	 346.316	  1	 31	 12
	 29		 18	 362.192	  0	 31	 12
	 29		 19	 364.090	  0	 33	 12
	 29		 20	 341.833	  3	 31	 12
	 30		  1	 399.090	  0	 28	  1
	 30		  2	 403.328	  0	 29	  1
	 30		  3	 409.620	  0	 28	  1
	 30		  4	 405.626	  0	 28	  1
	 30		  5	 366.240	  0	 28	  2
	 30		  6	 368.029	  2	 28	  2
	 30		  7	 347.761	  1	 28	  2
	 30		  8	 314.119	  2	 30	  3
	 30		  9	 312.634	 17	 30	  3
	 30		 10	 401.805	  0	 26	  4
	 30		 11	 399.572	  0	 26	  4
	 30		 12	 406.268	  1	 26	  4
	 30		 13	 405.492	  0	 28	  4
	 30		 14	 387.751	  0	 33	 12
	 30		 15	 390.245	  0	 33	 12
	 30		 16	 387.522	  0	 33	 12
	 30		 17	 356.687	  0	 33	 12
	 30		 18	 377.113	  2	 36	 12
	 30		 19	 377.523	  0	 33	 12
	 30		 20	 342.875	  0	 33	 12
	 31		  1	 405.059	  0	 30	  1
	 31		  2	 379.137	  0	 31	  1
	 31		  3	 406.676	  0	 30	  1
	 31		  4	 370.695	  0	 28	  2
	 31		  5	 370.608	  0	 28	  2
	 31		  6	 348.160	  0	 30	  3
	 31		  7	 318.330	 16	 30	  3
	 31		  8	 383.887	  0	 26	  4
	 31		  9	 392.031	  2	 26	  4
	 31		 10	 387.224	  0	 26	  4
	 31		 11	 393.392	  0	 33	 12
	 31		 12	 376.480	  0	 33	 12
	 31		 13	 386.275	  0	 33	 12
	 31		 14	 385.366	  1	 26	 14
	 31		 15	 385.260	  1	 26	 14
	 31		 16	 390.429	  2	 26	 14
	 31		 17	 395.144	  0	 26	 14
	 31		 18	 407.412	  1	 26	 14
	 31		 19	 390.288	  1	 26	 14
	 31		 20	 382.239	  3	 26	 14
	 32		  1	 403.942	  0	 30	  1
	 32		  2	 398.865	  0	 30	  1
	 32		  3	 409.743	  0	 30	  1
	 32		  4	 355.864	  1	 28	  2
	 32		  5	 332.363	  0	 28	  2
	 32		  6	 351.819	  3	 28	  2
	 32		  7	 403.128	  0	 26	  4
	 32		  8	 405.118	  0	 26	  4
	 32		  9	 392.613	  0	 26	  4
	 32		 10	 389.409	  0	 33	 12
	 32		 11	 385.654	  0	 33	 12
	 32		 12	 389.640	  0	 33	 12
	 32		 13	 373.919	  0	 33	 12
	 32		 14	 399.511	  1	 26	 14
	 32		 15	 380.709	  2	 26	 14
	 32		 16	 386.600	  0	 26	 14
	 32		 17	 391.421	  0	 26	 14
	 32		 18	 384.734	  0	 26	 14
	 32		 19	 382.851	  1	 26	 14
	 32		 20	 359.968	  0	 26	 14
	 33		  1	 400.906	  0	 30	  1
	 33		  2	 398.210	  0	 30	  1
	 33		  3	 394.665	  0	 30	  1
	 33		  4	 395.677	  0	 30	  1
	 33		  5	  78.865	  0	 32	  1
	 33		  6	 355.183	  3	 28	  2
	 33		  7	 353.563	  3	 28	  2
	 33		  8	 357.696	  0	 28	  2
	 33		  9	 359.934	  7	 28	  2
	 33		 10	 401.329	  0	 26	  4
	 33		 11	 397.788	  0	 26	  4
	 33		 12	 387.877	  0	 26	  4
	 33		 13	 390.040	  0	 26	  4
	 33		 14	 378.926	  0	 33	 12
	 33		 15	 349.059	  0	 33	 12
	 33		 16	 373.965	  0	 33	 12
	 33		 17	 366.185	  2	 33	 12
	 33		 18	 344.792	  0	 33	 12
	 33		 19	 382.454	  0	 33	 12
	 33		 20	 368.338	  0	 33	 12
	 34		  1	 401.785	  0	 30	  1
	 34		  2	 404.000	  0	 30	  1
	 34		  3	 409.284	  0	 30	  1
	 34		  4	 392.956	  0	 30	  1
	 34		  5	 387.045	  1	 28	  2
	 34		  6	 383.010	  3	 28	  2
	 34		  7	 387.003	  1	 28	  2
	 34		  8	 381.569	  4	 28	  2
	 34		  9	 409.981	  0	 26	  4
	 34		 10	 363.555	  1	 26	  4
	 34		 11	 386.280	  2	 26	  4
	 34		 12	 403.387	  0	 26	  4
	 34		 13	 407.161	  0	 26	  4
	 34		 14	 397.055	  0	 33	 12
	 34		 15	 392.909	  0	 33	 12
	 34		 16	 398.289	  0	 33	 12
	 34		 17	 374.182	  0	 33	 12
	 34		 18	 383.102	  0	 33	 12
	 34		 19	 388.505	  0	 33	 12
	 34		 20	 378.959	  0	 33	 12
	 35		  1	 406.063	  0	 30	  1
	 35		  2	 355.984	  0	 30	  1
	 35		  3	 406.237	  0	 30	  1
	 35		  4	 405.262	  0	 30	  1
	 35		  5	 349.023	  4	 28	  2
	 35		  6	 339.486	  7	 28	  2
	 35		  7	 363.466	  6	 28	  2
	 35		  8	 329.108	 43	 28	  2
	 35		  9	 398.388	  0	 26	  4
	 35		 10	 397.850	  1	 26	  4
	 35		 11	 351.737	  3	 26	  4
	 35		 12	 410.257	  0	 26	  4
	 35		 13	 388.558	  0	 33	 12
	 35		 14	 371.515	  0	 33	 12
	 35		 15	 392.968	  0	 33	 12
	 35		 16	 282.497	  0	 33	 12
	 35		 17	 381.954	  0	 33	 12
	 35		 18	 360.687	  0	 33	 12
	 35		 19	 393.691	  0	 33	 12
	 35		 20	 388.004	  0	 33	 12
	 36		  1	 405.120	  0	 30	  1
	 36		  2	 403.438	  0	 30	  1
	 36		  3	 389.884	  0	 30	  1
	 36		  4	 357.582	  2	 28	  2
	 36		  5	 366.053	  3	 28	  2
	 36		  6	 364.550	  2	 28	  2
	 36		  7	 396.018	  0	 26	  4
	 36		  8	 371.375	  0	 26	  4
	 36		  9	 391.723	  0	 26	  4
	 36		 10	 368.307	  0	 33	 12
	 36		 11	 392.923	  0	 33	 12
	 36		 12	 377.335	  0	 33	 12
	 36		 13	 383.004	  0	 33	 12
	 36		 14	 398.933	  0	 28	 15
	 36		 15	 393.280	  0	 28	 15
	 36		 16	 399.104	  0	 28	 15
	 36		 17	 402.161	  0	 28	 15
	 36		 18	 407.047	  0	 28	 15
	 36		 19	 390.649	  0	 28	 15
	 36		 20	 390.136	  0	 28	 15
	 37		  1	 394.049	  0	 30	  1
	 37		  2	 396.209	  0	 30	  1
	 37		  3	 399.877	  0	 30	  1
	 37		  4	 357.695	  5	 28	  2
	 37		  5	 368.126	  3	 30	  2
	 37		  6	 377.576	  2	 28	  2
	 37		  7	 404.742	  0	 26	  4
	 37		  8	 416.155	  0	 26	  4
	 37		  9	 421.624	  0	 26	  4
	 37		 10	 396.786	  0	 33	 12
	 37		 11	 402.079	  0	 33	 12
	 37		 12	 399.711	  0	 33	 12
	 37		 13	 307.451	  0	 33	 12
	 37		 14	 397.612	  0	 28	 15
	 37		 15	 372.740	  0	 28	 15
	 37		 16	 408.361	  0	 28	 15
	 37		 17	 396.989	  0	 28	 15
	 37		 18	 386.673	  0	 28	 15
	 37		 19	 415.445	  0	 28	 15
	 37		 20	 397.786	  0	 28	 15
	 38		  1	 404.105	  0	 30	  1
	 38		  2	 407.261	  0	 30	  1
	 38		  3	 397.488	  0	 30	  1
	 38		  4	 400.471	  0	 30	  1
	 38		  5	 388.886	  0	 30	  1
	 38		  6	 409.306	  0	 26	  4
	 38		  7	 414.843	  0	 26	  4
	 38		  8	 406.816	  0	 26	  4
	 38		  9	 413.036	  0	 26	  4
	 38		 10	 390.829	  0	 33	 12
	 38		 11	 378.197	  0	 33	 12
	 38		 12	 387.102	  0	 33	 12
	 38		 13	 384.106	  0	 33	 12
	 38		 14	 388.895	  0	 28	 15
	 38		 15	 406.134	  0	 28	 15
	 38		 16	 401.110	  0	 28	 15
	 38		 17	 403.134	  0	 28	 15
	 38		 18	 365.678	  0	 28	 15
	 38		 19	 391.919	  0	 28	 15
	 38		 20	 380.637	  0	 28	 15
	 39		  1	 389.410	  0	 30	  1
	 39		  2	 392.905	  0	 30	  1
	 39		  3	 397.276	  0	 30	  1
	 39		  4	 385.030	  0	 30	  1
	 39		  5	 410.982	  0	 26	  4
	 39		  6	 396.237	  0	 26	  4
	 39		  7	 414.620	  0	 26	  4
	 39		  8	 392.201	  0	 26	  4
	 39		  9	 387.447	  1	 33	 12
	 39		 10	 258.320	  0	 33	 12
	 39		 11	 374.927	  0	 33	 12
	 39		 12	 391.062	  1	 33	 12
	 39		 13	 406.919	  0	 28	 15
	 39		 14	 411.870	  0	 28	 15
	 39		 15	 406.829	  0	 28	 15
	 39		 16	 406.680	  0	 28	 15
	 39		 17	 403.138	  0	 28	 15
	 39		 18	 408.221	  0	 28	 15
	 39		 19	 407.060	  0	 28	 15
	 39		 20	 367.272	  0	 28	 15
	 40		  1	 404.629	  0	 30	  1
	 40		  2	 410.985	  0	 30	  1
	 40		  3	 426.393	  0	 30	  1
	 40		  4	 415.151	  0	 30	  1
	 40		  5	 420.395	  0	 26	  4
	 40		  6	 408.385	  0	 26	  4
	 40		  7	 365.093	  0	 26	  4
	 40		  8	 417.024	  0	 26	  4
	 40		  9	 370.143	  0	 33	 12
	 40		 10	 385.883	  0	 33	 12
	 40		 11	 386.260	  2	 33	 12
	 40		 12	 385.679	  0	 33	 12
	 40		 13	 403.694	  0	 28	 15
	 40		 14	 382.438	  0	 28	 15
	 40		 15	 399.176	  0	 28	 15
	 40		 16	 409.116	  0	 28	 15
	 40		 17	 395.506	  0	 28	 15
	 40		 18	 397.298	  0	 28	 15
	 40		 19	 402.455	  0	 28	 15
	 40		 20	 400.499	  0	 29	 15
	 41		  1	 405.748	  0	 30	  1
	 41		  2	 409.436	  0	 30	  1
	 41		  3	 345.907	  0	 30	  1
	 41		  4	 419.666	  0	 30	  1
	 41		  5	 413.099	  0	 26	  4
	 41		  6	 405.536	  0	 26	  4
	 41		  7	 405.417	  0	 26	  4
	 41		  8	 416.473	  0	 26	  4
	 41		  9	 390.928	  0	 33	 12
	 41		 10	 361.438	  0	 33	 12
	 41		 11	 335.961	  0	 33	 12
	 41		 12	 382.624	  0	 33	 12
	 41		 13	 419.300	  0	 28	 15
	 41		 14	 396.971	  0	 28	 15
	 41		 15	 397.698	  0	 28	 15
	 41		 16	 415.486	  0	 30	 15
	 41		 17	 416.105	  0	 28	 15
	 41		 18	 407.755	  0	 28	 15
	 41		 19	 392.147	  0	 28	 15
	 41		 20	 409.648	  0	 28	 15
	 42		  1	 407.108	  0	 30	  1
	 42		  2	 407.470	  0	 30	  1
	 42		  3	 399.005	  0	 30	  1
	 42		  4	 408.932	  0	 30	  1
	 42		  5	 406.912	  0	 26	  4
	 42		  6	 405.672	  0	 26	  4
	 42		  7	 409.752	  0	 26	  4
	 42		  8	 411.205	  0	 26	  4
	 42		  9	 366.388	  1	 33	 12
	 42		 10	 374.165	  1	 33	 12
	 42		 11	 346.439	  0	 33	 12
	 42		 12	 365.547	  0	 33	 12
	 42		 13	 414.369	  0	 28	 15
	 42		 14	 408.758	  0	 28	 15
	 42		 15	 414.345	  0	 28	 15
	 42		 16	 415.423	  0	 28	 15
	 42		 17	 402.171	  0	 28	 15
	 42		 18	 393.263	  0	 28	 15
	 42		 19	 404.583	  0	 28	 15
	 42		 20	 323.757	  0	 28	 15
	 43		  1	 400.800	  0	 30	  1
	 43		  2	  69.857	  0	 30	  1
	 43		  3	 405.496	  0	 30	  1
	 43		  4	 167.357	  0	 31	  1
	 43		  5	 410.364	  0	 26	  4
	 43		  6	 411.283	  0	 26	  4
	 43		  7	 404.015	  0	 26	  4
	 43		  8	 409.914	  0	 26	  4
	 43		  9	 370.961	  0	 33	 12
	 43		 10	 360.221	  0	 33	 12
	 43		 11	 343.430	  0	 34	 12
	 43		 12	 312.894	  0	 33	 12
	 43		 13	 406.414	  0	 28	 15
	 43		 14	 409.566	  0	 30	 15
	 43		 15	 371.782	  0	 28	 15
	 43		 16	 397.497	  0	 28	 15
	 43		 17	 403.268	  0	 28	 15
	 43		 18	 401.264	  0	 28	 15
	 43		 19	 397.403	  0	 28	 15
	 43		 20	 407.392	  0	 28	 15
	 44		  1	 392.995	  0	 30	  1
	 44		  2	 363.726	  0	 30	  1
	 44		  3	 408.148	  0	 26	  4
	 44		  4	 412.290	  0	 26	  4
	 44		  5	 404.980	  0	 26	  4
	 44		  6	 411.908	  0	 26	  4
	 44		  7	 374.481	  0	 33	 12
	 44		  8	 379.291	  0	 33	 12
	 44		  9	 337.606	  0	 33	 12
	 44		 10	 399.918	  0	 28	 15
	 44		 11	 396.902	  0	 28	 15
	 44		 12	 388.819	  0	 28	 15
	 44		 13	 334.936	 76	 28	 15
	 44		 14	 397.705	  0	 30	 16
	 44		 15	 389.246	  0	 30	 16
	 44		 16	 389.593	  0	 30	 16
	 44		 17	 389.681	  1	 30	 16
	 44		 18	 400.945	  0	 30	 16
	 44		 19	 414.042	  0	 30	 16
	 44		 20	 390.224	  1	 30	 16
	 45		  1	 418.301	  0	 30	  1
	 45		  2	 415.290	  0	 30	  1
	 45		  3	 402.063	  0	 31	  1
	 45		  4	 415.215	  0	 26	  4
	 45		  5	 410.169	  0	 26	  4
	 45		  6	 415.274	  0	 26	  4
	 45		  7	 383.436	  0	 33	 12
	 45		  8	 329.531	  0	 33	 12
	 45		  9	 361.175	  0	 33	 12
	 45		 10	 421.658	  0	 28	 15
	 45		 11	 355.346	  0	 28	 15
	 45		 12	 417.171	  0	 28	 15
	 45		 13	 416.116	  0	 28	 15
	 45		 14	 410.338	  0	 30	 16
	 45		 15	 399.049	  0	 30	 16
	 45		 16	 414.279	  0	 30	 16
	 45		 17	 418.799	  0	 30	 16
	 45		 18	 398.024	  0	 30	 16
	 45		 19	 416.491	  0	 30	 16
	 45		 20	 397.450	  0	 30	 16
	 46		  1	 407.253	  0	 30	  1
	 46		  2	 405.846	  0	 30	  1
	 46		  3	 410.631	  0	 30	  1
	 46		  4	 403.923	  0	 26	  4
	 46		  5	 411.464	  0	 28	  4
	 46		  6	 406.643	  0	 26	  4
	 46		  7	 384.723	  0	 33	 12
	 46		  8	 391.189	  0	 33	 12
	 46		  9	 331.479	  0	 33	 12
	 46		 10	 408.008	  0	 28	 15
	 46		 11	 396.367	  0	 28	 15
	 46		 12	 408.938	  0	 30	 15
	 46		 13	 402.330	  0	 30	 16
	 46		 14	 386.316	  0	 30	 16
	 46		 15	 401.982	  0	 30	 16
	 46		 16	 393.412	  0	 30	 16
	 46		 17	 404.773	  0	 30	 16
	 46		 18	 387.159	  0	 30	 16
	 46		 19	 391.954	  0	 30	 16
	 46		 20	 409.740	  0	 30	 16
	 47		  1	 404.127	  0	 26	  4
	 47		  2	 395.327	  0	 26	  4
	 47		  3	 407.383	  0	 26	  4
	 47		  4	 377.108	  0	 33	 12
	 47		  5	 400.824	  0	 33	 12
	 47		  6	 360.546	  0	 33	 12
	 47		  7	 399.590	  0	 30	 15
	 47		  8	 327.763	  0	 30	 15
	 47		  9	 316.954	  0	 31	 15
	 47		 10	 401.422	  0	 30	 16
	 47		 11	 402.116	  0	 30	 16
	 47		 12	 395.080	  0	 30	 16
	 47		 13	 394.964	  0	 30	 16
	 47		 14	 417.466	  0	 28	 17
	 47		 15	 396.629	  0	 29	 17
	 47		 16	 413.298	  0	 28	 17
	 47		 17	 414.208	  0	 28	 17
	 47		 18	 391.882	  0	 28	 17
	 47		 19	 397.950	  0	 28	 17
	 47		 20	 412.018	  0	 28	 17
	 48		  1	 411.202	  0	 26	  4
	 48		  2	 406.946	  0	 26	  4
	 48		  3	 425.269	  0	 26	  4
	 48		  4	 403.308	  0	 33	 12
	 48		  5	 410.606	  0	 33	 12
	 48		  6	 413.863	  0	 30	 15
	 48		  7	 408.901	  0	 30	 15
	 48		  8	 403.559	  0	 30	 16
	 48		  9	 416.263	  0	 30	 16
	 48		 10	 400.936	  0	 30	 16
	 48		 11	 416.889	  0	 28	 17
	 48		 12	 423.298	  0	 28	 17
	 48		 13	 393.347	  0	 28	 17
	 48		 14	 413.490	  0	 31	 18
	 48		 15	 419.840	  0	 31	 18
	 48		 16	 420.307	  0	 31	 18
	 48		 17	 410.871	  0	 31	 18
	 48		 18	 423.519	  0	 31	 18
	 48		 19	 135.739	  0	 31	 18
	 48		 20	 425.406	  0	 31	 18
	 49		  1	 412.441	  0	 26	  4
	 49		  2	 404.119	  0	 26	  4
	 49		  3	 411.905	  0	 26	  4
	 49		  4	 401.783	  0	 33	 12
	 49		  5	 411.920	  0	 33	 12
	 49		  6	 396.965	  0	 33	 12
	 49		  7	 412.565	  0	 30	 15
	 49		  8	 402.884	  0	 30	 15
	 49		  9	 280.228	  0	 30	 15
	 49		 10	 404.381	  0	 30	 16
	 49		 11	 396.927	  0	 30	 16
	 49		 12	 408.002	  0	 30	 16
	 49		 13	 415.249	  0	 28	 17
	 49		 14	 409.873	  0	 28	 17
	 49		 15	 400.393	  0	 28	 17
	 49		 16	 412.640	  0	 31	 18
	 49		 17	 415.128	  0	 31	 18
	 49		 18	 388.943	  0	 31	 18
	 49		 19	 395.527	  0	 31	 18
	 49		 20	 381.862	  0	 31	 18
	 50		  1	 411.163	  0	 26	  4
	 50		  2	 390.810	  0	 26	  4
	 50		  3	 401.040	  0	 33	 12
	 50		  4	 404.075	  0	 33	 12
	 50		  5	 406.815	  0	 30	 15
	 50		  6	 405.419	  0	 30	 15
	 50		  7	 412.686	  0	 30	 16
	 50		  8	 402.059	  0	 30	 16
	 50		  9	 421.084	  0	 28	 17
	 50		 10	 391.677	  0	 28	 17
	 50		 11	 415.985	  0	 28	 17
	 50		 12	 407.596	  0	 31	 18
	 50		 13	 412.209	  0	 31	 18
	 50		 14	 413.683	  0	 30	 19
	 50		 15	 415.963	  0	 30	 19
	 50		 16	 416.842	  0	 30	 19
	 50		 17	 421.324	  0	 30	 19
	 50		 18	 411.725	  0	 30	 19
	 50		 19	 393.539	  0	 30	 19
	 50		 20	 405.550	  0	 30	 19
	 51		  1	 425.659	  0	 26	  4
	 51		  2	 407.562	  0	 26	  4
	 51		  3	 420.395	  0	 33	 12
	 51		  4	 420.363	  0	 33	 12
	 51		  5	 406.272	  0	 30	 15
	 51		  6	 396.702	  0	 30	 15
	 51		  7	 412.481	  0	 30	 16
	 51		  8	 402.024	  0	 30	 16
	 51		  9	 403.854	  0	 30	 16
	 51		 10	 412.543	  0	 28	 17
	 51		 11	 419.997	  0	 28	 17
	 51		 12	 422.239	  0	 28	 17
	 51		 13	 426.338	  0	 31	 18
	 51		 14	 430.493	  0	 31	 18
	 51		 15	 422.891	  0	 31	 18
	 51		 16	 426.268	  0	 30	 19
	 51		 17	 419.281	  0	 30	 19
	 51		 18	 426.883	  0	 30	 19
	 51		 19	 233.345	  0	 30	 19
	 51		 20	 414.696	  0	 30	 19
	 52		  1	 422.206	  0	 26	  4
	 52		  2	 417.710	  0	 26	  4
	 52		  3	 391.969	  0	 33	 12
	 52		  4	 370.832	  0	 33	 12
	 52		  5	 412.190	  0	 30	 15
	 52		  6	 400.763	  0	 30	 15
	 52		  7	 419.739	  0	 30	 16
	 52		  8	 365.398	  0	 30	 16
	 52		  9	 409.047	  0	 30	 16
	 52		 10	 398.715	  0	 28	 17
	 52		 11	 414.416	  0	 28	 17
	 52		 12	 422.666	  0	 28	 17
	 52		 13	 417.721	  0	 31	 18
	 52		 14	 412.243	  0	 31	 18
	 52		 15	 414.660	  0	 31	 18
	 52		 16	 427.502	  0	 30	 19
	 52		 17	 426.477	  0	 30	 19
	 52		 18	 420.891	  0	 30	 19
	 52		 19	 420.872	  0	 30	 19
	 52		 20	 422.987	  0	 30	 19
	 53		  1	 401.760	  0	 26	  4
	 53		  2	 404.051	  0	 26	  4
	 53		  3	 402.829	  0	 26	  4
	 53		  4	 405.724	  0	 33	 12
	 53		  5	 403.835	  0	 33	 12
	 53		  6	 386.017	  0	 33	 12
	 53		  7	 410.721	  0	 32	 16
	 53		  8	 408.056	  0	 32	 16
	 53		  9	 410.106	  0	 32	 16
	 53		 10	 413.337	  0	 32	 16
	 53		 11	 410.872	  0	 28	 17
	 53		 12	 406.330	  0	 28	 17
	 53		 13	 403.320	  0	 28	 17
	 53		 14	 413.698	  0	 28	 17
	 53		 15	 407.918	  0	 31	 18
	 53		 16	 408.975	  0	 31	 18
	 53		 17	 391.956	  0	 31	 18
	 53		 18	 412.167	  0	 31	 18
	 53		 19	 390.257	  0	 31	 18
	 53		 20	 374.738	  0	 31	 18
	 54		  1	 407.978	  0	 26	  4
	 54		  2	 412.041	  0	 26	  4
	 54		  3	 407.025	  0	 26	  4
	 54		  4	 398.080	  0	 33	 12
	 54		  5	 326.967	  0	 33	 12
	 54		  6	 399.484	  0	 33	 12
	 54		  7	 410.249	  0	 30	 16
	 54		  8	 417.793	  0	 30	 16
	 54		  9	 386.138	  0	 32	 16
	 54		 10	 415.845	  0	 28	 17
	 54		 11	 420.288	  0	 28	 17
	 54		 12	 421.405	  0	 28	 17
	 54		 13	 418.813	  0	 28	 17
	 54		 14	 417.348	  0	 31	 18
	 54		 15	 417.830	  0	 31	 18
	 54		 16	 414.039	  0	 31	 18
	 54		 17	 415.389	  0	 31	 18
	 54		 18	 432.522	  0	 32	 18
	 54		 19	 400.306	  0	 31	 18
	 54		 20	 363.448	  0	 31	 18
	 55		  1	 415.806	  0	 26	  4
	 55		  2	 412.771	  0	 26	  4
	 55		  3	 405.369	  0	 26	  4
	 55		  4	 407.612	  0	 33	 12
	 55		  5	 365.125	  0	 33	 12
	 55		  6	 387.971	  0	 33	 12
	 55		  7	 405.126	  0	 30	 16
	 55		  8	 288.501	  0	 30	 16
	 55		  9	 421.555	  0	 30	 16
	 55		 10	 416.250	  0	 28	 17
	 55		 11	 390.676	  0	 28	 17
	 55		 12	 417.268	  0	 28	 17
	 55		 13	 400.795	  0	 28	 17
	 55		 14	 394.435	  0	 32	 18
	 55		 15	 384.039	  0	 32	 18
	 55		 16	 378.117	  1	 32	 18
	 55		 17	 161.816	  0	 32	 18
	 55		 18	 410.146	  0	 32	 18
	 55		 19	 387.359	  0	 32	 18
	 55		 20	 382.906	  0	 32	 18
	 56		  1	 410.647	  0	 26	  4
	 56		  2	 417.128	  0	 26	  4
	 56		  3	 431.690	  0	 26	  4
	 56		  4	 398.814	  0	 26	  4
	 56		  5	 410.096	  0	 33	 12
	 56		  6	 373.620	  0	 33	 12
	 56		  7	 389.947	  0	 33	 12
	 56		  8	 416.582	  0	 30	 16
	 56		  9	 419.434	  0	 30	 16
	 56		 10	 371.956	  0	 30	 16
	 56		 11	 420.687	  0	 28	 17
	 56		 12	 414.718	  0	 28	 17
	 56		 13	 412.486	  0	 28	 17
	 56		 14	 426.168	  0	 28	 17
	 56		 15	 387.783	  0	 32	 18
	 56		 16	 402.640	  0	 32	 18
	 56		 17	 409.920	  0	 32	 18
	 56		 18	 393.910	  0	 32	 18
	 56		 19	 404.777	  0	 32	 18
	 56		 20	 387.043	  0	 32	 18
	 57		  1	 414.659	  0	 26	  4
	 57		  2	 409.601	  0	 28	  4
	 57		  3	 405.265	  0	 26	  4
	 57		  4	 415.431	  1	 33	 12
	 57		  5	 404.925	  1	 33	 12
	 57		  6	 381.230	  0	 33	 12
	 57		  7	 412.311	  0	 30	 16
	 57		  8	 415.930	  0	 30	 16
	 57		  9	 408.937	  0	 30	 16
	 57		 10	 407.599	  0	 30	 16
	 57		 11	 408.338	  0	 28	 17
	 57		 12	 396.132	  0	 30	 17
	 57		 13	 399.417	  0	 28	 17
	 57		 14	 405.017	  0	 32	 18
	 57		 15	 388.642	  0	 32	 18
	 57		 16	 414.270	  0	 32	 18
	 57		 17	 399.502	  0	 33	 18
	 57		 18	 410.197	  0	 32	 18
	 57		 19	 403.862	  0	 32	 18
	 57		 20	 403.850	  0	 32	 18
	 58		  1	 416.027	  0	 26	  4
	 58		  2	 415.310	  0	 26	  4
	 58		  3	 409.797	  0	 26	  4
	 58		  4	 404.316	  0	 33	 12
	 58		  5	 393.427	  0	 33	 12
	 58		  6	 402.825	  0	 33	 12
	 58		  7	 425.277	  0	 30	 16
	 58		  8	 426.459	  0	 30	 16
	 58		  9	 425.121	  0	 31	 16
	 58		 10	 412.374	  0	 28	 17
	 58		 11	 409.453	  0	 28	 17
	 58		 12	 407.165	  0	 28	 17
	 58		 13	 396.966	  0	 32	 18
	 58		 14	 396.966	  0	 32	 18
	 58		 15	 405.173	  0	 32	 18
	 58		 16	 415.277	  0	 28	 20
	 58		 17	 405.529	  0	 28	 20
	 58		 18	 397.931	  0	 28	 20
	 58		 19	 419.902	  0	 28	 20
	 58		 20	 409.216	  0	 28	 20
	 59		  1	 417.965	  0	 26	  4
	 59		  2	 420.158	  0	 26	  4
	 59		  3	 412.898	  0	 33	 12
	 59		  4	 423.194	  0	 33	 12
	 59		  5	 419.913	  0	 30	 16
	 59		  6	 420.460	  0	 30	 16
	 59		  7	 411.675	  0	 28	 17
	 59		  8	 415.246	  0	 28	 17
	 59		  9	 412.325	  1	 32	 18
	 59		 10	 404.362	  0	 32	 18
	 59		 11	 419.682	  0	 28	 20
	 59		 12	 437.040	  0	 28	 20
	 59		 13	 421.512	  0	 28	 20
	 59		 14	 427.064	  0	 35	 21
	 59		 15	 418.564	  0	 35	 21
	 59		 16	 386.084	  0	 35	 21
	 59		 17	 428.737	  0	 35	 21
	 59		 18	 415.478	  0	 35	 21
	 59		 19	 427.931	  0	 35	 21
	 59		 20	 411.699	  0	 35	 21
	 60		  1	 412.407	  0	 26	  4
	 60		  2	 375.147	  0	 26	  4
	 60		  3	 394.337	  0	 33	 12
	 60		  4	 387.354	  0	 33	 12
	 60		  5	 410.004	  0	 32	 16
	 60		  6	 414.014	  0	 32	 16
	 60		  7	 402.037	  0	 28	 17
	 60		  8	 406.734	  0	 28	 17
	 60		  9	 400.300	  0	 32	 18
	 60		 10	 405.763	  0	 32	 18
	 60		 11	 406.966	  0	 28	 20
	 60		 12	 415.563	  0	 28	 20
	 60		 13	 409.283	  0	 28	 20
	 60		 14	 418.177	  0	 35	 21
	 60		 15	 371.247	  0	 35	 21
	 60		 16	 405.986	  0	 35	 21
	 60		 17	 413.258	  0	 35	 21
	 60		 18	 423.835	  0	 35	 21
	 60		 19	 412.586	  0	 35	 21
	 60		 20	 415.199	  0	 35	 21
	 61		  1	 415.233	  0	 26	  4
	 61		  2	 368.191	  0	 26	  4
	 61		  3	 419.318	  0	 26	  4
	 61		  4	 410.903	  0	 33	 12
	 61		  5	 406.302	  0	 33	 12
	 61		  6	 409.811	  0	 33	 12
	 61		  7	 424.202	  0	 32	 16
	 61		  8	 416.401	  0	 32	 16
	 61		  9	 406.893	  0	 32	 16
	 61		 10	 409.760	  0	 32	 18
	 61		 11	 413.774	  0	 32	 18
	 61		 12	 417.659	  0	 32	 18
	 61		 13	 405.508	  0	 28	 20
	 61		 14	 410.706	  0	 28	 20
	 61		 15	 414.410	  0	 28	 20
	 61		 16	 397.201	  0	 35	 21
	 61		 17	 400.322	  0	 35	 21
	 61		 18	 401.174	  0	 35	 21
	 61		 19	 404.108	  0	 35	 21
	 61		 20	  97.987	  0	 35	 21
	 62		  1	 407.572	  0	 26	  4
	 62		  2	 408.245	  0	 26	  4
	 62		  3	 407.416	  0	 33	 12
	 62		  4	 403.835	  0	 33	 12
	 62		  5	 421.622	  0	 32	 16
	 62		  6	 424.320	  0	 32	 16
	 62		  7	 399.104	  0	 32	 18
	 62		  8	 399.473	  0	 32	 18
	 62		  9	 409.260	  0	 28	 20
	 62		 10	 414.948	  0	 28	 20
	 62		 11	 392.331	  0	 35	 21
	 62		 12	 378.991	  0	 35	 21
	 62		 13	 399.937	  0	 30	 22
	 62		 14	 397.020	  0	 30	 22
	 62		 15	 415.997	  0	 30	 22
	 62		 16	 400.140	  0	 30	 22
	 62		 17	 402.711	  0	 30	 22
	 62		 18	 420.342	  0	 30	 22
	 62		 19	 409.553	  0	 30	 22
	 62		 20	 410.391	  0	 30	 22
	 63		  1	 407.841	  0	 26	  4
	 63		  2	 400.980	  0	 26	  4
	 63		  3	 414.312	  0	 33	 12
	 63		  4	 404.686	  0	 33	 12
	 63		  5	 406.269	  0	 32	 16
	 63		  6	 422.336	  0	 32	 16
	 63		  7	 405.720	  0	 32	 18
	 63		  8	 403.400	  0	 32	 18
	 63		  9	 412.941	  0	 28	 20
	 63		 10	 385.834	  0	 28	 20
	 63		 11	 417.730	  0	 28	 20
	 63		 12	 419.099	  0	 35	 21
	 63		 13	 422.512	  0	 35	 21
	 63		 14	 420.259	  0	 35	 21
	 63		 15	 408.310	  0	 30	 22
	 63		 16	 411.072	  0	 30	 22
	 63		 17	 414.801	  0	 30	 22
	 63		 18	 377.295	  0	 32	 22
	 63		 19	 415.453	  0	 30	 22
	 63		 20	 418.074	  0	 30	 22
	 64		  1	 419.882	  0	 26	  4
	 64		  2	 418.735	  0	 26	  4
	 64		  3	 397.983	  0	 33	 12
	 64		  4	 384.640	  0	 33	 12
	 64		  5	 427.559	  0	 32	 16
	 64		  6	 421.579	  0	 32	 16
	 64		  7	 412.105	  0	 32	 18
	 64		  8	 418.791	  0	 33	 18
	 64		  9	 417.569	  0	 28	 20
	 64		 10	 347.677	  0	 28	 20
	 64		 11	 420.867	  0	 28	 20
	 64		 12	 425.672	  0	 35	 21
	 64		 13	 418.613	  0	 35	 21
	 64		 14	 425.549	  0	 35	 21
	 64		 15	 427.105	  0	 30	 22
	 64		 16	 414.973	  0	 30	 22
	 64		 17	 425.805	  0	 30	 22
	 64		 18	 418.367	  0	 30	 22
	 64		 19	 415.349	  0	 30	 22
	 64		 20	 420.954	  0	 30	 22
	 65		  1	 413.114	  0	 26	  4
	 65		  2	 411.076	  0	 28	  4
	 65		  3	 404.161	  0	 33	 12
	 65		  4	 396.553	  0	 33	 12
	 65		  5	 426.579	  0	 32	 16
	 65		  6	 422.772	  0	 32	 16
	 65		  7	 404.566	  0	 33	 18
	 65		  8	 385.797	  0	 33	 18
	 65		  9	 411.273	  0	 28	 20
	 65		 10	 420.039	  0	 28	 20
	 65		 11	 379.359	  0	 28	 20
	 65		 12	 417.242	  0	 35	 21
	 65		 13	 414.816	  0	 35	 21
	 65		 14	 410.625	  0	 35	 21
	 65		 15	 433.404	  0	 30	 22
	 65		 16	 421.727	  0	 30	 22
	 65		 17	 326.368	  0	 30	 22
	 65		 18	 417.791	  0	 30	 22
	 65		 19	 426.806	  0	 31	 22
	 65		 20	 405.623	  0	 30	 22
	 66		  1	 420.082	  0	 26	  4
	 66		  2	 420.658	  0	 26	  4
	 66		  3	 420.648	  0	 33	 12
	 66		  4	 393.808	  0	 33	 12
	 66		  5	 418.857	  0	 31	 16
	 66		  6	 395.028	  0	 31	 16
	 66		  7	 416.216	  0	 35	 18
	 66		  8	 418.531	  0	 36	 18
	 66		  9	 427.798	  0	 28	 20
	 66		 10	 395.898	  0	 28	 20
	 66		 11	 412.933	  0	 28	 20
	 66		 12	 420.348	  0	 30	 21
	 66		 13	 425.340	  0	 30	 21
	 66		 14	 421.527	  0	 30	 21
	 66		 15	 425.428	  0	 30	 22
	 66		 16	 393.890	  0	 30	 22
	 66		 17	 403.453	  0	 30	 22
	 66		 18	 386.862	  0	 30	 22
	 66		 19	 417.229	  0	 30	 22
	 66		 20	 429.450	  0	 30	 22
	 67		  1	 396.012	  0	 26	  4
	 67		  2	 404.188	  0	 26	  4
	 67		  3	 416.364	  0	 33	 12
	 67		  4	 405.169	  0	 33	 12
	 67		  5	 412.884	  0	 32	 16
	 67		  6	 416.873	  0	 32	 16
	 67		  7	 422.240	  0	 30	 18
	 67		  8	 417.054	  0	 30	 18
	 67		  9	 416.550	  0	 28	 20
	 67		 10	 421.911	  0	 28	 20
	 67		 11	 416.479	  0	 28	 20
	 67		 12	 414.427	  0	 30	 21
	 67		 13	 410.207	  0	 30	 21
	 67		 14	 405.659	  0	 30	 21
	 67		 15	 366.655	  0	 30	 22
	 67		 16	 395.989	  0	 30	 22
	 67		 17	 366.465	  0	 30	 22
	 67		 18	 309.422	  0	 30	 22
	 67		 19	 373.894	  0	 30	 22
	 67		 20	 173.046	  0	 30	 22
	 68		  1	 390.610	  0	 30	  4
	 68		  2	 400.049	  0	 30	  4
	 68		  3	 404.777	  0	 30	  4
	 68		  4	 399.754	  0	 33	 12
	 68		  5	 394.440	  0	 33	 12
	 68		  6	 404.334	  0	 33	 12
	 68		  7	 407.701	  0	 33	 12
	 68		  8	 412.095	  0	 32	 16
	 68		  9	 411.396	  0	 32	 16
	 68		 10	 411.323	  0	 32	 16
	 68		 11	 392.609	  0	 34	 16
	 68		 12	 413.227	  0	 30	 18
	 68		 13	 412.655	  0	 30	 18
	 68		 14	 408.608	  0	 30	 18
	 68		 15	 407.271	  0	 28	 20
	 68		 16	 346.037	  0	 28	 20
	 68		 17	 397.259	  0	 28	 20
	 68		 18	 414.980	  0	 28	 20
	 68		 19	 400.341	  0	 28	 20
	 68		 20	 403.293	  0	 28	 20
	 69		  1	 434.829	  0	 32	  4
	 69		  2	 427.981	  0	 32	  4
	 69		  3	 413.881	  0	 32	  4
	 69		  4	 379.896	  0	 32	  4
	 69		  5	 411.045	  0	 34	  4
	 69		  6	 405.754	  0	 33	 12
	 69		  7	 412.688	  0	 34	 12
	 69		  8	 401.785	  0	 33	 12
	 69		  9	 375.556	  0	 34	 12
	 69		 10	  42.042	  0	 33	 12
	 69		 11	 429.600	  0	 32	 16
	 69		 12	 429.109	  0	 32	 16
	 69		 13	 412.718	  0	 32	 16
	 69		 14	 402.774	  0	 32	 16
	 69		 15	 425.933	  0	 32	 16
	 69		 16	 420.326	  0	 28	 20
	 69		 17	 424.040	  0	 28	 20
	 69		 18	 414.894	  0	 28	 20
	 69		 19	 414.045	  0	 30	 20
	 69		 20	 391.769	  0	 28	 20
	 70		  1	 388.176	  0	 34	 12
	 70		  2	 376.748	  0	 34	 12
	 70		  3	 362.774	  0	 34	 12
	 70		  4	 364.649	  1	 34	 12
	 70		  5	 376.541	  1	 34	 12
	 70		  6	 427.451	  0	 32	 16
	 70		  7	 408.988	  0	 32	 16
	 70		  8	 425.875	  0	 32	 16
	 70		  9	 413.035	  0	 32	 16
	 70		 10	 425.969	  0	 32	 16
	 70		 11	 430.417	  0	 32	 16
	 70		 12	 382.740	  0	 32	 16
	 70		 13	 406.144	  0	 28	 20
	 70		 14	 426.086	  0	 28	 20
	 70		 15	 228.229	  0	 28	 20
	 70		 16	 425.079	  0	 28	 20
	 70		 17	 392.370	  0	 28	 20
	 70		 18	 415.011	  0	 28	 20
	 70		 19	 346.796	  0	 28	 20
	 70		 20	 413.148	  0	 28	 20
	 71		  1	 394.382	  0	 34	 12
	 71		  2	 402.453	  0	 36	 12
	 71		  3	 402.098	  0	 34	 12
	 71		  4	 402.249	  0	 34	 12
	 71		  5	 316.687	  0	 34	 12
	 71		  6	 412.943	  0	 35	 12
	 71		  7	 418.618	  0	 32	 16
	 71		  8	 407.027	  0	 32	 16
	 71		  9	 406.446	  0	 32	 16
	 71		 10	 421.198	  0	 32	 16
	 71		 11	 410.454	  0	 32	 16
	 71		 12	 409.168	  0	 32	 16
	 71		 13	 401.068	  0	 33	 16
	 71		 14	 415.851	  0	 28	 20
	 71		 15	 415.077	  0	 28	 20
	 71		 16	 419.193	  0	 28	 20
	 71		 17	 406.149	  0	 28	 20
	 71		 18	 415.629	  0	 28	 20
	 71		 19	 421.216	  0	 28	 20
	 71		 20	 420.401	  0	 28	 20
	 72		  1	 404.878	  1	 35	 12
	 72		  2	 405.564	  0	 35	 12
	 72		  3	 384.708	  1	 35	 12
	 72		  4	 417.388	  0	 32	 16
	 72		  5	 374.042	  0	 32	 16
	 72		  6	 390.255	  0	 32	 16
	 72		  7	 424.568	  0	 28	 20
	 72		  8	 426.141	  0	 28	 20
	 72		  9	 427.091	  0	 28	 20
	 72		 10	 367.178	  0	 36	 23
	 72		 11	 369.494	  0	 36	 23
	 72		 12	 373.576	  0	 37	 23
	 72		 13	 350.534	  0	 36	 23
	 72		 14	 424.892	  0	 31	 24
	 72		 15	 321.023	  0	 31	 24
	 72		 16	 405.775	  0	 31	 24
	 72		 17	 370.802	  0	 31	 24
	 72		 18	 422.886	  0	 31	 24
	 72		 19	 400.763	  0	 31	 24
	 72		 20	 414.652	  0	 32	 24
	 73		  1	 334.503	  0	 35	 12
	 73		  2	 389.831	  0	 35	 12
	 73		  3	 381.935	  0	 35	 12
	 73		  4	 430.035	  0	 32	 16
	 73		  5	 425.600	  0	 32	 16
	 73		  6	 428.534	  0	 32	 16
	 73		  7	 414.784	  0	 28	 20
	 73		  8	 406.643	  0	 28	 20
	 73		  9	 415.342	  0	 29	 20
	 73		 10	 376.664	  0	 37	 23
	 73		 11	 391.915	  0	 37	 23
	 73		 12	 399.108	  1	 37	 23
	 73		 13	 346.587	  0	 37	 23
	 73		 14	 431.275	  0	 31	 24
	 73		 15	 432.980	  0	 31	 24
	 73		 16	 399.636	  0	 31	 24
	 73		 17	 323.329	  0	 31	 24
	 73		 18	 421.340	  0	 31	 24
	 73		 19	 189.376	  0	 31	 24
	 73		 20	 210.094	  0	 31	 24
	 74		  1	 392.630	  0	 35	 12
	 74		  2	 404.342	  0	 35	 12
	 74		  3	 385.721	  0	 35	 12
	 74		  4	 429.914	  0	 32	 16
	 74		  5	 378.146	  0	 32	 16
	 74		  6	 428.764	  0	 32	 16
	 74		  7	 424.680	  0	 32	 16
	 74		  8	 426.712	  0	 29	 20
	 74		  9	 414.982	  0	 29	 20
	 74		 10	 432.018	  0	 29	 20
	 74		 11	 369.655	  1	 37	 23
	 74		 12	 373.905	  0	 37	 23
	 74		 13	 373.185	  7	 37	 23
	 74		 14	 398.421	  0	 37	 23
	 74		 15	 427.400	  0	 31	 24
	 74		 16	 415.540	  0	 31	 24
	 74		 17	 427.203	  0	 31	 24
	 74		 18	 425.320	  0	 31	 24
	 74		 19	 416.520	  0	 31	 24
	 74		 20	 422.043	  0	 31	 24
	 75		  1	 375.909	  0	 35	 12
	 75		  2	 380.441	  0	 35	 12
	 75		  3	 417.562	  0	 32	 16
	 75		  4	 405.466	  0	 32	 16
	 75		  5	 407.151	  0	 32	 16
	 75		  6	 409.265	  0	 29	 20
	 75		  7	 396.441	  0	 29	 20
	 75		  8	 394.939	  0	 29	 20
	 75		  9	 384.795	  4	 37	 23
	 75		 10	 268.253	  0	 39	 23
	 75		 11	 347.556	  0	 37	 23
	 75		 12	 404.540	  0	 31	 24
	 75		 13	 378.277	  0	 31	 24
	 75		 14	 276.422	  0	 31	 24
	 75		 15	 420.091	  0	 37	 25
	 75		 16	 381.100	  0	 37	 25
	 75		 17	 408.690	  0	 37	 25
	 75		 18	 421.007	  0	 38	 25
	 75		 19	 395.356	  0	 37	 25
	 75		 20	 414.270	  0	 37	 25
	 76		  1	 427.402	  0	 32	 16
	 76		  2	 424.874	  0	 32	 16
	 76		  3	 425.236	  0	 32	 16
	 76		  4	 418.428	  0	 29	 20
	 76		  5	 414.077	  0	 29	 20
	 76		  6	 409.105	  0	 29	 20
	 76		  7	 393.204	  0	 37	 23
	 76		  8	 298.155	  0	 37	 23
	 76		  9	 393.569	  1	 37	 23
	 76		 10	 426.103	  0	 31	 24
	 76		 11	 433.282	  0	 31	 24
	 76		 12	 421.368	  0	 31	 24
	 76		 13	 424.298	  0	 38	 25
	 76		 14	 414.367	  0	 38	 25
	 76		 15	 425.322	  0	 38	 25
	 76		 16	 404.915	  0	 38	 25
	 76		 17	 420.366	  0	 38	 25
	 76		 18	 420.014	  0	 38	 25
	 76		 19	 406.735	  0	 38	 25
	 76		 20	 379.080	  0	 38	 25
	 77		  1	 422.366	  0	 32	 16
	 77		  2	 412.480	  0	 32	 16
	 77		  3	 420.313	  0	 32	 16
	 77		  4	 416.098	  0	 32	 16
	 77		  5	 369.956	 14	 37	 23
	 77		  6	 351.761	  7	 37	 23
	 77		  7	 404.651	  0	 37	 23
	 77		  8	 388.624	  4	 37	 23
	 77		  9	 411.020	  0	 31	 24
	 77		 10	 344.813	  0	 31	 24
	 77		 11	 429.582	  0	 31	 24
	 77		 12	 418.918	  0	 31	 24
	 77		 13	 419.336	  0	 31	 24
	 77		 14	 401.212	  0	 38	 25
	 77		 15	 413.287	  0	 38	 25
	 77		 16	 410.122	  0	 38	 25
	 77		 17	 398.024	  0	 39	 25
	 77		 18	 403.685	  0	 38	 25
	 77		 19	 404.597	  0	 38	 25
	 77		 20	 383.779	  0	 38	 25
	 78		  1	 423.978	  0	 32	 16
	 78		  2	 428.040	  0	 32	 16
	 78		  3	 424.586	  0	 32	 16
	 78		  4	 401.293	  0	 37	 23
	 78		  5	 400.796	  0	 39	 23
	 78		  6	 354.031	  0	 37	 23
	 78		  7	 427.582	  0	 31	 24
	 78		  8	 430.688	  0	 31	 24
	 78		  9	 423.068	  0	 31	 24
	 78		 10	 413.312	  0	 38	 25
	 78		 11	 418.008	  0	 38	 25
	 78		 12	 419.851	  0	 38	 25
	 78		 13	 421.482	  0	 30	 26
	 78		 14	 415.064	  0	 30	 26
	 78		 15	 420.623	  0	 30	 26
	 78		 16	 422.949	  0	 30	 26
	 78		 17	 424.423	  0	 30	 26
	 78		 18	 368.184	  0	 30	 26
	 78		 19	 358.683	  0	 30	 26
	 78		 20	 414.217	  0	 30	 26
	 79		  1	 430.185	  0	 32	 16
	 79		  2	 422.562	  0	 32	 16
	 79		  3	 428.972	  0	 32	 16
	 79		  4	 410.309	  0	 37	 23
	 79		  5	 412.546	  0	 37	 23
	 79		  6	 380.248	  0	 37	 23
	 79		  7	 426.382	  0	 31	 24
	 79		  8	 427.521	  0	 32	 24
	 79		  9	 418.146	  0	 31	 24
	 79		 10	 428.055	  0	 31	 24
	 79		 11	 414.468	  0	 38	 25
	 79		 12	 410.612	  0	 38	 25
	 79		 13	 428.823	  0	 38	 25
	 79		 14	 417.451	  0	 38	 25
	 79		 15	 424.923	  0	 30	 26
	 79		 16	 377.225	  0	 30	 26
	 79		 17	 434.187	  0	 30	 26
	 79		 18	 415.555	  0	 30	 26
	 79		 19	 416.299	  0	 32	 26
	 79		 20	 379.771	  0	 30	 26
	 80		  1	 431.003	  0	 32	 16
	 80		  2	 421.681	  0	 32	 16
	 80		  3	 411.844	  0	 32	 16
	 80		  4	 418.551	  0	 37	 23
	 80		  5	 414.229	  0	 37	 23
	 80		  6	 419.457	  0	 37	 23
	 80		  7	 434.834	  0	 31	 24
	 80		  8	 411.292	  0	 31	 24
	 80		  9	 334.992	  0	 31	 24
	 80		 10	 411.816	  0	 31	 24
	 80		 11	 409.068	  0	 38	 25
	 80		 12	 418.898	  0	 39	 25
	 80		 13	 408.284	  0	 38	 25
	 80		 14	 416.101	  0	 38	 25
	 80		 15	 416.127	  0	 30	 26
	 80		 16	 424.791	  0	 30	 26
	 80		 17	 413.402	  0	 30	 26
	 80		 18	 423.743	  0	 30	 26
	 80		 19	 405.317	  0	 30	 26
	 80		 20	 411.072	  0	 30	 26
	 81		  1	 427.918	  0	 32	 16
	 81		  2	 420.149	  0	 32	 16
	 81		  3	 427.795	  0	 32	 16
	 81		  4	 414.743	  0	 37	 23
	 81		  5	 416.765	  0	 37	 23
	 81		  6	 397.918	  0	 37	 23
	 81		  7	 409.048	  0	 37	 23
	 81		  8	 429.672	  0	 31	 24
	 81		  9	 425.417	  0	 31	 24
	 81		 10	 392.961	  0	 31	 24
	 81		 11	 400.156	  0	 31	 24
	 81		 12	 417.289	  0	 39	 25
	 81		 13	 423.376	  0	 39	 25
	 81		 14	 412.368	  0	 39	 25
	 81		 15	 407.999	  0	 39	 25
	 81		 16	 423.263	  0	 30	 26
	 81		 17	 428.825	  0	 30	 26
	 81		 18	 421.900	  0	 30	 26
	 81		 19	 415.508	  0	 30	 26
	 81		 20	 433.512	  0	 30	 26
	 82		  1	 429.933	  0	 32	 16
	 82		  2	 402.417	  0	 32	 16
	 82		  3	 422.234	  0	 32	 16
	 82		  4	 403.542	  0	 37	 23
	 82		  5	 386.687	  0	 37	 23
	 82		  6	 402.603	  0	 37	 23
	 82		  7	 432.784	  0	 31	 24
	 82		  8	 418.219	  0	 31	 24
	 82		  9	 327.954	  0	 31	 24
	 82		 10	 406.285	  0	 39	 25
	 82		 11	 413.955	  0	 39	 25
	 82		 12	 416.843	  0	 39	 25
	 82		 13	 407.043	  0	 39	 25
	 82		 14	 434.904	  0	 30	 26
	 82		 15	 433.744	  0	 30	 26
	 82		 16	 416.382	  0	 30	 26
	 82		 17	 425.709	  0	 30	 26
	 82		 18	 424.900	  0	 30	 26
	 82		 19	 433.742	  0	 30	 26
	 82		 20	 418.917	  0	 30	 26
	 83		  1	 421.065	  0	 32	 16
	 83		  2	 423.864	  0	 32	 16
	 83		  3	 409.374	  0	 32	 16
	 83		  4	 393.512	  0	 37	 23
	 83		  5	 377.877	  0	 37	 23
	 83		  6	 343.775	  0	 37	 23
	 83		  7	 423.789	  0	 31	 24
	 83		  8	 410.593	  0	 31	 24
	 83		  9	 414.173	  0	 31	 24
	 83		 10	 402.711	  0	 39	 25
	 83		 11	 378.209	  0	 39	 25
	 83		 12	 404.237	  0	 39	 25
	 83		 13	 399.848	  0	 39	 25
	 83		 14	 418.637	  0	 30	 26
	 83		 15	 420.999	  0	 30	 26
	 83		 16	 413.208	  0	 30	 26
	 83		 17	 415.001	  0	 30	 26
	 83		 18	 403.557	  0	 30	 26
	 83		 19	 417.240	  0	 31	 26
	 83		 20	 415.147	  0	 30	 26
	 84		  1	 416.078	  0	 32	 16
	 84		  2	 358.949	  0	 32	 16
	 84		  3	 420.993	  0	 32	 16
	 84		  4	 393.902	  0	 37	 23
	 84		  5	 385.132	  0	 37	 23
	 84		  6	 391.080	  1	 37	 23
	 84		  7	 421.123	  0	 31	 24
	 84		  8	 417.309	  0	 31	 24
	 84		  9	 411.402	  0	 31	 24
	 84		 10	 407.630	  0	 39	 25
	 84		 11	 405.791	  0	 39	 25
	 84		 12	 361.402	  0	 39	 25
	 84		 13	 370.876	  0	 41	 25
	 84		 14	 419.773	  0	 30	 26
	 84		 15	 423.039	  0	 30	 26
	 84		 16	 425.539	  0	 30	 26
	 84		 17	 423.219	  0	 30	 26
	 84		 18	 415.672	  0	 30	 26
	 84		 19	 389.826	  0	 30	 26
	 84		 20	 417.819	  0	 30	 26
	 85		  1	 428.712	  0	 32	 16
	 85		  2	 428.875	  0	 32	 16
	 85		  3	 411.192	  0	 33	 16
	 85		  4	 393.091	  0	 37	 23
	 85		  5	 409.594	  0	 37	 23
	 85		  6	 378.108	  0	 37	 23
	 85		  7	 408.536	  0	 31	 24
	 85		  8	 419.905	  0	 31	 24
	 85		  9	 400.779	  0	 31	 24
	 85		 10	 407.896	  0	 39	 25
	 85		 11	 417.679	  0	 39	 25
	 85		 12	 378.435	  0	 40	 25
	 85		 13	 420.841	  0	 30	 26
	 85		 14	 423.990	  0	 30	 26
	 85		 15	 353.546	  0	 30	 26
	 85		 16	 349.412	  0	 30	 26
	 85		 17	 403.484	  0	 30	 26
	 85		 18	 404.783	  0	 30	 26
	 85		 19	 412.433	  0	 30	 26
	 85		 20	 321.741	  0	 30	 26
	 86		  1	 426.551	  0	 32	 16
	 86		  2	 408.851	  0	 32	 16
	 86		  3	 411.074	  0	 32	 16
	 86		  4	 395.323	  0	 37	 23
	 86		  5	 419.876	  0	 37	 23
	 86		  6	 399.234	  0	 37	 23
	 86		  7	 444.870	  0	 31	 24
	 86		  8	 442.969	  0	 31	 24
	 86		  9	 419.124	  0	 32	 24
	 86		 10	 402.614	  0	 39	 25
	 86		 11	 351.979	  0	 39	 25
	 86		 12	 403.238	  0	 41	 25
	 86		 13	 430.175	  0	 30	 26
	 86		 14	 423.453	  0	 32	 26
	 86		 15	 405.603	  0	 30	 26
	 86		 16	 392.214	  0	 30	 26
	 86		 17	 423.337	  0	 30	 26
	 86		 18	 419.995	  0	 30	 26
	 86		 19	 431.324	  0	 30	 26
	 86		 20	 403.926	  0	 32	 26
	 87		  1	 426.421	  0	 32	 16
	 87		  2	 379.466	  0	 32	 16
	 87		  3	 419.482	  0	 32	 16
	 87		  4	 415.938	  0	 37	 23
	 87		  5	 413.054	  0	 37	 23
	 87		  6	 403.990	  0	 37	 23
	 87		  7	 430.897	  0	 31	 24
	 87		  8	 382.810	  0	 31	 24
	 87		  9	 431.192	  0	 31	 24
	 87		 10	 418.219	  0	 31	 24
	 87		 11	 408.276	  0	 41	 25
	 87		 12	 432.230	  0	 41	 25
	 87		 13	  15.143	  0	 41	 25
	 87		 14	 419.501	  0	 30	 26
	 87		 15	 423.463	  0	 30	 26
	 87		 16	 346.330	  0	 30	 26
	 87		 17	 425.736	  0	 30	 26
	 87		 18	 421.738	  0	 30	 26
	 87		 19	 426.999	  0	 30	 26
	 87		 20	 428.823	  0	 30	 26
	 88		  1	 417.209	  0	 37	 23
	 88		  2	 409.556	  0	 39	 23
	 88		  3	 394.363	  0	 37	 23
	 88		  4	 376.233	  0	 37	 23
	 88		  5	 386.555	  7	 37	 23
	 88		  6	 432.248	  0	 31	 24
	 88		  7	 427.114	  0	 31	 24
	 88		  8	 418.757	  0	 31	 24
	 88		  9	 423.878	  0	 31	 24
	 88		 10	 431.264	  0	 31	 24
	 88		 11	 351.439	  0	 41	 25
	 88		 12	 405.740	  0	 41	 25
	 88		 13	 353.216	  0	 41	 25
	 88		 14	 423.009	  0	 30	 26
	 88		 15	 405.537	  0	 30	 26
	 88		 16	 417.623	  0	 30	 26
	 88		 17	 354.141	  0	 30	 26
	 88		 18	 421.965	  0	 30	 26
	 88		 19	 411.648	  0	 31	 26
	 88		 20	 406.689	  0	 30	 26
	 89		  1	 400.134	  0	 37	 23
	 89		  2	 399.672	  0	 37	 23
	 89		  3	 415.601	  0	 38	 23
	 89		  4	 408.061	  0	 37	 23
	 89		  5	 426.917	  0	 31	 24
	 89		  6	 409.304	  0	 31	 24
	 89		  7	 422.327	  0	 33	 24
	 89		  8	 435.395	  0	 31	 24
	 89		  9	 429.848	  0	 31	 24
	 89		 10	 416.626	  0	 41	 25
	 89		 11	 409.327	  0	 41	 25
	 89		 12	 370.882	  0	 41	 25
	 89		 13	 418.589	  0	 41	 25
	 89		 14	 418.573	  0	 30	 26
	 89		 15	 413.385	  0	 30	 26
	 89		 16	 407.648	  0	 30	 26
	 89		 17	 423.071	  0	 30	 26
	 89		 18	 317.633	  0	 30	 26
	 89		 19	 426.004	  0	 30	 26
	 89		 20	 420.730	  0	 30	 26
	 90		  1	 413.788	  0	 38	 23
	 90		  2	 414.156	  0	 38	 23
	 90		  3	 396.270	  0	 38	 23
	 90		  4	 420.061	  0	 38	 23
	 90		  5	 425.216	  0	 31	 24
	 90		  6	 433.974	  0	 31	 24
	 90		  7	 423.758	  0	 31	 24
	 90		  8	 429.703	  0	 31	 24
	 90		  9	 411.909	  0	 31	 24
	 90		 10	 415.206	  0	 33	 25
	 90		 11	 430.009	  0	 33	 25
	 90		 12	 421.835	  0	 33	 25
	 90		 13	 413.051	  0	 33	 25
	 90		 14	 429.568	  0	 30	 26
	 90		 15	 414.104	  0	 30	 26
	 90		 16	 426.689	  0	 30	 26
	 90		 17	 425.434	  0	 30	 26
	 90		 18	 395.817	  0	 30	 26
	 90		 19	 375.804	  0	 30	 26
	 90		 20	 427.558	  0	 30	 26
	 91		  1	 402.007	  0	 38	 23
	 91		  2	 395.779	  0	 38	 23
	 91		  3	 400.843	  0	 38	 23
	 91		  4	 403.148	  0	 38	 23
	 91		  5	 428.041	  0	 31	 24
	 91		  6	 432.609	  0	 31	 24
	 91		  7	 420.314	  0	 31	 24
	 91		  8	 424.304	  0	 31	 24
	 91		  9	 420.040	  0	 33	 25
	 91		 10	 426.693	  0	 33	 25
	 91		 11	 416.424	  0	 34	 25
	 91		 12	 425.360	  0	 33	 25
	 91		 13	 422.634	  0	 30	 26
	 91		 14	 380.687	  0	 30	 26
	 91		 15	 402.427	  0	 30	 26
	 91		 16	 417.228	  0	 30	 26
	 91		 17	 423.949	  0	 32	 27
	 91		 18	 431.059	  0	 32	 27
	 91		 19	 417.631	  0	 32	 27
	 91		 20	 425.900	  0	 32	 27
	 92		  1	 398.657	  0	 38	 23
	 92		  2	 376.654	  0	 39	 23
	 92		  3	 406.758	  0	 38	 23
	 92		  4	 421.368	  0	 31	 24
	 92		  5	 414.823	  0	 31	 24
	 92		  6	 412.640	  0	 31	 24
	 92		  7	 425.274	  0	 33	 25
	 92		  8	 427.136	  0	 33	 25
	 92		  9	 376.891	  0	 33	 25
	 92		 10	 404.596	  0	 30	 26
	 92		 11	 374.145	  0	 30	 26
	 92		 12	 402.905	  0	 30	 26
	 92		 13	 428.124	  0	 32	 27
	 92		 14	 410.049	  0	 32	 27
	 92		 15	 372.674	  0	 32	 27
	 92		 16	 424.869	  0	 32	 27
	 92		 17	 424.573	  0	 32	 27
	 92		 18	 399.225	  0	 32	 27
	 92		 19	 350.209	  0	 32	 27
	 92		 20	 419.269	  0	 32	 27
	 93		  1	 411.715	  0	 38	 23
	 93		  2	 388.182	  0	 38	 23
	 93		  3	 352.726	  0	 38	 23
	 93		  4	 421.237	  0	 31	 24
	 93		  5	 419.362	  0	 31	 24
	 93		  6	 420.187	  0	 31	 24
	 93		  7	 414.489	  0	 33	 25
	 93		  8	 400.662	  0	 33	 25
	 93		  9	 403.911	  0	 33	 25
	 93		 10	 421.760	  0	 30	 26
	 93		 11	 380.473	  0	 30	 26
	 93		 12	 416.440	  0	 30	 26
	 93		 13	 409.624	  0	 32	 27
	 93		 14	 414.333	  0	 32	 27
	 93		 15	 407.867	  0	 32	 27
	 93		 16	 380.249	  0	 33	 27
	 93		 17	 405.776	  0	 32	 27
	 93		 18	 414.731	  0	 32	 27
	 93		 19	 399.117	  0	 33	 27
	 93		 20	 421.757	  0	 32	 27
	 94		  1	 396.969	  0	 38	 23
	 94		  2	 368.965	  0	 38	 23
	 94		  3	 424.609	  0	 31	 24
	 94		  4	 426.150	  0	 31	 24
	 94		  5	 420.641	  0	 33	 25
	 94		  6	 417.849	  0	 35	 25
	 94		  7	 408.186	  0	 30	 26
	 94		  8	 409.218	  0	 30	 26
	 94		  9	 411.390	  0	 32	 27
	 94		 10	 348.979	  0	 33	 27
	 94		 11	 388.472	  0	 32	 27
	 94		 12	 430.328	  0	 33	 28
	 94		 13	 384.559	  0	 33	 28
	 94		 14	 414.877	  0	 33	 28
	 94		 15	 373.680	  0	 33	 28
	 94		 16	 420.936	  0	 33	 28
	 94		 17	 429.641	  0	 33	 28
	 94		 18	 426.343	  0	 33	 28
	 94		 19	 428.314	  0	 33	 28
	 94		 20	 426.190	  0	 33	 28
	 95		  1	 410.529	  0	 38	 23
	 95		  2	 392.293	  0	 38	 23
	 95		  3	 418.222	  0	 38	 23
	 95		  4	 429.834	  0	 31	 24
	 95		  5	 420.607	  0	 32	 24
	 95		  6	 321.874	  0	 31	 24
	 95		  7	 421.118	  0	 33	 25
	 95		  8	 408.331	  0	 35	 25
	 95		  9	 418.036	  0	 33	 25
	 95		 10	 432.275	  0	 33	 27
	 95		 11	 421.141	  0	 33	 27
	 95		 12	 428.455	  0	 33	 27
	 95		 13	 413.489	  0	 33	 27
	 95		 14	 427.734	  0	 33	 28
	 95		 15	 413.506	  0	 33	 28
	 95		 16	 383.042	  0	 33	 28
	 95		 17	 413.870	  0	 33	 28
	 95		 18	 409.117	  0	 33	 28
	 95		 19	 407.310	  0	 33	 28
	 95		 20	 419.031	  0	 33	 28
