100008
-1.2487932545923817
1.2267639510322075
100008
0.053867839057438985
-0.8933347081251992
100008
-0.8781143148258983
0.5066636500031707
100008
1.3369970676181067
0.7313688218584967
100008
-0.5891440462662131
-0.8624815407013706
100008
-0.6918306029565063
-0.9078928468329551
100008
-1.0595720707590546
-1.3583192324099986
100008
-1.2440829037311398
-1.4006274453165515
100008
0.9391249454207025
-0.8550723704516366
100008
0.4521759098306777
-1.8083116967522348
100008
1.0347582835724372
1.537795504499229
100008
0.686378948238564
1.3534835640631573
100008
1.2452251827580318
0.06672107775062514
100008
-1.247839317291624
-1.3160132079059983
100008
-0.23448827923173976
1.9702560653346195
100008
0.2738147824212883
-0.9176311547646014
100008
-1.6941557277477126
-0.13950977821377442
100008
-0.5214941537094674
1.8521188233045125
100008
1.7624094447652432
-0.6287870180540629
100008
-1.1219802873114173
0.36290590832472963
