100019
0.6288994244286711
1.3949190282493222
100019
-1.3467490484918956
-0.09763420776877774
100019
0.6813760815152174
0.06066349470051915
100019
1.0023704740852626
0.17173894426390826
100019
0.5518260277279716
1.2829765259370296
100019
-0.09235642548692719
0.8757387201887469
100019
-1.7231045109346077
-0.5862586841352337
100019
0.7758024088066207
0.06429816368109881
100019
1.2886955063733572
-1.089786546449892
100019
1.1250295956183871
-1.1916394103892995
100019
-0.14744112412842075
1.7423386017077467
100019
0.06380361329754793
0.6034024656609398
100019
-1.9710077464639582
-0.12807045088218677
100019
0.09409080053429886
1.0653243325065467
100019
-0.8298109799787807
1.673573733728416
100019
0.37758203978543103
-0.8177306165213373
100019
-1.4076378620194703
0.61278636841001
100019
1.5631500813363775
0.36511836271679554
100019
0.9507023812657441
-1.2103603176777675
100019
0.9233256871727465
-0.20277037790859956
