100021
1.9119784987025945
0.12551212067312595
100021
-1.8016505668249803
0.7042028278812578
100021
-1.6968834573769833
0.3934730098376493
100021
0.6502687642128807
0.4037719853523615
100021
-1.7393873709037242
0.8618355561540836
100021
-0.4790604493108067
-0.41221130299296677
100021
0.31856434308521214
-1.6126982083354362
100021
-0.7933045868329209
0.45880468525797413
100021
1.0771766883831109
0.5732242059968083
100021
-0.446040197474145
0.9954291997991785
100021
0.4194897296054564
0.7957763524300454
100021
0.7025145005070902
0.10223105287342975
100021
-0.37144737590120064
-0.49882051604992633
100021
0.8450271220375962
-0.6403086014347239
100021
0.5777220307496326
0.6110310752989071
100021
0.5848348992412676
0.32874288434439775
100021
0.6322390734906425
0.3075653503082697
100021
0.39505191055323663
-1.1729658334772817
100021
1.0369495183705395
-0.5174358318886628
100021
0.9104469472447865
-0.42858061885016496
