100021
1.617095034644841
-0.9148071114905031
100021
1.4415032671766428
-1.330730185667428
100021
-1.253319743446709
-0.9146470326103204
100021
1.3461548772975505
-1.367068106541461
100021
0.9073257368227068
1.4220375883522356
100021
-1.1233915071561493
0.690599300443884
100021
0.6876679988566181
0.5755876324092756
100021
-1.5753891926991572
-0.3845844543103864
100021
-1.7589292448759901
-0.4778108396198865
100021
-1.6020268498838235
-0.7898282569219873
100021
1.1671614763609643
-0.34761349968451194
100021
-0.6497271626949641
0.16203970272642315
100021
1.500004895716332
-0.6450703663623935
100021
-1.69716426497904
-0.8555300511853032
100021
1.6166455139269877
-0.8145831482663445
100021
1.2671762301216802
0.9391501320215316
100021
-1.9188178835481524
0.29300318514527457
100021
-0.9791905330047127
-0.3308101889630567
100021
0.42127564041276133
-1.7563803016873027
100021
-1.769297298268943
-0.42906167006404283
