# Evoluation started on 2016/10/24 12:55:19
# Generation	   Best 	   Average 	   Worst
	  0		1650.380	1232.738	   5.262
	  1		1683.440	 976.108	 217.412
	  2		1804.745	1431.277	 778.951
	  3		1883.448	1114.483	 483.034
	  4		1815.031	1353.604	 243.410
	  5		2338.486	1456.594	 561.281
	  6		2186.358	1541.002	 649.568
	  7		2235.309	1554.716	 152.262
	  8		2457.896	1421.326	  91.144
	  9		3261.801	1674.921	 636.564
	 10		2962.621	1573.573	 426.798
	 11		2574.410	1694.131	 519.287
	 12		3093.871	1770.012	  19.651
	 13		3021.245	1968.933	1261.336
	 14		3035.050	1933.560	 860.221
	 15		3011.594	1918.732	 386.666
	 16		3001.721	1884.774	 209.509
	 17		3601.343	1991.555	 725.675
	 18		3082.791	1972.242	  37.147
	 19		3128.530	2083.479	1408.122
	 20		3070.970	2017.387	1430.795
	 21		3277.476	2145.439	  96.633
	 22		3550.973	2133.796	1126.171
	 23		3572.363	2110.982	 958.037
	 24		3143.225	2165.115	1456.952
	 25		3427.867	2062.478	 669.049
	 26		2815.414	2008.055	 824.987
	 27		2867.541	1947.932	 841.326
	 28		3164.148	2099.414	 827.189
	 29		3991.074	1961.760	 612.957
	 30		3250.801	1997.262	 542.929
	 31		4095.293	2098.390	  55.233
	 32		3619.898	2132.058	  16.985
	 33		3425.512	2042.955	 720.368
	 34		3476.506	2096.136	 974.462
	 35		3100.563	1927.935	  22.876
	 36		3047.781	1857.765	 374.121
	 37		3603.554	1932.577	 135.340
	 38		3141.801	1990.082	 836.091
	 39		3544.880	2018.057	 843.812
	 40		3213.679	2070.023	 707.305
	 41		3038.804	1954.315	 758.203
	 42		3373.105	1927.537	 592.173
	 43		3466.872	2004.165	 491.107
	 44		3228.300	2050.521	 840.244
	 45		3431.234	2146.374	 702.247
	 46		3274.080	2068.365	 415.009
	 47		3341.835	2039.551	 655.532
	 48		3013.426	2062.016	 611.082
	 49		3777.864	2294.515	 627.194
	 50		3634.991	2255.111	1153.350
	 51		2917.651	1948.860	1305.959
	 52		3529.312	2215.104	 467.135
	 53		3666.890	2143.164	1221.116
	 54		3450.470	2296.831	 136.110
	 55		3102.370	2020.911	1061.939
	 56		3153.139	2207.957	1209.104
	 57		3558.042	2255.445	1248.366
	 58		3284.200	1928.464	 730.382
	 59		3483.655	2111.782	1168.020
	 60		3110.676	1899.416	 471.591
	 61		3067.118	2131.103	 140.691
	 62		3402.965	2136.592	1154.406
	 63		3151.531	2087.853	  88.778
	 64		2728.470	1964.057	  84.159
	 65		3118.371	2043.565	1024.024
	 66		2995.860	2084.696	 989.673
	 67		3370.609	2150.592	 885.804
	 68		2962.565	1957.869	 454.018
	 69		2691.654	1665.071	 100.438
	 70		2774.734	1818.348	  99.071
	 71		3670.419	1767.012	  87.432
	 72		3054.405	1685.176	   7.816
	 73		3592.937	1652.137	  68.339
	 74		3172.983	1769.992	 477.944
	 75		2740.445	1268.602	  24.451
	 76		3308.097	1922.279	 325.472
	 77		2918.102	1665.500	  74.351
	 78		2653.425	1708.478	  77.720
	 79		2766.414	1554.753	  79.098
	 80		3291.874	1800.670	  72.935
	 81		3094.682	1759.224	  70.853
	 82		2500.746	1269.090	  51.165
	 83		2594.433	1419.457	  50.253
	 84		2675.775	1615.273	  63.629
	 85		3057.648	1557.012	  73.860
	 86		2747.325	1941.300	1017.164
	 87		3461.943	1816.814	 240.942
	 88		3104.525	1502.522	  63.054
	 89		3023.069	1632.656	  84.763
	 90		3389.006	1735.098	  76.555
	 91		3474.401	1606.080	  61.823
	 92		3518.266	1994.130	 498.447
	 93		3004.366	1841.176	  69.138
	 94		2949.774	1698.048	 142.328
	 95		3104.689	2018.779	 780.432
	 96		2881.120	2051.377	 844.928
	 97		3507.845	2085.540	 842.501
	 98		3343.851	1885.802	  60.756
	 99		3293.961	1644.488	  63.550
	100		3192.167	1887.124	 572.480
	101		2541.509	1550.337	  54.567
	102		3378.496	1865.025	  96.562
	103		3134.341	1791.046	  48.894
	104		2775.843	1829.717	 353.536
	105		3182.574	2104.522	1056.410
	106		3059.361	2035.507	1002.213
	107		3412.253	2123.734	 640.220
	108		2904.508	1818.485	 253.094
	109		3164.543	1701.930	 257.069
	110		3009.457	2007.803	 411.183
	111		3042.801	2005.654	 585.015
	112		3013.133	1928.053	 379.064
	113		3013.974	2025.228	 809.721
	114		3034.294	1942.494	 884.484
	115		4567.895	2131.057	1333.906
	116		3797.439	2217.738	1445.618
	117		3098.263	2102.157	1188.484
	118		2650.818	1908.009	 824.134
	119		3083.552	2042.466	 870.247
	120		3332.891	2028.528	 799.128
	121		3619.748	2082.834	 819.540
	122		2978.400	1950.568	  46.646
	123		3105.533	2304.604	1474.096
	124		3460.301	2056.888	  15.628
	125		3502.444	2059.130	 837.464
	126		3248.175	2062.486	   8.535
	127		3421.934	2196.129	 992.777
	128		3497.092	1991.652	 277.320
	129		3876.523	2153.237	 850.811
	130		3104.584	2012.236	 195.610
	131		3158.146	2088.175	 255.191
	132		2898.137	1870.494	 273.022
	133		3444.584	2082.419	 202.321
	134		3624.645	2258.228	 544.835
	135		3495.978	2204.425	1339.665
	136		3510.370	1798.252	  91.484
	137		3393.165	2072.259	  43.861
	138		3163.987	1952.527	 276.473
	139		3568.480	2088.838	  11.212
	140		3390.571	2101.211	 805.550
	141		2865.805	1562.802	  18.347
	142		3354.431	2014.546	1151.694
	143		3618.443	1722.950	  38.495
	144		3689.577	2113.525	 233.385
	145		3005.255	1830.031	 182.351
	146		3446.972	2026.368	 231.730
	147		2932.988	1978.441	 244.493
	148		3086.513	1850.333	  22.945
	149		3628.689	1863.749	 115.142
	150		3213.085	1876.244	  51.532
	151		3516.725	2119.488	 721.172
	152		4608.548	1877.716	  93.865
	153		3443.655	2176.575	1082.970
	154		3157.505	2007.300	 585.516
	155		3419.043	2059.638	 864.470
	156		3503.282	2023.381	 449.333
	157		3443.489	2057.330	 552.283
	158		3428.127	1933.380	  10.401
	159		3207.265	2023.055	 371.974
	160		3474.559	1919.098	   7.479
	161		3638.633	1994.844	 287.050
	162		3468.219	2155.589	 710.499
	163		4053.601	2067.450	  21.941
	164		3511.579	2056.612	 509.527
	165		3541.852	1751.240	   5.186
	166		3530.082	1968.832	  28.526
	167		3157.414	2273.186	1048.050
	168		3177.343	2060.995	 986.732
	169		3560.563	1903.175	  13.912
	170		3047.135	2095.577	 283.672
	171		3192.815	2084.254	 880.751
	172		3572.292	2052.615	 784.525
	173		3197.297	2033.757	  17.544
	174		3151.346	2180.743	 910.984
	175		3295.233	2048.080	  32.038
	176		2767.866	1715.397	  81.958
	177		3041.159	1958.550	   1.851
	178		3347.349	2051.211	 102.511
	179		3879.669	2085.315	 207.926
	180		3165.704	2080.445	 412.857
	181		3128.846	2077.511	   9.902
	182		3212.248	2033.986	  62.274
	183		4031.036	2242.884	  46.320
	184		3018.972	1952.993	  24.638
	185		3396.164	1997.569	  20.176
	186		3093.774	2011.005	  78.351
	187		3434.669	1581.525	   5.031
	188		3253.166	1777.635	  15.966
	189		3111.540	1338.372	   5.263
	190		3126.496	1936.525	  21.892
	191		2989.858	2105.991	 112.975
	192		3101.082	1783.898	  88.589
	193		3054.955	1664.743	  79.138
	194		3522.539	2051.135	 239.682
	195		3208.412	2015.952	  59.223
	196		3674.786	1928.321	 235.207
	197		3575.928	2094.442	 484.047
	198		3499.048	1918.355	  34.322
	199		3378.950	2028.096	  24.974
