100006
-0.15226466028795588
-1.5203678542397552
100006
-0.6674716494134151
-0.8431828111777786
100006
0.757050635472114
-0.15103462880037966
100006
0.7371566792389463
1.0258870287607844
100006
0.7926826980119335
0.6916553387602131
100006
-0.08766474973045178
0.797069719501828
100006
-0.6975973494008075
0.26653767190388944
100006
0.419279482501212
1.3546415366675424
100006
1.9447827606041665
0.08241985633693402
100006
0.686378948238564
1.3534835640631573
100006
-1.328862477289248
-1.1263829100783502
100006
0.703825492022052
-1.7256000972885988
100006
0.4042492584122048
0.9600666953565747
100006
0.6909917419861209
-1.5895649480815501
100006
-1.8287077752313183
0.002571838933196831
100006
-0.4737160606434921
1.3893193746525752
100006
-0.42180033085074065
-1.172735696649777
100006
0.21029037640880027
1.5596744869966255
100006
-0.008927429748888728
-1.8341747263378085
100006
0.666970336380423
-1.6896949656286748
